"../../../../../Charlie/Slime/Slime/Content/FirstPerson/Character/Textures/UE4_LOGO_CARD.uasset" 0
"../../../../../Charlie/Slime/Slime/Content/FirstPerson/FPWeapon/Materials/MaterialLayers/ML_Plastic_Shiny_Beige_LOGO.uasset" 1
"../../../../../Charlie/Slime/Slime/Content/FirstPerson/FPWeapon/Materials/MaterialLayers/T_ML_FineRubber.uasset" 2
"../../../../../Charlie/Slime/Slime/Content/FirstPerson/FPWeapon/Mesh/SK_FPGun_PhysicsAsset.uasset" 3
"../../../../../Charlie/Slime/Slime/Content/FirstPerson/Meshes/BaseMaterial.uasset" 4
"../../../../../Charlie/Slime/Slime/Content/FirstPerson/Meshes/CubeMaterialOverride.uasset" 5
"../../../../../Charlie/Slime/Slime/Content/FirstPerson/Textures/FirstPersonCrosshair.uasset" 6
"../../../../../Charlie/Slime/Slime/Content/FirstPerson/Character/Mesh/SK_Mannequin_Arms_Skeleton.uasset" 7
"../../../../../Charlie/Slime/Slime/Content/FirstPerson/Animations/FirstPerson_Idle.uasset" 8
"../../../../../Charlie/Slime/Slime/Content/FirstPerson/Animations/FirstPerson_JumpEnd.uasset" 9
"../../../../../Charlie/Slime/Slime/Content/FirstPerson/Animations/FirstPerson_JumpLoop.uasset" 10
"../../../../../Charlie/Slime/Slime/Content/FirstPerson/Animations/FirstPerson_JumpStart.uasset" 11
"../../../../../Charlie/Slime/Slime/Content/FirstPerson/Animations/FirstPerson_Run.uasset" 12
"../../../Engine/Content/EditorBlueprintResources/StandardMacros.uasset" 13
"../../../../../Charlie/Slime/Slime/Content/FirstPerson/Animations/FirstPerson_AnimBP.uasset" 14
"../../../../../Charlie/Slime/Slime/Content/FirstPerson/Animations/FirstPerson_Fire.uasset" 15
"../../../../../Charlie/Slime/Slime/Content/FirstPerson/Animations/FirstPersonFire_Montage.uasset" 16
"../../../../../Charlie/Slime/Slime/Content/StarterContent/Textures/T_Brick_Clay_Beveled_M.uasset" 17
"../../../../../Charlie/Slime/Slime/Content/Blueprints/DMatParent.uasset" 18
"../../../Engine/Content/Functions/Engine_MaterialFunctions02/Utility/VectorLength.uasset" 19
"../../../../../Charlie/Slime/Slime/Content/WhiteBoard/M_Marker.uasset" 20
"../../../Engine/Content/Functions/Engine_MaterialFunctions01/ImageAdjustment/BlurSampleOffsets.uasset" 21
"../../../Engine/Content/Functions/Engine_MaterialFunctions01/ImageAdjustment/HighPassTexture.uasset" 22
"../../../Engine/Content/Functions/Engine_MaterialFunctions01/Texturing/VectorDisplacement.uasset" 23
"../../../../../Charlie/Slime/Slime/Content/StarterContent/Textures/T_Bush_D.uasset" 24
"../../../../../Charlie/Slime/Slime/Content/StarterContent/Textures/T_Wood_Pine_D.uasset" 25
"../../../../../Charlie/Slime/Slime/Content/WhiteBoard/RT_Whiteboard.uasset" 26
"../../../../../Charlie/Slime/Slime/Content/WhiteBoard/m_Whiteboard.uasset" 27
"../../../Engine/Content/Functions/Engine_MaterialFunctions01/Opacity/CameraDepthFade.uasset" 28
"../../../Engine/Content/EngineMaterials/T_Default_Material_Grid_M.uasset" 29
"../../../Engine/Content/EngineMaterials/T_Default_Material_Grid_N.uasset" 30
"../../../Engine/Content/EngineMaterials/WorldGridMaterial.uasset" 31
"../../../../../Charlie/Slime/Slime/Content/Geometry/Tesselated_Plane.uasset" 32
"../../../../../Charlie/Slime/Slime/Content/Blueprints/BP_Tex_Maker.uasset" 33
"../../../../../Charlie/Slime/Slime/Content/FirstPerson/Meshes/FirstPersonProjectileMaterial.uasset" 34
"../../../../../Charlie/Slime/Slime/Content/FirstPerson/Meshes/FirstPersonProjectileMesh.uasset" 35
"../../../../../Charlie/Slime/Slime/Content/FirstPersonCPP/Blueprints/FirstPersonProjectile.uasset" 36
"../../../../../Charlie/Slime/Slime/Content/FirstPerson/Audio/FirstPersonTemplateWeaponFire02.uasset" 37
"../../../Engine/Content/Functions/Engine_MaterialFunctions02/Utility/BlendAngleCorrectedNormals.uasset" 38
"../../../Engine/Content/Functions/MaterialLayerFunctions/MatLayerBlend_NormalBlend.uasset" 39
"../../../Engine/Content/Functions/MaterialLayerFunctions/MatLayerBlend_Simple.uasset" 40
"../../../../../Charlie/Slime/Slime/Content/FirstPerson/Character/Materials/MaterialLayers/T_ML_Rubber_Blue_01_D.uasset" 41
"../../../../../Charlie/Slime/Slime/Content/FirstPerson/Character/Materials/MaterialLayers/T_ML_Rubber_Blue_01_N.uasset" 42
"../../../../../Charlie/Slime/Slime/Content/FirstPerson/Character/Materials/MaterialLayers/ML_GlossyBlack_Latex_UE4.uasset" 43
"../../../../../Charlie/Slime/Slime/Content/FirstPerson/Character/Materials/MaterialLayers/ML_Plastic_Shiny_Beige.uasset" 44
"../../../../../Charlie/Slime/Slime/Content/FirstPerson/Character/Materials/MaterialLayers/ML_Plastic_Shiny_Beige_LOGO.uasset" 45
"../../../../../Charlie/Slime/Slime/Content/FirstPerson/Character/Materials/MaterialLayers/T_ML_Aluminum01.uasset" 46
"../../../../../Charlie/Slime/Slime/Content/FirstPerson/Character/Materials/MaterialLayers/T_ML_Aluminum01_N.uasset" 47
"../../../../../Charlie/Slime/Slime/Content/FirstPerson/Character/Materials/MaterialLayers/ML_SoftMetal_UE4.uasset" 48
"../../../../../Charlie/Slime/Slime/Content/FirstPerson/Character/Textures/UE4_Mannequin__normals.uasset" 49
"../../../../../Charlie/Slime/Slime/Content/FirstPerson/Character/Textures/UE4_Mannequin_MAT_MASKA.uasset" 50
"../../../../../Charlie/Slime/Slime/Content/FirstPerson/Character/Materials/M_UE4Man_Body.uasset" 51
"../../../../../Charlie/Slime/Slime/Content/FirstPerson/Character/Mesh/SK_Mannequin_Arms_PhysicsAsset.uasset" 52
"../../../../../Charlie/Slime/Slime/Content/FirstPerson/Character/Mesh/SK_Mannequin_Arms.uasset" 53
"../../../../../Charlie/Slime/Slime/Content/FirstPerson/FPWeapon/Materials/MaterialLayers/T_ML_Rubber_Blue_01_D.uasset" 54
"../../../../../Charlie/Slime/Slime/Content/FirstPerson/FPWeapon/Materials/MaterialLayers/T_ML_Rubber_Blue_01_N.uasset" 55
"../../../../../Charlie/Slime/Slime/Content/FirstPerson/FPWeapon/Materials/MaterialLayers/ML_GlossyBlack_Latex_UE4.uasset" 56
"../../../../../Charlie/Slime/Slime/Content/FirstPerson/FPWeapon/Materials/MaterialLayers/ML_Plastic_Shiny_Beige.uasset" 57
"../../../../../Charlie/Slime/Slime/Content/FirstPerson/FPWeapon/Materials/MaterialLayers/ML_Screen.uasset" 58
"../../../../../Charlie/Slime/Slime/Content/FirstPerson/FPWeapon/Materials/MaterialLayers/T_ML_Aluminum01.uasset" 59
"../../../../../Charlie/Slime/Slime/Content/FirstPerson/FPWeapon/Materials/MaterialLayers/T_ML_Aluminum01_N.uasset" 60
"../../../../../Charlie/Slime/Slime/Content/FirstPerson/FPWeapon/Materials/MaterialLayers/ML_SoftMetal_UE4.uasset" 61
"../../../../../Charlie/Slime/Slime/Content/FirstPerson/FPWeapon/Textures/T_FPGun_M.uasset" 62
"../../../../../Charlie/Slime/Slime/Content/FirstPerson/FPWeapon/Textures/T_FPGun_N.uasset" 63
"../../../../../Charlie/Slime/Slime/Content/FirstPerson/FPWeapon/Materials/M_FPGun.uasset" 64
"../../../../../Charlie/Slime/Slime/Content/FirstPerson/FPWeapon/Mesh/SK_FPGun_Skeleton.uasset" 65
"../../../../../Charlie/Slime/Slime/Content/FirstPerson/FPWeapon/Mesh/SK_FPGun.uasset" 66
"../../../../../Charlie/Slime/Slime/Content/FirstPersonCPP/Blueprints/FirstPersonCharacter.uasset" 67
"../../../../../Charlie/Slime/Slime/Content/Geometry/Meshes/CubeMaterial.uasset" 68
"../../../../../Charlie/Slime/Slime/Content/Geometry/Meshes/1M_Cube_Chamfer.uasset" 69
"../../../../../Charlie/Slime/Slime/Content/Geometry/Meshes/TemplateFloor.uasset" 70
"../../../../../Charlie/Slime/Slime/Content/Materials/RT_Mat.uasset" 71
"../../../../../Charlie/Slime/Slime/Content/StarterContent/Materials/M_Basic_Wall.uasset" 72
"../../../../../Charlie/Slime/Slime/Content/StarterContent/Architecture/Pillar_50x500.uasset" 73
"../../../../../Charlie/Slime/Slime/Content/StarterContent/Architecture/Wall_400x300.uasset" 74
"../../../../../Charlie/Slime/Slime/Content/StarterContent/Architecture/Wall_400x400.uasset" 75
"../../../../../Charlie/Slime/Slime/Content/StarterContent/Architecture/Wall_500x500.uasset" 76
"../../../../../Charlie/Slime/Slime/Content/StarterContent/Architecture/Wall_Door_400x400.uasset" 77
"../../../../../Charlie/Slime/Slime/Content/StarterContent/Architecture/Wall_Window_400x400.uasset" 78
"../../../../../Charlie/Slime/Slime/Content/StarterContent/Audio/Collapse01.uasset" 79
"../../../../../Charlie/Slime/Slime/Content/StarterContent/Audio/Collapse02.uasset" 80
"../../../../../Charlie/Slime/Slime/Content/StarterContent/Audio/Explosion01.uasset" 81
"../../../../../Charlie/Slime/Slime/Content/StarterContent/Audio/Explosion02.uasset" 82
"../../../../../Charlie/Slime/Slime/Content/StarterContent/Audio/Fire01.uasset" 83
"../../../../../Charlie/Slime/Slime/Content/StarterContent/Audio/Fire_Sparks01.uasset" 84
"../../../../../Charlie/Slime/Slime/Content/StarterContent/Audio/Light01.uasset" 85
"../../../../../Charlie/Slime/Slime/Content/StarterContent/Audio/Light01_Cue.uasset" 86
"../../../../../Charlie/Slime/Slime/Content/StarterContent/Audio/Light02.uasset" 87
"../../../../../Charlie/Slime/Slime/Content/StarterContent/Audio/Light02_Cue.uasset" 88
"../../../../../Charlie/Slime/Slime/Content/StarterContent/Audio/Smoke01.uasset" 89
"../../../../../Charlie/Slime/Slime/Content/StarterContent/Audio/Starter_Birds01.uasset" 90
"../../../../../Charlie/Slime/Slime/Content/StarterContent/Audio/Starter_Music01.uasset" 91
"../../../../../Charlie/Slime/Slime/Content/StarterContent/Audio/Starter_Wind05.uasset" 92
"../../../../../Charlie/Slime/Slime/Content/StarterContent/Audio/Starter_Wind06.uasset" 93
"../../../../../Charlie/Slime/Slime/Content/StarterContent/Audio/Steam01.uasset" 94
"../../../../../Charlie/Slime/Slime/Content/StarterContent/Audio/Explosion_Cue.uasset" 95
"../../../../../Charlie/Slime/Slime/Content/StarterContent/Textures/T_Burst_M.uasset" 96
"../../../../../Charlie/Slime/Slime/Content/StarterContent/Particles/Materials/M_Burst.uasset" 97
"../../../../../Charlie/Slime/Slime/Content/StarterContent/Textures/T_Explosion_SubUV.uasset" 98
"../../../../../Charlie/Slime/Slime/Content/StarterContent/Particles/Materials/M_explosion_subUV.uasset" 99
"../../../../../Charlie/Slime/Slime/Content/StarterContent/Particles/Materials/m_flare_01.uasset" 100
"../../../Engine/Content/Functions/Engine_MaterialFunctions01/Gradient/RadialGradient.uasset" 101
"../../../../../Charlie/Slime/Slime/Content/StarterContent/Particles/Materials/M_radial_ramp.uasset" 102
"../../../../../Charlie/Slime/Slime/Content/StarterContent/Textures/T_Smoke_SubUV.uasset" 103
"../../../../../Charlie/Slime/Slime/Content/StarterContent/Textures/T_Smoke_Tiled_D.uasset" 104
"../../../../../Charlie/Slime/Slime/Content/StarterContent/Particles/Materials/M_smoke_subUV.uasset" 105
"../../../../../Charlie/Slime/Slime/Content/StarterContent/Particles/P_Explosion.uasset" 106
"../../../../../Charlie/Slime/Slime/Content/StarterContent/Blueprints/Blueprint_Effect_Explosion.uasset" 107
"../../../Engine/Content/EditorMeshes/ColorCalibrator/T_ColorGrid.uasset" 108
"../../../../../Charlie/Slime/Slime/Content/StarterContent/Materials/M_ColorGrid_LowSpec.uasset" 109
"../../../../../Charlie/Slime/Slime/Content/StarterContent/Textures/T_Bush_N.uasset" 110
"../../../../../Charlie/Slime/Slime/Content/StarterContent/Props/Materials/M_Bush.uasset" 111
"../../../../../Charlie/Slime/Slime/Content/StarterContent/Props/SM_Bush.uasset" 112
"../../../../../Charlie/Slime/Slime/Content/StarterContent/Textures/T_Chair_M.uasset" 113
"../../../../../Charlie/Slime/Slime/Content/StarterContent/Textures/T_Chair_N.uasset" 114
"../../../../../Charlie/Slime/Slime/Content/StarterContent/Props/Materials/M_Chair.uasset" 115
"../../../../../Charlie/Slime/Slime/Content/StarterContent/Props/SM_Couch.uasset" 116
"../../../../../Charlie/Slime/Slime/Content/StarterContent/Materials/M_Glass.uasset" 117
"../../../../../Charlie/Slime/Slime/Content/StarterContent/Textures/T_Door_M.uasset" 118
"../../../../../Charlie/Slime/Slime/Content/StarterContent/Textures/T_Door_N.uasset" 119
"../../../../../Charlie/Slime/Slime/Content/StarterContent/Props/Materials/M_Door.uasset" 120
"../../../../../Charlie/Slime/Slime/Content/StarterContent/Props/SM_Door.uasset" 121
"../../../../../Charlie/Slime/Slime/Content/StarterContent/Props/Materials/M_MaterialSphere.uasset" 122
"../../../../../Charlie/Slime/Slime/Content/StarterContent/Props/Materials/M_MaterialSphere_Plain.uasset" 123
"../../../../../Charlie/Slime/Slime/Content/StarterContent/Props/SM_MatPreviewMesh_02.uasset" 124
"../../../../../Charlie/Slime/Slime/Content/StarterContent/Textures/T_Detail_Rocky_N.uasset" 125
"../../../../../Charlie/Slime/Slime/Content/StarterContent/Textures/T_Rock_Basalt_D.uasset" 126
"../../../../../Charlie/Slime/Slime/Content/StarterContent/Textures/T_RockMesh_M.uasset" 127
"../../../../../Charlie/Slime/Slime/Content/StarterContent/Textures/T_RockMesh_N.uasset" 128
"../../../../../Charlie/Slime/Slime/Content/StarterContent/Props/Materials/M_Rock.uasset" 129
"../../../../../Charlie/Slime/Slime/Content/StarterContent/Props/SM_Rock.uasset" 130
"../../../../../Charlie/Slime/Slime/Content/StarterContent/Textures/T_Shelf_M.uasset" 131
"../../../../../Charlie/Slime/Slime/Content/StarterContent/Textures/T_Shelf_N.uasset" 132
"../../../../../Charlie/Slime/Slime/Content/StarterContent/Props/Materials/M_Shelf.uasset" 133
"../../../../../Charlie/Slime/Slime/Content/StarterContent/Props/SM_Shelf.uasset" 134
"../../../../../Charlie/Slime/Slime/Content/StarterContent/Materials/M_Basic_Floor.uasset" 135
"../../../../../Charlie/Slime/Slime/Content/StarterContent/Props/SM_Stairs.uasset" 136
"../../../../../Charlie/Slime/Slime/Content/StarterContent/Shapes/Shape_Cone.uasset" 137
"../../../../../Charlie/Slime/Slime/Content/StarterContent/Shapes/Shape_Cylinder.uasset" 138
"../../../../../Charlie/Slime/Slime/Content/StarterContent/Shapes/Shape_NarrowCapsule.uasset" 139
"../../../../../Charlie/Slime/Slime/Content/StarterContent/Shapes/Shape_Pipe.uasset" 140
"../../../../../Charlie/Slime/Slime/Content/StarterContent/Shapes/Shape_Pipe_180.uasset" 141
"../../../../../Charlie/Slime/Slime/Content/StarterContent/Shapes/Shape_Pipe_90.uasset" 142
"../../../../../Charlie/Slime/Slime/Content/StarterContent/Shapes/Shape_Plane.uasset" 143
"../../../../../Charlie/Slime/Slime/Content/StarterContent/Shapes/Shape_Torus.uasset" 144
"../../../../../Charlie/Slime/Slime/Content/StarterContent/Shapes/Shape_Trim.uasset" 145
"../../../../../Charlie/Slime/Slime/Content/StarterContent/Shapes/Shape_Trim_90_In.uasset" 146
"../../../../../Charlie/Slime/Slime/Content/StarterContent/Shapes/Shape_Trim_90_Out.uasset" 147
"../../../../../Charlie/Slime/Slime/Content/StarterContent/Shapes/Shape_TriPyramid.uasset" 148
"../../../../../Charlie/Slime/Slime/Content/StarterContent/Shapes/Shape_Tube.uasset" 149
"../../../../../Charlie/Slime/Slime/Content/StarterContent/Shapes/Shape_Wedge_A.uasset" 150
"../../../../../Charlie/Slime/Slime/Content/StarterContent/Shapes/Shape_Wedge_B.uasset" 151
"../../../../../Charlie/Slime/Slime/Content/StarterContent/Shapes/Shape_WideCapsule.uasset" 152
"../../../Engine/Content/ArtTools/RenderToTexture/Meshes/S_1_Unit_Plane.uasset" 153
"../../../Engine/Content/EngineMaterials/DefaultMaterial.uasset" 154
"../../../Engine/Content/BasicShapes/Cylinder.uasset" 155
"../../../Engine/Content/BasicShapes/Plane.uasset" 156
"../../../Engine/Content/EditorLandscapeResources/DataLayer.uasset" 157
"../../../Engine/Content/EditorMaterials/GizmoMaterial.uasset" 158
"../../../Engine/Content/EditorMaterials/MAT_Groups_Toggle.uasset" 159
"../../../Engine/Content/EditorMaterials/MAT_Groups_Visibility.uasset" 160
"../../../Engine/Content/EditorMaterials/PreviewShadowIndicator.uasset" 161
"../../../Engine/Content/EditorMaterials/PreviewShadowIndicatorMaterial.uasset" 162
"../../../Engine/Content/EditorMaterials/MatineeGroups/MAT_ColorTrack.uasset" 163
"../../../Engine/Content/EditorMaterials/MatineeGroups/MAT_Groups_Anim.uasset" 164
"../../../Engine/Content/EditorMaterials/MatineeGroups/MAT_Groups_AudioMaster.uasset" 165
"../../../Engine/Content/EditorMaterials/MatineeGroups/MAT_Groups_Director.uasset" 166
"../../../Engine/Content/EditorMaterials/MatineeGroups/MAT_Groups_Event.uasset" 167
"../../../Engine/Content/EditorMaterials/MatineeGroups/MAT_Groups_Fade.uasset" 168
"../../../Engine/Content/EditorMaterials/MatineeGroups/MAT_Groups_Float.uasset" 169
"../../../Engine/Content/EditorMaterials/MatineeGroups/MAT_Groups_Move.uasset" 170
"../../../Engine/Content/EditorMaterials/MatineeGroups/MAT_Groups_Slomo.uasset" 171
"../../../Engine/Content/EditorMaterials/MatineeGroups/MAT_Groups_Sound.uasset" 172
"../../../Engine/Content/EditorMaterials/MatineeGroups/MAT_Groups_Vector.uasset" 173
"../../../Engine/Content/EditorMaterials/ParticleSystems/PSysThumbnail_NoImage.uasset" 174
"../../../Engine/Content/EditorMaterials/ParticleSystems/PSysThumbnail_OOD.uasset" 175
"../../../Engine/Content/EditorMaterials/Camera/CineMat.uasset" 176
"../../../Engine/Content/EditorMaterials/Camera/MI_CineMat_Rig.uasset" 177
"../../../Engine/Content/EditorMeshes/Camera/SM_CraneRig_Arm.uasset" 178
"../../../Engine/Content/EditorMeshes/Camera/SM_CraneRig_Base.uasset" 179
"../../../Engine/Content/EditorMeshes/Camera/SM_CraneRig_Body.uasset" 180
"../../../Engine/Content/EditorMeshes/Camera/SM_CraneRig_Mount.uasset" 181
"../../../Engine/Content/EditorMeshes/Camera/SM_RailRig_Mount.uasset" 182
"../../../Engine/Content/EditorMeshes/Camera/SM_RailRig_Track.uasset" 183
"../../../Engine/Content/EditorResources/BSPVertex.uasset" 184
"../../../Engine/Content/EditorResources/EmptyActor.uasset" 185
"../../../Engine/Content/EditorResources/S_Actor.uasset" 186
"../../../Engine/Content/EditorResources/S_Trigger.uasset" 187
"../../../Engine/Content/EditorResources/AudioIcons/S_AudioComponent.uasset" 188
"../../../Engine/Content/EditorResources/AudioIcons/S_AudioComponent_AutoActivate.uasset" 189
"../../../Engine/Content/EditorResources/LightIcons/S_LightError.uasset" 190
"../../../Engine/Content/EditorResources/SequenceRecorder/Countdown.uasset" 191
"../../../Engine/Content/EditorResources/SequenceRecorder/RecordingIndicator.uasset" 192
"../../../Engine/Content/EditorSounds/Notifications/CompileFailed.uasset" 193
"../../../Engine/Content/EditorSounds/Notifications/CompileFailed_Cue.uasset" 194
"../../../Engine/Content/EditorSounds/Notifications/CompileSuccess.uasset" 195
"../../../Engine/Content/EditorSounds/Notifications/CompileStart_Cue.uasset" 196
"../../../Engine/Content/EditorSounds/Notifications/CompileSuccess_Cue.uasset" 197
"../../../Engine/Content/EngineDamageTypes/DmgTypeBP_Environmental.uasset" 198
"../../../Engine/Content/EngineDebugMaterials/HeatmapGradient.uasset" 199
"../../../Engine/Content/EngineDebugMaterials/BoneWeightMaterial.uasset" 200
"../../../Engine/Content/EngineDebugMaterials/ClothMaterial.uasset" 201
"../../../Engine/Content/EngineDebugMaterials/ClothMaterial_WF.uasset" 202
"../../../Engine/Content/EngineDebugMaterials/DebugEditorMaterial.uasset" 203
"../../../Engine/Content/EngineDebugMaterials/DebugMeshMaterial.uasset" 204
"../../../Engine/Content/EngineDebugMaterials/GeomMaterial.uasset" 205
"../../../Engine/Content/EngineDebugMaterials/M_SimpleTranslucent.uasset" 206
"../../../Engine/Content/EngineFonts/Faces/RobotoBold.uasset" 207
"../../../Engine/Content/EngineFonts/Faces/RobotoBoldItalic.uasset" 208
"../../../Engine/Content/EngineFonts/Faces/RobotoItalic.uasset" 209
"../../../Engine/Content/EngineFonts/Faces/RobotoLight.uasset" 210
"../../../Engine/Content/EngineFonts/Faces/RobotoRegular.uasset" 211
"../../../Engine/Content/EngineFonts/Roboto.uasset" 212
"../../../Engine/Content/EngineFonts/Faces/RobotoTiny.uasset" 213
"../../../Engine/Content/EngineFonts/RobotoTiny.uasset" 214
"../../../Engine/Content/EngineMaterials/BaseFlattenDiffuseMap.uasset" 215
"../../../Engine/Content/EngineMaterials/BaseFlattenEmissiveMap.uasset" 216
"../../../Engine/Content/EngineMaterials/BaseFlattenGrayscaleMap.uasset" 217
"../../../Engine/Content/EngineMaterials/BaseFlattenNormalMap.uasset" 218
"../../../Engine/Content/EngineMaterials/BaseFlattenMaterial.uasset" 219
"../../../Engine/Content/EngineMaterials/DefaultBloomKernel.uasset" 220
"../../../Engine/Content/EngineMaterials/DefaultBokeh.uasset" 221
"../../../Engine/Content/EngineMaterials/DefaultDiffuse.uasset" 222
"../../../Engine/Content/EngineMaterials/DefaultDeferredDecalMaterial.uasset" 223
"../../../Engine/Content/EngineMaterials/DefaultLightFunctionMaterial.uasset" 224
"../../../Engine/Content/EngineMaterials/DefaultPhysicalMaterial.uasset" 225
"../../../Engine/Content/Functions/Engine_MaterialFunctions02/Utility/BreakOutFloat2Components.uasset" 226
"../../../Engine/Content/EngineMaterials/DefaultPostProcessMaterial.uasset" 227
"../../../Engine/Content/EngineFonts/RobotoDistanceField.uasset" 228
"../../../Engine/Content/EngineMaterials/DefaultTextMaterialOpaque.uasset" 229
"../../../Engine/Content/EngineMaterials/DefaultWhiteGrid.uasset" 230
"../../../Engine/Content/EngineMaterials/EditorBrushMaterial.uasset" 231
"../../../Engine/Content/EngineMaterials/Good64x64TilingNoiseHighFreq.uasset" 232
"../../../Engine/Content/EngineMaterials/MiniFont.uasset" 233
"../../../Engine/Content/EngineMaterials/InvalidLightmapSettings.uasset" 234
"../../../Engine/Content/EngineMaterials/M_InvalidLightmapSettings.uasset" 235
"../../../Engine/Content/Functions/Engine_MaterialFunctions02/WorldPositionOffset/CameraOffset.uasset" 236
"../../../Engine/Content/EngineMaterials/PhAT_JointLimitMaterial.uasset" 237
"../../../Engine/Content/EngineMaterials/PreintegratedSkinBRDF.uasset" 238
"../../../Engine/Content/EngineMaterials/RemoveSurfaceMaterial.uasset" 239
"../../../Engine/Content/EngineMaterials/WeightMapPlaceholderTexture.uasset" 240
"../../../Engine/Content/EngineResources/WhiteSquareTexture.uasset" 241
"../../../Engine/Content/EngineMaterials/Widget3DPassThrough.uasset" 242
"../../../Engine/Content/EngineMaterials/Widget3DPassThrough_Masked.uasset" 243
"../../../Engine/Content/EngineMaterials/Widget3DPassThrough_Opaque.uasset" 244
"../../../Engine/Content/EngineMaterials/Widget3DPassThrough_Masked_OneSided.uasset" 245
"../../../Engine/Content/EngineMaterials/Widget3DPassThrough_Opaque_OneSided.uasset" 246
"../../../Engine/Content/EngineMaterials/Widget3DPassThrough_Translucent.uasset" 247
"../../../Engine/Content/EngineMaterials/Widget3DPassThrough_Translucent_OneSided.uasset" 248
"../../../Engine/Content/EngineMeshes/Cylinder.uasset" 249
"../../../Engine/Content/EngineMeshes/Sphere.uasset" 250
"../../../Engine/Content/EngineResources/Black.uasset" 251
"../../../Engine/Content/EngineResources/DefaultTexture.uasset" 252
"../../../Engine/Content/EngineResources/DefaultTextureCube.uasset" 253
"../../../Engine/Content/EngineResources/DefaultVolumeTexture2D.uasset" 254
"../../../Engine/Content/EngineResources/DefaultVolumeTexture.uasset" 255
"../../../Engine/Content/EngineResources/GradientTexture0.uasset" 256
"../../../Engine/Content/EngineSounds/Master.uasset" 257
"../../../Engine/Content/Functions/Engine_MaterialFunctions01/Shading/ConvertFromDiffSpec.uasset" 258
"../../../Engine/Content/Functions/Engine_MaterialFunctions01/Shading/PowerToRoughness.uasset" 259
"../../../Engine/Content/Maps/Templates/Thumbnails/Default.uasset" 260
"../../../Engine/Content/Maps/Templates/Thumbnails/VR-Basic.uasset" 261
"../../../Engine/Content/MobileResources/T_MobileControls_texture.uasset" 262
"../../../Engine/Content/MobileResources/T_MobileMenu2.uasset" 263
"../../../Engine/Content/MobileResources/HUD/AnalogHat.uasset" 264
"../../../Engine/Content/MobileResources/HUD/VirtualJoystick_Background.uasset" 265
"../../../Engine/Content/MobileResources/HUD/VirtualJoystick_Thumb.uasset" 266
"../../../Engine/Content/MobileResources/HUD/DefaultVirtualJoysticks.uasset" 267
"../../../Engine/Content/MobileResources/HUD/LeftVirtualJoystickOnly.uasset" 268
"../../../Engine/Content/MobileResources/HUD/MobileHUDButton1_off.uasset" 269
"../../../Engine/Content/MobileResources/HUD/MobileHUDButton1_on.uasset" 270
"../../../Engine/Content/MobileResources/HUD/MobileHUDButton2_off.uasset" 271
"../../../Engine/Content/MobileResources/HUD/MobileHUDButton2_on.uasset" 272
"../../../Engine/Content/MobileResources/HUD/MobileHUDButton3.uasset" 273
"../../../Engine/Content/MobileResources/HUD/MobileHUDButtonFire.uasset" 274
"../../../Engine/Content/MobileResources/HUD/MobileHUDDirectionPad.uasset" 275
"../../../Engine/Content/MobileResources/HUD/MobileHUDDirectionPad2.uasset" 276
"../../../Engine/Content/MobileResources/HUD/MobileHUDDirectionPad3.uasset" 277
"../../../Engine/Content/MobileResources/HUD/MobileHUDDirectionStick.uasset" 278
"../../../Engine/Content/MobileResources/HUD/T_Castle_ThumbstickInner.uasset" 279
"../../../Engine/Content/MobileResources/HUD/T_Castle_ThumbstickOutter.uasset" 280
"../../../Engine/Content/Tutorial/ContentIntroCurve.uasset" 281
"../../../Engine/Content/VREditor/LaserPointer/VR_LaserPower_01.uasset" 282
"../../../Engine/Content/VREditor/TransformGizmo/TransformGizmoMaterial.uasset" 283
"../../../Engine/Content/VREditor/TransformGizmo/TranslucentTransformGizmoMaterial.uasset" 284
"../../../Engine/Content/VREditor/TransformGizmo/BoundingBoxCorner.uasset" 285
"../../../Engine/Content/VREditor/TransformGizmo/BoundingBoxEdge.uasset" 286
"../../../Engine/Content/VREditor/TransformGizmo/PlaneTranslationHandle.uasset" 287
"../../../Engine/Content/VREditor/TransformGizmo/Main.uasset" 288
"../../../Engine/Content/VREditor/TransformGizmo/Xray.uasset" 289
"../../../Engine/Content/VREditor/TransformGizmo/SM_Sequencer_Key.uasset" 290
"../../../Engine/Content/VREditor/TransformGizmo/SM_Sequencer_Node.uasset" 291
"../../Plugins/2D/Paper2D/Content/PlaceholderTextures/DummySpriteTexture.uasset" 292
"../../Plugins/2D/Paper2D/Content/DummySprite.uasset" 293
"../../Plugins/2D/Paper2D/Content/DefaultPaperTerrainMaterial.uasset" 294
"../../Plugins/2D/Paper2D/Content/DefaultSpriteMaterial.uasset" 295
"../../Plugins/2D/Paper2D/Content/MaskedUnlitSpriteMaterial.uasset" 296
"../../Plugins/2D/Paper2D/Content/OpaqueUnlitSpriteMaterial.uasset" 297
"../../Plugins/Runtime/Oculus/OculusVR/Content/Materials/PokeAHoleMaterial.uasset" 298
"../../Plugins/Runtime/Oculus/OculusVR/Content/Textures/GearVRController_AO.uasset" 299
"../../Plugins/Runtime/Oculus/OculusVR/Content/Textures/GearVRController_Color.uasset" 300
"../../Plugins/Runtime/Oculus/OculusVR/Content/Textures/GearVRController_Normal.uasset" 301
"../../Plugins/Runtime/Oculus/OculusVR/Content/Materials/GearVRControllerMaterial.uasset" 302
"../../Plugins/Runtime/Oculus/OculusVR/Content/Meshes/GearVrController.uasset" 303
"../../Plugins/Runtime/Oculus/OculusVR/Content/Textures/touchController_albedo.uasset" 304
"../../Plugins/Runtime/Oculus/OculusVR/Content/Textures/touchController_controlmap.uasset" 305
"../../Plugins/Runtime/Oculus/OculusVR/Content/Materials/touchController_mat.uasset" 306
"../../Plugins/Runtime/Oculus/OculusVR/Content/Meshes/LeftTouchController.uasset" 307
"../../Plugins/Runtime/Oculus/OculusVR/Content/Meshes/RiftHMD.uasset" 308
"../../Plugins/Runtime/Oculus/OculusVR/Content/Meshes/RightTouchController.uasset" 309
"../../../../../Charlie/Slime/Slime/Content/FirstPersonCPP/Blueprints/ThirdPerson.uasset" 310
"../../../Engine/Content/EngineSky/C_Sky_Cloud_Color.uasset" 311
"../../../Engine/Content/EngineSky/C_Sky_Horizon_Color.uasset" 312
"../../../Engine/Content/EngineSky/C_Sky_Zenith_Color.uasset" 313
"../../../Engine/Content/EngineSky/T_Sky_Blue.uasset" 314
"../../../Engine/Content/EngineSky/T_Sky_Clouds_M.uasset" 315
"../../../Engine/Content/EngineSky/T_Sky_Stars.uasset" 316
"../../../Engine/Content/EngineSky/M_Sky_Panning_Clouds2.uasset" 317
"../../../Engine/Content/EngineSky/SM_SkySphere.uasset" 318
"../../../Engine/Content/EngineSky/BP_Sky_Sphere.uasset" 319
"../../../../../Charlie/Slime/Slime/Content/Textures/7693-bump.uasset" 320
"../../../../../Charlie/Slime/Slime/Content/Textures/7693-normal.uasset" 321
"../../../../../Charlie/Slime/Slime/Content/Materials/DisplaceMat.uasset" 322
"../../../Engine/Content/BasicShapes/Cone.uasset" 323
"../../../Engine/Content/BasicShapes/Cube.uasset" 324
"../../../Engine/Content/BasicShapes/Sphere.uasset" 325
"../../../../../Charlie/Slime/Slime/Content/Geometry/Meshes/1M_Cube.uasset" 326
"../../../../../Charlie/Slime/Slime/Content/StarterContent/Props/SM_GlassWindow.uasset" 327
"../../../../../Charlie/Slime/Slime/Content/FirstPersonCPP/Maps/FirstPersonExampleMap.umap" 328
"../../../../../Charlie/Slime/Slime/Content/StarterContent/Blueprints/Assets/FogBrightnessLUT.uasset" 329
"../../../../../Charlie/Slime/Slime/Content/StarterContent/Blueprints/Assets/SunlightColorLUT.uasset" 330
"../../../../../Charlie/Slime/Slime/Content/StarterContent/Blueprints/Assets/M_LightStage_Arrows.uasset" 331
"../../../Engine/Content/MapTemplates/Sky/DaylightAmbientCubemap.uasset" 332
"../../../../../Charlie/Slime/Slime/Content/StarterContent/Blueprints/Assets/M_LightStage_Skybox_Master.uasset" 333
"../../../../../Charlie/Slime/Slime/Content/StarterContent/Blueprints/Assets/M_LightStage_Skybox_Black.uasset" 334
"../../../../../Charlie/Slime/Slime/Content/StarterContent/Blueprints/Assets/M_LightStage_Skybox_HDRI.uasset" 335
"../../../Engine/Content/EditorMaterials/Thumbnails/SkySphereMaterial.uasset" 336
"../../../../../Charlie/Slime/Slime/Content/StarterContent/Blueprints/Assets/Skybox.uasset" 337
"../../../../../Charlie/Slime/Slime/Content/StarterContent/Blueprints/Assets/SM_Arrows.uasset" 338
"../../../../../Charlie/Slime/Slime/Content/StarterContent/HDRI/HDRI_Epic_Courtyard_Daylight.uasset" 339
"../../../../../Charlie/Slime/Slime/Content/StarterContent/Blueprints/BP_LightStudio.uasset" 340
"../../../../../Charlie/Slime/Slime/Content/StarterContent/Materials/M_AssetPlatform.uasset" 341
"../../../Engine/Content/EditorMeshes/ColorCalibrator/M_ChromeBall.uasset" 342
"../../../Engine/Content/EditorMeshes/ColorCalibrator/M_ClearCoat.uasset" 343
"../../../Engine/Content/EditorMeshes/ColorCalibrator/M_ClearCoatBlack.uasset" 344
"../../../Engine/Content/EditorMeshes/ColorCalibrator/Color_checker.uasset" 345
"../../../Engine/Content/EditorMeshes/ColorCalibrator/M_ColorGrid.uasset" 346
"../../../Engine/Content/EditorMeshes/ColorCalibrator/M_GreyBall.uasset" 347
"../../../Engine/Content/EditorMeshes/ColorCalibrator/SM_ColorCalibrator.uasset" 348
"../../../../../Charlie/Slime/Slime/Content/StarterContent/Architecture/SM_AssetPlatform.uasset" 349
"../../../../../Charlie/Slime/Slime/Content/StarterContent/Maps/Advanced_Lighting.umap" 350
"../../../../../Charlie/Slime/Slime/Content/StarterContent/Textures/T_MacroVariation.uasset" 351
"../../../../../Charlie/Slime/Slime/Content/StarterContent/Materials/M_Metal_Brushed_Nickel.uasset" 352
"../../../../../Charlie/Slime/Slime/Content/StarterContent/Textures/T_Metal_Aluminum_D.uasset" 353
"../../../../../Charlie/Slime/Slime/Content/StarterContent/Textures/T_Metal_Gold_N.uasset" 354
"../../../../../Charlie/Slime/Slime/Content/StarterContent/Materials/M_Metal_Burnished_Steel.uasset" 355
"../../../../../Charlie/Slime/Slime/Content/StarterContent/Textures/T_Metal_Copper_D.uasset" 356
"../../../../../Charlie/Slime/Slime/Content/StarterContent/Materials/M_Metal_Copper.uasset" 357
"../../../../../Charlie/Slime/Slime/Content/StarterContent/Textures/T_Statue_M.uasset" 358
"../../../../../Charlie/Slime/Slime/Content/StarterContent/Textures/T_Statue_N.uasset" 359
"../../../../../Charlie/Slime/Slime/Content/StarterContent/Props/Materials/M_StatueGlass.uasset" 360
"../../../../../Charlie/Slime/Slime/Content/StarterContent/Architecture/Floor_400x400.uasset" 361
"../../../../../Charlie/Slime/Slime/Content/StarterContent/Audio/Starter_Background_Cue.uasset" 362
"../../../../../Charlie/Slime/Slime/Content/StarterContent/Props/SM_Chair.uasset" 363
"../../../../../Charlie/Slime/Slime/Content/StarterContent/Props/Materials/M_Statue.uasset" 364
"../../../../../Charlie/Slime/Slime/Content/StarterContent/Props/SM_Statue.uasset" 365
"../../../../../Charlie/Slime/Slime/Content/StarterContent/Textures/T_TableRound_M.uasset" 366
"../../../../../Charlie/Slime/Slime/Content/StarterContent/Textures/T_TableRound_N.uasset" 367
"../../../../../Charlie/Slime/Slime/Content/StarterContent/Props/Materials/M_TableRound.uasset" 368
"../../../../../Charlie/Slime/Slime/Content/StarterContent/Props/SM_TableRound.uasset" 369
"../../../../../Charlie/Slime/Slime/Content/StarterContent/Maps/Minimal_Default.umap" 370
"../../../../../Charlie/Slime/Slime/Content/StarterContent/Audio/Fire01_Cue.uasset" 371
"../../../../../Charlie/Slime/Slime/Content/StarterContent/Textures/T_Fire_SubUV.uasset" 372
"../../../../../Charlie/Slime/Slime/Content/StarterContent/Textures/T_Fire_Tiled_D.uasset" 373
"../../../../../Charlie/Slime/Slime/Content/StarterContent/Particles/Materials/M_Fire_SubUV.uasset" 374
"../../../../../Charlie/Slime/Slime/Content/StarterContent/Textures/T_Water_N.uasset" 375
"../../../../../Charlie/Slime/Slime/Content/StarterContent/Particles/Materials/M_Heat_Distortion.uasset" 376
"../../../../../Charlie/Slime/Slime/Content/StarterContent/Particles/Materials/M_Radial_Gradient.uasset" 377
"../../../../../Charlie/Slime/Slime/Content/StarterContent/Particles/P_Fire.uasset" 378
"../../../../../Charlie/Slime/Slime/Content/StarterContent/Blueprints/Blueprint_Effect_Fire.uasset" 379
"../../../../../Charlie/Slime/Slime/Content/StarterContent/Audio/Smoke01_Cue.uasset" 380
"../../../../../Charlie/Slime/Slime/Content/StarterContent/Particles/P_Smoke.uasset" 381
"../../../../../Charlie/Slime/Slime/Content/StarterContent/Blueprints/Blueprint_Effect_Smoke.uasset" 382
"../../../../../Charlie/Slime/Slime/Content/StarterContent/Audio/Fire_Sparks01_Cue.uasset" 383
"../../../../../Charlie/Slime/Slime/Content/StarterContent/Textures/T_Spark_Core.uasset" 384
"../../../../../Charlie/Slime/Slime/Content/StarterContent/Particles/Materials/M_Spark.uasset" 385
"../../../../../Charlie/Slime/Slime/Content/StarterContent/Particles/P_Sparks.uasset" 386
"../../../../../Charlie/Slime/Slime/Content/StarterContent/Blueprints/Blueprint_Effect_Sparks.uasset" 387
"../../../../../Charlie/Slime/Slime/Content/StarterContent/Audio/Steam01_Cue.uasset" 388
"../../../../../Charlie/Slime/Slime/Content/StarterContent/Particles/P_Steam_Lit.uasset" 389
"../../../../../Charlie/Slime/Slime/Content/StarterContent/Blueprints/Blueprint_Effect_Steam.uasset" 390
"../../../../../Charlie/Slime/Slime/Content/StarterContent/Textures/T_Lamp_M.uasset" 391
"../../../../../Charlie/Slime/Slime/Content/StarterContent/Textures/T_Lamp_N.uasset" 392
"../../../../../Charlie/Slime/Slime/Content/StarterContent/Props/Materials/M_Lamp.uasset" 393
"../../../../../Charlie/Slime/Slime/Content/StarterContent/Props/SM_Lamp_Ceiling.uasset" 394
"../../../../../Charlie/Slime/Slime/Content/StarterContent/Blueprints/Blueprint_CeilingLight.uasset" 395
"../../../../../Charlie/Slime/Slime/Content/StarterContent/Props/SM_Lamp_Wall.uasset" 396
"../../../../../Charlie/Slime/Slime/Content/StarterContent/Blueprints/Blueprint_WallSconce.uasset" 397
"../../../Engine/Content/Functions/Engine_MaterialFunctions03/Procedurals/ComputeFilterWidth.uasset" 398
"../../../Engine/Content/EngineMaterials/AntiAliasedTextMaterialTranslucent.uasset" 399
"../../../../../Charlie/Slime/Slime/Content/StarterContent/Textures/T_Brick_Clay_Beveled_D.uasset" 400
"../../../../../Charlie/Slime/Slime/Content/StarterContent/Textures/T_Brick_Clay_Beveled_N.uasset" 401
"../../../../../Charlie/Slime/Slime/Content/StarterContent/Materials/M_Brick_Clay_Beveled.uasset" 402
"../../../../../Charlie/Slime/Slime/Content/StarterContent/Textures/T_Brick_Clay_New_D.uasset" 403
"../../../../../Charlie/Slime/Slime/Content/StarterContent/Textures/T_Brick_Clay_New_M.uasset" 404
"../../../../../Charlie/Slime/Slime/Content/StarterContent/Textures/T_Brick_Clay_New_N.uasset" 405
"../../../../../Charlie/Slime/Slime/Content/StarterContent/Materials/M_Brick_Clay_New.uasset" 406
"../../../../../Charlie/Slime/Slime/Content/StarterContent/Textures/T_Brick_Clay_Old_D.uasset" 407
"../../../../../Charlie/Slime/Slime/Content/StarterContent/Textures/T_Brick_Clay_Old_N.uasset" 408
"../../../../../Charlie/Slime/Slime/Content/StarterContent/Textures/T_Perlin_Noise_M.uasset" 409
"../../../../../Charlie/Slime/Slime/Content/StarterContent/Materials/M_Brick_Clay_Old.uasset" 410
"../../../../../Charlie/Slime/Slime/Content/StarterContent/Textures/T_Brick_Cut_Stone_D.uasset" 411
"../../../../../Charlie/Slime/Slime/Content/StarterContent/Textures/T_Brick_Cut_Stone_N.uasset" 412
"../../../../../Charlie/Slime/Slime/Content/StarterContent/Materials/M_Brick_Cut_Stone.uasset" 413
"../../../../../Charlie/Slime/Slime/Content/StarterContent/Textures/T_Brick_Hewn_Stone_D.uasset" 414
"../../../../../Charlie/Slime/Slime/Content/StarterContent/Textures/T_Brick_Hewn_Stone_M.uasset" 415
"../../../../../Charlie/Slime/Slime/Content/StarterContent/Textures/T_Brick_Hewn_Stone_N.uasset" 416
"../../../../../Charlie/Slime/Slime/Content/StarterContent/Materials/M_Brick_Hewn_Stone.uasset" 417
"../../../../../Charlie/Slime/Slime/Content/StarterContent/Textures/T_Ceramic_Tile_M.uasset" 418
"../../../../../Charlie/Slime/Slime/Content/StarterContent/Textures/T_Ceramic_Tile_N.uasset" 419
"../../../../../Charlie/Slime/Slime/Content/StarterContent/Textures/T_Rock_Marble_Polished_D.uasset" 420
"../../../../../Charlie/Slime/Slime/Content/StarterContent/Materials/M_Ceramic_Tile_Checker.uasset" 421
"../../../../../Charlie/Slime/Slime/Content/StarterContent/Textures/T_CobbleStone_Pebble_D.uasset" 422
"../../../../../Charlie/Slime/Slime/Content/StarterContent/Textures/T_CobbleStone_Pebble_M.uasset" 423
"../../../../../Charlie/Slime/Slime/Content/StarterContent/Textures/T_CobbleStone_Pebble_N.uasset" 424
"../../../../../Charlie/Slime/Slime/Content/StarterContent/Materials/M_CobbleStone_Pebble.uasset" 425
"../../../../../Charlie/Slime/Slime/Content/StarterContent/Textures/T_CobbleStone_Rough_D.uasset" 426
"../../../../../Charlie/Slime/Slime/Content/StarterContent/Textures/T_CobbleStone_Rough_N.uasset" 427
"../../../../../Charlie/Slime/Slime/Content/StarterContent/Textures/T_Gradinet_01.uasset" 428
"../../../../../Charlie/Slime/Slime/Content/StarterContent/Textures/T_Rock_Smooth_Granite_D.uasset" 429
"../../../../../Charlie/Slime/Slime/Content/StarterContent/Materials/M_CobbleStone_Rough.uasset" 430
"../../../../../Charlie/Slime/Slime/Content/StarterContent/Textures/T_CobbleStone_Smooth_D.uasset" 431
"../../../../../Charlie/Slime/Slime/Content/StarterContent/Textures/T_CobbleStone_Smooth_M.uasset" 432
"../../../../../Charlie/Slime/Slime/Content/StarterContent/Textures/T_CobbleStone_Smooth_N.uasset" 433
"../../../../../Charlie/Slime/Slime/Content/StarterContent/Materials/M_CobbleStone_Smooth.uasset" 434
"../../../../../Charlie/Slime/Slime/Content/StarterContent/Textures/T_Concrete_Grime_D.uasset" 435
"../../../../../Charlie/Slime/Slime/Content/StarterContent/Textures/T_Metal_Rust_N.uasset" 436
"../../../../../Charlie/Slime/Slime/Content/StarterContent/Materials/M_Concrete_Grime.uasset" 437
"../../../../../Charlie/Slime/Slime/Content/StarterContent/Textures/T_Concrete_Panels_D.uasset" 438
"../../../../../Charlie/Slime/Slime/Content/StarterContent/Textures/T_Concrete_Panels_N.uasset" 439
"../../../../../Charlie/Slime/Slime/Content/StarterContent/Materials/M_Concrete_Panels.uasset" 440
"../../../../../Charlie/Slime/Slime/Content/StarterContent/Textures/T_Concrete_Poured_D.uasset" 441
"../../../../../Charlie/Slime/Slime/Content/StarterContent/Textures/T_Concrete_Poured_N.uasset" 442
"../../../../../Charlie/Slime/Slime/Content/StarterContent/Materials/M_Concrete_Poured.uasset" 443
"../../../../../Charlie/Slime/Slime/Content/StarterContent/Textures/T_Concrete_Tiles_D.uasset" 444
"../../../../../Charlie/Slime/Slime/Content/StarterContent/Textures/T_Concrete_Tiles_M.uasset" 445
"../../../../../Charlie/Slime/Slime/Content/StarterContent/Textures/T_Concrete_Tiles_N.uasset" 446
"../../../../../Charlie/Slime/Slime/Content/StarterContent/Textures/T_Concrete_Tiles_Variation_M.uasset" 447
"../../../../../Charlie/Slime/Slime/Content/StarterContent/Materials/M_Concrete_Tiles.uasset" 448
"../../../../../Charlie/Slime/Slime/Content/StarterContent/Textures/T_Ground_Grass_D.uasset" 449
"../../../../../Charlie/Slime/Slime/Content/StarterContent/Textures/T_Ground_Grass_N.uasset" 450
"../../../../../Charlie/Slime/Slime/Content/StarterContent/Materials/M_Ground_Grass.uasset" 451
"../../../../../Charlie/Slime/Slime/Content/StarterContent/Textures/T_Ground_Gravel_D.uasset" 452
"../../../../../Charlie/Slime/Slime/Content/StarterContent/Textures/T_Ground_Gravel_N.uasset" 453
"../../../../../Charlie/Slime/Slime/Content/StarterContent/Materials/M_Ground_Gravel.uasset" 454
"../../../../../Charlie/Slime/Slime/Content/StarterContent/Textures/T_ground_Moss_D.uasset" 455
"../../../../../Charlie/Slime/Slime/Content/StarterContent/Textures/T_Ground_Moss_N.uasset" 456
"../../../../../Charlie/Slime/Slime/Content/StarterContent/Materials/M_Ground_Moss.uasset" 457
"../../../../../Charlie/Slime/Slime/Content/StarterContent/Materials/M_Metal_Chrome.uasset" 458
"../../../../../Charlie/Slime/Slime/Content/StarterContent/Textures/T_Metal_Gold_D.uasset" 459
"../../../../../Charlie/Slime/Slime/Content/StarterContent/Materials/M_Metal_Gold.uasset" 460
"../../../../../Charlie/Slime/Slime/Content/StarterContent/Textures/T_Metal_Rust_D.uasset" 461
"../../../../../Charlie/Slime/Slime/Content/StarterContent/Materials/M_Metal_Rust.uasset" 462
"../../../../../Charlie/Slime/Slime/Content/StarterContent/Textures/T_Metal_Steel_D.uasset" 463
"../../../../../Charlie/Slime/Slime/Content/StarterContent/Textures/T_Metal_Steel_N.uasset" 464
"../../../../../Charlie/Slime/Slime/Content/StarterContent/Materials/M_Metal_Steel.uasset" 465
"../../../../../Charlie/Slime/Slime/Content/StarterContent/Textures/T_Rock_Basalt_N.uasset" 466
"../../../../../Charlie/Slime/Slime/Content/StarterContent/Materials/M_Rock_Basalt.uasset" 467
"../../../../../Charlie/Slime/Slime/Content/StarterContent/Materials/M_Rock_Marble_Polished.uasset" 468
"../../../../../Charlie/Slime/Slime/Content/StarterContent/Textures/T_Rock_Sandstone_D.uasset" 469
"../../../../../Charlie/Slime/Slime/Content/StarterContent/Textures/T_Rock_Sandstone_N.uasset" 470
"../../../../../Charlie/Slime/Slime/Content/StarterContent/Materials/M_Rock_Sandstone.uasset" 471
"../../../../../Charlie/Slime/Slime/Content/StarterContent/Textures/T_Rock_Slate_D.uasset" 472
"../../../../../Charlie/Slime/Slime/Content/StarterContent/Textures/T_Rock_Slate_N.uasset" 473
"../../../../../Charlie/Slime/Slime/Content/StarterContent/Materials/M_Rock_Slate.uasset" 474
"../../../../../Charlie/Slime/Slime/Content/StarterContent/Textures/T_Checker_Noise_M.uasset" 475
"../../../../../Charlie/Slime/Slime/Content/StarterContent/Textures/T_Single_Tile_N.uasset" 476
"../../../../../Charlie/Slime/Slime/Content/StarterContent/Textures/T_Tech_Dot_M.uasset" 477
"../../../../../Charlie/Slime/Slime/Content/StarterContent/Textures/T_Tech_Dot_N.uasset" 478
"../../../../../Charlie/Slime/Slime/Content/StarterContent/Materials/M_Tech_Checker_Dot.uasset" 479
"../../../../../Charlie/Slime/Slime/Content/StarterContent/Textures/T_Tech_Hex_Tile_M.uasset" 480
"../../../../../Charlie/Slime/Slime/Content/StarterContent/Textures/T_Tech_Hex_Tile_N.uasset" 481
"../../../../../Charlie/Slime/Slime/Content/StarterContent/Materials/M_Tech_Hex_Tile.uasset" 482
"../../../../../Charlie/Slime/Slime/Content/StarterContent/Materials/M_Tech_Hex_Tile_Pulse.uasset" 483
"../../../../../Charlie/Slime/Slime/Content/StarterContent/Textures/T_Tech_Panel_M.uasset" 484
"../../../../../Charlie/Slime/Slime/Content/StarterContent/Textures/T_Tech_Panel_N.uasset" 485
"../../../../../Charlie/Slime/Slime/Content/StarterContent/Materials/M_Tech_Panel.uasset" 486
"../../../../../Charlie/Slime/Slime/Content/StarterContent/Materials/M_Water_Lake.uasset" 487
"../../../../../Charlie/Slime/Slime/Content/StarterContent/Textures/T_Water_M.uasset" 488
"../../../../../Charlie/Slime/Slime/Content/StarterContent/Materials/M_Water_Ocean.uasset" 489
"../../../../../Charlie/Slime/Slime/Content/StarterContent/Textures/T_Wood_Floor_Walnut_D.uasset" 490
"../../../../../Charlie/Slime/Slime/Content/StarterContent/Textures/T_Wood_Floor_Walnut_M.uasset" 491
"../../../../../Charlie/Slime/Slime/Content/StarterContent/Textures/T_Wood_Floor_Walnut_N.uasset" 492
"../../../../../Charlie/Slime/Slime/Content/StarterContent/Materials/M_Wood_Floor_Walnut_Polished.uasset" 493
"../../../Engine/Content/Functions/Engine_MaterialFunctions01/Opacity/AlphaOffset.uasset" 494
"../../../../../Charlie/Slime/Slime/Content/StarterContent/Materials/M_Wood_Floor_Walnut_Worn.uasset" 495
"../../../../../Charlie/Slime/Slime/Content/StarterContent/Textures/T_Wood_Oak_D.uasset" 496
"../../../../../Charlie/Slime/Slime/Content/StarterContent/Textures/T_Wood_Oak_N.uasset" 497
"../../../../../Charlie/Slime/Slime/Content/StarterContent/Materials/M_Wood_Oak.uasset" 498
"../../../../../Charlie/Slime/Slime/Content/StarterContent/Textures/T_Wood_Pine_N.uasset" 499
"../../../../../Charlie/Slime/Slime/Content/StarterContent/Materials/M_Wood_Pine.uasset" 500
"../../../../../Charlie/Slime/Slime/Content/StarterContent/Textures/T_Wood_Walnut_D.uasset" 501
"../../../../../Charlie/Slime/Slime/Content/StarterContent/Textures/T_Wood_Walnut_N.uasset" 502
"../../../../../Charlie/Slime/Slime/Content/StarterContent/Materials/M_Wood_Walnut.uasset" 503
"../../../../../Charlie/Slime/Slime/Content/StarterContent/Architecture/Wall_400x200.uasset" 504
"../../../../../Charlie/Slime/Slime/Content/StarterContent/Architecture/Wall_Door_400x300.uasset" 505
"../../../../../Charlie/Slime/Slime/Content/StarterContent/Architecture/Wall_Window_400x300.uasset" 506
"../../../../../Charlie/Slime/Slime/Content/StarterContent/Audio/Collapse_Cue.uasset" 507
"../../../../../Charlie/Slime/Slime/Content/StarterContent/Audio/Starter_Music_Cue.uasset" 508
"../../../../../Charlie/Slime/Slime/Content/StarterContent/Textures/T_Dust_Particle_D.uasset" 509
"../../../../../Charlie/Slime/Slime/Content/StarterContent/Particles/Materials/M_Dust_Particle.uasset" 510
"../../../../../Charlie/Slime/Slime/Content/StarterContent/Particles/P_Ambient_Dust.uasset" 511
"../../../../../Charlie/Slime/Slime/Content/StarterContent/Props/MaterialSphere.uasset" 512
"../../../../../Charlie/Slime/Slime/Content/StarterContent/Textures/T_Frame_M.uasset" 513
"../../../../../Charlie/Slime/Slime/Content/StarterContent/Textures/T_Frame_N.uasset" 514
"../../../../../Charlie/Slime/Slime/Content/StarterContent/Props/Materials/M_Frame.uasset" 515
"../../../../../Charlie/Slime/Slime/Content/StarterContent/Props/SM_CornerFrame.uasset" 516
"../../../../../Charlie/Slime/Slime/Content/StarterContent/Props/SM_DoorFrame.uasset" 517
"../../../../../Charlie/Slime/Slime/Content/StarterContent/Props/SM_PillarFrame.uasset" 518
"../../../../../Charlie/Slime/Slime/Content/StarterContent/Props/SM_PillarFrame300.uasset" 519
"../../../../../Charlie/Slime/Slime/Content/StarterContent/Props/SM_WindowFrame.uasset" 520
"../../../../../Charlie/Slime/Slime/Content/StarterContent/Shapes/Shape_Cube.uasset" 521
"../../../../../Charlie/Slime/Slime/Content/StarterContent/Shapes/Shape_QuadPyramid.uasset" 522
"../../../../../Charlie/Slime/Slime/Content/StarterContent/Shapes/Shape_Sphere.uasset" 523
"../../../../../Charlie/Slime/Slime/Content/StarterContent/Maps/StarterMap.umap" 524
"../../../Engine/Content/Maps/Entry_BuiltData.uasset" 525
"../../../Engine/Content/Maps/Entry.umap" 526
