Log file open, 02/10/19 15:47:05
LogWindows: Failed to load 'aqProf.dll' (GetLastError=126)
LogWindows: File 'aqProf.dll' does not exist
LogWindows: Failed to load 'VtuneApi.dll' (GetLastError=126)
LogWindows: File 'VtuneApi.dll' does not exist
LogWindows: Failed to load 'VtuneApi32e.dll' (GetLastError=126)
LogWindows: File 'VtuneApi32e.dll' does not exist
LogConsoleResponse: Display: Failed to find resolution value strings in scalability ini. Falling back to default.
LogInit: Display: Running engine for game: Slime
LogPakFile: Registered encryption key '00000000000000000000000000000000': 0 pak files mounted, 0 remain pending
LogPlatformFile: Not using cached read wrapper
LogTaskGraph: Started task graph with 5 named threads and 14 total threads with 3 sets of task threads.
LogStats: Stats thread started at 0.308531
LogD3D11RHI: Loaded GFSDK_Aftermath_Lib.x64.dll
LogICUInternationalization: ICU TimeZone Detection - Raw Offset: +0:00, Platform Override: ''
LogPluginManager: Mounting plugin Paper2D
LogPluginManager: Mounting plugin AISupport
LogPluginManager: Mounting plugin LightPropagationVolume
LogPluginManager: Mounting plugin ActorLayerUtilities
LogPluginManager: Mounting plugin CLionSourceCodeAccess
LogPluginManager: Mounting plugin CodeLiteSourceCodeAccess
LogPluginManager: Mounting plugin GitSourceControl
LogPluginManager: Mounting plugin KDevelopSourceCodeAccess
LogPluginManager: Mounting plugin NullSourceCodeAccess
LogPluginManager: Mounting plugin PerforceSourceControl
LogPluginManager: Mounting plugin SubversionSourceControl
LogPluginManager: Mounting plugin UObjectPlugin
LogPluginManager: Mounting plugin VisualStudioCodeSourceCodeAccess
LogPluginManager: Mounting plugin VisualStudioSourceCodeAccess
LogPluginManager: Mounting plugin XCodeSourceCodeAccess
LogPluginManager: Mounting plugin AssetManagerEditor
LogPluginManager: Mounting plugin CryptoKeys
LogPluginManager: Mounting plugin DataValidation
LogPluginManager: Mounting plugin FacialAnimation
LogPluginManager: Mounting plugin GameplayTagsEditor
LogPluginManager: Mounting plugin MacGraphicsSwitching
LogPluginManager: Mounting plugin MeshEditor
LogPluginManager: Mounting plugin MobileLauncherProfileWizard
LogPluginManager: Mounting plugin PluginBrowser
LogPluginManager: Mounting plugin SpeedTreeImporter
LogPluginManager: Mounting plugin DatasmithContent
LogPluginManager: Mounting plugin VariantManagerContent
LogPluginManager: Mounting plugin AlembicImporter
LogPluginManager: Mounting plugin AppleImageUtils
LogPluginManager: Mounting plugin AppleVision
LogPluginManager: Mounting plugin BackChannel
LogPluginManager: Mounting plugin CharacterAI
LogPluginManager: Mounting plugin GeometryCache
LogPluginManager: Mounting plugin HTML5Networking
LogPluginManager: Mounting plugin ProxyLODPlugin
LogPluginManager: Mounting plugin MagicLeap
LogPluginManager: Mounting plugin MagicLeapMedia
LogPluginManager: Mounting plugin AndroidMedia
LogPluginManager: Mounting plugin AvfMedia
LogPluginManager: Mounting plugin ImgMedia
LogPluginManager: Mounting plugin LinearTimecode
LogPluginManager: Mounting plugin MediaCompositing
LogPluginManager: Mounting plugin MediaPlayerEditor
LogPluginManager: Mounting plugin WebMMedia
LogPluginManager: Mounting plugin WmfMedia
LogPluginManager: Mounting plugin TcpMessaging
LogPluginManager: Mounting plugin UdpMessaging
LogPluginManager: Mounting plugin ActorSequence
LogPluginManager: Mounting plugin LevelSequenceEditor
LogPluginManager: Mounting plugin MatineeToLevelSequence
LogPluginManager: Mounting plugin NetcodeUnitTest
LogPluginManager: Mounting plugin NUTUnrealEngine4
LogPluginManager: Mounting plugin OnlineSubsystemGooglePlay
LogPluginManager: Mounting plugin OnlineSubsystemIOS
LogPluginManager: Mounting plugin OnlineSubsystem
LogPluginManager: Mounting plugin OnlineSubsystemNull
LogPluginManager: Mounting plugin OnlineSubsystemUtils
LogPluginManager: Mounting plugin LauncherChunkInstaller
LogPluginManager: Mounting plugin AndroidDeviceProfileSelector
LogPluginManager: Mounting plugin AndroidMoviePlayer
LogPluginManager: Mounting plugin AndroidPermission
LogPluginManager: Mounting plugin AppleMoviePlayer
LogPluginManager: Mounting plugin ArchVisCharacter
LogPluginManager: Mounting plugin AudioCapture
LogPluginManager: Mounting plugin CableComponent
LogPluginManager: Mounting plugin CustomMeshComponent
LogPluginManager: Mounting plugin EditableMesh
LogPluginManager: Mounting plugin ExampleDeviceProfileSelector
LogPluginManager: Mounting plugin Firebase
LogPluginManager: Mounting plugin GoogleCloudMessaging
LogPluginManager: Mounting plugin IOSDeviceProfileSelector
LogPluginManager: Mounting plugin LinuxDeviceProfileSelector
LogPluginManager: Mounting plugin LocationServicesBPLibrary
LogPluginManager: Mounting plugin MobilePatchingUtils
LogPluginManager: Mounting plugin OculusVR
LogPluginManager: Mounting plugin PhysXVehicles
LogPluginManager: Mounting plugin ProceduralMeshComponent
LogPluginManager: Mounting plugin RuntimePhysXCooking
LogPluginManager: Mounting plugin SteamVR
LogPluginManager: Mounting plugin WebMMoviePlayer
LogPluginManager: Mounting plugin WindowsMoviePlayer
LogStreaming: Display: Took  0.185s to configure plugins.
LogInit: Using libcurl 7.55.1-DEV
LogInit:  - built for x86_64-pc-win32
LogInit:  - supports SSL with OpenSSL/1.0.2h
LogInit:  - supports HTTP deflate (compression) using libz 1.2.8
LogInit:  - other features:
LogInit:      CURL_VERSION_SSL
LogInit:      CURL_VERSION_LIBZ
LogInit:      CURL_VERSION_IPV6
LogInit:      CURL_VERSION_ASYNCHDNS
LogInit:      CURL_VERSION_LARGEFILE
LogInit:      CURL_VERSION_IDN
LogInit:  CurlRequestOptions (configurable via config and command line):
LogInit:  - bVerifyPeer = true  - Libcurl will verify peer certificate
LogInit:  - bUseHttpProxy = false  - Libcurl will NOT use HTTP proxy
LogInit:  - bDontReuseConnections = false  - Libcurl will reuse connections
LogInit:  - MaxHostConnections = 16  - Libcurl will limit the number of connections to a host
LogInit:  - LocalHostAddr = Default
LogInit:  - BufferSize = 65536
LogInit: WinSock: version 1.1 (2.2), MaxSocks=32767, MaxUdp=65467
LogInit: Build: ++UE4+Release-4.21-CL-4753647
LogInit: Engine Version: 4.21.2-4753647+++UE4+Release-4.21
LogInit: Compatible Engine Version: 4.21.0-4541578+++UE4+Release-4.21
LogInit: Net CL: 4541578
LogInit: OS: Windows 10 (), CPU: Intel(R) Core(TM) i5-6500 CPU @ 3.20GHz, GPU: NVIDIA GeForce GTX 970
LogInit: Compiled (64-bit): Jan 19 2019 02:07:31
LogInit: Compiled with Visual C++: 19.13.26129.00
LogInit: Build Configuration: Development
LogInit: Branch Name: ++UE4+Release-4.21
LogInit: Command Line:  -skipcompile
LogInit: Base Directory: C:/Program Files/UE_4.21/Engine/Binaries/Win64/
LogInit: Installed Engine Build: 1
LogDevObjectVersion: Number of dev versions registered: 22
LogDevObjectVersion:   Dev-Blueprints (B0D832E4-1F89-4F0D-ACCF-7EB736FD4AA2): 10
LogDevObjectVersion:   Dev-Build (E1C64328-A22C-4D53-A36C-8E866417BD8C): 0
LogDevObjectVersion:   Dev-Core (375EC13C-06E4-48FB-B500-84F0262A717E): 2
LogDevObjectVersion:   Dev-Editor (E4B068ED-F494-42E9-A231-DA0B2E46BB41): 26
LogDevObjectVersion:   Dev-Framework (CFFC743F-43B0-4480-9391-14DF171D2073): 34
LogDevObjectVersion:   Dev-Mobile (B02B49B5-BB20-44E9-A304-32B752E40360): 2
LogDevObjectVersion:   Dev-Networking (A4E4105C-59A1-49B5-A7C5-40C4547EDFEE): 0
LogDevObjectVersion:   Dev-Online (39C831C9-5AE6-47DC-9A44-9C173E1C8E7C): 0
LogDevObjectVersion:   Dev-Physics (78F01B33-EBEA-4F98-B9B4-84EACCB95AA2): 0
LogDevObjectVersion:   Dev-Platform (6631380F-2D4D-43E0-8009-CF276956A95A): 0
LogDevObjectVersion:   Dev-Rendering (12F88B9F-8875-4AFC-A67C-D90C383ABD29): 27
LogDevObjectVersion:   Dev-Sequencer (7B5AE74C-D270-4C10-A958-57980B212A5A): 9
LogDevObjectVersion:   Dev-VR (D7296918-1DD6-4BDD-9DE2-64A83CC13884): 2
LogDevObjectVersion:   Dev-LoadTimes (C2A15278-BFE7-4AFE-6C17-90FF531DF755): 1
LogDevObjectVersion:   Private-Geometry (6EACA3D4-40EC-4CC1-B786-8BED09428FC5): 3
LogDevObjectVersion:   Dev-AnimPhys (29E575DD-E0A3-4627-9D10-D276232CDCEA): 17
LogDevObjectVersion:   Dev-Anim (AF43A65D-7FD3-4947-9873-3E8ED9C1BB05): 2
LogDevObjectVersion:   Dev-ReflectionCapture (6B266CEC-1EC7-4B8F-A30B-E4D90942FC07): 1
LogDevObjectVersion:   Dev-Automation (0DF73D61-A23F-47EA-B727-89E90C41499A): 1
LogDevObjectVersion:   FortniteMain (601D1886-AC64-4F84-AA16-D3DE0DEAC7D6): 17
LogDevObjectVersion:   Dev-Enterprise (9DFFBCD6-494F-0158-E221-12823C92A888): 4
LogDevObjectVersion:   Dev-Niagara (F2AED0AC-9AFE-416F-8664-AA7FFA26D6FC): 1
LogStreaming: Display: Took  0.079s to delete old logs.
LogInit: Presizing for max 8388607 objects, including 0 objects not considered by GC, pre-allocating 0 bytes for permanent pool.
LogInit: Object subsystem initialized
LogConfig: Setting CVar [[con.DebugEarlyDefault:1]]
LogConfig: Setting CVar [[r.setres:1280x720]]
[2019.02.10-15.47.06:609][  0]LogConfig: Setting CVar [[r.VSync:0]]
[2019.02.10-15.47.06:609][  0]LogConfig: Setting CVar [[r.RHICmdBypass:0]]
[2019.02.10-15.47.06:609][  0]LogConfig: Applying CVar settings from Section [/Script/Engine.RendererSettings] File [A:/Uni 2018-19/Github/Slime/Slime/Slime/Saved/Config/Windows/Engine.ini]
[2019.02.10-15.47.06:609][  0]LogConfig: Setting CVar [[r.GPUCrashDebugging:0]]
[2019.02.10-15.47.06:609][  0]LogConfig: Applying CVar settings from Section [/Script/Engine.RendererOverrideSettings] File [A:/Uni 2018-19/Github/Slime/Slime/Slime/Saved/Config/Windows/Engine.ini]
[2019.02.10-15.47.06:610][  0]LogConfig: Applying CVar settings from Section [/Script/Engine.StreamingSettings] File [A:/Uni 2018-19/Github/Slime/Slime/Slime/Saved/Config/Windows/Engine.ini]
[2019.02.10-15.47.06:610][  0]LogConfig: Setting CVar [[s.MinBulkDataSizeForAsyncLoading:131072]]
[2019.02.10-15.47.06:610][  0]LogConfig: Setting CVar [[s.AsyncLoadingThreadEnabled:0]]
[2019.02.10-15.47.06:610][  0]LogConfig: Setting CVar [[s.EventDrivenLoaderEnabled:1]]
[2019.02.10-15.47.06:610][  0]LogConfig: Setting CVar [[s.WarnIfTimeLimitExceeded:0]]
[2019.02.10-15.47.06:610][  0]LogConfig: Setting CVar [[s.TimeLimitExceededMultiplier:1.5]]
[2019.02.10-15.47.06:610][  0]LogConfig: Setting CVar [[s.TimeLimitExceededMinTime:0.005]]
[2019.02.10-15.47.06:610][  0]LogConfig: Setting CVar [[s.UseBackgroundLevelStreaming:1]]
[2019.02.10-15.47.06:610][  0]LogConfig: Setting CVar [[s.PriorityAsyncLoadingExtraTime:15.0]]
[2019.02.10-15.47.06:610][  0]LogConfig: Setting CVar [[s.LevelStreamingActorsUpdateTimeLimit:5.0]]
[2019.02.10-15.47.06:611][  0]LogConfig: Setting CVar [[s.PriorityLevelStreamingActorsUpdateExtraTime:5.0]]
[2019.02.10-15.47.06:611][  0]LogConfig: Setting CVar [[s.LevelStreamingComponentsRegistrationGranularity:10]]
[2019.02.10-15.47.06:611][  0]LogConfig: Setting CVar [[s.UnregisterComponentsTimeLimit:1.0]]
[2019.02.10-15.47.06:611][  0]LogConfig: Setting CVar [[s.LevelStreamingComponentsUnregistrationGranularity:5]]
[2019.02.10-15.47.06:611][  0]LogConfig: Applying CVar settings from Section [/Script/Engine.GarbageCollectionSettings] File [A:/Uni 2018-19/Github/Slime/Slime/Slime/Saved/Config/Windows/Engine.ini]
[2019.02.10-15.47.06:611][  0]LogConfig: Setting CVar [[gc.MaxObjectsNotConsideredByGC:1]]
[2019.02.10-15.47.06:611][  0]LogConfig: Setting CVar [[gc.SizeOfPermanentObjectPool:0]]
[2019.02.10-15.47.06:611][  0]LogConfig: Setting CVar [[gc.FlushStreamingOnGC:0]]
[2019.02.10-15.47.06:611][  0]LogConfig: Setting CVar [[gc.NumRetriesBeforeForcingGC:10]]
[2019.02.10-15.47.06:611][  0]LogConfig: Setting CVar [[gc.AllowParallelGC:1]]
[2019.02.10-15.47.06:611][  0]LogConfig: Setting CVar [[gc.TimeBetweenPurgingPendingKillObjects:61.1]]
[2019.02.10-15.47.06:611][  0]LogConfig: Setting CVar [[gc.MaxObjectsInEditor:8388607]]
[2019.02.10-15.47.06:611][  0]LogConfig: Setting CVar [[gc.IncrementalBeginDestroyEnabled:1]]
[2019.02.10-15.47.06:611][  0]LogConfig: Setting CVar [[gc.CreateGCClusters:1]]
[2019.02.10-15.47.06:611][  0]LogConfig: Setting CVar [[gc.MergeGCClusters:0]]
[2019.02.10-15.47.06:611][  0]LogConfig: Setting CVar [[gc.MinGCClusterSize:5]]
[2019.02.10-15.47.06:612][  0]LogConfig: Setting CVar [[gc.ActorClusteringEnabled:0]]
[2019.02.10-15.47.06:612][  0]LogConfig: Setting CVar [[gc.BlueprintClusteringEnabled:0]]
[2019.02.10-15.47.06:612][  0]LogConfig: Setting CVar [[gc.UseDisregardForGCOnDedicatedServers:0]]
[2019.02.10-15.47.06:612][  0]LogConfig: Applying CVar settings from Section [/Script/Engine.NetworkSettings] File [A:/Uni 2018-19/Github/Slime/Slime/Slime/Saved/Config/Windows/Engine.ini]
[2019.02.10-15.47.06:612][  0]LogConfig: Applying CVar settings from Section [/Script/UnrealEd.CookerSettings] File [A:/Uni 2018-19/Github/Slime/Slime/Slime/Saved/Config/Windows/Engine.ini]
[2019.02.10-15.47.06:635][  0]LogConfig: Applying CVar settings from Section [ViewDistanceQuality@3] File [A:/Uni 2018-19/Github/Slime/Slime/Slime/Saved/Config/Windows/Scalability.ini]
[2019.02.10-15.47.06:635][  0]LogConfig: Setting CVar [[r.SkeletalMeshLODBias:0]]
[2019.02.10-15.47.06:635][  0]LogConfig: Setting CVar [[r.ViewDistanceScale:1.0]]
[2019.02.10-15.47.06:636][  0]LogConfig: Applying CVar settings from Section [AntiAliasingQuality@3] File [A:/Uni 2018-19/Github/Slime/Slime/Slime/Saved/Config/Windows/Scalability.ini]
[2019.02.10-15.47.06:636][  0]LogConfig: Setting CVar [[r.PostProcessAAQuality:4]]
[2019.02.10-15.47.06:636][  0]LogConfig: Applying CVar settings from Section [ShadowQuality@3] File [A:/Uni 2018-19/Github/Slime/Slime/Slime/Saved/Config/Windows/Scalability.ini]
[2019.02.10-15.47.06:636][  0]LogConfig: Setting CVar [[r.LightFunctionQuality:1]]
[2019.02.10-15.47.06:636][  0]LogConfig: Setting CVar [[r.ShadowQuality:5]]
[2019.02.10-15.47.06:636][  0]LogConfig: Setting CVar [[r.Shadow.CSM.MaxCascades:10]]
[2019.02.10-15.47.06:636][  0]LogConfig: Setting CVar [[r.Shadow.MaxResolution:2048]]
[2019.02.10-15.47.06:636][  0]LogConfig: Setting CVar [[r.Shadow.MaxCSMResolution:2048]]
[2019.02.10-15.47.06:636][  0]LogConfig: Setting CVar [[r.Shadow.RadiusThreshold:0.01]]
[2019.02.10-15.47.06:636][  0]LogConfig: Setting CVar [[r.Shadow.DistanceScale:1.0]]
[2019.02.10-15.47.06:637][  0]LogConfig: Setting CVar [[r.Shadow.CSM.TransitionScale:1.0]]
[2019.02.10-15.47.06:637][  0]LogConfig: Setting CVar [[r.Shadow.PreShadowResolutionFactor:1.0]]
[2019.02.10-15.47.06:638][  0]LogConfig: Setting CVar [[r.DistanceFieldShadowing:1]]
[2019.02.10-15.47.06:638][  0]LogConfig: Setting CVar [[r.DistanceFieldAO:1]]
[2019.02.10-15.47.06:638][  0]LogConfig: Setting CVar [[r.AOQuality:2]]
[2019.02.10-15.47.06:640][  0]LogConfig: Setting CVar [[r.VolumetricFog:1]]
[2019.02.10-15.47.06:641][  0]LogConfig: Setting CVar [[r.VolumetricFog.GridPixelSize:8]]
[2019.02.10-15.47.06:641][  0]LogConfig: Setting CVar [[r.VolumetricFog.GridSizeZ:128]]
[2019.02.10-15.47.06:641][  0]LogConfig: Setting CVar [[r.VolumetricFog.HistoryMissSupersampleCount:4]]
[2019.02.10-15.47.06:643][  0]LogConfig: Setting CVar [[r.LightMaxDrawDistanceScale:1]]
[2019.02.10-15.47.06:643][  0]LogConfig: Setting CVar [[r.CapsuleShadows:1]]
[2019.02.10-15.47.06:645][  0]LogConfig: Applying CVar settings from Section [PostProcessQuality@3] File [A:/Uni 2018-19/Github/Slime/Slime/Slime/Saved/Config/Windows/Scalability.ini]
[2019.02.10-15.47.06:646][  0]LogConfig: Setting CVar [[r.MotionBlurQuality:4]]
[2019.02.10-15.47.06:646][  0]LogConfig: Setting CVar [[r.AmbientOcclusionMipLevelFactor:0.4]]
[2019.02.10-15.47.06:646][  0]LogConfig: Setting CVar [[r.AmbientOcclusionMaxQuality:100]]
[2019.02.10-15.47.06:646][  0]LogConfig: Setting CVar [[r.AmbientOcclusionLevels:-1]]
[2019.02.10-15.47.06:646][  0]LogConfig: Setting CVar [[r.AmbientOcclusionRadiusScale:1.0]]
[2019.02.10-15.47.06:647][  0]LogConfig: Setting CVar [[r.DepthOfFieldQuality:2]]
[2019.02.10-15.47.06:647][  0]LogConfig: Setting CVar [[r.RenderTargetPoolMin:400]]
[2019.02.10-15.47.06:647][  0]LogConfig: Setting CVar [[r.LensFlareQuality:2]]
[2019.02.10-15.47.06:648][  0]LogConfig: Setting CVar [[r.SceneColorFringeQuality:1]]
[2019.02.10-15.47.06:648][  0]LogConfig: Setting CVar [[r.EyeAdaptationQuality:2]]
[2019.02.10-15.47.06:648][  0]LogConfig: Setting CVar [[r.BloomQuality:5]]
[2019.02.10-15.47.06:648][  0]LogConfig: Setting CVar [[r.FastBlurThreshold:100]]
[2019.02.10-15.47.06:648][  0]LogConfig: Setting CVar [[r.Upscale.Quality:3]]
[2019.02.10-15.47.06:648][  0]LogConfig: Setting CVar [[r.Tonemapper.GrainQuantization:1]]
[2019.02.10-15.47.06:648][  0]LogConfig: Setting CVar [[r.LightShaftQuality:1]]
[2019.02.10-15.47.06:648][  0]LogConfig: Setting CVar [[r.Filter.SizeScale:1]]
[2019.02.10-15.47.06:648][  0]LogConfig: Setting CVar [[r.Tonemapper.Quality:5]]
[2019.02.10-15.47.06:648][  0]LogConfig: Setting CVar [[r.DOF.Gather.AccumulatorQuality:1        ; higher gathering accumulator quality]]
[2019.02.10-15.47.06:648][  0]LogConfig: Setting CVar [[r.DOF.Gather.PostfilterMethod:1          ; Median3x3 postfilering method]]
[2019.02.10-15.47.06:648][  0]LogConfig: Setting CVar [[r.DOF.Gather.EnableBokehSettings:0       ; no bokeh simulation when gathering]]
[2019.02.10-15.47.06:648][  0]LogConfig: Setting CVar [[r.DOF.Gather.RingCount:4                 ; medium number of samples when gathering]]
[2019.02.10-15.47.06:648][  0]LogConfig: Setting CVar [[r.DOF.Scatter.ForegroundCompositing:1    ; additive foreground scattering]]
[2019.02.10-15.47.06:649][  0]LogConfig: Setting CVar [[r.DOF.Scatter.BackgroundCompositing:2    ; additive background scattering]]
[2019.02.10-15.47.06:649][  0]LogConfig: Setting CVar [[r.DOF.Scatter.EnableBokehSettings:1      ; bokeh simulation when scattering]]
[2019.02.10-15.47.06:649][  0]LogConfig: Setting CVar [[r.DOF.Scatter.MaxSpriteRatio:0.1         ; only a maximum of 10% of scattered bokeh]]
[2019.02.10-15.47.06:649][  0]LogConfig: Setting CVar [[r.DOF.Recombine.Quality:1                ; cheap slight out of focus]]
[2019.02.10-15.47.06:649][  0]LogConfig: Setting CVar [[r.DOF.Recombine.EnableBokehSettings:0    ; no bokeh simulation on slight out of focus]]
[2019.02.10-15.47.06:649][  0]LogConfig: Setting CVar [[r.DOF.TemporalAAQuality:1                ; more stable temporal accumulation]]
[2019.02.10-15.47.06:649][  0]LogConfig: Setting CVar [[r.DOF.Kernel.MaxForegroundRadius:0.025]]
[2019.02.10-15.47.06:649][  0]LogConfig: Setting CVar [[r.DOF.Kernel.MaxBackgroundRadius:0.025]]
[2019.02.10-15.47.06:649][  0]LogConfig: Applying CVar settings from Section [TextureQuality@3] File [A:/Uni 2018-19/Github/Slime/Slime/Slime/Saved/Config/Windows/Scalability.ini]
[2019.02.10-15.47.06:649][  0]LogConfig: Setting CVar [[r.Streaming.MipBias:0]]
[2019.02.10-15.47.06:649][  0]LogConfig: Setting CVar [[r.Streaming.AmortizeCPUToGPUCopy:0]]
[2019.02.10-15.47.06:649][  0]LogConfig: Setting CVar [[r.Streaming.MaxNumTexturesToStreamPerFrame:0]]
[2019.02.10-15.47.06:649][  0]LogConfig: Setting CVar [[r.Streaming.Boost:1]]
[2019.02.10-15.47.06:649][  0]LogConfig: Setting CVar [[r.MaxAnisotropy:8]]
[2019.02.10-15.47.06:650][  0]LogConfig: Setting CVar [[r.Streaming.LimitPoolSizeToVRAM:0]]
[2019.02.10-15.47.06:650][  0]LogConfig: Setting CVar [[r.Streaming.PoolSize:1000]]
[2019.02.10-15.47.06:650][  0]LogConfig: Setting CVar [[r.Streaming.MaxEffectiveScreenSize:0]]
[2019.02.10-15.47.06:650][  0]LogConfig: Applying CVar settings from Section [EffectsQuality@3] File [A:/Uni 2018-19/Github/Slime/Slime/Slime/Saved/Config/Windows/Scalability.ini]
[2019.02.10-15.47.06:650][  0]LogConfig: Setting CVar [[r.TranslucencyLightingVolumeDim:64]]
[2019.02.10-15.47.06:650][  0]LogConfig: Setting CVar [[r.RefractionQuality:2]]
[2019.02.10-15.47.06:650][  0]LogConfig: Setting CVar [[r.SSR.Quality:3]]
[2019.02.10-15.47.06:650][  0]LogConfig: Setting CVar [[r.SceneColorFormat:4]]
[2019.02.10-15.47.06:650][  0]LogConfig: Setting CVar [[r.DetailMode:2]]
[2019.02.10-15.47.06:650][  0]LogConfig: Setting CVar [[r.TranslucencyVolumeBlur:1]]
[2019.02.10-15.47.06:650][  0]LogConfig: Setting CVar [[r.MaterialQualityLevel:1 ; High quality]]
[2019.02.10-15.47.06:650][  0]LogConfig: Setting CVar [[r.SSS.Scale:1]]
[2019.02.10-15.47.06:650][  0]LogConfig: Setting CVar [[r.SSS.SampleSet:2]]
[2019.02.10-15.47.06:650][  0]LogConfig: Setting CVar [[r.SSS.Quality:1]]
[2019.02.10-15.47.06:650][  0]LogConfig: Setting CVar [[r.SSS.HalfRes:1]]
[2019.02.10-15.47.06:650][  0]LogConfig: Setting CVar [[r.EmitterSpawnRateScale:1.0]]
[2019.02.10-15.47.06:650][  0]LogConfig: Setting CVar [[r.ParticleLightQuality:2]]
[2019.02.10-15.47.06:651][  0]LogConfig: Applying CVar settings from Section [FoliageQuality@3] File [A:/Uni 2018-19/Github/Slime/Slime/Slime/Saved/Config/Windows/Scalability.ini]
[2019.02.10-15.47.06:651][  0]LogConfig: Setting CVar [[foliage.DensityScale:1.0]]
[2019.02.10-15.47.06:651][  0]LogConfig: Setting CVar [[grass.DensityScale:1.0]]
[2019.02.10-15.47.06:653][  0]LogInit: Selected Device Profile: [Windows]
[2019.02.10-15.47.06:654][  0]LogInit: Applying CVar settings loaded from the selected device profile: [Windows]
[2019.02.10-15.47.06:677][  0]LogHAL: Display: Platform has ~ 16 GB [17132032000 / 17179869184 / 16], which maps to Larger [LargestMinGB=32, LargerMinGB=12, DefaultMinGB=8, SmallerMinGB=6, SmallestMinGB=0)
[2019.02.10-15.47.06:683][  0]LogConfig: Setting CVar [[r.Vulkan.UseRealUBs:1]]
[2019.02.10-15.47.06:683][  0]LogInit: Going up to parent DeviceProfile []
[2019.02.10-15.47.06:683][  0]LogConfig: Applying CVar settings from Section [ViewDistanceQuality@3] File [A:/Uni 2018-19/Github/Slime/Slime/Slime/Saved/Config/Windows/Scalability.ini]
[2019.02.10-15.47.06:683][  0]LogConfig: Setting CVar [[r.SkeletalMeshLODBias:0]]
[2019.02.10-15.47.06:683][  0]LogConfig: Setting CVar [[r.ViewDistanceScale:1.0]]
[2019.02.10-15.47.06:684][  0]LogConfig: Applying CVar settings from Section [AntiAliasingQuality@3] File [A:/Uni 2018-19/Github/Slime/Slime/Slime/Saved/Config/Windows/Scalability.ini]
[2019.02.10-15.47.06:684][  0]LogConfig: Setting CVar [[r.PostProcessAAQuality:4]]
[2019.02.10-15.47.06:684][  0]LogConfig: Applying CVar settings from Section [ShadowQuality@3] File [A:/Uni 2018-19/Github/Slime/Slime/Slime/Saved/Config/Windows/Scalability.ini]
[2019.02.10-15.47.06:684][  0]LogConfig: Setting CVar [[r.LightFunctionQuality:1]]
[2019.02.10-15.47.06:684][  0]LogConfig: Setting CVar [[r.ShadowQuality:5]]
[2019.02.10-15.47.06:684][  0]LogConfig: Setting CVar [[r.Shadow.CSM.MaxCascades:10]]
[2019.02.10-15.47.06:684][  0]LogConfig: Setting CVar [[r.Shadow.MaxResolution:2048]]
[2019.02.10-15.47.06:684][  0]LogConfig: Setting CVar [[r.Shadow.MaxCSMResolution:2048]]
[2019.02.10-15.47.06:684][  0]LogConfig: Setting CVar [[r.Shadow.RadiusThreshold:0.01]]
[2019.02.10-15.47.06:684][  0]LogConfig: Setting CVar [[r.Shadow.DistanceScale:1.0]]
[2019.02.10-15.47.06:685][  0]LogConfig: Setting CVar [[r.Shadow.CSM.TransitionScale:1.0]]
[2019.02.10-15.47.06:685][  0]LogConfig: Setting CVar [[r.Shadow.PreShadowResolutionFactor:1.0]]
[2019.02.10-15.47.06:685][  0]LogConfig: Setting CVar [[r.DistanceFieldShadowing:1]]
[2019.02.10-15.47.06:685][  0]LogConfig: Setting CVar [[r.DistanceFieldAO:1]]
[2019.02.10-15.47.06:685][  0]LogConfig: Setting CVar [[r.AOQuality:2]]
[2019.02.10-15.47.06:685][  0]LogConfig: Setting CVar [[r.VolumetricFog:1]]
[2019.02.10-15.47.06:685][  0]LogConfig: Setting CVar [[r.VolumetricFog.GridPixelSize:8]]
[2019.02.10-15.47.06:685][  0]LogConfig: Setting CVar [[r.VolumetricFog.GridSizeZ:128]]
[2019.02.10-15.47.06:685][  0]LogConfig: Setting CVar [[r.VolumetricFog.HistoryMissSupersampleCount:4]]
[2019.02.10-15.47.06:685][  0]LogConfig: Setting CVar [[r.LightMaxDrawDistanceScale:1]]
[2019.02.10-15.47.06:685][  0]LogConfig: Setting CVar [[r.CapsuleShadows:1]]
[2019.02.10-15.47.06:685][  0]LogConfig: Applying CVar settings from Section [PostProcessQuality@3] File [A:/Uni 2018-19/Github/Slime/Slime/Slime/Saved/Config/Windows/Scalability.ini]
[2019.02.10-15.47.06:685][  0]LogConfig: Setting CVar [[r.MotionBlurQuality:4]]
[2019.02.10-15.47.06:685][  0]LogConfig: Setting CVar [[r.AmbientOcclusionMipLevelFactor:0.4]]
[2019.02.10-15.47.06:686][  0]LogConfig: Setting CVar [[r.AmbientOcclusionMaxQuality:100]]
[2019.02.10-15.47.06:686][  0]LogConfig: Setting CVar [[r.AmbientOcclusionLevels:-1]]
[2019.02.10-15.47.06:686][  0]LogConfig: Setting CVar [[r.AmbientOcclusionRadiusScale:1.0]]
[2019.02.10-15.47.06:686][  0]LogConfig: Setting CVar [[r.DepthOfFieldQuality:2]]
[2019.02.10-15.47.06:686][  0]LogConfig: Setting CVar [[r.RenderTargetPoolMin:400]]
[2019.02.10-15.47.06:686][  0]LogConfig: Setting CVar [[r.LensFlareQuality:2]]
[2019.02.10-15.47.06:686][  0]LogConfig: Setting CVar [[r.SceneColorFringeQuality:1]]
[2019.02.10-15.47.06:686][  0]LogConfig: Setting CVar [[r.EyeAdaptationQuality:2]]
[2019.02.10-15.47.06:686][  0]LogConfig: Setting CVar [[r.BloomQuality:5]]
[2019.02.10-15.47.06:686][  0]LogConfig: Setting CVar [[r.FastBlurThreshold:100]]
[2019.02.10-15.47.06:686][  0]LogConfig: Setting CVar [[r.Upscale.Quality:3]]
[2019.02.10-15.47.06:686][  0]LogConfig: Setting CVar [[r.Tonemapper.GrainQuantization:1]]
[2019.02.10-15.47.06:686][  0]LogConfig: Setting CVar [[r.LightShaftQuality:1]]
[2019.02.10-15.47.06:686][  0]LogConfig: Setting CVar [[r.Filter.SizeScale:1]]
[2019.02.10-15.47.06:686][  0]LogConfig: Setting CVar [[r.Tonemapper.Quality:5]]
[2019.02.10-15.47.06:686][  0]LogConfig: Setting CVar [[r.DOF.Gather.AccumulatorQuality:1        ; higher gathering accumulator quality]]
[2019.02.10-15.47.06:686][  0]LogConfig: Setting CVar [[r.DOF.Gather.PostfilterMethod:1          ; Median3x3 postfilering method]]
[2019.02.10-15.47.06:686][  0]LogConfig: Setting CVar [[r.DOF.Gather.EnableBokehSettings:0       ; no bokeh simulation when gathering]]
[2019.02.10-15.47.06:686][  0]LogConfig: Setting CVar [[r.DOF.Gather.RingCount:4                 ; medium number of samples when gathering]]
[2019.02.10-15.47.06:687][  0]LogConfig: Setting CVar [[r.DOF.Scatter.ForegroundCompositing:1    ; additive foreground scattering]]
[2019.02.10-15.47.06:687][  0]LogConfig: Setting CVar [[r.DOF.Scatter.BackgroundCompositing:2    ; additive background scattering]]
[2019.02.10-15.47.06:687][  0]LogConfig: Setting CVar [[r.DOF.Scatter.EnableBokehSettings:1      ; bokeh simulation when scattering]]
[2019.02.10-15.47.06:687][  0]LogConfig: Setting CVar [[r.DOF.Scatter.MaxSpriteRatio:0.1         ; only a maximum of 10% of scattered bokeh]]
[2019.02.10-15.47.06:687][  0]LogConfig: Setting CVar [[r.DOF.Recombine.Quality:1                ; cheap slight out of focus]]
[2019.02.10-15.47.06:687][  0]LogConfig: Setting CVar [[r.DOF.Recombine.EnableBokehSettings:0    ; no bokeh simulation on slight out of focus]]
[2019.02.10-15.47.06:687][  0]LogConfig: Setting CVar [[r.DOF.TemporalAAQuality:1                ; more stable temporal accumulation]]
[2019.02.10-15.47.06:687][  0]LogConfig: Setting CVar [[r.DOF.Kernel.MaxForegroundRadius:0.025]]
[2019.02.10-15.47.06:687][  0]LogConfig: Setting CVar [[r.DOF.Kernel.MaxBackgroundRadius:0.025]]
[2019.02.10-15.47.06:687][  0]LogConfig: Applying CVar settings from Section [TextureQuality@3] File [A:/Uni 2018-19/Github/Slime/Slime/Slime/Saved/Config/Windows/Scalability.ini]
[2019.02.10-15.47.06:687][  0]LogConfig: Setting CVar [[r.Streaming.MipBias:0]]
[2019.02.10-15.47.06:687][  0]LogConfig: Setting CVar [[r.Streaming.AmortizeCPUToGPUCopy:0]]
[2019.02.10-15.47.06:687][  0]LogConfig: Setting CVar [[r.Streaming.MaxNumTexturesToStreamPerFrame:0]]
[2019.02.10-15.47.06:687][  0]LogConfig: Setting CVar [[r.Streaming.Boost:1]]
[2019.02.10-15.47.06:687][  0]LogConfig: Setting CVar [[r.MaxAnisotropy:8]]
[2019.02.10-15.47.06:687][  0]LogConfig: Setting CVar [[r.Streaming.LimitPoolSizeToVRAM:0]]
[2019.02.10-15.47.06:687][  0]LogConfig: Setting CVar [[r.Streaming.PoolSize:1000]]
[2019.02.10-15.47.06:687][  0]LogConfig: Setting CVar [[r.Streaming.MaxEffectiveScreenSize:0]]
[2019.02.10-15.47.06:687][  0]LogConfig: Applying CVar settings from Section [EffectsQuality@3] File [A:/Uni 2018-19/Github/Slime/Slime/Slime/Saved/Config/Windows/Scalability.ini]
[2019.02.10-15.47.06:687][  0]LogConfig: Setting CVar [[r.TranslucencyLightingVolumeDim:64]]
[2019.02.10-15.47.06:688][  0]LogConfig: Setting CVar [[r.RefractionQuality:2]]
[2019.02.10-15.47.06:688][  0]LogConfig: Setting CVar [[r.SSR.Quality:3]]
[2019.02.10-15.47.06:688][  0]LogConfig: Setting CVar [[r.SceneColorFormat:4]]
[2019.02.10-15.47.06:688][  0]LogConfig: Setting CVar [[r.DetailMode:2]]
[2019.02.10-15.47.06:688][  0]LogConfig: Setting CVar [[r.TranslucencyVolumeBlur:1]]
[2019.02.10-15.47.06:688][  0]LogConfig: Setting CVar [[r.MaterialQualityLevel:1 ; High quality]]
[2019.02.10-15.47.06:688][  0]LogConfig: Setting CVar [[r.SSS.Scale:1]]
[2019.02.10-15.47.06:688][  0]LogConfig: Setting CVar [[r.SSS.SampleSet:2]]
[2019.02.10-15.47.06:688][  0]LogConfig: Setting CVar [[r.SSS.Quality:1]]
[2019.02.10-15.47.06:688][  0]LogConfig: Setting CVar [[r.SSS.HalfRes:1]]
[2019.02.10-15.47.06:688][  0]LogConfig: Setting CVar [[r.EmitterSpawnRateScale:1.0]]
[2019.02.10-15.47.06:688][  0]LogConfig: Setting CVar [[r.ParticleLightQuality:2]]
[2019.02.10-15.47.06:688][  0]LogConfig: Applying CVar settings from Section [FoliageQuality@3] File [A:/Uni 2018-19/Github/Slime/Slime/Slime/Saved/Config/Windows/Scalability.ini]
[2019.02.10-15.47.06:688][  0]LogConfig: Setting CVar [[foliage.DensityScale:1.0]]
[2019.02.10-15.47.06:688][  0]LogConfig: Setting CVar [[grass.DensityScale:1.0]]
[2019.02.10-15.47.06:688][  0]LogConfig: Applying CVar settings from Section [Startup] File [../../../Engine/Config/ConsoleVariables.ini]
[2019.02.10-15.47.06:695][  0]LogConfig: Setting CVar [[net.UseAdaptiveNetUpdateFrequency:0]]
[2019.02.10-15.47.06:697][  0]LogConfig: Applying CVar settings from Section [ConsoleVariables] File [A:/Uni 2018-19/Github/Slime/Slime/Slime/Saved/Config/Windows/Engine.ini]
[2019.02.10-15.47.06:709][  0]LogInit: Computer: MAINDESKTOP
[2019.02.10-15.47.06:710][  0]LogInit: User: kille
[2019.02.10-15.47.06:710][  0]LogInit: CPU Page size=4096, Cores=4
[2019.02.10-15.47.06:710][  0]LogInit: High frequency timer resolution =10.000000 MHz
[2019.02.10-15.47.06:710][  0]LogMemory: Memory total: Physical=16.0GB (16GB approx)
[2019.02.10-15.47.06:710][  0]LogMemory: Platform Memory Stats for Windows
[2019.02.10-15.47.06:710][  0]LogMemory: Process Physical Memory: 102.67 MB used, 102.67 MB peak
[2019.02.10-15.47.06:710][  0]LogMemory: Process Virtual Memory: 84.63 MB used, 84.63 MB peak
[2019.02.10-15.47.06:711][  0]LogMemory: Physical Memory: 3174.23 MB used,  13164.15 MB free, 16338.38 MB total
[2019.02.10-15.47.06:711][  0]LogMemory: Virtual Memory: 4630.16 MB used,  134213096.00 MB free, 134217728.00 MB total
[2019.02.10-15.47.07:430][  0]LogInit: Using OS detected language (en-US).
[2019.02.10-15.47.07:430][  0]LogInit: Using OS detected locale (en-GB).
[2019.02.10-15.47.07:437][  0]LogTextLocalizationManager: No specific localization for 'en-US' exists, so the 'en' localization will be used.
[2019.02.10-15.47.08:011][  0]LogStreaming: Display: Took  0.583s to InitEngineTextLocalization.
[2019.02.10-15.47.08:011][  0]LogInit: Setting process to per monitor DPI aware
[2019.02.10-15.47.08:199][  0]LogSlate: New Slate User Created.  User Index 0, Is Virtual User: 0
[2019.02.10-15.47.08:199][  0]LogSlate: Slate User Registered.  User Index 0, Is Virtual User: 0
[2019.02.10-15.47.11:826][  0]LogHMD: Failed to initialize OpenVR with code 126
[2019.02.10-15.47.11:826][  0]LogD3D11RHI: D3D11 adapters:
[2019.02.10-15.47.12:360][  0]LogD3D11RHI:    0. 'NVIDIA GeForce GTX 970' (Feature Level 11_0)
[2019.02.10-15.47.12:360][  0]LogD3D11RHI:       4043/0/8169 MB DedicatedVideo/DedicatedSystem/SharedSystem, Outputs:2, VendorId:0x10de
[2019.02.10-15.47.12:372][  0]LogD3D11RHI:    1. 'Microsoft Basic Render Driver' (Feature Level 11_0)
[2019.02.10-15.47.12:372][  0]LogD3D11RHI:       0/0/8169 MB DedicatedVideo/DedicatedSystem/SharedSystem, Outputs:0, VendorId:0x1414
[2019.02.10-15.47.12:373][  0]LogD3D11RHI: Chosen D3D11 Adapter: 0
[2019.02.10-15.47.12:381][  0]LogD3D11RHI: Creating new Direct3DDevice
[2019.02.10-15.47.12:381][  0]LogD3D11RHI:     GPU DeviceId: 0x13c2 (for the marketing name, search the web for "GPU Device Id")
[2019.02.10-15.47.12:381][  0]LogWindows: EnumDisplayDevices:
[2019.02.10-15.47.12:381][  0]LogWindows:    0. 'NVIDIA GeForce GTX 970' (P:1 D:1)
[2019.02.10-15.47.12:382][  0]LogWindows:    1. 'NVIDIA GeForce GTX 970' (P:0 D:1)
[2019.02.10-15.47.12:383][  0]LogWindows:    2. 'NVIDIA GeForce GTX 970' (P:0 D:0)
[2019.02.10-15.47.12:383][  0]LogWindows:    3. 'NVIDIA GeForce GTX 970' (P:0 D:0)
[2019.02.10-15.47.12:383][  0]LogWindows: DebugString: FoundDriverCount:4 
[2019.02.10-15.47.12:384][  0]LogD3D11RHI:     Adapter Name: NVIDIA GeForce GTX 970
[2019.02.10-15.47.12:384][  0]LogD3D11RHI:   Driver Version: 417.35 (internal:25.21.14.1735, unified:417.35)
[2019.02.10-15.47.12:384][  0]LogD3D11RHI:      Driver Date: 12-11-2018
[2019.02.10-15.47.12:384][  0]LogRHI: Texture pool is 2830 MB (70% of 4043 MB)
[2019.02.10-15.47.12:450][  0]LogD3D11RHI: Async texture creation enabled
[2019.02.10-15.47.12:601][  0]LogD3D11RHI: GPU Timing Frequency: 1000.000000 (Debug: 2 2)
[2019.02.10-15.47.13:034][  0]LogTemp: Display: Loaded TP AllDesktopTargetPlatform
[2019.02.10-15.47.13:054][  0]LogTemp: Display: Loaded TP MacClientTargetPlatform
[2019.02.10-15.47.13:072][  0]LogTemp: Display: Loaded TP MacNoEditorTargetPlatform
[2019.02.10-15.47.13:090][  0]LogTemp: Display: Loaded TP MacServerTargetPlatform
[2019.02.10-15.47.13:113][  0]LogTemp: Display: Loaded TP MacTargetPlatform
[2019.02.10-15.47.13:133][  0]LogTemp: Display: Loaded TP WindowsClientTargetPlatform
[2019.02.10-15.47.13:155][  0]LogTemp: Display: Loaded TP WindowsNoEditorTargetPlatform
[2019.02.10-15.47.13:174][  0]LogTemp: Display: Loaded TP WindowsServerTargetPlatform
[2019.02.10-15.47.13:208][  0]LogTemp: Display: Loaded TP WindowsTargetPlatform
[2019.02.10-15.47.13:304][  0]LogTemp: Display: Loaded TP AndroidTargetPlatform
[2019.02.10-15.47.13:305][  0]LogTemp: Display: Loaded TP AndroidTargetPlatform
[2019.02.10-15.47.13:305][  0]LogTemp: Display: Loaded TP AndroidTargetPlatform
[2019.02.10-15.47.13:305][  0]LogTemp: Display: Loaded TP AndroidTargetPlatform
[2019.02.10-15.47.13:305][  0]LogTemp: Display: Loaded TP AndroidTargetPlatform
[2019.02.10-15.47.13:305][  0]LogTemp: Display: Loaded TP AndroidTargetPlatform
[2019.02.10-15.47.13:305][  0]LogTemp: Display: Loaded TP AndroidTargetPlatform
[2019.02.10-15.47.13:305][  0]LogTemp: Display: Loaded TP AndroidTargetPlatform
[2019.02.10-15.47.13:305][  0]LogTemp: Display: Loaded TP AndroidTargetPlatform
[2019.02.10-15.47.13:305][  0]LogTemp: Display: Loaded TP AndroidTargetPlatform
[2019.02.10-15.47.13:305][  0]LogTemp: Display: Loaded TP AndroidTargetPlatform
[2019.02.10-15.47.13:305][  0]LogTemp: Display: Loaded TP AndroidTargetPlatform
[2019.02.10-15.47.13:305][  0]LogTemp: Display: Loaded TP AndroidTargetPlatform
[2019.02.10-15.47.13:305][  0]LogTemp: Display: Loaded TP AndroidTargetPlatform
[2019.02.10-15.47.13:306][  0]LogTemp: Display: Loaded TP AndroidTargetPlatform
[2019.02.10-15.47.13:306][  0]LogTemp: Display: Loaded TP AndroidTargetPlatform
[2019.02.10-15.47.13:306][  0]LogTemp: Display: Loaded TP AndroidTargetPlatform
[2019.02.10-15.47.13:306][  0]LogTemp: Display: Loaded TP AndroidTargetPlatform
[2019.02.10-15.47.13:315][  0]LogTemp: Display: Loaded TP HTML5TargetPlatform
[2019.02.10-15.47.13:401][  0]LogTemp: Display: Loaded TP IOSTargetPlatform
[2019.02.10-15.47.13:401][  0]LogTemp: Display: Loaded TP IOSTargetPlatform
[2019.02.10-15.47.13:429][  0]LogTemp: Display: Loaded TP TVOSTargetPlatform
[2019.02.10-15.47.13:429][  0]LogTemp: Display: Loaded TP TVOSTargetPlatform
[2019.02.10-15.47.13:449][  0]LogTemp: Display: Loaded TP LinuxClientTargetPlatform
[2019.02.10-15.47.13:468][  0]LogTemp: Display: Loaded TP LinuxNoEditorTargetPlatform
[2019.02.10-15.47.13:487][  0]LogTemp: Display: Loaded TP LinuxServerTargetPlatform
[2019.02.10-15.47.13:518][  0]LogTemp: Display: Loaded TP LinuxTargetPlatform
[2019.02.10-15.47.13:572][  0]LogTemp: Display: Loaded TP LuminTargetPlatform
[2019.02.10-15.47.13:572][  0]LogTemp: Display: Loaded TP LuminTargetPlatform
[2019.02.10-15.47.13:572][  0]LogTargetPlatformManager: Display: Building Assets For Windows
[2019.02.10-15.47.14:049][  0]LogShaderCompilers: Guid format shader working directory is 8 characters bigger than the processId version (A:/Uni 2018-19/Github/Slime/Slime/Slime/Intermediate/Shaders/WorkingDirectory/15084/).
[2019.02.10-15.47.14:049][  0]LogShaderCompilers: Cleaned the shader compiler working directory 'C:/Users/Charles/AppData/Local/Temp/UnrealShaderWorkingDir/6B996C464B0716169FF8C48B3049EE2E/'.
[2019.02.10-15.47.14:054][  0]LogXGEController: Cleaning working directory: C:/Users/Charles/AppData/Local/Temp/UnrealXGEWorkingDir/
[2019.02.10-15.47.14:056][  0]LogXGEController: Cannot use XGE Controller as Incredibuild is not installed on this machine.
[2019.02.10-15.47.14:056][  0]LogShaderCompilers: Cannot use XGE Shader Compiler as Incredibuild is not installed on this machine.
[2019.02.10-15.47.14:056][  0]LogShaderCompilers: Display: Using Local Shader Compiler.
[2019.02.10-15.47.16:295][  0]LogDerivedDataCache: Display: Max Cache Size: 512 MB
[2019.02.10-15.47.16:532][  0]LogDerivedDataCache: Loaded boot cache 0.24s 75MB C:/Users/Charles/AppData/Local/UnrealEngine/4.21/DerivedDataCache/Boot.ddc.
[2019.02.10-15.47.16:532][  0]LogDerivedDataCache: Display: Loaded Boot cache: C:/Users/Charles/AppData/Local/UnrealEngine/4.21/DerivedDataCache/Boot.ddc
[2019.02.10-15.47.16:532][  0]LogDerivedDataCache: FDerivedDataBackendGraph:  Pak pak cache file A:/Uni 2018-19/Github/Slime/Slime/Slime/DerivedDataCache/DDC.ddp not found, will not use a pak cache.
[2019.02.10-15.47.16:533][  0]LogDerivedDataCache: Unable to find inner node Pak for hierarchical cache Hierarchy.
[2019.02.10-15.47.16:533][  0]LogDerivedDataCache: FDerivedDataBackendGraph:  CompressedPak pak cache file A:/Uni 2018-19/Github/Slime/Slime/Slime/DerivedDataCache/Compressed.ddp not found, will not use a pak cache.
[2019.02.10-15.47.16:533][  0]LogDerivedDataCache: Unable to find inner node CompressedPak for hierarchical cache Hierarchy.
[2019.02.10-15.47.16:549][  0]LogDerivedDataCache: Display: Pak cache opened for reading ../../../Engine/DerivedDataCache/Compressed.ddp.
[2019.02.10-15.47.16:550][  0]LogDerivedDataCache: FDerivedDataBackendGraph:  EnterprisePak pak cache file ../../../Enterprise/DerivedDataCache/Compressed.ddp not found, will not use a pak cache.
[2019.02.10-15.47.16:550][  0]LogDerivedDataCache: Unable to find inner node EnterprisePak for hierarchical cache Hierarchy.
[2019.02.10-15.47.16:564][  0]LogDerivedDataCache: Using Local data cache path C:/Users/Charles/AppData/Local/UnrealEngine/Common/DerivedDataCache: Writable
[2019.02.10-15.47.16:564][  0]LogDerivedDataCache: Shared data cache path not found in *engine.ini, will not use an Shared cache.
[2019.02.10-15.47.16:564][  0]LogDerivedDataCache: Unable to find inner node Shared for hierarchical cache Hierarchy.
[2019.02.10-15.47.16:597][  0]LogMaterial: Verifying Global Shaders for PCD3D_SM5
[2019.02.10-15.47.16:612][  0]LogSlate: Using FreeType 2.6.0
[2019.02.10-15.47.16:631][  0]LogSlate: SlateFontServices - WITH_FREETYPE: 1, WITH_HARFBUZZ: 1
[2019.02.10-15.47.17:121][  0]LogAssetRegistry: FAssetRegistry took 0.0515 seconds to start up
[2019.02.10-15.47.17:775][  0]LogInit: Selected Device Profile: [Windows]
[2019.02.10-15.47.18:291][  0]LogSimplygon: Simplygon DLL not present - disabling.
[2019.02.10-15.47.18:370][  0]LogMeshReduction: Using SimplygonSwarm for distributed automatic mesh merging
[2019.02.10-15.47.18:370][  0]LogMeshReduction: Using ProxyLODMeshReduction for automatic mesh merging
[2019.02.10-15.47.18:377][  0]LogMeshReduction: Using QuadricMeshReduction for automatic static mesh reduction
[2019.02.10-15.47.18:377][  0]LogMeshReduction: No automatic skeletal mesh reduction module available
[2019.02.10-15.47.18:601][  0]LogNetVersion: Slime 1.0.0, NetCL: 4541578, EngineNetVer: 5, GameNetVer: 0 (Checksum: 858269732)
[2019.02.10-15.47.20:386][  0]LogPackageLocalizationCache: Processed 11 localized package path(s) for 2 prioritized culture(s) in 0.103823 seconds
[2019.02.10-15.47.20:393][  0]LogUObjectArray: 39775 objects as part of root set at end of initial load.
[2019.02.10-15.47.20:393][  0]LogUObjectAllocator: 6914656 out of 0 bytes used by permanent object pool.
[2019.02.10-15.47.20:393][  0]LogUObjectArray: CloseDisregardForGC: 0/0 objects in disregard for GC pool
[2019.02.10-15.47.26:451][  0]LogTcpMessaging: Initializing TcpMessaging bridge
[2019.02.10-15.47.26:482][  0]LogUdpMessaging: Initializing bridge on interface 0.0.0.0:0 to multicast group 230.0.0.1:6666.
[2019.02.10-15.47.29:340][  0]SourceControl: Source control is disabled
[2019.02.10-15.47.29:342][  0]SourceControl: Source control is disabled
[2019.02.10-15.47.29:405][  0]SourceControl: Source control is disabled
[2019.02.10-15.47.29:422][  0]SourceControl: Source control is disabled
[2019.02.10-15.47.30:242][  0]LogAndroidPermission: UAndroidPermissionCallbackProxy::GetInstance
[2019.02.10-15.47.30:561][  0]LogOcInput: OculusInput pre-init called
[2019.02.10-15.47.31:001][  0]LogEngine: Initializing Engine...
[2019.02.10-15.47.31:073][  0]LogHMD: Failed to initialize OpenVR with code 126
[2019.02.10-15.47.31:081][  0]LogStats: UGameplayTagsManager::ConstructGameplayTagTree: ImportINI prefixes -  0.002 s
[2019.02.10-15.47.31:081][  0]LogStats: UGameplayTagsManager::ConstructGameplayTagTree: Construct from data asset -  0.000 s
[2019.02.10-15.47.31:081][  0]LogStats: UGameplayTagsManager::ConstructGameplayTagTree: ImportINI -  0.000 s
[2019.02.10-15.47.31:082][  0]LogStats: UGameplayTagsManager::ConstructGameplayTagTree: GameplayTagTreeChangedEvent.Broadcast -  0.000 s
[2019.02.10-15.47.31:488][  0]LogInit: Initializing FReadOnlyCVARCache
[2019.02.10-15.47.31:593][  0]LogAIModule: Creating AISystem for world Untitled
[2019.02.10-15.47.31:669][  0]LogInit: XAudio2 using 'SAMSUNG (NVIDIA High Definition Audio)' : 2 channels at 48 kHz using 16 bits per sample (channel mask 0x3)
[2019.02.10-15.47.31:715][  0]LogInit: FAudioDevice initialized.
[2019.02.10-15.47.31:715][  0]LogNetVersion: Set ProjectVersion to 1.0.0.0. Version Checksum will be recalculated on next use.
[2019.02.10-15.47.31:804][  0]LogDerivedDataCache: Saved boot cache 0.09s 75MB C:/Users/Charles/AppData/Local/UnrealEngine/4.21/DerivedDataCache/Boot.ddc.
[2019.02.10-15.47.31:818][  0]LogInit: Texture streaming: Enabled
[2019.02.10-15.47.31:847][  0]LogEngineSessionManager: EngineSessionManager initialized
[2019.02.10-15.47.31:847][  0]LogEngineSessionManager: EngineSessionManager sent abnormal shutdown report. Type=Debugger, SessionId={ECAA6867-4F2B-F003-C604-2BB590BF3E17}
[2019.02.10-15.47.31:867][  0]LogInit: Transaction tracking system initialized
[2019.02.10-15.47.31:926][  0]BlueprintLog: New page: Editor Load
[2019.02.10-15.47.32:195][  0]LocalizationService: Localization service is disabled
[2019.02.10-15.47.32:860][  0]LogFileCache: Scanning file cache for directory 'A:/Uni 2018-19/Github/Slime/Slime/Slime/Content/' took 0.02s
[2019.02.10-15.47.32:860][  0]LogCook: Display: Max memory allowance for cook 16384mb min free memory 0mb
[2019.02.10-15.47.32:861][  0]LogCook: Display: Mobile HDR setting 1
[2019.02.10-15.47.32:861][  0]LogGameplayTags: Display: UGameplayTagsManager::DoneAddingNativeTags. DelegateIsBound: 0
[2019.02.10-15.47.32:861][  0]LogStats: UGameplayTagsManager::ConstructGameplayTagTree: ImportINI prefixes -  0.000 s
[2019.02.10-15.47.32:861][  0]LogStats: UGameplayTagsManager::ConstructGameplayTagTree: Construct from data asset -  0.000 s
[2019.02.10-15.47.32:862][  0]LogStats: UGameplayTagsManager::ConstructGameplayTagTree: ImportINI -  0.000 s
[2019.02.10-15.47.32:862][  0]LogStats: UGameplayTagsManager::ConstructGameplayTagTree: GameplayTagTreeChangedEvent.Broadcast -  0.000 s
[2019.02.10-15.47.33:214][  0]SourceControl: Source control is disabled
[2019.02.10-15.47.33:215][  0]Cmd: MAP LOAD FILE="A:/Uni 2018-19/Github/Slime/Slime/Slime/Content/FirstPersonCPP/Maps/FirstPersonExampleMap.umap" TEMPLATE=0 SHOWPROGRESS=1 FEATURELEVEL=3
[2019.02.10-15.47.33:288][  0]LightingResults: New page: Lighting Build
[2019.02.10-15.47.33:295][  0]MapCheck: New page: Map Check
[2019.02.10-15.47.33:295][  0]LightingResults: New page: Lighting Build
[2019.02.10-15.47.33:806][  0]LogAIModule: Creating AISystem for world FirstPersonExampleMap
[2019.02.10-15.47.33:832][  0]LogEditorServer: Finished looking for orphan Actors (0.000 secs)
[2019.02.10-15.47.33:858][  0]Cmd: MAP CHECKDEP NOCLEARLOG
[2019.02.10-15.47.33:858][  0]MapCheck: Map check complete: 0 Error(s), 0 Warning(s), took 0.112ms to complete.
[2019.02.10-15.47.33:859][  0]LogFileHelpers: Loading map 'FirstPersonExampleMap' took 0.645
[2019.02.10-15.47.34:030][  0]LogSlate: Updating window title bar state: overlay mode, drag disabled, window buttons hidden, title bar hidden
[2019.02.10-15.47.34:040][  0]LogSlate: Updating window title bar state: overlay mode, drag disabled, window buttons hidden, title bar hidden
[2019.02.10-15.47.34:048][  0]LogSlate: Updating window title bar state: overlay mode, drag disabled, window buttons hidden, title bar hidden
[2019.02.10-15.47.34:057][  0]LogSlate: Updating window title bar state: overlay mode, drag disabled, window buttons hidden, title bar hidden
[2019.02.10-15.47.34:076][  0]LogCollectionManager: Loaded 0 collections in 0.001858 seconds
[2019.02.10-15.47.34:134][  0]LogFileCache: Scanning file cache for directory 'A:/Uni 2018-19/Github/Slime/Slime/Slime/Saved/Collections/' took 0.01s
[2019.02.10-15.47.34:134][  0]LogFileCache: Scanning file cache for directory 'A:/Uni 2018-19/Github/Slime/Slime/Slime/Content/Developers/kille/Collections/' took 0.01s
[2019.02.10-15.47.34:135][  0]LogFileCache: Scanning file cache for directory 'A:/Uni 2018-19/Github/Slime/Slime/Slime/Content/Collections/' took 0.01s
[2019.02.10-15.47.34:135][  0]LogCollectionManager: Rebuilt the GUID cache for 0 collections in 0.000000 seconds
[2019.02.10-15.47.34:149][  0]LogContentBrowser: Native class hierarchy populated in 0.0120 seconds. Added 2656 classes and 622 folders.
[2019.02.10-15.47.34:165][  0]LogContentBrowser: Native class hierarchy updated for 'WidgetCarousel' in 0.0006 seconds. Added 0 classes and 0 folders.
[2019.02.10-15.47.34:178][  0]LogPakFile: Registered encryption key '00000000000000000000000000000000': 0 pak files mounted, 0 remain pending
[2019.02.10-15.47.34:189][  0]LogPakFile: Registered encryption key '00000000000000000000000000000000': 0 pak files mounted, 0 remain pending
[2019.02.10-15.47.34:213][  0]LogPakFile: Registered encryption key '00000000000000000000000000000000': 0 pak files mounted, 0 remain pending
[2019.02.10-15.47.34:221][  0]LogPakFile: Registered encryption key '00000000000000000000000000000000': 0 pak files mounted, 0 remain pending
[2019.02.10-15.47.34:230][  0]LogPakFile: Registered encryption key '00000000000000000000000000000000': 0 pak files mounted, 0 remain pending
[2019.02.10-15.47.34:237][  0]LogPakFile: Registered encryption key '00000000000000000000000000000000': 0 pak files mounted, 0 remain pending
[2019.02.10-15.47.34:243][  0]LogPakFile: Registered encryption key '00000000000000000000000000000000': 0 pak files mounted, 0 remain pending
[2019.02.10-15.47.34:251][  0]LogPakFile: Registered encryption key '00000000000000000000000000000000': 0 pak files mounted, 0 remain pending
[2019.02.10-15.47.34:258][  0]LogPakFile: Registered encryption key '00000000000000000000000000000000': 0 pak files mounted, 0 remain pending
[2019.02.10-15.47.34:268][  0]LogPakFile: Registered encryption key '00000000000000000000000000000000': 0 pak files mounted, 0 remain pending
[2019.02.10-15.47.34:274][  0]LogPakFile: Registered encryption key '00000000000000000000000000000000': 0 pak files mounted, 0 remain pending
[2019.02.10-15.47.34:280][  0]LogPakFile: Registered encryption key '00000000000000000000000000000000': 0 pak files mounted, 0 remain pending
[2019.02.10-15.47.34:287][  0]LogPakFile: Registered encryption key '00000000000000000000000000000000': 0 pak files mounted, 0 remain pending
[2019.02.10-15.47.34:293][  0]LogPakFile: Registered encryption key '00000000000000000000000000000000': 0 pak files mounted, 0 remain pending
[2019.02.10-15.47.34:300][  0]LogPakFile: Registered encryption key '00000000000000000000000000000000': 0 pak files mounted, 0 remain pending
[2019.02.10-15.47.34:306][  0]LogPakFile: Registered encryption key '00000000000000000000000000000000': 0 pak files mounted, 0 remain pending
[2019.02.10-15.47.34:343][  0]LogPakFile: Registered encryption key '00000000000000000000000000000000': 0 pak files mounted, 0 remain pending
[2019.02.10-15.47.34:350][  0]LogPakFile: Registered encryption key '00000000000000000000000000000000': 0 pak files mounted, 0 remain pending
[2019.02.10-15.47.34:355][  0]LogPakFile: Registered encryption key '00000000000000000000000000000000': 0 pak files mounted, 0 remain pending
[2019.02.10-15.47.34:362][  0]LogPakFile: Registered encryption key '00000000000000000000000000000000': 0 pak files mounted, 0 remain pending
[2019.02.10-15.47.34:408][  0]LogPakFile: Registered encryption key '00000000000000000000000000000000': 0 pak files mounted, 0 remain pending
[2019.02.10-15.47.34:415][  0]LogPakFile: Registered encryption key '00000000000000000000000000000000': 0 pak files mounted, 0 remain pending
[2019.02.10-15.47.34:421][  0]LogPakFile: Registered encryption key '00000000000000000000000000000000': 0 pak files mounted, 0 remain pending
[2019.02.10-15.47.34:428][  0]LogPakFile: Registered encryption key '00000000000000000000000000000000': 0 pak files mounted, 0 remain pending
[2019.02.10-15.47.34:435][  0]LogPakFile: Registered encryption key '00000000000000000000000000000000': 0 pak files mounted, 0 remain pending
[2019.02.10-15.47.34:441][  0]LogPakFile: Registered encryption key '00000000000000000000000000000000': 0 pak files mounted, 0 remain pending
[2019.02.10-15.47.34:615][  0]LogContentBrowser: Native class hierarchy updated for 'AddContentDialog' in 0.0004 seconds. Added 0 classes and 0 folders.
[2019.02.10-15.47.34:626][  0]LogContentBrowser: Native class hierarchy updated for 'SceneOutliner' in 0.0005 seconds. Added 1 classes and 2 folders.
[2019.02.10-15.47.34:676][  0]LogSlate: Took 0.008357 seconds to synchronously load lazily loaded font '../../../Engine/Content/Slate/Fonts/Roboto-Regular.ttf' (155K)
[2019.02.10-15.47.34:684][  0]LogSlate: Took 0.005794 seconds to synchronously load lazily loaded font '../../../Engine/Content/Slate/Fonts/Roboto-Bold.ttf' (160K)
[2019.02.10-15.47.34:698][  0]LogSlate: Took 0.005494 seconds to synchronously load lazily loaded font '../../../Engine/Content/Editor/Slate/Fonts/FontAwesome.ttf' (139K)
[2019.02.10-15.47.34:856][  0]LogRenderer: Reallocating scene render targets to support 928x500 Format 10 NumSamples 1 (Frame:1).
[2019.02.10-15.47.35:003][  0]LogContentBrowser: Native class hierarchy updated for 'HierarchicalLODOutliner' in 0.0006 seconds. Added 0 classes and 0 folders.
[2019.02.10-15.47.35:003][  0]LogLoad: (Engine Initialization) Total time: 33.26 seconds
[2019.02.10-15.47.35:003][  0]LogLoad: (Engine Initialization) Total Blueprint compile time: 0.00 seconds
[2019.02.10-15.47.35:095][  0]LogContentStreaming: Texture pool size now 1000 MB
[2019.02.10-15.47.35:120][  0]LogSlate: Took 0.005360 seconds to synchronously load lazily loaded font '../../../Engine/Content/Slate/Fonts/Roboto-Light.ttf' (167K)
[2019.02.10-15.47.35:180][  1]LogAssetRegistry: Asset discovery search completed in 18.0899 seconds
[2019.02.10-15.47.35:183][  1]LogCollectionManager: Rebuilt the object cache for 0 collections in 0.000000 seconds (found 0 objects)
[2019.02.10-15.47.35:183][  1]LogCollectionManager: Fixed up redirectors for 0 collections in 0.000269 seconds (updated 0 objects)
[2019.02.10-15.47.37:542][253]LogSlate: FSceneViewport::OnFocusLost() reason 0
[2019.02.10-15.47.37:594][257]LogTemp: Repeating last play command: Selected Viewport
[2019.02.10-15.47.37:607][257]LogBlueprintUserMessages: Early PlayInEditor Detection: Level '/Game/FirstPersonCPP/Maps/FirstPersonExampleMap.FirstPersonExampleMap:PersistentLevel' has LevelScriptBlueprint '/Game/FirstPersonCPP/Maps/FirstPersonExampleMap.FirstPersonExampleMap:PersistentLevel.FirstPersonExampleMap' with GeneratedClass '/Game/FirstPersonCPP/Maps/FirstPersonExampleMap.FirstPersonExampleMap_C' with ClassGeneratedBy '/Game/FirstPersonCPP/Maps/FirstPersonExampleMap.FirstPersonExampleMap:PersistentLevel.FirstPersonExampleMap'
[2019.02.10-15.47.37:608][257]LogPlayLevel: PlayLevel: No blueprints needed recompiling
[2019.02.10-15.47.37:609][257]PIE: New page: PIE session: FirstPersonExampleMap (10 Feb 2019 15:47:37)
[2019.02.10-15.47.37:624][257]LogPlayLevel: Creating play world package: /Game/FirstPersonCPP/Maps/UEDPIE_0_FirstPersonExampleMap
[2019.02.10-15.47.37:645][257]LogPlayLevel: PIE: StaticDuplicateObject took: (0.020562s)
[2019.02.10-15.47.37:646][257]LogAIModule: Creating AISystem for world FirstPersonExampleMap
[2019.02.10-15.47.37:646][257]LogPlayLevel: PIE: World Init took: (0.000974s)
[2019.02.10-15.47.37:646][257]LogPlayLevel: PIE: Created PIE world by copying editor world from /Game/FirstPersonCPP/Maps/FirstPersonExampleMap.FirstPersonExampleMap to /Game/FirstPersonCPP/Maps/UEDPIE_0_FirstPersonExampleMap.FirstPersonExampleMap (0.022522s)
[2019.02.10-15.47.37:717][257]LogInit: XAudio2 using 'SAMSUNG (NVIDIA High Definition Audio)' : 2 channels at 48 kHz using 16 bits per sample (channel mask 0x3)
[2019.02.10-15.47.37:733][257]LogInit: FAudioDevice initialized.
[2019.02.10-15.47.37:784][257]LogLoad: Game class is 'SlimeGameMode'
[2019.02.10-15.47.37:787][257]LogWorld: Bringing World /Game/FirstPersonCPP/Maps/UEDPIE_0_FirstPersonExampleMap.FirstPersonExampleMap up for play (max tick rate 0) at 2019.02.10-15.47.37
[2019.02.10-15.47.37:788][257]LogWorld: Bringing up level for play took: 0.002573
[2019.02.10-15.47.37:811][257]LogContentBrowser: Native class hierarchy updated for 'MovieSceneCapture' in 0.0005 seconds. Added 20 classes and 0 folders.
[2019.02.10-15.47.37:820][257]PIE: Play in editor start time for /Game/FirstPersonCPP/Maps/UEDPIE_0_FirstPersonExampleMap 0.603
[2019.02.10-15.47.37:821][257]LogBlueprintUserMessages: Late PlayInEditor Detection: Level '/Game/FirstPersonCPP/Maps/FirstPersonExampleMap.FirstPersonExampleMap:PersistentLevel' has LevelScriptBlueprint '/Game/FirstPersonCPP/Maps/FirstPersonExampleMap.FirstPersonExampleMap:PersistentLevel.FirstPersonExampleMap' with GeneratedClass '/Game/FirstPersonCPP/Maps/FirstPersonExampleMap.FirstPersonExampleMap_C' with ClassGeneratedBy '/Game/FirstPersonCPP/Maps/FirstPersonExampleMap.FirstPersonExampleMap:PersistentLevel.FirstPersonExampleMap'
[2019.02.10-15.47.39:839][455]LogTemp: Warning: CoordinatesB4: X:-2147483648 Y:0
[2019.02.10-15.47.39:839][455]LogTemp: Warning: Coordinates: X:-2147483648 Y:0
[2019.02.10-15.47.39:848][456]LogTemp: Warning: CoordinatesB4: X:-2147483648 Y:0
[2019.02.10-15.47.39:848][456]LogTemp: Warning: Coordinates: X:-2147483648 Y:0
[2019.02.10-15.47.39:880][457]LogTemp: Warning: CoordinatesB4: X:-2147483648 Y:0
[2019.02.10-15.47.39:880][457]LogTemp: Warning: Coordinates: X:-2147483648 Y:0
[2019.02.10-15.47.40:556][529]LogTemp: Warning: CoordinatesB4: X:-1610612736 Y:1610612736
[2019.02.10-15.47.40:556][529]LogTemp: Warning: Coordinates: X:-1610612736 Y:1610612736
[2019.02.10-15.47.40:565][530]LogTemp: Warning: CoordinatesB4: X:-1610612736 Y:1610612736
[2019.02.10-15.47.40:565][530]LogTemp: Warning: Coordinates: X:-1610612736 Y:1610612736
[2019.02.10-15.47.40:574][531]LogTemp: Warning: CoordinatesB4: X:-1610612736 Y:1610612736
[2019.02.10-15.47.40:575][531]LogTemp: Warning: Coordinates: X:-1610612736 Y:1610612736
[2019.02.10-15.47.40:583][532]LogTemp: Warning: CoordinatesB4: X:-1610612736 Y:1610612736
[2019.02.10-15.47.40:584][532]LogTemp: Warning: Coordinates: X:-1610612736 Y:1610612736
[2019.02.10-15.47.40:593][533]LogTemp: Warning: CoordinatesB4: X:-1610612736 Y:1610612736
[2019.02.10-15.47.40:595][533]LogTemp: Warning: Coordinates: X:-1610612736 Y:1610612736
[2019.02.10-15.47.40:604][534]LogTemp: Warning: CoordinatesB4: X:-1610612736 Y:1610612736
[2019.02.10-15.47.40:604][534]LogTemp: Warning: Coordinates: X:-1610612736 Y:1610612736
[2019.02.10-15.47.40:613][535]LogTemp: Warning: CoordinatesB4: X:-1610612736 Y:1610612736
[2019.02.10-15.47.40:613][535]LogTemp: Warning: Coordinates: X:-1610612736 Y:1610612736
[2019.02.10-15.47.40:622][536]LogTemp: Warning: CoordinatesB4: X:-1610612736 Y:1610612736
[2019.02.10-15.47.40:622][536]LogTemp: Warning: Coordinates: X:-1610612736 Y:1610612736
[2019.02.10-15.47.40:632][537]LogTemp: Warning: CoordinatesB4: X:-1610612736 Y:1610612736
[2019.02.10-15.47.40:632][537]LogTemp: Warning: Coordinates: X:-1610612736 Y:1610612736
[2019.02.10-15.47.40:641][538]LogTemp: Warning: CoordinatesB4: X:-1610612736 Y:1610612736
[2019.02.10-15.47.40:641][538]LogTemp: Warning: Coordinates: X:-1610612736 Y:1610612736
[2019.02.10-15.47.40:652][539]LogTemp: Warning: CoordinatesB4: X:-1610612736 Y:1610612736
[2019.02.10-15.47.40:652][539]LogTemp: Warning: Coordinates: X:-1610612736 Y:1610612736
[2019.02.10-15.47.40:661][540]LogTemp: Warning: CoordinatesB4: X:-1610612736 Y:1610612736
[2019.02.10-15.47.40:662][540]LogTemp: Warning: Coordinates: X:-1610612736 Y:1610612736
[2019.02.10-15.47.40:670][541]LogTemp: Warning: CoordinatesB4: X:-1610612736 Y:1610612736
[2019.02.10-15.47.40:670][541]LogTemp: Warning: Coordinates: X:-1610612736 Y:1610612736
[2019.02.10-15.47.40:680][542]LogTemp: Warning: CoordinatesB4: X:-1610612736 Y:1610612736
[2019.02.10-15.47.40:680][542]LogTemp: Warning: Coordinates: X:-1610612736 Y:1610612736
[2019.02.10-15.47.40:689][543]LogTemp: Warning: CoordinatesB4: X:-1610612736 Y:1610612736
[2019.02.10-15.47.40:690][543]LogTemp: Warning: Coordinates: X:-1610612736 Y:1610612736
[2019.02.10-15.47.40:699][544]LogTemp: Warning: CoordinatesB4: X:-1610612736 Y:1610612736
[2019.02.10-15.47.40:699][544]LogTemp: Warning: Coordinates: X:-1610612736 Y:1610612736
[2019.02.10-15.47.40:708][545]LogTemp: Warning: CoordinatesB4: X:-1610612736 Y:1610612736
[2019.02.10-15.47.40:708][545]LogTemp: Warning: Coordinates: X:-1610612736 Y:1610612736
[2019.02.10-15.47.40:717][546]LogTemp: Warning: CoordinatesB4: X:-1610612736 Y:1610612736
[2019.02.10-15.47.40:717][546]LogTemp: Warning: Coordinates: X:-1610612736 Y:1610612736
[2019.02.10-15.47.40:726][547]LogTemp: Warning: CoordinatesB4: X:-1610612736 Y:1610612736
[2019.02.10-15.47.40:727][547]LogTemp: Warning: Coordinates: X:-1610612736 Y:1610612736
[2019.02.10-15.47.40:736][548]LogTemp: Warning: CoordinatesB4: X:-536870912 Y:536870912
[2019.02.10-15.47.40:736][548]LogTemp: Warning: Coordinates: X:-536870912 Y:536870912
[2019.02.10-15.47.40:746][549]LogTemp: Warning: CoordinatesB4: X:-1073741824 Y:-1073741824
[2019.02.10-15.47.40:746][549]LogTemp: Warning: Coordinates: X:-1073741824 Y:-1073741824
[2019.02.10-15.47.40:755][550]LogTemp: Warning: CoordinatesB4: X:1073741824 Y:0
[2019.02.10-15.47.40:755][550]LogTemp: Warning: Coordinates: X:1073741824 Y:0
[2019.02.10-15.47.40:766][551]LogTemp: Warning: CoordinatesB4: X:1073741824 Y:1073741824
[2019.02.10-15.47.40:766][551]LogTemp: Warning: Coordinates: X:1073741824 Y:1073741824
[2019.02.10-15.47.40:776][552]LogTemp: Warning: CoordinatesB4: X:-2147483648 Y:1073741824
[2019.02.10-15.47.40:776][552]LogTemp: Warning: Coordinates: X:-2147483648 Y:1073741824
[2019.02.10-15.47.40:784][553]LogTemp: Warning: CoordinatesB4: X:1610612736 Y:0
[2019.02.10-15.47.40:785][553]LogTemp: Warning: Coordinates: X:1610612736 Y:0
[2019.02.10-15.47.40:806][554]LogTemp: Warning: CoordinatesB4: X:-1073741824 Y:-2147483648
[2019.02.10-15.47.40:806][554]LogTemp: Warning: Coordinates: X:-1073741824 Y:-2147483648
[2019.02.10-15.47.40:816][555]LogTemp: Warning: CoordinatesB4: X:1073741824 Y:1610612736
[2019.02.10-15.47.40:817][555]LogTemp: Warning: Coordinates: X:1073741824 Y:1610612736
[2019.02.10-15.47.40:826][556]LogTemp: Warning: CoordinatesB4: X:1073741824 Y:0
[2019.02.10-15.47.40:826][556]LogTemp: Warning: Coordinates: X:1073741824 Y:0
[2019.02.10-15.47.40:856][557]LogTemp: Warning: CoordinatesB4: X:-2147483648 Y:-2147483648
[2019.02.10-15.47.40:856][557]LogTemp: Warning: Coordinates: X:-2147483648 Y:-2147483648
[2019.02.10-15.47.40:865][558]LogTemp: Warning: CoordinatesB4: X:536870912 Y:-2147483648
[2019.02.10-15.47.40:865][558]LogTemp: Warning: Coordinates: X:536870912 Y:-2147483648
[2019.02.10-15.47.40:874][559]LogTemp: Warning: CoordinatesB4: X:1073741824 Y:-536870912
[2019.02.10-15.47.40:875][559]LogTemp: Warning: Coordinates: X:1073741824 Y:-536870912
[2019.02.10-15.47.40:884][560]LogTemp: Warning: CoordinatesB4: X:1073741824 Y:-1073741824
[2019.02.10-15.47.40:884][560]LogTemp: Warning: Coordinates: X:1073741824 Y:-1073741824
[2019.02.10-15.47.40:894][561]LogTemp: Warning: CoordinatesB4: X:-1073741824 Y:536870912
[2019.02.10-15.47.40:894][561]LogTemp: Warning: Coordinates: X:-1073741824 Y:536870912
[2019.02.10-15.47.40:903][562]LogTemp: Warning: CoordinatesB4: X:1073741824 Y:-536870912
[2019.02.10-15.47.40:903][562]LogTemp: Warning: Coordinates: X:1073741824 Y:-536870912
[2019.02.10-15.47.40:925][563]LogTemp: Warning: CoordinatesB4: X:1073741824 Y:1610612736
[2019.02.10-15.47.40:925][563]LogTemp: Warning: Coordinates: X:1073741824 Y:1610612736
[2019.02.10-15.47.40:935][564]LogTemp: Warning: CoordinatesB4: X:-1073741824 Y:-1073741824
[2019.02.10-15.47.40:935][564]LogTemp: Warning: Coordinates: X:-1073741824 Y:-1073741824
[2019.02.10-15.47.40:966][565]LogTemp: Warning: CoordinatesB4: X:0 Y:1073741824
[2019.02.10-15.47.40:967][565]LogTemp: Warning: Coordinates: X:0 Y:1073741824
[2019.02.10-15.47.40:975][566]LogTemp: Warning: CoordinatesB4: X:0 Y:1073741824
[2019.02.10-15.47.40:976][566]LogTemp: Warning: Coordinates: X:0 Y:1073741824
[2019.02.10-15.47.40:985][567]LogTemp: Warning: CoordinatesB4: X:0 Y:1073741824
[2019.02.10-15.47.40:985][567]LogTemp: Warning: Coordinates: X:0 Y:1073741824
[2019.02.10-15.47.40:994][568]LogTemp: Warning: CoordinatesB4: X:0 Y:1073741824
[2019.02.10-15.47.40:994][568]LogTemp: Warning: Coordinates: X:0 Y:1073741824
[2019.02.10-15.47.41:003][569]LogTemp: Warning: CoordinatesB4: X:0 Y:1073741824
[2019.02.10-15.47.41:003][569]LogTemp: Warning: Coordinates: X:0 Y:1073741824
[2019.02.10-15.47.41:013][570]LogTemp: Warning: CoordinatesB4: X:0 Y:1073741824
[2019.02.10-15.47.41:013][570]LogTemp: Warning: Coordinates: X:0 Y:1073741824
[2019.02.10-15.47.41:022][571]LogTemp: Warning: CoordinatesB4: X:0 Y:1073741824
[2019.02.10-15.47.41:022][571]LogTemp: Warning: Coordinates: X:0 Y:1073741824
[2019.02.10-15.47.41:032][572]LogTemp: Warning: CoordinatesB4: X:0 Y:1073741824
[2019.02.10-15.47.41:032][572]LogTemp: Warning: Coordinates: X:0 Y:1073741824
[2019.02.10-15.47.41:041][573]LogTemp: Warning: CoordinatesB4: X:0 Y:1073741824
[2019.02.10-15.47.41:041][573]LogTemp: Warning: Coordinates: X:0 Y:1073741824
[2019.02.10-15.47.41:050][574]LogTemp: Warning: CoordinatesB4: X:0 Y:1073741824
[2019.02.10-15.47.41:050][574]LogTemp: Warning: Coordinates: X:0 Y:1073741824
[2019.02.10-15.47.41:060][575]LogTemp: Warning: CoordinatesB4: X:0 Y:1073741824
[2019.02.10-15.47.41:061][575]LogTemp: Warning: Coordinates: X:0 Y:1073741824
[2019.02.10-15.47.41:069][576]LogTemp: Warning: CoordinatesB4: X:0 Y:1073741824
[2019.02.10-15.47.41:070][576]LogTemp: Warning: Coordinates: X:0 Y:1073741824
[2019.02.10-15.47.41:079][577]LogTemp: Warning: CoordinatesB4: X:-1610612736 Y:0
[2019.02.10-15.47.41:079][577]LogTemp: Warning: Coordinates: X:-1610612736 Y:0
[2019.02.10-15.47.41:088][578]LogTemp: Warning: CoordinatesB4: X:0 Y:536870912
[2019.02.10-15.47.41:088][578]LogTemp: Warning: Coordinates: X:0 Y:536870912
[2019.02.10-15.47.41:097][579]LogTemp: Warning: CoordinatesB4: X:-1073741824 Y:-536870912
[2019.02.10-15.47.41:097][579]LogTemp: Warning: Coordinates: X:-1073741824 Y:-536870912
[2019.02.10-15.47.41:106][580]LogTemp: Warning: CoordinatesB4: X:1610612736 Y:0
[2019.02.10-15.47.41:106][580]LogTemp: Warning: Coordinates: X:1610612736 Y:0
[2019.02.10-15.47.41:116][581]LogTemp: Warning: CoordinatesB4: X:-2147483648 Y:1073741824
[2019.02.10-15.47.41:116][581]LogTemp: Warning: Coordinates: X:-2147483648 Y:1073741824
[2019.02.10-15.47.41:125][582]LogTemp: Warning: CoordinatesB4: X:1610612736 Y:1073741824
[2019.02.10-15.47.41:126][582]LogTemp: Warning: Coordinates: X:1610612736 Y:1073741824
[2019.02.10-15.47.41:136][583]LogTemp: Warning: CoordinatesB4: X:1073741824 Y:1610612736
[2019.02.10-15.47.41:136][583]LogTemp: Warning: Coordinates: X:1073741824 Y:1610612736
[2019.02.10-15.47.41:145][584]LogTemp: Warning: CoordinatesB4: X:-1073741824 Y:-1610612736
[2019.02.10-15.47.41:145][584]LogTemp: Warning: Coordinates: X:-1073741824 Y:-1610612736
[2019.02.10-15.47.41:154][585]LogTemp: Warning: CoordinatesB4: X:-1073741824 Y:-1073741824
[2019.02.10-15.47.41:155][585]LogTemp: Warning: Coordinates: X:-1073741824 Y:-1073741824
[2019.02.10-15.47.44:557][755]LogSlate: FSceneViewport::OnFocusLost() reason 0
[2019.02.10-15.47.44:572][755]LogSlate: Took 0.007852 seconds to synchronously load lazily loaded font '../../../Engine/Content/Slate/Fonts/DroidSansMono.ttf' (77K)
[2019.02.10-15.47.46:903][979]LogTemp: Warning: CoordinatesB4: X:-1073741824 Y:1073741824
[2019.02.10-15.47.46:903][979]LogTemp: Warning: Coordinates: X:-1073741824 Y:1073741824
[2019.02.10-15.47.46:913][980]LogTemp: Warning: CoordinatesB4: X:-1073741824 Y:1073741824
[2019.02.10-15.47.46:913][980]LogTemp: Warning: Coordinates: X:-1073741824 Y:1073741824
[2019.02.10-15.47.46:923][981]LogTemp: Warning: CoordinatesB4: X:-1073741824 Y:1073741824
[2019.02.10-15.47.46:923][981]LogTemp: Warning: Coordinates: X:-1073741824 Y:1073741824
[2019.02.10-15.47.46:932][982]LogTemp: Warning: CoordinatesB4: X:-1073741824 Y:1073741824
[2019.02.10-15.47.46:932][982]LogTemp: Warning: Coordinates: X:-1073741824 Y:1073741824
[2019.02.10-15.47.46:942][983]LogTemp: Warning: CoordinatesB4: X:-1073741824 Y:1073741824
[2019.02.10-15.47.46:942][983]LogTemp: Warning: Coordinates: X:-1073741824 Y:1073741824
[2019.02.10-15.47.46:951][984]LogTemp: Warning: CoordinatesB4: X:-1073741824 Y:1073741824
[2019.02.10-15.47.46:952][984]LogTemp: Warning: Coordinates: X:-1073741824 Y:1073741824
[2019.02.10-15.47.46:961][985]LogTemp: Warning: CoordinatesB4: X:-1073741824 Y:1073741824
[2019.02.10-15.47.46:962][985]LogTemp: Warning: Coordinates: X:-1073741824 Y:1073741824
[2019.02.10-15.47.53:733][648]LogTemp: Warning: CoordinatesB4: X:1073741824 Y:-1073741824
[2019.02.10-15.47.53:735][648]LogTemp: Warning: Coordinates: X:1073741824 Y:-1073741824
[2019.02.10-15.47.53:745][649]LogTemp: Warning: CoordinatesB4: X:1073741824 Y:-1073741824
[2019.02.10-15.47.53:745][649]LogTemp: Warning: Coordinates: X:1073741824 Y:-1073741824
[2019.02.10-15.47.53:755][650]LogTemp: Warning: CoordinatesB4: X:1073741824 Y:1073741824
[2019.02.10-15.47.53:756][650]LogTemp: Warning: Coordinates: X:1073741824 Y:1073741824
[2019.02.10-15.47.53:765][651]LogTemp: Warning: CoordinatesB4: X:1073741824 Y:1073741824
[2019.02.10-15.47.53:765][651]LogTemp: Warning: Coordinates: X:1073741824 Y:1073741824
[2019.02.10-15.47.53:775][652]LogTemp: Warning: CoordinatesB4: X:1073741824 Y:-536870912
[2019.02.10-15.47.53:776][652]LogTemp: Warning: Coordinates: X:1073741824 Y:-536870912
[2019.02.10-15.47.53:785][653]LogTemp: Warning: CoordinatesB4: X:0 Y:-1073741824
[2019.02.10-15.47.53:785][653]LogTemp: Warning: Coordinates: X:0 Y:-1073741824
[2019.02.10-15.47.53:795][654]LogTemp: Warning: CoordinatesB4: X:1610612736 Y:-536870912
[2019.02.10-15.47.53:795][654]LogTemp: Warning: Coordinates: X:1610612736 Y:-536870912
[2019.02.10-15.47.53:805][655]LogTemp: Warning: CoordinatesB4: X:1610612736 Y:-2147483648
[2019.02.10-15.47.53:805][655]LogTemp: Warning: Coordinates: X:1610612736 Y:-2147483648
[2019.02.10-15.47.53:815][656]LogTemp: Warning: CoordinatesB4: X:-1610612736 Y:-2147483648
[2019.02.10-15.47.53:815][656]LogTemp: Warning: Coordinates: X:-1610612736 Y:-2147483648
[2019.02.10-15.47.53:825][657]LogTemp: Warning: CoordinatesB4: X:-536870912 Y:1610612736
[2019.02.10-15.47.53:825][657]LogTemp: Warning: Coordinates: X:-536870912 Y:1610612736
[2019.02.10-15.47.53:835][658]LogTemp: Warning: CoordinatesB4: X:-1073741824 Y:-1073741824
[2019.02.10-15.47.53:835][658]LogTemp: Warning: Coordinates: X:-1073741824 Y:-1073741824
[2019.02.10-15.47.53:845][659]LogTemp: Warning: CoordinatesB4: X:-1073741824 Y:-1073741824
[2019.02.10-15.47.53:846][659]LogTemp: Warning: Coordinates: X:-1073741824 Y:-1073741824
[2019.02.10-15.47.53:868][660]LogTemp: Warning: CoordinatesB4: X:-1610612736 Y:0
[2019.02.10-15.47.53:868][660]LogTemp: Warning: Coordinates: X:-1610612736 Y:0
[2019.02.10-15.47.53:878][661]LogTemp: Warning: CoordinatesB4: X:0 Y:1610612736
[2019.02.10-15.47.53:879][661]LogTemp: Warning: Coordinates: X:0 Y:1610612736
[2019.02.10-15.47.53:911][662]LogTemp: Warning: CoordinatesB4: X:-1610612736 Y:1073741824
[2019.02.10-15.47.53:911][662]LogTemp: Warning: Coordinates: X:-1610612736 Y:1073741824
[2019.02.10-15.47.53:921][663]LogTemp: Warning: CoordinatesB4: X:1610612736 Y:0
[2019.02.10-15.47.53:922][663]LogTemp: Warning: Coordinates: X:1610612736 Y:0
[2019.02.10-15.47.53:932][664]LogTemp: Warning: CoordinatesB4: X:0 Y:0
[2019.02.10-15.47.53:932][664]LogTemp: Warning: Coordinates: X:0 Y:0
[2019.02.10-15.47.53:942][665]LogTemp: Warning: CoordinatesB4: X:-2147483648 Y:0
[2019.02.10-15.47.53:943][665]LogTemp: Warning: Coordinates: X:-2147483648 Y:0
[2019.02.10-15.47.53:953][666]LogTemp: Warning: CoordinatesB4: X:1610612736 Y:-1610612736
[2019.02.10-15.47.53:956][666]LogTemp: Warning: Coordinates: X:1610612736 Y:-1610612736
[2019.02.10-15.47.53:966][667]LogTemp: Warning: CoordinatesB4: X:0 Y:-2147483648
[2019.02.10-15.47.53:966][667]LogTemp: Warning: Coordinates: X:0 Y:-2147483648
[2019.02.10-15.47.53:975][668]LogTemp: Warning: CoordinatesB4: X:1073741824 Y:-1073741824
[2019.02.10-15.47.53:975][668]LogTemp: Warning: Coordinates: X:1073741824 Y:-1073741824
[2019.02.10-15.47.53:985][669]LogTemp: Warning: CoordinatesB4: X:1073741824 Y:-1073741824
[2019.02.10-15.47.53:985][669]LogTemp: Warning: Coordinates: X:1073741824 Y:-1073741824
[2019.02.10-15.47.53:994][670]LogTemp: Warning: CoordinatesB4: X:1073741824 Y:-1073741824
[2019.02.10-15.47.53:995][670]LogTemp: Warning: Coordinates: X:1073741824 Y:-1073741824
[2019.02.10-15.47.54:018][671]LogTemp: Warning: CoordinatesB4: X:1073741824 Y:-1073741824
[2019.02.10-15.47.54:018][671]LogTemp: Warning: Coordinates: X:1073741824 Y:-1073741824
[2019.02.10-15.47.54:028][672]LogTemp: Warning: CoordinatesB4: X:1073741824 Y:-1073741824
[2019.02.10-15.47.54:028][672]LogTemp: Warning: Coordinates: X:1073741824 Y:-1073741824
[2019.02.10-15.47.54:057][673]LogTemp: Warning: CoordinatesB4: X:536870912 Y:-536870912
[2019.02.10-15.47.54:058][673]LogTemp: Warning: Coordinates: X:536870912 Y:-536870912
[2019.02.10-15.47.54:071][674]LogTemp: Warning: CoordinatesB4: X:0 Y:1610612736
[2019.02.10-15.47.54:071][674]LogTemp: Warning: Coordinates: X:0 Y:1610612736
[2019.02.10-15.47.54:080][675]LogTemp: Warning: CoordinatesB4: X:-1073741824 Y:1073741824
[2019.02.10-15.47.54:080][675]LogTemp: Warning: Coordinates: X:-1073741824 Y:1073741824
[2019.02.10-15.47.54:090][676]LogTemp: Warning: CoordinatesB4: X:-2147483648 Y:1073741824
[2019.02.10-15.47.54:090][676]LogTemp: Warning: Coordinates: X:-2147483648 Y:1073741824
[2019.02.10-15.47.54:099][677]LogTemp: Warning: CoordinatesB4: X:1073741824 Y:-1073741824
[2019.02.10-15.47.54:100][677]LogTemp: Warning: Coordinates: X:1073741824 Y:-1073741824
[2019.02.10-15.47.54:110][678]LogTemp: Warning: CoordinatesB4: X:1073741824 Y:536870912
[2019.02.10-15.47.54:110][678]LogTemp: Warning: Coordinates: X:1073741824 Y:536870912
[2019.02.10-15.47.54:121][679]LogTemp: Warning: CoordinatesB4: X:1610612736 Y:-2147483648
[2019.02.10-15.47.54:121][679]LogTemp: Warning: Coordinates: X:1610612736 Y:-2147483648
[2019.02.10-15.47.54:131][680]LogTemp: Warning: CoordinatesB4: X:536870912 Y:0
[2019.02.10-15.47.54:131][680]LogTemp: Warning: Coordinates: X:536870912 Y:0
[2019.02.10-15.47.54:140][681]LogTemp: Warning: CoordinatesB4: X:-1073741824 Y:-2147483648
[2019.02.10-15.47.54:140][681]LogTemp: Warning: Coordinates: X:-1073741824 Y:-2147483648
[2019.02.10-15.47.54:149][682]LogTemp: Warning: CoordinatesB4: X:0 Y:-1073741824
[2019.02.10-15.47.54:150][682]LogTemp: Warning: Coordinates: X:0 Y:-1073741824
[2019.02.10-15.47.54:159][683]LogTemp: Warning: CoordinatesB4: X:1073741824 Y:-2147483648
[2019.02.10-15.47.54:160][683]LogTemp: Warning: Coordinates: X:1073741824 Y:-2147483648
[2019.02.10-15.47.54:175][684]LogTemp: Warning: CoordinatesB4: X:0 Y:1073741824
[2019.02.10-15.47.54:175][684]LogTemp: Warning: Coordinates: X:0 Y:1073741824
[2019.02.10-15.47.54:185][685]LogTemp: Warning: CoordinatesB4: X:0 Y:1073741824
[2019.02.10-15.47.54:186][685]LogTemp: Warning: Coordinates: X:0 Y:1073741824
[2019.02.10-15.47.54:196][686]LogTemp: Warning: CoordinatesB4: X:-1073741824 Y:1073741824
[2019.02.10-15.47.54:197][686]LogTemp: Warning: Coordinates: X:-1073741824 Y:1073741824
[2019.02.10-15.47.54:208][687]LogTemp: Warning: CoordinatesB4: X:-1073741824 Y:0
[2019.02.10-15.47.54:208][687]LogTemp: Warning: Coordinates: X:-1073741824 Y:0
[2019.02.10-15.47.54:218][688]LogTemp: Warning: CoordinatesB4: X:1610612736 Y:-2147483648
[2019.02.10-15.47.54:218][688]LogTemp: Warning: Coordinates: X:1610612736 Y:-2147483648
[2019.02.10-15.47.54:228][689]LogTemp: Warning: CoordinatesB4: X:1073741824 Y:-2147483648
[2019.02.10-15.47.54:228][689]LogTemp: Warning: Coordinates: X:1073741824 Y:-2147483648
[2019.02.10-15.47.54:239][690]LogTemp: Warning: CoordinatesB4: X:0 Y:536870912
[2019.02.10-15.47.54:239][690]LogTemp: Warning: Coordinates: X:0 Y:536870912
[2019.02.10-15.47.54:249][691]LogTemp: Warning: CoordinatesB4: X:1073741824 Y:1073741824
[2019.02.10-15.47.54:249][691]LogTemp: Warning: Coordinates: X:1073741824 Y:1073741824
[2019.02.10-15.47.54:260][692]LogTemp: Warning: CoordinatesB4: X:0 Y:1073741824
[2019.02.10-15.47.54:260][692]LogTemp: Warning: Coordinates: X:0 Y:1073741824
[2019.02.10-15.47.54:270][693]LogTemp: Warning: CoordinatesB4: X:-1610612736 Y:0
[2019.02.10-15.47.54:271][693]LogTemp: Warning: Coordinates: X:-1610612736 Y:0
[2019.02.10-15.47.54:280][694]LogTemp: Warning: CoordinatesB4: X:-536870912 Y:0
[2019.02.10-15.47.54:281][694]LogTemp: Warning: Coordinates: X:-536870912 Y:0
[2019.02.10-15.47.54:295][695]LogTemp: Warning: CoordinatesB4: X:-2147483648 Y:-2147483648
[2019.02.10-15.47.54:295][695]LogTemp: Warning: Coordinates: X:-2147483648 Y:-2147483648
[2019.02.10-15.47.54:306][696]LogTemp: Warning: CoordinatesB4: X:0 Y:1073741824
[2019.02.10-15.47.54:307][696]LogTemp: Warning: Coordinates: X:0 Y:1073741824
[2019.02.10-15.47.54:317][697]LogTemp: Warning: CoordinatesB4: X:-536870912 Y:1610612736
[2019.02.10-15.47.54:317][697]LogTemp: Warning: Coordinates: X:-536870912 Y:1610612736
[2019.02.10-15.47.54:341][698]LogTemp: Warning: CoordinatesB4: X:0 Y:1073741824
[2019.02.10-15.47.54:341][698]LogTemp: Warning: Coordinates: X:0 Y:1073741824
[2019.02.10-15.47.54:352][699]LogTemp: Warning: CoordinatesB4: X:-2147483648 Y:-2147483648
[2019.02.10-15.47.54:353][699]LogTemp: Warning: Coordinates: X:-2147483648 Y:-2147483648
[2019.02.10-15.47.54:364][700]LogTemp: Warning: CoordinatesB4: X:1073741824 Y:0
[2019.02.10-15.47.54:366][700]LogTemp: Warning: Coordinates: X:1073741824 Y:0
[2019.02.10-15.47.54:403][701]LogTemp: Warning: CoordinatesB4: X:-1073741824 Y:-2147483648
[2019.02.10-15.47.54:404][701]LogTemp: Warning: Coordinates: X:-1073741824 Y:-2147483648
[2019.02.10-15.47.54:414][702]LogTemp: Warning: CoordinatesB4: X:536870912 Y:-2147483648
[2019.02.10-15.47.54:414][702]LogTemp: Warning: Coordinates: X:536870912 Y:-2147483648
[2019.02.10-15.47.54:424][703]LogTemp: Warning: CoordinatesB4: X:536870912 Y:-2147483648
[2019.02.10-15.47.54:425][703]LogTemp: Warning: Coordinates: X:536870912 Y:-2147483648
[2019.02.10-15.47.54:435][704]LogTemp: Warning: CoordinatesB4: X:-1073741824 Y:-2147483648
[2019.02.10-15.47.54:437][704]LogTemp: Warning: Coordinates: X:-1073741824 Y:-2147483648
[2019.02.10-15.47.54:448][705]LogTemp: Warning: CoordinatesB4: X:-1073741824 Y:-2147483648
[2019.02.10-15.47.54:448][705]LogTemp: Warning: Coordinates: X:-1073741824 Y:-2147483648
[2019.02.10-15.47.54:460][706]LogTemp: Warning: CoordinatesB4: X:1610612736 Y:1073741824
[2019.02.10-15.47.54:460][706]LogTemp: Warning: Coordinates: X:1610612736 Y:1073741824
[2019.02.10-15.47.54:470][707]LogTemp: Warning: CoordinatesB4: X:-2147483648 Y:-536870912
[2019.02.10-15.47.54:471][707]LogTemp: Warning: Coordinates: X:-2147483648 Y:-536870912
[2019.02.10-15.47.54:480][708]LogTemp: Warning: CoordinatesB4: X:0 Y:-1073741824
[2019.02.10-15.47.54:480][708]LogTemp: Warning: Coordinates: X:0 Y:-1073741824
[2019.02.10-15.47.54:490][709]LogTemp: Warning: CoordinatesB4: X:0 Y:-536870912
[2019.02.10-15.47.54:491][709]LogTemp: Warning: Coordinates: X:0 Y:-536870912
[2019.02.10-15.47.54:500][710]LogTemp: Warning: CoordinatesB4: X:1610612736 Y:-1073741824
[2019.02.10-15.47.54:500][710]LogTemp: Warning: Coordinates: X:1610612736 Y:-1073741824
[2019.02.10-15.47.54:509][711]LogTemp: Warning: CoordinatesB4: X:-1610612736 Y:1073741824
[2019.02.10-15.47.54:509][711]LogTemp: Warning: Coordinates: X:-1610612736 Y:1073741824
[2019.02.10-15.47.54:520][712]LogTemp: Warning: CoordinatesB4: X:0 Y:-1073741824
[2019.02.10-15.47.54:520][712]LogTemp: Warning: Coordinates: X:0 Y:-1073741824
[2019.02.10-15.47.54:529][713]LogTemp: Warning: CoordinatesB4: X:-2147483648 Y:-2147483648
[2019.02.10-15.47.54:530][713]LogTemp: Warning: Coordinates: X:-2147483648 Y:-2147483648
[2019.02.10-15.47.54:540][714]LogTemp: Warning: CoordinatesB4: X:1073741824 Y:1610612736
[2019.02.10-15.47.54:540][714]LogTemp: Warning: Coordinates: X:1073741824 Y:1610612736
[2019.02.10-15.47.54:549][715]LogTemp: Warning: CoordinatesB4: X:-1073741824 Y:1610612736
[2019.02.10-15.47.54:550][715]LogTemp: Warning: Coordinates: X:-1073741824 Y:1610612736
[2019.02.10-15.47.54:560][716]LogTemp: Warning: CoordinatesB4: X:0 Y:-1073741824
[2019.02.10-15.47.54:560][716]LogTemp: Warning: Coordinates: X:0 Y:-1073741824
[2019.02.10-15.47.54:570][717]LogTemp: Warning: CoordinatesB4: X:-1610612736 Y:-536870912
[2019.02.10-15.47.54:571][717]LogTemp: Warning: Coordinates: X:-1610612736 Y:-536870912
[2019.02.10-15.47.54:580][718]LogTemp: Warning: CoordinatesB4: X:-536870912 Y:1073741824
[2019.02.10-15.47.54:581][718]LogTemp: Warning: Coordinates: X:-536870912 Y:1073741824
[2019.02.10-15.47.54:591][719]LogTemp: Warning: CoordinatesB4: X:536870912 Y:1610612736
[2019.02.10-15.47.54:591][719]LogTemp: Warning: Coordinates: X:536870912 Y:1610612736
[2019.02.10-15.47.54:601][720]LogTemp: Warning: CoordinatesB4: X:-1073741824 Y:-2147483648
[2019.02.10-15.47.54:602][720]LogTemp: Warning: Coordinates: X:-1073741824 Y:-2147483648
[2019.02.10-15.47.54:612][721]LogTemp: Warning: CoordinatesB4: X:-2147483648 Y:-536870912
[2019.02.10-15.47.54:612][721]LogTemp: Warning: Coordinates: X:-2147483648 Y:-536870912
[2019.02.10-15.47.54:622][722]LogTemp: Warning: CoordinatesB4: X:-536870912 Y:536870912
[2019.02.10-15.47.54:623][722]LogTemp: Warning: Coordinates: X:-536870912 Y:536870912
[2019.02.10-15.47.54:633][723]LogTemp: Warning: CoordinatesB4: X:-1073741824 Y:536870912
[2019.02.10-15.47.54:634][723]LogTemp: Warning: Coordinates: X:-1073741824 Y:536870912
[2019.02.10-15.47.54:644][724]LogTemp: Warning: CoordinatesB4: X:-2147483648 Y:-2147483648
[2019.02.10-15.47.54:644][724]LogTemp: Warning: Coordinates: X:-2147483648 Y:-2147483648
[2019.02.10-15.47.54:654][725]LogTemp: Warning: CoordinatesB4: X:-1073741824 Y:-2147483648
[2019.02.10-15.47.54:655][725]LogTemp: Warning: Coordinates: X:-1073741824 Y:-2147483648
[2019.02.10-15.47.54:664][726]LogTemp: Warning: CoordinatesB4: X:-1610612736 Y:-536870912
[2019.02.10-15.47.54:665][726]LogTemp: Warning: Coordinates: X:-1610612736 Y:-536870912
[2019.02.10-15.47.54:675][727]LogTemp: Warning: CoordinatesB4: X:536870912 Y:-1610612736
[2019.02.10-15.47.54:675][727]LogTemp: Warning: Coordinates: X:536870912 Y:-1610612736
[2019.02.10-15.47.54:684][728]LogTemp: Warning: CoordinatesB4: X:1073741824 Y:-536870912
[2019.02.10-15.47.54:685][728]LogTemp: Warning: Coordinates: X:1073741824 Y:-536870912
[2019.02.10-15.47.54:694][729]LogTemp: Warning: CoordinatesB4: X:1073741824 Y:0
[2019.02.10-15.47.54:695][729]LogTemp: Warning: Coordinates: X:1073741824 Y:0
[2019.02.10-15.47.54:704][730]LogTemp: Warning: CoordinatesB4: X:1610612736 Y:-1610612736
[2019.02.10-15.47.54:705][730]LogTemp: Warning: Coordinates: X:1610612736 Y:-1610612736
[2019.02.10-15.47.54:714][731]LogTemp: Warning: CoordinatesB4: X:536870912 Y:-1610612736
[2019.02.10-15.47.54:714][731]LogTemp: Warning: Coordinates: X:536870912 Y:-1610612736
[2019.02.10-15.47.54:724][732]LogTemp: Warning: CoordinatesB4: X:-1073741824 Y:-1073741824
[2019.02.10-15.47.54:725][732]LogTemp: Warning: Coordinates: X:-1073741824 Y:-1073741824
[2019.02.10-15.47.54:734][733]LogTemp: Warning: CoordinatesB4: X:536870912 Y:0
[2019.02.10-15.47.54:734][733]LogTemp: Warning: Coordinates: X:536870912 Y:0
[2019.02.10-15.47.54:744][734]LogTemp: Warning: CoordinatesB4: X:-1610612736 Y:536870912
[2019.02.10-15.47.54:744][734]LogTemp: Warning: Coordinates: X:-1610612736 Y:536870912
[2019.02.10-15.47.59:452][151]LogBlueprintUserMessages: Early EndPlayMap Detection: Level '/Game/FirstPersonCPP/Maps/FirstPersonExampleMap.FirstPersonExampleMap:PersistentLevel' has LevelScriptBlueprint '/Game/FirstPersonCPP/Maps/FirstPersonExampleMap.FirstPersonExampleMap:PersistentLevel.FirstPersonExampleMap' with GeneratedClass '/Game/FirstPersonCPP/Maps/FirstPersonExampleMap.FirstPersonExampleMap_C' with ClassGeneratedBy '/Game/FirstPersonCPP/Maps/FirstPersonExampleMap.FirstPersonExampleMap:PersistentLevel.FirstPersonExampleMap'
[2019.02.10-15.47.59:459][151]LogSlate: Updating window title bar state: overlay mode, drag disabled, window buttons hidden, title bar hidden
[2019.02.10-15.47.59:604][151]LogPlayLevel: Display: Shutting down PIE online subsystems
[2019.02.10-15.47.59:605][151]LogBlueprintUserMessages: Late EndPlayMap Detection: Level '/Game/FirstPersonCPP/Maps/FirstPersonExampleMap.FirstPersonExampleMap:PersistentLevel' has LevelScriptBlueprint '/Game/FirstPersonCPP/Maps/FirstPersonExampleMap.FirstPersonExampleMap:PersistentLevel.FirstPersonExampleMap' with GeneratedClass '/Game/FirstPersonCPP/Maps/FirstPersonExampleMap.FirstPersonExampleMap_C' with ClassGeneratedBy '/Game/FirstPersonCPP/Maps/FirstPersonExampleMap.FirstPersonExampleMap:PersistentLevel.FirstPersonExampleMap'
[2019.02.10-15.47.59:659][151]LogSlate: Updating window title bar state: overlay mode, drag disabled, window buttons hidden, title bar hidden
[2019.02.10-15.47.59:733][152]LogPlayLevel: Display: Destroying online subsystem :Context_3
[2019.02.10-15.48.01:112][219]LogSlate: FSceneViewport::OnFocusLost() reason 0
