Log file open, 05/09/19 03:55:54
LogWindows: Failed to load 'aqProf.dll' (GetLastError=126)
LogWindows: File 'aqProf.dll' does not exist
LogWindows: Failed to load 'VtuneApi.dll' (GetLastError=126)
LogWindows: File 'VtuneApi.dll' does not exist
LogWindows: Failed to load 'VtuneApi32e.dll' (GetLastError=126)
LogWindows: File 'VtuneApi32e.dll' does not exist
LogConsoleResponse: Display: Failed to find resolution value strings in scalability ini. Falling back to default.
LogInit: Display: Running engine for game: Slime
LogPakFile: Registered encryption key '00000000000000000000000000000000': 0 pak files mounted, 0 remain pending
LogPlatformFile: Not using cached read wrapper
LogTaskGraph: Started task graph with 5 named threads and 23 total threads with 3 sets of task threads.
LogStats: Stats thread started at 0.455758
LogD3D11RHI: Loaded GFSDK_Aftermath_Lib.x64.dll
LogICUInternationalization: ICU TimeZone Detection - Raw Offset: +0:00, Platform Override: ''
LogPluginManager: Mounting plugin Paper2D
LogPluginManager: Mounting plugin AISupport
LogPluginManager: Mounting plugin LightPropagationVolume
LogPluginManager: Mounting plugin ActorLayerUtilities
LogPluginManager: Mounting plugin CLionSourceCodeAccess
LogPluginManager: Mounting plugin CodeLiteSourceCodeAccess
LogPluginManager: Mounting plugin GitSourceControl
LogPluginManager: Mounting plugin KDevelopSourceCodeAccess
LogPluginManager: Mounting plugin NullSourceCodeAccess
LogPluginManager: Mounting plugin PerforceSourceControl
LogPluginManager: Mounting plugin SubversionSourceControl
LogPluginManager: Mounting plugin UObjectPlugin
LogPluginManager: Mounting plugin VisualStudioCodeSourceCodeAccess
LogPluginManager: Mounting plugin VisualStudioSourceCodeAccess
LogPluginManager: Mounting plugin XCodeSourceCodeAccess
LogPluginManager: Mounting plugin AssetManagerEditor
LogPluginManager: Mounting plugin CryptoKeys
LogPluginManager: Mounting plugin DataValidation
LogPluginManager: Mounting plugin FacialAnimation
LogPluginManager: Mounting plugin GameplayTagsEditor
LogPluginManager: Mounting plugin MacGraphicsSwitching
LogPluginManager: Mounting plugin MeshEditor
LogPluginManager: Mounting plugin MobileLauncherProfileWizard
LogPluginManager: Mounting plugin PluginBrowser
LogPluginManager: Mounting plugin SpeedTreeImporter
LogPluginManager: Mounting plugin DatasmithContent
LogPluginManager: Mounting plugin VariantManagerContent
LogPluginManager: Mounting plugin AlembicImporter
LogPluginManager: Mounting plugin AppleImageUtils
LogPluginManager: Mounting plugin AppleVision
LogPluginManager: Mounting plugin BackChannel
LogPluginManager: Mounting plugin CharacterAI
LogPluginManager: Mounting plugin GeometryCache
LogPluginManager: Mounting plugin HTML5Networking
LogPluginManager: Mounting plugin ProxyLODPlugin
LogPluginManager: Mounting plugin MagicLeap
LogPluginManager: Mounting plugin MagicLeapMedia
LogPluginManager: Mounting plugin AndroidMedia
LogPluginManager: Mounting plugin AvfMedia
LogPluginManager: Mounting plugin ImgMedia
LogPluginManager: Mounting plugin LinearTimecode
LogPluginManager: Mounting plugin MediaCompositing
LogPluginManager: Mounting plugin MediaPlayerEditor
LogPluginManager: Mounting plugin WebMMedia
LogPluginManager: Mounting plugin WmfMedia
LogPluginManager: Mounting plugin TcpMessaging
LogPluginManager: Mounting plugin UdpMessaging
LogPluginManager: Mounting plugin ActorSequence
LogPluginManager: Mounting plugin LevelSequenceEditor
LogPluginManager: Mounting plugin MatineeToLevelSequence
LogPluginManager: Mounting plugin NetcodeUnitTest
LogPluginManager: Mounting plugin NUTUnrealEngine4
LogPluginManager: Mounting plugin OnlineSubsystemGooglePlay
LogPluginManager: Mounting plugin OnlineSubsystemIOS
LogPluginManager: Mounting plugin OnlineSubsystem
LogPluginManager: Mounting plugin OnlineSubsystemNull
LogPluginManager: Mounting plugin OnlineSubsystemUtils
LogPluginManager: Mounting plugin LauncherChunkInstaller
LogPluginManager: Mounting plugin AndroidDeviceProfileSelector
LogPluginManager: Mounting plugin AndroidMoviePlayer
LogPluginManager: Mounting plugin AndroidPermission
LogPluginManager: Mounting plugin AppleMoviePlayer
LogPluginManager: Mounting plugin ArchVisCharacter
LogPluginManager: Mounting plugin AudioCapture
LogPluginManager: Mounting plugin CableComponent
LogPluginManager: Mounting plugin CustomMeshComponent
LogPluginManager: Mounting plugin EditableMesh
LogPluginManager: Mounting plugin ExampleDeviceProfileSelector
LogPluginManager: Mounting plugin Firebase
LogPluginManager: Mounting plugin GoogleCloudMessaging
LogPluginManager: Mounting plugin IOSDeviceProfileSelector
LogPluginManager: Mounting plugin LinuxDeviceProfileSelector
LogPluginManager: Mounting plugin LocationServicesBPLibrary
LogPluginManager: Mounting plugin MobilePatchingUtils
LogPluginManager: Mounting plugin OculusVR
LogPluginManager: Mounting plugin PhysXVehicles
LogPluginManager: Mounting plugin ProceduralMeshComponent
LogPluginManager: Mounting plugin RuntimePhysXCooking
LogPluginManager: Mounting plugin SteamVR
LogPluginManager: Mounting plugin WebMMoviePlayer
LogPluginManager: Mounting plugin WindowsMoviePlayer
LogStreaming: Display: Took  0.188s to configure plugins.
LogInit: Using libcurl 7.55.1-DEV
LogInit:  - built for x86_64-pc-win32
LogInit:  - supports SSL with OpenSSL/1.0.2h
LogInit:  - supports HTTP deflate (compression) using libz 1.2.8
LogInit:  - other features:
LogInit:      CURL_VERSION_SSL
LogInit:      CURL_VERSION_LIBZ
LogInit:      CURL_VERSION_IPV6
LogInit:      CURL_VERSION_ASYNCHDNS
LogInit:      CURL_VERSION_LARGEFILE
LogInit:      CURL_VERSION_IDN
LogInit:  CurlRequestOptions (configurable via config and command line):
LogInit:  - bVerifyPeer = true  - Libcurl will verify peer certificate
LogInit:  - bUseHttpProxy = false  - Libcurl will NOT use HTTP proxy
LogInit:  - bDontReuseConnections = false  - Libcurl will reuse connections
LogInit:  - MaxHostConnections = 16  - Libcurl will limit the number of connections to a host
LogInit:  - LocalHostAddr = Default
LogInit:  - BufferSize = 65536
LogInit: WinSock: version 1.1 (2.2), MaxSocks=32767, MaxUdp=65467
LogInit: Build: ++UE4+Release-4.21-CL-4613538
LogInit: Engine Version: 4.21.1-4613538+++UE4+Release-4.21
LogInit: Compatible Engine Version: 4.21.0-4541578+++UE4+Release-4.21
LogInit: Net CL: 4541578
LogInit: OS: Windows 10 (), CPU: Intel(R) Core(TM) i7-4710HQ CPU @ 2.50GHz, GPU: NVIDIA GeForce GTX 980M
LogInit: Compiled (64-bit): Nov 30 2018 04:13:25
LogInit: Compiled with Visual C++: 19.13.26129.00
LogInit: Build Configuration: Development
LogInit: Branch Name: ++UE4+Release-4.21
LogInit: Command Line:  -skipcompile
LogInit: Base Directory: D:/Epic Games/UE_4.21/Engine/Binaries/Win64/
LogInit: Installed Engine Build: 1
LogDevObjectVersion: Number of dev versions registered: 22
LogDevObjectVersion:   Dev-Blueprints (B0D832E4-1F89-4F0D-ACCF-7EB736FD4AA2): 10
LogDevObjectVersion:   Dev-Build (E1C64328-A22C-4D53-A36C-8E866417BD8C): 0
LogDevObjectVersion:   Dev-Core (375EC13C-06E4-48FB-B500-84F0262A717E): 2
LogDevObjectVersion:   Dev-Editor (E4B068ED-F494-42E9-A231-DA0B2E46BB41): 26
LogDevObjectVersion:   Dev-Framework (CFFC743F-43B0-4480-9391-14DF171D2073): 34
LogDevObjectVersion:   Dev-Mobile (B02B49B5-BB20-44E9-A304-32B752E40360): 2
LogDevObjectVersion:   Dev-Networking (A4E4105C-59A1-49B5-A7C5-40C4547EDFEE): 0
LogDevObjectVersion:   Dev-Online (39C831C9-5AE6-47DC-9A44-9C173E1C8E7C): 0
LogDevObjectVersion:   Dev-Physics (78F01B33-EBEA-4F98-B9B4-84EACCB95AA2): 0
LogDevObjectVersion:   Dev-Platform (6631380F-2D4D-43E0-8009-CF276956A95A): 0
LogDevObjectVersion:   Dev-Rendering (12F88B9F-8875-4AFC-A67C-D90C383ABD29): 27
LogDevObjectVersion:   Dev-Sequencer (7B5AE74C-D270-4C10-A958-57980B212A5A): 9
LogDevObjectVersion:   Dev-VR (D7296918-1DD6-4BDD-9DE2-64A83CC13884): 2
LogDevObjectVersion:   Dev-LoadTimes (C2A15278-BFE7-4AFE-6C17-90FF531DF755): 1
LogDevObjectVersion:   Private-Geometry (6EACA3D4-40EC-4CC1-B786-8BED09428FC5): 3
LogDevObjectVersion:   Dev-AnimPhys (29E575DD-E0A3-4627-9D10-D276232CDCEA): 17
LogDevObjectVersion:   Dev-Anim (AF43A65D-7FD3-4947-9873-3E8ED9C1BB05): 2
LogDevObjectVersion:   Dev-ReflectionCapture (6B266CEC-1EC7-4B8F-A30B-E4D90942FC07): 1
LogDevObjectVersion:   Dev-Automation (0DF73D61-A23F-47EA-B727-89E90C41499A): 1
LogDevObjectVersion:   FortniteMain (601D1886-AC64-4F84-AA16-D3DE0DEAC7D6): 17
LogDevObjectVersion:   Dev-Enterprise (9DFFBCD6-494F-0158-E221-12823C92A888): 4
LogDevObjectVersion:   Dev-Niagara (F2AED0AC-9AFE-416F-8664-AA7FFA26D6FC): 1
LogStreaming: Display: Took  0.005s to delete old logs.
LogInit: Presizing for max 8388607 objects, including 0 objects not considered by GC, pre-allocating 0 bytes for permanent pool.
LogInit: Object subsystem initialized
LogConfig: Setting CVar [[con.DebugEarlyDefault:1]]
LogConfig: Setting CVar [[r.setres:1280x720]]
[2019.05.09-02.55.56:921][  0]LogConfig: Setting CVar [[r.VSync:0]]
[2019.05.09-02.55.56:921][  0]LogConfig: Setting CVar [[r.RHICmdBypass:0]]
[2019.05.09-02.55.56:921][  0]LogConfig: Applying CVar settings from Section [/Script/Engine.RendererSettings] File [D:/Charlie/Slime/Slime/Saved/Config/Windows/Engine.ini]
[2019.05.09-02.55.56:922][  0]LogConfig: Setting CVar [[r.GPUCrashDebugging:0]]
[2019.05.09-02.55.56:922][  0]LogConfig: Applying CVar settings from Section [/Script/Engine.RendererOverrideSettings] File [D:/Charlie/Slime/Slime/Saved/Config/Windows/Engine.ini]
[2019.05.09-02.55.56:922][  0]LogConfig: Applying CVar settings from Section [/Script/Engine.StreamingSettings] File [D:/Charlie/Slime/Slime/Saved/Config/Windows/Engine.ini]
[2019.05.09-02.55.56:922][  0]LogConfig: Setting CVar [[s.MinBulkDataSizeForAsyncLoading:131072]]
[2019.05.09-02.55.56:922][  0]LogConfig: Setting CVar [[s.AsyncLoadingThreadEnabled:0]]
[2019.05.09-02.55.56:922][  0]LogConfig: Setting CVar [[s.EventDrivenLoaderEnabled:1]]
[2019.05.09-02.55.56:922][  0]LogConfig: Setting CVar [[s.WarnIfTimeLimitExceeded:0]]
[2019.05.09-02.55.56:922][  0]LogConfig: Setting CVar [[s.TimeLimitExceededMultiplier:1.5]]
[2019.05.09-02.55.56:922][  0]LogConfig: Setting CVar [[s.TimeLimitExceededMinTime:0.005]]
[2019.05.09-02.55.56:923][  0]LogConfig: Setting CVar [[s.UseBackgroundLevelStreaming:1]]
[2019.05.09-02.55.56:923][  0]LogConfig: Setting CVar [[s.PriorityAsyncLoadingExtraTime:15.0]]
[2019.05.09-02.55.56:923][  0]LogConfig: Setting CVar [[s.LevelStreamingActorsUpdateTimeLimit:5.0]]
[2019.05.09-02.55.56:923][  0]LogConfig: Setting CVar [[s.PriorityLevelStreamingActorsUpdateExtraTime:5.0]]
[2019.05.09-02.55.56:923][  0]LogConfig: Setting CVar [[s.LevelStreamingComponentsRegistrationGranularity:10]]
[2019.05.09-02.55.56:923][  0]LogConfig: Setting CVar [[s.UnregisterComponentsTimeLimit:1.0]]
[2019.05.09-02.55.56:923][  0]LogConfig: Setting CVar [[s.LevelStreamingComponentsUnregistrationGranularity:5]]
[2019.05.09-02.55.56:923][  0]LogConfig: Applying CVar settings from Section [/Script/Engine.GarbageCollectionSettings] File [D:/Charlie/Slime/Slime/Saved/Config/Windows/Engine.ini]
[2019.05.09-02.55.56:923][  0]LogConfig: Setting CVar [[gc.MaxObjectsNotConsideredByGC:1]]
[2019.05.09-02.55.56:923][  0]LogConfig: Setting CVar [[gc.SizeOfPermanentObjectPool:0]]
[2019.05.09-02.55.56:924][  0]LogConfig: Setting CVar [[gc.FlushStreamingOnGC:0]]
[2019.05.09-02.55.56:924][  0]LogConfig: Setting CVar [[gc.NumRetriesBeforeForcingGC:10]]
[2019.05.09-02.55.56:924][  0]LogConfig: Setting CVar [[gc.AllowParallelGC:1]]
[2019.05.09-02.55.56:924][  0]LogConfig: Setting CVar [[gc.TimeBetweenPurgingPendingKillObjects:61.1]]
[2019.05.09-02.55.56:924][  0]LogConfig: Setting CVar [[gc.MaxObjectsInEditor:8388607]]
[2019.05.09-02.55.56:924][  0]LogConfig: Setting CVar [[gc.IncrementalBeginDestroyEnabled:1]]
[2019.05.09-02.55.56:924][  0]LogConfig: Setting CVar [[gc.CreateGCClusters:1]]
[2019.05.09-02.55.56:924][  0]LogConfig: Setting CVar [[gc.MergeGCClusters:0]]
[2019.05.09-02.55.56:924][  0]LogConfig: Setting CVar [[gc.MinGCClusterSize:5]]
[2019.05.09-02.55.56:925][  0]LogConfig: Setting CVar [[gc.ActorClusteringEnabled:0]]
[2019.05.09-02.55.56:925][  0]LogConfig: Setting CVar [[gc.BlueprintClusteringEnabled:0]]
[2019.05.09-02.55.56:925][  0]LogConfig: Setting CVar [[gc.UseDisregardForGCOnDedicatedServers:0]]
[2019.05.09-02.55.56:925][  0]LogConfig: Applying CVar settings from Section [/Script/Engine.NetworkSettings] File [D:/Charlie/Slime/Slime/Saved/Config/Windows/Engine.ini]
[2019.05.09-02.55.56:925][  0]LogConfig: Applying CVar settings from Section [/Script/UnrealEd.CookerSettings] File [D:/Charlie/Slime/Slime/Saved/Config/Windows/Engine.ini]
[2019.05.09-02.55.56:936][  0]LogConfig: Applying CVar settings from Section [ViewDistanceQuality@3] File [D:/Charlie/Slime/Slime/Saved/Config/Windows/Scalability.ini]
[2019.05.09-02.55.56:936][  0]LogConfig: Setting CVar [[r.SkeletalMeshLODBias:0]]
[2019.05.09-02.55.56:936][  0]LogConfig: Setting CVar [[r.ViewDistanceScale:1.0]]
[2019.05.09-02.55.56:936][  0]LogConfig: Applying CVar settings from Section [AntiAliasingQuality@3] File [D:/Charlie/Slime/Slime/Saved/Config/Windows/Scalability.ini]
[2019.05.09-02.55.56:937][  0]LogConfig: Setting CVar [[r.PostProcessAAQuality:4]]
[2019.05.09-02.55.56:937][  0]LogConfig: Applying CVar settings from Section [ShadowQuality@3] File [D:/Charlie/Slime/Slime/Saved/Config/Windows/Scalability.ini]
[2019.05.09-02.55.56:937][  0]LogConfig: Setting CVar [[r.LightFunctionQuality:1]]
[2019.05.09-02.55.56:937][  0]LogConfig: Setting CVar [[r.ShadowQuality:5]]
[2019.05.09-02.55.56:937][  0]LogConfig: Setting CVar [[r.Shadow.CSM.MaxCascades:10]]
[2019.05.09-02.55.56:937][  0]LogConfig: Setting CVar [[r.Shadow.MaxResolution:2048]]
[2019.05.09-02.55.56:937][  0]LogConfig: Setting CVar [[r.Shadow.MaxCSMResolution:2048]]
[2019.05.09-02.55.56:937][  0]LogConfig: Setting CVar [[r.Shadow.RadiusThreshold:0.01]]
[2019.05.09-02.55.56:937][  0]LogConfig: Setting CVar [[r.Shadow.DistanceScale:1.0]]
[2019.05.09-02.55.56:938][  0]LogConfig: Setting CVar [[r.Shadow.CSM.TransitionScale:1.0]]
[2019.05.09-02.55.56:938][  0]LogConfig: Setting CVar [[r.Shadow.PreShadowResolutionFactor:1.0]]
[2019.05.09-02.55.56:938][  0]LogConfig: Setting CVar [[r.DistanceFieldShadowing:1]]
[2019.05.09-02.55.56:938][  0]LogConfig: Setting CVar [[r.DistanceFieldAO:1]]
[2019.05.09-02.55.56:938][  0]LogConfig: Setting CVar [[r.AOQuality:2]]
[2019.05.09-02.55.56:938][  0]LogConfig: Setting CVar [[r.VolumetricFog:1]]
[2019.05.09-02.55.56:938][  0]LogConfig: Setting CVar [[r.VolumetricFog.GridPixelSize:8]]
[2019.05.09-02.55.56:938][  0]LogConfig: Setting CVar [[r.VolumetricFog.GridSizeZ:128]]
[2019.05.09-02.55.56:938][  0]LogConfig: Setting CVar [[r.VolumetricFog.HistoryMissSupersampleCount:4]]
[2019.05.09-02.55.56:939][  0]LogConfig: Setting CVar [[r.LightMaxDrawDistanceScale:1]]
[2019.05.09-02.55.56:939][  0]LogConfig: Setting CVar [[r.CapsuleShadows:1]]
[2019.05.09-02.55.56:939][  0]LogConfig: Applying CVar settings from Section [PostProcessQuality@3] File [D:/Charlie/Slime/Slime/Saved/Config/Windows/Scalability.ini]
[2019.05.09-02.55.56:939][  0]LogConfig: Setting CVar [[r.MotionBlurQuality:4]]
[2019.05.09-02.55.56:939][  0]LogConfig: Setting CVar [[r.AmbientOcclusionMipLevelFactor:0.4]]
[2019.05.09-02.55.56:939][  0]LogConfig: Setting CVar [[r.AmbientOcclusionMaxQuality:100]]
[2019.05.09-02.55.56:939][  0]LogConfig: Setting CVar [[r.AmbientOcclusionLevels:-1]]
[2019.05.09-02.55.56:939][  0]LogConfig: Setting CVar [[r.AmbientOcclusionRadiusScale:1.0]]
[2019.05.09-02.55.56:939][  0]LogConfig: Setting CVar [[r.DepthOfFieldQuality:2]]
[2019.05.09-02.55.56:939][  0]LogConfig: Setting CVar [[r.RenderTargetPoolMin:400]]
[2019.05.09-02.55.56:940][  0]LogConfig: Setting CVar [[r.LensFlareQuality:2]]
[2019.05.09-02.55.56:940][  0]LogConfig: Setting CVar [[r.SceneColorFringeQuality:1]]
[2019.05.09-02.55.56:940][  0]LogConfig: Setting CVar [[r.EyeAdaptationQuality:2]]
[2019.05.09-02.55.56:940][  0]LogConfig: Setting CVar [[r.BloomQuality:5]]
[2019.05.09-02.55.56:940][  0]LogConfig: Setting CVar [[r.FastBlurThreshold:100]]
[2019.05.09-02.55.56:940][  0]LogConfig: Setting CVar [[r.Upscale.Quality:3]]
[2019.05.09-02.55.56:940][  0]LogConfig: Setting CVar [[r.Tonemapper.GrainQuantization:1]]
[2019.05.09-02.55.56:940][  0]LogConfig: Setting CVar [[r.LightShaftQuality:1]]
[2019.05.09-02.55.56:940][  0]LogConfig: Setting CVar [[r.Filter.SizeScale:1]]
[2019.05.09-02.55.56:940][  0]LogConfig: Setting CVar [[r.Tonemapper.Quality:5]]
[2019.05.09-02.55.56:940][  0]LogConfig: Setting CVar [[r.DOF.Gather.AccumulatorQuality:1        ; higher gathering accumulator quality]]
[2019.05.09-02.55.56:941][  0]LogConfig: Setting CVar [[r.DOF.Gather.PostfilterMethod:1          ; Median3x3 postfilering method]]
[2019.05.09-02.55.56:941][  0]LogConfig: Setting CVar [[r.DOF.Gather.EnableBokehSettings:0       ; no bokeh simulation when gathering]]
[2019.05.09-02.55.56:941][  0]LogConfig: Setting CVar [[r.DOF.Gather.RingCount:4                 ; medium number of samples when gathering]]
[2019.05.09-02.55.56:941][  0]LogConfig: Setting CVar [[r.DOF.Scatter.ForegroundCompositing:1    ; additive foreground scattering]]
[2019.05.09-02.55.56:941][  0]LogConfig: Setting CVar [[r.DOF.Scatter.BackgroundCompositing:2    ; additive background scattering]]
[2019.05.09-02.55.56:941][  0]LogConfig: Setting CVar [[r.DOF.Scatter.EnableBokehSettings:1      ; bokeh simulation when scattering]]
[2019.05.09-02.55.56:941][  0]LogConfig: Setting CVar [[r.DOF.Scatter.MaxSpriteRatio:0.1         ; only a maximum of 10% of scattered bokeh]]
[2019.05.09-02.55.56:941][  0]LogConfig: Setting CVar [[r.DOF.Recombine.Quality:1                ; cheap slight out of focus]]
[2019.05.09-02.55.56:941][  0]LogConfig: Setting CVar [[r.DOF.Recombine.EnableBokehSettings:0    ; no bokeh simulation on slight out of focus]]
[2019.05.09-02.55.56:941][  0]LogConfig: Setting CVar [[r.DOF.TemporalAAQuality:1                ; more stable temporal accumulation]]
[2019.05.09-02.55.56:942][  0]LogConfig: Setting CVar [[r.DOF.Kernel.MaxForegroundRadius:0.025]]
[2019.05.09-02.55.56:942][  0]LogConfig: Setting CVar [[r.DOF.Kernel.MaxBackgroundRadius:0.025]]
[2019.05.09-02.55.56:942][  0]LogConfig: Applying CVar settings from Section [TextureQuality@3] File [D:/Charlie/Slime/Slime/Saved/Config/Windows/Scalability.ini]
[2019.05.09-02.55.56:942][  0]LogConfig: Setting CVar [[r.Streaming.MipBias:0]]
[2019.05.09-02.55.56:942][  0]LogConfig: Setting CVar [[r.Streaming.AmortizeCPUToGPUCopy:0]]
[2019.05.09-02.55.56:942][  0]LogConfig: Setting CVar [[r.Streaming.MaxNumTexturesToStreamPerFrame:0]]
[2019.05.09-02.55.56:942][  0]LogConfig: Setting CVar [[r.Streaming.Boost:1]]
[2019.05.09-02.55.56:942][  0]LogConfig: Setting CVar [[r.MaxAnisotropy:8]]
[2019.05.09-02.55.56:942][  0]LogConfig: Setting CVar [[r.Streaming.LimitPoolSizeToVRAM:0]]
[2019.05.09-02.55.56:942][  0]LogConfig: Setting CVar [[r.Streaming.PoolSize:1000]]
[2019.05.09-02.55.56:943][  0]LogConfig: Setting CVar [[r.Streaming.MaxEffectiveScreenSize:0]]
[2019.05.09-02.55.56:943][  0]LogConfig: Applying CVar settings from Section [EffectsQuality@3] File [D:/Charlie/Slime/Slime/Saved/Config/Windows/Scalability.ini]
[2019.05.09-02.55.56:943][  0]LogConfig: Setting CVar [[r.TranslucencyLightingVolumeDim:64]]
[2019.05.09-02.55.56:943][  0]LogConfig: Setting CVar [[r.RefractionQuality:2]]
[2019.05.09-02.55.56:943][  0]LogConfig: Setting CVar [[r.SSR.Quality:3]]
[2019.05.09-02.55.56:943][  0]LogConfig: Setting CVar [[r.SceneColorFormat:4]]
[2019.05.09-02.55.56:943][  0]LogConfig: Setting CVar [[r.DetailMode:2]]
[2019.05.09-02.55.56:943][  0]LogConfig: Setting CVar [[r.TranslucencyVolumeBlur:1]]
[2019.05.09-02.55.56:943][  0]LogConfig: Setting CVar [[r.MaterialQualityLevel:1 ; High quality]]
[2019.05.09-02.55.56:943][  0]LogConfig: Setting CVar [[r.SSS.Scale:1]]
[2019.05.09-02.55.56:944][  0]LogConfig: Setting CVar [[r.SSS.SampleSet:2]]
[2019.05.09-02.55.56:944][  0]LogConfig: Setting CVar [[r.SSS.Quality:1]]
[2019.05.09-02.55.56:944][  0]LogConfig: Setting CVar [[r.SSS.HalfRes:1]]
[2019.05.09-02.55.56:944][  0]LogConfig: Setting CVar [[r.EmitterSpawnRateScale:1.0]]
[2019.05.09-02.55.56:944][  0]LogConfig: Setting CVar [[r.ParticleLightQuality:2]]
[2019.05.09-02.55.56:944][  0]LogConfig: Applying CVar settings from Section [FoliageQuality@3] File [D:/Charlie/Slime/Slime/Saved/Config/Windows/Scalability.ini]
[2019.05.09-02.55.56:944][  0]LogConfig: Setting CVar [[foliage.DensityScale:1.0]]
[2019.05.09-02.55.56:944][  0]LogConfig: Setting CVar [[grass.DensityScale:1.0]]
[2019.05.09-02.55.56:945][  0]LogInit: Selected Device Profile: [Windows]
[2019.05.09-02.55.56:945][  0]LogInit: Applying CVar settings loaded from the selected device profile: [Windows]
[2019.05.09-02.55.56:960][  0]LogHAL: Display: Platform has ~ 32 GB [34310209536 / 34359738368 / 32], which maps to Largest [LargestMinGB=32, LargerMinGB=12, DefaultMinGB=8, SmallerMinGB=6, SmallestMinGB=0)
[2019.05.09-02.55.56:960][  0]LogConfig: Setting CVar [[r.Vulkan.UseRealUBs:1]]
[2019.05.09-02.55.56:960][  0]LogInit: Going up to parent DeviceProfile []
[2019.05.09-02.55.56:960][  0]LogConfig: Applying CVar settings from Section [ViewDistanceQuality@3] File [D:/Charlie/Slime/Slime/Saved/Config/Windows/Scalability.ini]
[2019.05.09-02.55.56:960][  0]LogConfig: Setting CVar [[r.SkeletalMeshLODBias:0]]
[2019.05.09-02.55.56:960][  0]LogConfig: Setting CVar [[r.ViewDistanceScale:1.0]]
[2019.05.09-02.55.56:960][  0]LogConfig: Applying CVar settings from Section [AntiAliasingQuality@3] File [D:/Charlie/Slime/Slime/Saved/Config/Windows/Scalability.ini]
[2019.05.09-02.55.56:960][  0]LogConfig: Setting CVar [[r.PostProcessAAQuality:4]]
[2019.05.09-02.55.56:960][  0]LogConfig: Applying CVar settings from Section [ShadowQuality@3] File [D:/Charlie/Slime/Slime/Saved/Config/Windows/Scalability.ini]
[2019.05.09-02.55.56:961][  0]LogConfig: Setting CVar [[r.LightFunctionQuality:1]]
[2019.05.09-02.55.56:961][  0]LogConfig: Setting CVar [[r.ShadowQuality:5]]
[2019.05.09-02.55.56:961][  0]LogConfig: Setting CVar [[r.Shadow.CSM.MaxCascades:10]]
[2019.05.09-02.55.56:961][  0]LogConfig: Setting CVar [[r.Shadow.MaxResolution:2048]]
[2019.05.09-02.55.56:961][  0]LogConfig: Setting CVar [[r.Shadow.MaxCSMResolution:2048]]
[2019.05.09-02.55.56:961][  0]LogConfig: Setting CVar [[r.Shadow.RadiusThreshold:0.01]]
[2019.05.09-02.55.56:961][  0]LogConfig: Setting CVar [[r.Shadow.DistanceScale:1.0]]
[2019.05.09-02.55.56:961][  0]LogConfig: Setting CVar [[r.Shadow.CSM.TransitionScale:1.0]]
[2019.05.09-02.55.56:961][  0]LogConfig: Setting CVar [[r.Shadow.PreShadowResolutionFactor:1.0]]
[2019.05.09-02.55.56:961][  0]LogConfig: Setting CVar [[r.DistanceFieldShadowing:1]]
[2019.05.09-02.55.56:961][  0]LogConfig: Setting CVar [[r.DistanceFieldAO:1]]
[2019.05.09-02.55.56:962][  0]LogConfig: Setting CVar [[r.AOQuality:2]]
[2019.05.09-02.55.56:962][  0]LogConfig: Setting CVar [[r.VolumetricFog:1]]
[2019.05.09-02.55.56:962][  0]LogConfig: Setting CVar [[r.VolumetricFog.GridPixelSize:8]]
[2019.05.09-02.55.56:962][  0]LogConfig: Setting CVar [[r.VolumetricFog.GridSizeZ:128]]
[2019.05.09-02.55.56:962][  0]LogConfig: Setting CVar [[r.VolumetricFog.HistoryMissSupersampleCount:4]]
[2019.05.09-02.55.56:962][  0]LogConfig: Setting CVar [[r.LightMaxDrawDistanceScale:1]]
[2019.05.09-02.55.56:962][  0]LogConfig: Setting CVar [[r.CapsuleShadows:1]]
[2019.05.09-02.55.56:962][  0]LogConfig: Applying CVar settings from Section [PostProcessQuality@3] File [D:/Charlie/Slime/Slime/Saved/Config/Windows/Scalability.ini]
[2019.05.09-02.55.56:962][  0]LogConfig: Setting CVar [[r.MotionBlurQuality:4]]
[2019.05.09-02.55.56:962][  0]LogConfig: Setting CVar [[r.AmbientOcclusionMipLevelFactor:0.4]]
[2019.05.09-02.55.56:963][  0]LogConfig: Setting CVar [[r.AmbientOcclusionMaxQuality:100]]
[2019.05.09-02.55.56:963][  0]LogConfig: Setting CVar [[r.AmbientOcclusionLevels:-1]]
[2019.05.09-02.55.56:963][  0]LogConfig: Setting CVar [[r.AmbientOcclusionRadiusScale:1.0]]
[2019.05.09-02.55.56:963][  0]LogConfig: Setting CVar [[r.DepthOfFieldQuality:2]]
[2019.05.09-02.55.56:963][  0]LogConfig: Setting CVar [[r.RenderTargetPoolMin:400]]
[2019.05.09-02.55.56:963][  0]LogConfig: Setting CVar [[r.LensFlareQuality:2]]
[2019.05.09-02.55.56:963][  0]LogConfig: Setting CVar [[r.SceneColorFringeQuality:1]]
[2019.05.09-02.55.56:963][  0]LogConfig: Setting CVar [[r.EyeAdaptationQuality:2]]
[2019.05.09-02.55.56:963][  0]LogConfig: Setting CVar [[r.BloomQuality:5]]
[2019.05.09-02.55.56:963][  0]LogConfig: Setting CVar [[r.FastBlurThreshold:100]]
[2019.05.09-02.55.56:964][  0]LogConfig: Setting CVar [[r.Upscale.Quality:3]]
[2019.05.09-02.55.56:964][  0]LogConfig: Setting CVar [[r.Tonemapper.GrainQuantization:1]]
[2019.05.09-02.55.56:964][  0]LogConfig: Setting CVar [[r.LightShaftQuality:1]]
[2019.05.09-02.55.56:964][  0]LogConfig: Setting CVar [[r.Filter.SizeScale:1]]
[2019.05.09-02.55.56:964][  0]LogConfig: Setting CVar [[r.Tonemapper.Quality:5]]
[2019.05.09-02.55.56:964][  0]LogConfig: Setting CVar [[r.DOF.Gather.AccumulatorQuality:1        ; higher gathering accumulator quality]]
[2019.05.09-02.55.56:964][  0]LogConfig: Setting CVar [[r.DOF.Gather.PostfilterMethod:1          ; Median3x3 postfilering method]]
[2019.05.09-02.55.56:964][  0]LogConfig: Setting CVar [[r.DOF.Gather.EnableBokehSettings:0       ; no bokeh simulation when gathering]]
[2019.05.09-02.55.56:964][  0]LogConfig: Setting CVar [[r.DOF.Gather.RingCount:4                 ; medium number of samples when gathering]]
[2019.05.09-02.55.56:965][  0]LogConfig: Setting CVar [[r.DOF.Scatter.ForegroundCompositing:1    ; additive foreground scattering]]
[2019.05.09-02.55.56:965][  0]LogConfig: Setting CVar [[r.DOF.Scatter.BackgroundCompositing:2    ; additive background scattering]]
[2019.05.09-02.55.56:965][  0]LogConfig: Setting CVar [[r.DOF.Scatter.EnableBokehSettings:1      ; bokeh simulation when scattering]]
[2019.05.09-02.55.56:965][  0]LogConfig: Setting CVar [[r.DOF.Scatter.MaxSpriteRatio:0.1         ; only a maximum of 10% of scattered bokeh]]
[2019.05.09-02.55.56:965][  0]LogConfig: Setting CVar [[r.DOF.Recombine.Quality:1                ; cheap slight out of focus]]
[2019.05.09-02.55.56:965][  0]LogConfig: Setting CVar [[r.DOF.Recombine.EnableBokehSettings:0    ; no bokeh simulation on slight out of focus]]
[2019.05.09-02.55.56:965][  0]LogConfig: Setting CVar [[r.DOF.TemporalAAQuality:1                ; more stable temporal accumulation]]
[2019.05.09-02.55.56:965][  0]LogConfig: Setting CVar [[r.DOF.Kernel.MaxForegroundRadius:0.025]]
[2019.05.09-02.55.56:965][  0]LogConfig: Setting CVar [[r.DOF.Kernel.MaxBackgroundRadius:0.025]]
[2019.05.09-02.55.56:965][  0]LogConfig: Applying CVar settings from Section [TextureQuality@3] File [D:/Charlie/Slime/Slime/Saved/Config/Windows/Scalability.ini]
[2019.05.09-02.55.56:966][  0]LogConfig: Setting CVar [[r.Streaming.MipBias:0]]
[2019.05.09-02.55.56:966][  0]LogConfig: Setting CVar [[r.Streaming.AmortizeCPUToGPUCopy:0]]
[2019.05.09-02.55.56:966][  0]LogConfig: Setting CVar [[r.Streaming.MaxNumTexturesToStreamPerFrame:0]]
[2019.05.09-02.55.56:966][  0]LogConfig: Setting CVar [[r.Streaming.Boost:1]]
[2019.05.09-02.55.56:966][  0]LogConfig: Setting CVar [[r.MaxAnisotropy:8]]
[2019.05.09-02.55.56:966][  0]LogConfig: Setting CVar [[r.Streaming.LimitPoolSizeToVRAM:0]]
[2019.05.09-02.55.56:966][  0]LogConfig: Setting CVar [[r.Streaming.PoolSize:1000]]
[2019.05.09-02.55.56:966][  0]LogConfig: Setting CVar [[r.Streaming.MaxEffectiveScreenSize:0]]
[2019.05.09-02.55.56:966][  0]LogConfig: Applying CVar settings from Section [EffectsQuality@3] File [D:/Charlie/Slime/Slime/Saved/Config/Windows/Scalability.ini]
[2019.05.09-02.55.56:967][  0]LogConfig: Setting CVar [[r.TranslucencyLightingVolumeDim:64]]
[2019.05.09-02.55.56:967][  0]LogConfig: Setting CVar [[r.RefractionQuality:2]]
[2019.05.09-02.55.56:967][  0]LogConfig: Setting CVar [[r.SSR.Quality:3]]
[2019.05.09-02.55.56:967][  0]LogConfig: Setting CVar [[r.SceneColorFormat:4]]
[2019.05.09-02.55.56:967][  0]LogConfig: Setting CVar [[r.DetailMode:2]]
[2019.05.09-02.55.56:967][  0]LogConfig: Setting CVar [[r.TranslucencyVolumeBlur:1]]
[2019.05.09-02.55.56:967][  0]LogConfig: Setting CVar [[r.MaterialQualityLevel:1 ; High quality]]
[2019.05.09-02.55.56:967][  0]LogConfig: Setting CVar [[r.SSS.Scale:1]]
[2019.05.09-02.55.56:967][  0]LogConfig: Setting CVar [[r.SSS.SampleSet:2]]
[2019.05.09-02.55.56:967][  0]LogConfig: Setting CVar [[r.SSS.Quality:1]]
[2019.05.09-02.55.56:967][  0]LogConfig: Setting CVar [[r.SSS.HalfRes:1]]
[2019.05.09-02.55.56:968][  0]LogConfig: Setting CVar [[r.EmitterSpawnRateScale:1.0]]
[2019.05.09-02.55.56:968][  0]LogConfig: Setting CVar [[r.ParticleLightQuality:2]]
[2019.05.09-02.55.56:968][  0]LogConfig: Applying CVar settings from Section [FoliageQuality@3] File [D:/Charlie/Slime/Slime/Saved/Config/Windows/Scalability.ini]
[2019.05.09-02.55.56:968][  0]LogConfig: Setting CVar [[foliage.DensityScale:1.0]]
[2019.05.09-02.55.56:968][  0]LogConfig: Setting CVar [[grass.DensityScale:1.0]]
[2019.05.09-02.55.56:968][  0]LogConfig: Applying CVar settings from Section [Startup] File [../../../Engine/Config/ConsoleVariables.ini]
[2019.05.09-02.55.56:968][  0]LogConfig: Setting CVar [[net.UseAdaptiveNetUpdateFrequency:0]]
[2019.05.09-02.55.56:969][  0]LogConfig: Applying CVar settings from Section [ConsoleVariables] File [D:/Charlie/Slime/Slime/Saved/Config/Windows/Engine.ini]
[2019.05.09-02.55.56:969][  0]LogInit: Computer: DESKTOP-F5V9220
[2019.05.09-02.55.56:969][  0]LogInit: User: PlayWest
[2019.05.09-02.55.56:969][  0]LogInit: CPU Page size=4096, Cores=4
[2019.05.09-02.55.56:969][  0]LogInit: High frequency timer resolution =2.435778 MHz
[2019.05.09-02.55.56:969][  0]LogMemory: Memory total: Physical=32.0GB (32GB approx)
[2019.05.09-02.55.56:970][  0]LogMemory: Platform Memory Stats for Windows
[2019.05.09-02.55.56:970][  0]LogMemory: Process Physical Memory: 108.16 MB used, 108.16 MB peak
[2019.05.09-02.55.56:970][  0]LogMemory: Process Virtual Memory: 89.78 MB used, 89.78 MB peak
[2019.05.09-02.55.56:970][  0]LogMemory: Physical Memory: 11311.10 MB used,  21409.67 MB free, 32720.77 MB total
[2019.05.09-02.55.56:970][  0]LogMemory: Virtual Memory: 4646.71 MB used,  134213080.00 MB free, 134217728.00 MB total
[2019.05.09-02.55.57:128][  0]LogInit: Using OS detected language (en-GB).
[2019.05.09-02.55.57:128][  0]LogInit: Using OS detected locale (en-GB).
[2019.05.09-02.55.57:130][  0]LogTextLocalizationManager: No specific localization for 'en-GB' exists, so the 'en' localization will be used.
[2019.05.09-02.55.57:606][  0]LogStreaming: Display: Took  0.478s to InitEngineTextLocalization.
[2019.05.09-02.55.57:607][  0]LogInit: Setting process to per monitor DPI aware
[2019.05.09-02.55.57:666][  0]LogSlate: New Slate User Created.  User Index 0, Is Virtual User: 0
[2019.05.09-02.55.57:666][  0]LogSlate: Slate User Registered.  User Index 0, Is Virtual User: 0
[2019.05.09-02.55.58:395][  0]LogHMD: Failed to initialize OpenVR with code 126
[2019.05.09-02.55.58:395][  0]LogD3D11RHI: D3D11 adapters:
[2019.05.09-02.55.58:710][  0]LogD3D11RHI:    0. 'NVIDIA GeForce GTX 980M' (Feature Level 11_0)
[2019.05.09-02.55.58:711][  0]LogD3D11RHI:       8144/0/16360 MB DedicatedVideo/DedicatedSystem/SharedSystem, Outputs:2, VendorId:0x10de
[2019.05.09-02.55.58:728][  0]LogD3D11RHI:    1. 'Microsoft Basic Render Driver' (Feature Level 11_0)
[2019.05.09-02.55.58:728][  0]LogD3D11RHI:       0/0/16360 MB DedicatedVideo/DedicatedSystem/SharedSystem, Outputs:0, VendorId:0x1414
[2019.05.09-02.55.58:728][  0]LogD3D11RHI: Chosen D3D11 Adapter: 0
[2019.05.09-02.55.58:740][  0]LogD3D11RHI: Creating new Direct3DDevice
[2019.05.09-02.55.58:741][  0]LogD3D11RHI:     GPU DeviceId: 0x13d7 (for the marketing name, search the web for "GPU Device Id")
[2019.05.09-02.55.58:741][  0]LogWindows: EnumDisplayDevices:
[2019.05.09-02.55.58:741][  0]LogWindows:    0. 'NVIDIA GeForce GTX 980M' (P:0 D:1)
[2019.05.09-02.55.58:742][  0]LogWindows:    1. 'NVIDIA GeForce GTX 980M' (P:1 D:1)
[2019.05.09-02.55.58:743][  0]LogWindows:    2. 'NVIDIA GeForce GTX 980M' (P:0 D:0)
[2019.05.09-02.55.58:743][  0]LogWindows:    3. 'NVIDIA GeForce GTX 980M' (P:0 D:0)
[2019.05.09-02.55.58:744][  0]LogWindows: DebugString: FoundDriverCount:4 
[2019.05.09-02.55.58:744][  0]LogD3D11RHI:     Adapter Name: NVIDIA GeForce GTX 980M
[2019.05.09-02.55.58:744][  0]LogD3D11RHI:   Driver Version: 418.91 (internal:25.21.14.1891, unified:418.91)
[2019.05.09-02.55.58:744][  0]LogD3D11RHI:      Driver Date: 2-6-2019
[2019.05.09-02.55.58:744][  0]LogRHI: Texture pool is 5701 MB (70% of 8144 MB)
[2019.05.09-02.55.58:933][  0]LogD3D11RHI: Async texture creation enabled
[2019.05.09-02.55.59:000][  0]LogD3D11RHI: GPU Timing Frequency: 1000.000000 (Debug: 2 1)
[2019.05.09-02.55.59:516][  0]LogTemp: Display: Loaded TP AllDesktopTargetPlatform
[2019.05.09-02.55.59:538][  0]LogTemp: Display: Loaded TP MacClientTargetPlatform
[2019.05.09-02.55.59:558][  0]LogTemp: Display: Loaded TP MacNoEditorTargetPlatform
[2019.05.09-02.55.59:577][  0]LogTemp: Display: Loaded TP MacServerTargetPlatform
[2019.05.09-02.55.59:596][  0]LogTemp: Display: Loaded TP MacTargetPlatform
[2019.05.09-02.55.59:616][  0]LogTemp: Display: Loaded TP WindowsClientTargetPlatform
[2019.05.09-02.55.59:634][  0]LogTemp: Display: Loaded TP WindowsNoEditorTargetPlatform
[2019.05.09-02.55.59:653][  0]LogTemp: Display: Loaded TP WindowsServerTargetPlatform
[2019.05.09-02.55.59:665][  0]LogTemp: Display: Loaded TP WindowsTargetPlatform
[2019.05.09-02.55.59:774][  0]LogTemp: Display: Loaded TP AndroidTargetPlatform
[2019.05.09-02.55.59:774][  0]LogTemp: Display: Loaded TP AndroidTargetPlatform
[2019.05.09-02.55.59:774][  0]LogTemp: Display: Loaded TP AndroidTargetPlatform
[2019.05.09-02.55.59:774][  0]LogTemp: Display: Loaded TP AndroidTargetPlatform
[2019.05.09-02.55.59:774][  0]LogTemp: Display: Loaded TP AndroidTargetPlatform
[2019.05.09-02.55.59:774][  0]LogTemp: Display: Loaded TP AndroidTargetPlatform
[2019.05.09-02.55.59:774][  0]LogTemp: Display: Loaded TP AndroidTargetPlatform
[2019.05.09-02.55.59:774][  0]LogTemp: Display: Loaded TP AndroidTargetPlatform
[2019.05.09-02.55.59:775][  0]LogTemp: Display: Loaded TP AndroidTargetPlatform
[2019.05.09-02.55.59:775][  0]LogTemp: Display: Loaded TP AndroidTargetPlatform
[2019.05.09-02.55.59:775][  0]LogTemp: Display: Loaded TP AndroidTargetPlatform
[2019.05.09-02.55.59:775][  0]LogTemp: Display: Loaded TP AndroidTargetPlatform
[2019.05.09-02.55.59:775][  0]LogTemp: Display: Loaded TP AndroidTargetPlatform
[2019.05.09-02.55.59:775][  0]LogTemp: Display: Loaded TP AndroidTargetPlatform
[2019.05.09-02.55.59:775][  0]LogTemp: Display: Loaded TP AndroidTargetPlatform
[2019.05.09-02.55.59:775][  0]LogTemp: Display: Loaded TP AndroidTargetPlatform
[2019.05.09-02.55.59:775][  0]LogTemp: Display: Loaded TP AndroidTargetPlatform
[2019.05.09-02.55.59:775][  0]LogTemp: Display: Loaded TP AndroidTargetPlatform
[2019.05.09-02.55.59:781][  0]LogTemp: Display: Loaded TP HTML5TargetPlatform
[2019.05.09-02.55.59:868][  0]LogTemp: Display: Loaded TP IOSTargetPlatform
[2019.05.09-02.55.59:868][  0]LogTemp: Display: Loaded TP IOSTargetPlatform
[2019.05.09-02.55.59:902][  0]LogTemp: Display: Loaded TP TVOSTargetPlatform
[2019.05.09-02.55.59:902][  0]LogTemp: Display: Loaded TP TVOSTargetPlatform
[2019.05.09-02.55.59:925][  0]LogTemp: Display: Loaded TP LinuxClientTargetPlatform
[2019.05.09-02.55.59:945][  0]LogTemp: Display: Loaded TP LinuxNoEditorTargetPlatform
[2019.05.09-02.55.59:965][  0]LogTemp: Display: Loaded TP LinuxServerTargetPlatform
[2019.05.09-02.55.59:989][  0]LogTemp: Display: Loaded TP LinuxTargetPlatform
[2019.05.09-02.56.00:062][  0]LogTemp: Display: Loaded TP LuminTargetPlatform
[2019.05.09-02.56.00:062][  0]LogTemp: Display: Loaded TP LuminTargetPlatform
[2019.05.09-02.56.00:062][  0]LogTargetPlatformManager: Display: Building Assets For Windows
[2019.05.09-02.56.00:235][  0]LogShaderCompilers: Guid format shader working directory is 14 characters bigger than the processId version (../../../../../Charlie/Slime/Slime/Intermediate/Shaders/WorkingDirectory/16568/).
[2019.05.09-02.56.00:236][  0]LogShaderCompilers: Cleaned the shader compiler working directory 'C:/Users/PlayWest/AppData/Local/Temp/UnrealShaderWorkingDir/61F2DD7642DD15B2A7E4C094474B35A1/'.
[2019.05.09-02.56.00:238][  0]LogXGEController: Cleaning working directory: C:/Users/PlayWest/AppData/Local/Temp/UnrealXGEWorkingDir/
[2019.05.09-02.56.00:239][  0]LogXGEController: Cannot use XGE Controller as Incredibuild is not installed on this machine.
[2019.05.09-02.56.00:239][  0]LogShaderCompilers: Cannot use XGE Shader Compiler as Incredibuild is not installed on this machine.
[2019.05.09-02.56.00:239][  0]LogShaderCompilers: Display: Using Local Shader Compiler.
[2019.05.09-02.56.00:912][  0]LogDerivedDataCache: Display: Max Cache Size: 512 MB
[2019.05.09-02.56.01:414][  0]LogDerivedDataCache: Loaded boot cache 0.50s 458MB C:/Users/PlayWest/AppData/Local/UnrealEngine/4.21/DerivedDataCache/Boot.ddc.
[2019.05.09-02.56.01:414][  0]LogDerivedDataCache: Display: Loaded Boot cache: C:/Users/PlayWest/AppData/Local/UnrealEngine/4.21/DerivedDataCache/Boot.ddc
[2019.05.09-02.56.01:415][  0]LogDerivedDataCache: FDerivedDataBackendGraph:  Pak pak cache file ../../../../../Charlie/Slime/Slime/DerivedDataCache/DDC.ddp not found, will not use a pak cache.
[2019.05.09-02.56.01:415][  0]LogDerivedDataCache: Unable to find inner node Pak for hierarchical cache Hierarchy.
[2019.05.09-02.56.01:415][  0]LogDerivedDataCache: FDerivedDataBackendGraph:  CompressedPak pak cache file ../../../../../Charlie/Slime/Slime/DerivedDataCache/Compressed.ddp not found, will not use a pak cache.
[2019.05.09-02.56.01:415][  0]LogDerivedDataCache: Unable to find inner node CompressedPak for hierarchical cache Hierarchy.
[2019.05.09-02.56.01:434][  0]LogDerivedDataCache: Display: Pak cache opened for reading ../../../Engine/DerivedDataCache/Compressed.ddp.
[2019.05.09-02.56.01:434][  0]LogDerivedDataCache: FDerivedDataBackendGraph:  EnterprisePak pak cache file ../../../Enterprise/DerivedDataCache/Compressed.ddp not found, will not use a pak cache.
[2019.05.09-02.56.01:435][  0]LogDerivedDataCache: Unable to find inner node EnterprisePak for hierarchical cache Hierarchy.
[2019.05.09-02.56.01:450][  0]LogDerivedDataCache: Using Local data cache path C:/Users/PlayWest/AppData/Local/UnrealEngine/Common/DerivedDataCache: Writable
[2019.05.09-02.56.01:450][  0]LogDerivedDataCache: Shared data cache path not found in *engine.ini, will not use an Shared cache.
[2019.05.09-02.56.01:450][  0]LogDerivedDataCache: Unable to find inner node Shared for hierarchical cache Hierarchy.
[2019.05.09-02.56.01:478][  0]LogMaterial: Verifying Global Shaders for PCD3D_SM5
[2019.05.09-02.56.01:481][  0]LogSlate: Using FreeType 2.6.0
[2019.05.09-02.56.01:482][  0]LogSlate: SlateFontServices - WITH_FREETYPE: 1, WITH_HARFBUZZ: 1
[2019.05.09-02.56.01:603][  0]LogAssetRegistry: FAssetRegistry took 0.0412 seconds to start up
[2019.05.09-02.56.02:123][  0]LogInit: Selected Device Profile: [Windows]
[2019.05.09-02.56.02:438][  0]LogSimplygon: Simplygon DLL not present - disabling.
[2019.05.09-02.56.02:455][  0]LogMeshReduction: Using SimplygonSwarm for distributed automatic mesh merging
[2019.05.09-02.56.02:456][  0]LogMeshReduction: Using ProxyLODMeshReduction for automatic mesh merging
[2019.05.09-02.56.02:456][  0]LogMeshReduction: Using QuadricMeshReduction for automatic static mesh reduction
[2019.05.09-02.56.02:456][  0]LogMeshReduction: No automatic skeletal mesh reduction module available
[2019.05.09-02.56.02:487][  0]LogNetVersion: Slime 1.0.0, NetCL: 4541578, EngineNetVer: 5, GameNetVer: 0 (Checksum: 858269732)
[2019.05.09-02.56.03:409][  0]LogPackageLocalizationCache: Processed 11 localized package path(s) for 2 prioritized culture(s) in 0.156947 seconds
[2019.05.09-02.56.03:417][  0]LogUObjectArray: 39775 objects as part of root set at end of initial load.
[2019.05.09-02.56.03:417][  0]LogUObjectAllocator: 6914664 out of 0 bytes used by permanent object pool.
[2019.05.09-02.56.03:417][  0]LogUObjectArray: CloseDisregardForGC: 0/0 objects in disregard for GC pool
[2019.05.09-02.56.04:777][  0]LogTcpMessaging: Initializing TcpMessaging bridge
[2019.05.09-02.56.04:798][  0]LogUdpMessaging: Initializing bridge on interface 0.0.0.0:0 to multicast group 230.0.0.1:6666.
[2019.05.09-02.56.07:019][  0]SourceControl: Source control is disabled
[2019.05.09-02.56.07:019][  0]SourceControl: Source control is disabled
[2019.05.09-02.56.07:027][  0]SourceControl: Source control is disabled
[2019.05.09-02.56.07:034][  0]SourceControl: Source control is disabled
[2019.05.09-02.56.07:383][  0]LogAndroidPermission: UAndroidPermissionCallbackProxy::GetInstance
[2019.05.09-02.56.07:706][  0]LogOcInput: OculusInput pre-init called
[2019.05.09-02.56.07:891][  0]LogEngine: Initializing Engine...
[2019.05.09-02.56.08:652][  0]LogHMD: Failed to initialize OpenVR with code 126
[2019.05.09-02.56.08:654][  0]LogStats: UGameplayTagsManager::ConstructGameplayTagTree: ImportINI prefixes -  0.000 s
[2019.05.09-02.56.08:654][  0]LogStats: UGameplayTagsManager::ConstructGameplayTagTree: Construct from data asset -  0.000 s
[2019.05.09-02.56.08:654][  0]LogStats: UGameplayTagsManager::ConstructGameplayTagTree: ImportINI -  0.000 s
[2019.05.09-02.56.08:654][  0]LogStats: UGameplayTagsManager::ConstructGameplayTagTree: GameplayTagTreeChangedEvent.Broadcast -  0.000 s
[2019.05.09-02.56.08:969][  0]LogInit: Initializing FReadOnlyCVARCache
[2019.05.09-02.56.08:991][  0]LogAIModule: Creating AISystem for world Untitled
[2019.05.09-02.56.09:072][  0]LogInit: XAudio2 using 'Speakers (Realtek High Definition Audio)' : 2 channels at 48 kHz using 32 bits per sample (channel mask 0x3)
[2019.05.09-02.56.09:379][  0]LogInit: FAudioDevice initialized.
[2019.05.09-02.56.09:380][  0]LogNetVersion: Set ProjectVersion to 1.0.0.0. Version Checksum will be recalculated on next use.
[2019.05.09-02.56.13:296][  0]LogDerivedDataCache: Saved boot cache 3.92s 458MB C:/Users/PlayWest/AppData/Local/UnrealEngine/4.21/DerivedDataCache/Boot.ddc.
[2019.05.09-02.56.13:367][  0]LogInit: Texture streaming: Enabled
[2019.05.09-02.56.13:400][  0]LogEngineSessionManager: EngineSessionManager initialized
[2019.05.09-02.56.13:417][  0]LogInit: Transaction tracking system initialized
[2019.05.09-02.56.13:468][  0]BlueprintLog: New page: Editor Load
[2019.05.09-02.56.13:687][  0]LocalizationService: Localization service is disabled
[2019.05.09-02.56.14:369][  0]LogFileCache: Scanning file cache for directory 'D:/Charlie/Slime/Slime/Content/' took 0.02s
[2019.05.09-02.56.14:369][  0]LogCook: Display: Max memory allowance for cook 16384mb min free memory 0mb
[2019.05.09-02.56.14:369][  0]LogCook: Display: Mobile HDR setting 1
[2019.05.09-02.56.14:370][  0]LogGameplayTags: Display: UGameplayTagsManager::DoneAddingNativeTags. DelegateIsBound: 0
[2019.05.09-02.56.14:370][  0]LogStats: UGameplayTagsManager::ConstructGameplayTagTree: ImportINI prefixes -  0.000 s
[2019.05.09-02.56.14:370][  0]LogStats: UGameplayTagsManager::ConstructGameplayTagTree: Construct from data asset -  0.000 s
[2019.05.09-02.56.14:370][  0]LogStats: UGameplayTagsManager::ConstructGameplayTagTree: ImportINI -  0.000 s
[2019.05.09-02.56.14:370][  0]LogStats: UGameplayTagsManager::ConstructGameplayTagTree: GameplayTagTreeChangedEvent.Broadcast -  0.000 s
[2019.05.09-02.56.14:655][  0]SourceControl: Source control is disabled
[2019.05.09-02.56.14:655][  0]Cmd: MAP LOAD FILE="../../../../../Charlie/Slime/Slime/Content/FirstPersonCPP/Maps/FirstPersonExampleMap.umap" TEMPLATE=0 SHOWPROGRESS=1 FEATURELEVEL=3
[2019.05.09-02.56.14:656][  0]LightingResults: New page: Lighting Build
[2019.05.09-02.56.14:659][  0]MapCheck: New page: Map Check
[2019.05.09-02.56.14:660][  0]LightingResults: New page: Lighting Build
[2019.05.09-02.56.14:905][  0]LogAIModule: Creating AISystem for world FirstPersonExampleMap
[2019.05.09-02.56.14:916][  0]LogEditorServer: Finished looking for orphan Actors (0.000 secs)
[2019.05.09-02.56.14:978][  0]Cmd: MAP CHECKDEP NOCLEARLOG
[2019.05.09-02.56.14:978][  0]MapCheck: Map check complete: 0 Error(s), 0 Warning(s), took 0.208ms to complete.
[2019.05.09-02.56.14:978][  0]LogFileHelpers: Loading map 'FirstPersonExampleMap' took 0.323
[2019.05.09-02.56.15:132][  0]LogSlate: Updating window title bar state: overlay mode, drag disabled, window buttons hidden, title bar hidden
[2019.05.09-02.56.15:142][  0]LogSlate: Updating window title bar state: overlay mode, drag disabled, window buttons hidden, title bar hidden
[2019.05.09-02.56.15:152][  0]LogSlate: Updating window title bar state: overlay mode, drag disabled, window buttons hidden, title bar hidden
[2019.05.09-02.56.15:163][  0]LogSlate: Updating window title bar state: overlay mode, drag disabled, window buttons hidden, title bar hidden
[2019.05.09-02.56.15:176][  0]LogCollectionManager: Loaded 0 collections in 0.001933 seconds
[2019.05.09-02.56.15:229][  0]LogFileCache: Scanning file cache for directory 'D:/Charlie/Slime/Slime/Saved/Collections/' took 0.02s
[2019.05.09-02.56.15:229][  0]LogFileCache: Scanning file cache for directory 'D:/Charlie/Slime/Slime/Content/Developers/PlayWest/Collections/' took 0.01s
[2019.05.09-02.56.15:229][  0]LogFileCache: Scanning file cache for directory 'D:/Charlie/Slime/Slime/Content/Collections/' took 0.02s
[2019.05.09-02.56.15:229][  0]LogCollectionManager: Rebuilt the GUID cache for 0 collections in 0.000000 seconds
[2019.05.09-02.56.15:243][  0]LogContentBrowser: Native class hierarchy populated in 0.0134 seconds. Added 2656 classes and 622 folders.
[2019.05.09-02.56.15:251][  0]LogContentBrowser: Native class hierarchy updated for 'WidgetCarousel' in 0.0007 seconds. Added 0 classes and 0 folders.
[2019.05.09-02.56.15:254][  0]LogPakFile: Registered encryption key '00000000000000000000000000000000': 0 pak files mounted, 0 remain pending
[2019.05.09-02.56.15:257][  0]LogPakFile: Registered encryption key '00000000000000000000000000000000': 0 pak files mounted, 0 remain pending
[2019.05.09-02.56.15:258][  0]LogPakFile: Registered encryption key '00000000000000000000000000000000': 0 pak files mounted, 0 remain pending
[2019.05.09-02.56.15:259][  0]LogPakFile: Registered encryption key '00000000000000000000000000000000': 0 pak files mounted, 0 remain pending
[2019.05.09-02.56.15:260][  0]LogPakFile: Registered encryption key '00000000000000000000000000000000': 0 pak files mounted, 0 remain pending
[2019.05.09-02.56.15:261][  0]LogPakFile: Registered encryption key '00000000000000000000000000000000': 0 pak files mounted, 0 remain pending
[2019.05.09-02.56.15:263][  0]LogPakFile: Registered encryption key '00000000000000000000000000000000': 0 pak files mounted, 0 remain pending
[2019.05.09-02.56.15:264][  0]LogPakFile: Registered encryption key '00000000000000000000000000000000': 0 pak files mounted, 0 remain pending
[2019.05.09-02.56.15:265][  0]LogPakFile: Registered encryption key '00000000000000000000000000000000': 0 pak files mounted, 0 remain pending
[2019.05.09-02.56.15:266][  0]LogPakFile: Registered encryption key '00000000000000000000000000000000': 0 pak files mounted, 0 remain pending
[2019.05.09-02.56.15:267][  0]LogPakFile: Registered encryption key '00000000000000000000000000000000': 0 pak files mounted, 0 remain pending
[2019.05.09-02.56.15:268][  0]LogPakFile: Registered encryption key '00000000000000000000000000000000': 0 pak files mounted, 0 remain pending
[2019.05.09-02.56.15:269][  0]LogPakFile: Registered encryption key '00000000000000000000000000000000': 0 pak files mounted, 0 remain pending
[2019.05.09-02.56.15:271][  0]LogPakFile: Registered encryption key '00000000000000000000000000000000': 0 pak files mounted, 0 remain pending
[2019.05.09-02.56.15:272][  0]LogPakFile: Registered encryption key '00000000000000000000000000000000': 0 pak files mounted, 0 remain pending
[2019.05.09-02.56.15:273][  0]LogPakFile: Registered encryption key '00000000000000000000000000000000': 0 pak files mounted, 0 remain pending
[2019.05.09-02.56.15:275][  0]LogPakFile: Registered encryption key '00000000000000000000000000000000': 0 pak files mounted, 0 remain pending
[2019.05.09-02.56.15:276][  0]LogPakFile: Registered encryption key '00000000000000000000000000000000': 0 pak files mounted, 0 remain pending
[2019.05.09-02.56.15:277][  0]LogPakFile: Registered encryption key '00000000000000000000000000000000': 0 pak files mounted, 0 remain pending
[2019.05.09-02.56.15:278][  0]LogPakFile: Registered encryption key '00000000000000000000000000000000': 0 pak files mounted, 0 remain pending
[2019.05.09-02.56.15:280][  0]LogPakFile: Registered encryption key '00000000000000000000000000000000': 0 pak files mounted, 0 remain pending
[2019.05.09-02.56.15:281][  0]LogPakFile: Registered encryption key '00000000000000000000000000000000': 0 pak files mounted, 0 remain pending
[2019.05.09-02.56.15:282][  0]LogPakFile: Registered encryption key '00000000000000000000000000000000': 0 pak files mounted, 0 remain pending
[2019.05.09-02.56.15:284][  0]LogPakFile: Registered encryption key '00000000000000000000000000000000': 0 pak files mounted, 0 remain pending
[2019.05.09-02.56.15:285][  0]LogPakFile: Registered encryption key '00000000000000000000000000000000': 0 pak files mounted, 0 remain pending
[2019.05.09-02.56.15:286][  0]LogPakFile: Registered encryption key '00000000000000000000000000000000': 0 pak files mounted, 0 remain pending
[2019.05.09-02.56.15:393][  0]LogContentBrowser: Native class hierarchy updated for 'AddContentDialog' in 0.0007 seconds. Added 0 classes and 0 folders.
[2019.05.09-02.56.15:407][  0]LogContentBrowser: Native class hierarchy updated for 'SceneOutliner' in 0.0007 seconds. Added 1 classes and 2 folders.
[2019.05.09-02.56.15:430][  0]LogSlate: Took 0.000425 seconds to synchronously load lazily loaded font '../../../Engine/Content/Slate/Fonts/Roboto-Regular.ttf' (155K)
[2019.05.09-02.56.15:435][  0]LogSlate: Took 0.000429 seconds to synchronously load lazily loaded font '../../../Engine/Content/Slate/Fonts/Roboto-Bold.ttf' (160K)
[2019.05.09-02.56.15:446][  0]LogSlate: Took 0.000441 seconds to synchronously load lazily loaded font '../../../Engine/Content/Editor/Slate/Fonts/FontAwesome.ttf' (139K)
[2019.05.09-02.56.15:447][  0]LogSlate: Took 0.000356 seconds to synchronously load lazily loaded font '../../../Engine/Content/Slate/Fonts/DroidSansMono.ttf' (77K)
[2019.05.09-02.56.15:834][  0]LogRenderer: Reallocating scene render targets to support 1160x600 Format 10 NumSamples 1 (Frame:1).
[2019.05.09-02.56.16:652][  0]LogContentBrowser: Native class hierarchy updated for 'HierarchicalLODOutliner' in 0.0006 seconds. Added 0 classes and 0 folders.
[2019.05.09-02.56.16:653][  0]LogLoad: (Engine Initialization) Total time: 24.97 seconds
[2019.05.09-02.56.16:653][  0]LogLoad: (Engine Initialization) Total Blueprint compile time: 0.00 seconds
[2019.05.09-02.56.16:743][  0]LogContentStreaming: Texture pool size now 1000 MB
[2019.05.09-02.56.17:250][  3]LogAssetRegistry: Asset discovery search completed in 15.6741 seconds
[2019.05.09-02.56.17:253][  3]LogCollectionManager: Rebuilt the object cache for 0 collections in 0.000000 seconds (found 0 objects)
[2019.05.09-02.56.17:253][  3]LogCollectionManager: Fixed up redirectors for 0 collections in 0.000445 seconds (updated 0 objects)
[2019.05.09-02.56.21:912][ 17]LogFileCache: Retrieving MD5 hashes for directory 'D:/Charlie/Slime/Slime/Content/' took 5.22s
[2019.05.09-02.56.32:322][ 49]LogSlate: FSceneViewport::OnFocusLost() reason 0
[2019.05.09-02.56.37:482][287]LogTemp: Repeating last play command: Selected Viewport
[2019.05.09-02.56.37:501][287]LogBlueprintUserMessages: Early PlayInEditor Detection: Level '/Game/FirstPersonCPP/Maps/FirstPersonExampleMap.FirstPersonExampleMap:PersistentLevel' has LevelScriptBlueprint '/Game/FirstPersonCPP/Maps/FirstPersonExampleMap.FirstPersonExampleMap:PersistentLevel.FirstPersonExampleMap' with GeneratedClass '/Game/FirstPersonCPP/Maps/FirstPersonExampleMap.FirstPersonExampleMap_C' with ClassGeneratedBy '/Game/FirstPersonCPP/Maps/FirstPersonExampleMap.FirstPersonExampleMap:PersistentLevel.FirstPersonExampleMap'
[2019.05.09-02.56.37:502][287]LogPlayLevel: PlayLevel: No blueprints needed recompiling
[2019.05.09-02.56.37:503][287]PIE: New page: PIE session: FirstPersonExampleMap (9 May 2019 04:56:37)
[2019.05.09-02.56.37:523][287]LogPlayLevel: Creating play world package: /Game/FirstPersonCPP/Maps/UEDPIE_0_FirstPersonExampleMap
[2019.05.09-02.56.37:549][287]LogPlayLevel: PIE: StaticDuplicateObject took: (0.025245s)
[2019.05.09-02.56.37:550][287]LogAIModule: Creating AISystem for world FirstPersonExampleMap
[2019.05.09-02.56.37:551][287]LogPlayLevel: PIE: World Init took: (0.001544s)
[2019.05.09-02.56.37:551][287]LogPlayLevel: PIE: Created PIE world by copying editor world from /Game/FirstPersonCPP/Maps/FirstPersonExampleMap.FirstPersonExampleMap to /Game/FirstPersonCPP/Maps/UEDPIE_0_FirstPersonExampleMap.FirstPersonExampleMap (0.028319s)
[2019.05.09-02.56.37:628][287]LogInit: XAudio2 using 'Speakers (Realtek High Definition Audio)' : 2 channels at 48 kHz using 32 bits per sample (channel mask 0x3)
[2019.05.09-02.56.37:743][287]LogInit: FAudioDevice initialized.
[2019.05.09-02.56.37:806][287]LogLoad: Game class is 'SlimeGameMode'
[2019.05.09-02.56.37:809][287]LogWorld: Bringing World /Game/FirstPersonCPP/Maps/UEDPIE_0_FirstPersonExampleMap.FirstPersonExampleMap up for play (max tick rate 60) at 2019.05.09-03.56.37
[2019.05.09-02.56.37:810][287]LogWorld: Bringing up level for play took: 0.002352
[2019.05.09-02.56.37:835][287]LogContentBrowser: Native class hierarchy updated for 'MovieSceneCapture' in 0.0011 seconds. Added 20 classes and 0 folders.
[2019.05.09-02.56.37:844][287]PIE: Play in editor start time for /Game/FirstPersonCPP/Maps/UEDPIE_0_FirstPersonExampleMap -0.288
[2019.05.09-02.56.37:845][287]LogBlueprintUserMessages: Late PlayInEditor Detection: Level '/Game/FirstPersonCPP/Maps/FirstPersonExampleMap.FirstPersonExampleMap:PersistentLevel' has LevelScriptBlueprint '/Game/FirstPersonCPP/Maps/FirstPersonExampleMap.FirstPersonExampleMap:PersistentLevel.FirstPersonExampleMap' with GeneratedClass '/Game/FirstPersonCPP/Maps/FirstPersonExampleMap.FirstPersonExampleMap_C' with ClassGeneratedBy '/Game/FirstPersonCPP/Maps/FirstPersonExampleMap.FirstPersonExampleMap:PersistentLevel.FirstPersonExampleMap'
[2019.05.09-02.57.09:045][460]LogSlate: FSceneViewport::OnFocusLost() reason 0
[2019.05.09-02.57.19:165][933]Cmd: memreport -full
[2019.05.09-02.57.19:181][934]Cmd: MemReportDeferred -full
LogEngine: MemReportDeferred: saving to ../../../../../Charlie/Slime/Slime/Saved/Profiling/MemReports/UEDPIE_0_FirstPersonExampleMap-Windows-05.09-03.57.19/UEDPIE_0_FirstPersonExampleMap-Windows-09-03.57.19.memreport
Cmd: Mem FromReport
Cmd: LogCountedInstances
Cmd: obj list -alphasort
Cmd: rhi.DumpMemory
Cmd: LogOutStatLevels
Cmd: ListSpawnedActors
Cmd: DumpParticleMem
Cmd: ConfigMem
Cmd: r.DumpRenderTargetPoolMemory
Cmd: ListTextures
Cmd: ListSounds -alphasort
Cmd: ListParticleSystems -alphasort
Cmd: obj list class=SoundWave -alphasort
Cmd: obj list class=SkeletalMesh -alphasort
Cmd: obj list class=StaticMesh -alphasort
Cmd: obj list class=Level -alphasort
Cmd: obj list class=StaticMeshComponent -alphasort
[2019.05.09-02.58.18:251][765]Cmd: memoryplatform
[2019.05.09-02.58.27:753][164]Cmd: stat memoryplatform
[2019.05.09-02.58.29:236][224]LogStats: Warning: There is no thread with id: 11036. Please add thread metadata for this thread.
[2019.05.09-02.59.50:037][656]LogSlate: FSceneViewport::OnFocusLost() reason 2
[2019.05.09-03.08.41:359][117]LogSlate: FSceneViewport::OnFocusLost() reason 2
[2019.05.09-03.08.42:955][198]LogSlate: FSceneViewport::OnFocusLost() reason 2
[2019.05.09-03.08.44:771][307]LogSlate: FSceneViewport::OnFocusLost() reason 2
[2019.05.09-03.10.22:990][ 46]LogSlate: Window 'Editor Preferences' being destroyed
[2019.05.09-03.10.23:003][ 46]LogSlate: Window 'Editor Preferences' being destroyed
[2019.05.09-03.10.26:664][219]LogBlueprintUserMessages: Early EndPlayMap Detection: Level '/Game/FirstPersonCPP/Maps/FirstPersonExampleMap.FirstPersonExampleMap:PersistentLevel' has LevelScriptBlueprint '/Game/FirstPersonCPP/Maps/FirstPersonExampleMap.FirstPersonExampleMap:PersistentLevel.FirstPersonExampleMap' with GeneratedClass '/Game/FirstPersonCPP/Maps/FirstPersonExampleMap.FirstPersonExampleMap_C' with ClassGeneratedBy '/Game/FirstPersonCPP/Maps/FirstPersonExampleMap.FirstPersonExampleMap:PersistentLevel.FirstPersonExampleMap'
[2019.05.09-03.10.26:666][219]LogSlate: Updating window title bar state: overlay mode, drag disabled, window buttons hidden, title bar hidden
[2019.05.09-03.10.26:734][219]LogPlayLevel: Display: Shutting down PIE online subsystems
[2019.05.09-03.10.26:734][219]LogBlueprintUserMessages: Late EndPlayMap Detection: Level '/Game/FirstPersonCPP/Maps/FirstPersonExampleMap.FirstPersonExampleMap:PersistentLevel' has LevelScriptBlueprint '/Game/FirstPersonCPP/Maps/FirstPersonExampleMap.FirstPersonExampleMap:PersistentLevel.FirstPersonExampleMap' with GeneratedClass '/Game/FirstPersonCPP/Maps/FirstPersonExampleMap.FirstPersonExampleMap_C' with ClassGeneratedBy '/Game/FirstPersonCPP/Maps/FirstPersonExampleMap.FirstPersonExampleMap:PersistentLevel.FirstPersonExampleMap'
[2019.05.09-03.10.26:765][219]LogSlate: Updating window title bar state: overlay mode, drag disabled, window buttons hidden, title bar hidden
[2019.05.09-03.10.26:824][220]LogPlayLevel: Display: Destroying online subsystem :Context_1
[2019.05.09-03.10.27:575][255]LogSlate: FSceneViewport::OnFocusLost() reason 0
[2019.05.09-03.10.27:636][258]LogTemp: Repeating last play command: Selected Viewport
[2019.05.09-03.10.27:656][258]LogBlueprintUserMessages: Early PlayInEditor Detection: Level '/Game/FirstPersonCPP/Maps/FirstPersonExampleMap.FirstPersonExampleMap:PersistentLevel' has LevelScriptBlueprint '/Game/FirstPersonCPP/Maps/FirstPersonExampleMap.FirstPersonExampleMap:PersistentLevel.FirstPersonExampleMap' with GeneratedClass '/Game/FirstPersonCPP/Maps/FirstPersonExampleMap.FirstPersonExampleMap_C' with ClassGeneratedBy '/Game/FirstPersonCPP/Maps/FirstPersonExampleMap.FirstPersonExampleMap:PersistentLevel.FirstPersonExampleMap'
[2019.05.09-03.10.27:657][258]LogPlayLevel: PlayLevel: No blueprints needed recompiling
[2019.05.09-03.10.27:657][258]PIE: New page: PIE session: FirstPersonExampleMap (9 May 2019 05:10:27)
[2019.05.09-03.10.27:658][258]LogPlayLevel: Creating play world package: /Game/FirstPersonCPP/Maps/UEDPIE_0_FirstPersonExampleMap
[2019.05.09-03.10.27:680][258]LogPlayLevel: PIE: StaticDuplicateObject took: (0.021079s)
[2019.05.09-03.10.27:681][258]LogAIModule: Creating AISystem for world FirstPersonExampleMap
[2019.05.09-03.10.27:682][258]LogPlayLevel: PIE: World Init took: (0.001654s)
[2019.05.09-03.10.27:682][258]LogPlayLevel: PIE: Created PIE world by copying editor world from /Game/FirstPersonCPP/Maps/FirstPersonExampleMap.FirstPersonExampleMap to /Game/FirstPersonCPP/Maps/UEDPIE_0_FirstPersonExampleMap.FirstPersonExampleMap (0.024178s)
[2019.05.09-03.10.27:764][258]LogInit: XAudio2 using 'Speakers (Realtek High Definition Audio)' : 2 channels at 48 kHz using 32 bits per sample (channel mask 0x3)
[2019.05.09-03.10.27:862][258]LogInit: FAudioDevice initialized.
[2019.05.09-03.10.27:912][258]LogLoad: Game class is 'SlimeGameMode'
[2019.05.09-03.10.27:916][258]LogWorld: Bringing World /Game/FirstPersonCPP/Maps/UEDPIE_0_FirstPersonExampleMap.FirstPersonExampleMap up for play (max tick rate 60) at 2019.05.09-04.10.27
[2019.05.09-03.10.27:917][258]LogWorld: Bringing up level for play took: 0.003061
[2019.05.09-03.10.27:940][258]PIE: Play in editor start time for /Game/FirstPersonCPP/Maps/UEDPIE_0_FirstPersonExampleMap -0.192
[2019.05.09-03.10.27:941][258]LogBlueprintUserMessages: Late PlayInEditor Detection: Level '/Game/FirstPersonCPP/Maps/FirstPersonExampleMap.FirstPersonExampleMap:PersistentLevel' has LevelScriptBlueprint '/Game/FirstPersonCPP/Maps/FirstPersonExampleMap.FirstPersonExampleMap:PersistentLevel.FirstPersonExampleMap' with GeneratedClass '/Game/FirstPersonCPP/Maps/FirstPersonExampleMap.FirstPersonExampleMap_C' with ClassGeneratedBy '/Game/FirstPersonCPP/Maps/FirstPersonExampleMap.FirstPersonExampleMap:PersistentLevel.FirstPersonExampleMap'
[2019.05.09-03.10.32:514][473]LogBlueprintUserMessages: Early EndPlayMap Detection: Level '/Game/FirstPersonCPP/Maps/FirstPersonExampleMap.FirstPersonExampleMap:PersistentLevel' has LevelScriptBlueprint '/Game/FirstPersonCPP/Maps/FirstPersonExampleMap.FirstPersonExampleMap:PersistentLevel.FirstPersonExampleMap' with GeneratedClass '/Game/FirstPersonCPP/Maps/FirstPersonExampleMap.FirstPersonExampleMap_C' with ClassGeneratedBy '/Game/FirstPersonCPP/Maps/FirstPersonExampleMap.FirstPersonExampleMap:PersistentLevel.FirstPersonExampleMap'
[2019.05.09-03.10.32:516][473]LogSlate: Updating window title bar state: overlay mode, drag disabled, window buttons hidden, title bar hidden
[2019.05.09-03.10.32:587][473]LogPlayLevel: Display: Shutting down PIE online subsystems
[2019.05.09-03.10.32:587][473]LogBlueprintUserMessages: Late EndPlayMap Detection: Level '/Game/FirstPersonCPP/Maps/FirstPersonExampleMap.FirstPersonExampleMap:PersistentLevel' has LevelScriptBlueprint '/Game/FirstPersonCPP/Maps/FirstPersonExampleMap.FirstPersonExampleMap:PersistentLevel.FirstPersonExampleMap' with GeneratedClass '/Game/FirstPersonCPP/Maps/FirstPersonExampleMap.FirstPersonExampleMap_C' with ClassGeneratedBy '/Game/FirstPersonCPP/Maps/FirstPersonExampleMap.FirstPersonExampleMap:PersistentLevel.FirstPersonExampleMap'
[2019.05.09-03.10.32:618][473]LogSlate: Updating window title bar state: overlay mode, drag disabled, window buttons hidden, title bar hidden
[2019.05.09-03.10.32:670][474]LogPlayLevel: Display: Destroying online subsystem :Context_2
[2019.05.09-03.10.36:324][649]LogSlate: FSceneViewport::OnFocusLost() reason 0
[2019.05.09-03.10.38:035][732]LogTemp: Repeating last play command: Selected Viewport
[2019.05.09-03.10.38:053][732]LogBlueprintUserMessages: Early PlayInEditor Detection: Level '/Game/FirstPersonCPP/Maps/FirstPersonExampleMap.FirstPersonExampleMap:PersistentLevel' has LevelScriptBlueprint '/Game/FirstPersonCPP/Maps/FirstPersonExampleMap.FirstPersonExampleMap:PersistentLevel.FirstPersonExampleMap' with GeneratedClass '/Game/FirstPersonCPP/Maps/FirstPersonExampleMap.FirstPersonExampleMap_C' with ClassGeneratedBy '/Game/FirstPersonCPP/Maps/FirstPersonExampleMap.FirstPersonExampleMap:PersistentLevel.FirstPersonExampleMap'
[2019.05.09-03.10.38:054][732]LogPlayLevel: PlayLevel: No blueprints needed recompiling
[2019.05.09-03.10.38:055][732]PIE: New page: PIE session: FirstPersonExampleMap (9 May 2019 05:10:38)
[2019.05.09-03.10.38:055][732]LogPlayLevel: Creating play world package: /Game/FirstPersonCPP/Maps/UEDPIE_0_FirstPersonExampleMap
[2019.05.09-03.10.38:072][732]LogPlayLevel: PIE: StaticDuplicateObject took: (0.017214s)
[2019.05.09-03.10.38:074][732]LogAIModule: Creating AISystem for world FirstPersonExampleMap
[2019.05.09-03.10.38:075][732]LogPlayLevel: PIE: World Init took: (0.002114s)
[2019.05.09-03.10.38:076][732]LogPlayLevel: PIE: Created PIE world by copying editor world from /Game/FirstPersonCPP/Maps/FirstPersonExampleMap.FirstPersonExampleMap to /Game/FirstPersonCPP/Maps/UEDPIE_0_FirstPersonExampleMap.FirstPersonExampleMap (0.020816s)
[2019.05.09-03.10.38:154][732]LogInit: XAudio2 using 'Speakers (Realtek High Definition Audio)' : 2 channels at 48 kHz using 32 bits per sample (channel mask 0x3)
[2019.05.09-03.10.38:278][732]LogInit: FAudioDevice initialized.
[2019.05.09-03.10.38:327][732]LogLoad: Game class is 'SlimeGameMode'
[2019.05.09-03.10.38:330][732]LogWorld: Bringing World /Game/FirstPersonCPP/Maps/UEDPIE_0_FirstPersonExampleMap.FirstPersonExampleMap up for play (max tick rate 60) at 2019.05.09-04.10.38
[2019.05.09-03.10.38:332][732]LogWorld: Bringing up level for play took: 0.003822
[2019.05.09-03.10.38:356][732]PIE: Play in editor start time for /Game/FirstPersonCPP/Maps/UEDPIE_0_FirstPersonExampleMap 0.223
[2019.05.09-03.10.38:356][732]LogBlueprintUserMessages: Late PlayInEditor Detection: Level '/Game/FirstPersonCPP/Maps/FirstPersonExampleMap.FirstPersonExampleMap:PersistentLevel' has LevelScriptBlueprint '/Game/FirstPersonCPP/Maps/FirstPersonExampleMap.FirstPersonExampleMap:PersistentLevel.FirstPersonExampleMap' with GeneratedClass '/Game/FirstPersonCPP/Maps/FirstPersonExampleMap.FirstPersonExampleMap_C' with ClassGeneratedBy '/Game/FirstPersonCPP/Maps/FirstPersonExampleMap.FirstPersonExampleMap:PersistentLevel.FirstPersonExampleMap'
[2019.05.09-03.10.46:459][141]Cmd: memory platform
[2019.05.09-03.11.00:215][834]Cmd: stat memoryplatform
[2019.05.09-03.11.09:236][280]LogBlueprintUserMessages: Early EndPlayMap Detection: Level '/Game/FirstPersonCPP/Maps/FirstPersonExampleMap.FirstPersonExampleMap:PersistentLevel' has LevelScriptBlueprint '/Game/FirstPersonCPP/Maps/FirstPersonExampleMap.FirstPersonExampleMap:PersistentLevel.FirstPersonExampleMap' with GeneratedClass '/Game/FirstPersonCPP/Maps/FirstPersonExampleMap.FirstPersonExampleMap_C' with ClassGeneratedBy '/Game/FirstPersonCPP/Maps/FirstPersonExampleMap.FirstPersonExampleMap:PersistentLevel.FirstPersonExampleMap'
[2019.05.09-03.11.09:237][280]LogSlate: Updating window title bar state: overlay mode, drag disabled, window buttons hidden, title bar hidden
[2019.05.09-03.11.09:311][280]LogPlayLevel: Display: Shutting down PIE online subsystems
[2019.05.09-03.11.09:311][280]LogBlueprintUserMessages: Late EndPlayMap Detection: Level '/Game/FirstPersonCPP/Maps/FirstPersonExampleMap.FirstPersonExampleMap:PersistentLevel' has LevelScriptBlueprint '/Game/FirstPersonCPP/Maps/FirstPersonExampleMap.FirstPersonExampleMap:PersistentLevel.FirstPersonExampleMap' with GeneratedClass '/Game/FirstPersonCPP/Maps/FirstPersonExampleMap.FirstPersonExampleMap_C' with ClassGeneratedBy '/Game/FirstPersonCPP/Maps/FirstPersonExampleMap.FirstPersonExampleMap:PersistentLevel.FirstPersonExampleMap'
[2019.05.09-03.11.09:345][280]LogSlate: Updating window title bar state: overlay mode, drag disabled, window buttons hidden, title bar hidden
[2019.05.09-03.11.09:400][281]LogPlayLevel: Display: Destroying online subsystem :Context_3
[2019.05.09-03.11.11:732][386]LogSlate: FSceneViewport::OnFocusLost() reason 2
[2019.05.09-03.11.13:177][455]LogSlate: FSceneViewport::OnFocusLost() reason 2
[2019.05.09-03.11.26:278][ 36]LogSlate: FSceneViewport::OnFocusLost() reason 0
[2019.05.09-03.11.26:319][ 38]LogTemp: Repeating last play command: Selected Viewport
[2019.05.09-03.11.26:341][ 38]LogBlueprintUserMessages: Early PlayInEditor Detection: Level '/Game/FirstPersonCPP/Maps/FirstPersonExampleMap.FirstPersonExampleMap:PersistentLevel' has LevelScriptBlueprint '/Game/FirstPersonCPP/Maps/FirstPersonExampleMap.FirstPersonExampleMap:PersistentLevel.FirstPersonExampleMap' with GeneratedClass '/Game/FirstPersonCPP/Maps/FirstPersonExampleMap.FirstPersonExampleMap_C' with ClassGeneratedBy '/Game/FirstPersonCPP/Maps/FirstPersonExampleMap.FirstPersonExampleMap:PersistentLevel.FirstPersonExampleMap'
[2019.05.09-03.11.26:341][ 38]LogPlayLevel: PlayLevel: No blueprints needed recompiling
[2019.05.09-03.11.26:342][ 38]PIE: New page: PIE session: FirstPersonExampleMap (9 May 2019 05:11:26)
[2019.05.09-03.11.26:342][ 38]LogPlayLevel: Creating play world package: /Game/FirstPersonCPP/Maps/UEDPIE_0_FirstPersonExampleMap
[2019.05.09-03.11.26:361][ 38]LogPlayLevel: PIE: StaticDuplicateObject took: (0.018629s)
[2019.05.09-03.11.26:363][ 38]LogAIModule: Creating AISystem for world FirstPersonExampleMap
[2019.05.09-03.11.26:364][ 38]LogPlayLevel: PIE: World Init took: (0.001482s)
[2019.05.09-03.11.26:364][ 38]LogPlayLevel: PIE: Created PIE world by copying editor world from /Game/FirstPersonCPP/Maps/FirstPersonExampleMap.FirstPersonExampleMap to /Game/FirstPersonCPP/Maps/UEDPIE_0_FirstPersonExampleMap.FirstPersonExampleMap (0.021380s)
[2019.05.09-03.11.26:448][ 38]LogInit: XAudio2 using 'Speakers (Realtek High Definition Audio)' : 2 channels at 48 kHz using 32 bits per sample (channel mask 0x3)
[2019.05.09-03.11.26:567][ 38]LogInit: FAudioDevice initialized.
[2019.05.09-03.11.26:615][ 38]LogLoad: Game class is 'SlimeGameMode'
[2019.05.09-03.11.26:617][ 38]LogWorld: Bringing World /Game/FirstPersonCPP/Maps/UEDPIE_0_FirstPersonExampleMap.FirstPersonExampleMap up for play (max tick rate 60) at 2019.05.09-04.11.26
[2019.05.09-03.11.26:618][ 38]LogWorld: Bringing up level for play took: 0.001956
[2019.05.09-03.11.26:645][ 38]PIE: Play in editor start time for /Game/FirstPersonCPP/Maps/UEDPIE_0_FirstPersonExampleMap 0.512
[2019.05.09-03.11.26:645][ 38]LogBlueprintUserMessages: Late PlayInEditor Detection: Level '/Game/FirstPersonCPP/Maps/FirstPersonExampleMap.FirstPersonExampleMap:PersistentLevel' has LevelScriptBlueprint '/Game/FirstPersonCPP/Maps/FirstPersonExampleMap.FirstPersonExampleMap:PersistentLevel.FirstPersonExampleMap' with GeneratedClass '/Game/FirstPersonCPP/Maps/FirstPersonExampleMap.FirstPersonExampleMap_C' with ClassGeneratedBy '/Game/FirstPersonCPP/Maps/FirstPersonExampleMap.FirstPersonExampleMap:PersistentLevel.FirstPersonExampleMap'
[2019.05.09-03.11.54:529][407]LogBlueprintUserMessages: Early EndPlayMap Detection: Level '/Game/FirstPersonCPP/Maps/FirstPersonExampleMap.FirstPersonExampleMap:PersistentLevel' has LevelScriptBlueprint '/Game/FirstPersonCPP/Maps/FirstPersonExampleMap.FirstPersonExampleMap:PersistentLevel.FirstPersonExampleMap' with GeneratedClass '/Game/FirstPersonCPP/Maps/FirstPersonExampleMap.FirstPersonExampleMap_C' with ClassGeneratedBy '/Game/FirstPersonCPP/Maps/FirstPersonExampleMap.FirstPersonExampleMap:PersistentLevel.FirstPersonExampleMap'
[2019.05.09-03.11.54:530][407]LogSlate: Updating window title bar state: overlay mode, drag disabled, window buttons hidden, title bar hidden
[2019.05.09-03.11.54:604][407]LogPlayLevel: Display: Shutting down PIE online subsystems
[2019.05.09-03.11.54:605][407]LogBlueprintUserMessages: Late EndPlayMap Detection: Level '/Game/FirstPersonCPP/Maps/FirstPersonExampleMap.FirstPersonExampleMap:PersistentLevel' has LevelScriptBlueprint '/Game/FirstPersonCPP/Maps/FirstPersonExampleMap.FirstPersonExampleMap:PersistentLevel.FirstPersonExampleMap' with GeneratedClass '/Game/FirstPersonCPP/Maps/FirstPersonExampleMap.FirstPersonExampleMap_C' with ClassGeneratedBy '/Game/FirstPersonCPP/Maps/FirstPersonExampleMap.FirstPersonExampleMap:PersistentLevel.FirstPersonExampleMap'
[2019.05.09-03.11.54:640][407]LogSlate: Updating window title bar state: overlay mode, drag disabled, window buttons hidden, title bar hidden
[2019.05.09-03.11.54:691][408]LogPlayLevel: Display: Destroying online subsystem :Context_4
[2019.05.09-03.11.59:015][594]LogSlate: FSceneViewport::OnFocusLost() reason 2
[2019.05.09-03.12.01:103][685]LogSlate: Window 'Editor Preferences' being destroyed
[2019.05.09-03.12.01:129][685]LogSlate: Window 'Editor Preferences' being destroyed
[2019.05.09-03.12.19:334][290]LogSlate: FSceneViewport::OnFocusLost() reason 0
[2019.05.09-03.12.19:395][293]LogTemp: Repeating last play command: Selected Viewport
[2019.05.09-03.12.19:414][293]LogBlueprintUserMessages: Early PlayInEditor Detection: Level '/Game/FirstPersonCPP/Maps/FirstPersonExampleMap.FirstPersonExampleMap:PersistentLevel' has LevelScriptBlueprint '/Game/FirstPersonCPP/Maps/FirstPersonExampleMap.FirstPersonExampleMap:PersistentLevel.FirstPersonExampleMap' with GeneratedClass '/Game/FirstPersonCPP/Maps/FirstPersonExampleMap.FirstPersonExampleMap_C' with ClassGeneratedBy '/Game/FirstPersonCPP/Maps/FirstPersonExampleMap.FirstPersonExampleMap:PersistentLevel.FirstPersonExampleMap'
[2019.05.09-03.12.19:415][293]LogPlayLevel: PlayLevel: No blueprints needed recompiling
[2019.05.09-03.12.19:415][293]PIE: New page: PIE session: FirstPersonExampleMap (9 May 2019 05:12:19)
[2019.05.09-03.12.19:416][293]LogPlayLevel: Creating play world package: /Game/FirstPersonCPP/Maps/UEDPIE_0_FirstPersonExampleMap
[2019.05.09-03.12.19:434][293]LogPlayLevel: PIE: StaticDuplicateObject took: (0.017880s)
[2019.05.09-03.12.19:435][293]LogAIModule: Creating AISystem for world FirstPersonExampleMap
[2019.05.09-03.12.19:435][293]LogPlayLevel: PIE: World Init took: (0.001173s)
[2019.05.09-03.12.19:436][293]LogPlayLevel: PIE: Created PIE world by copying editor world from /Game/FirstPersonCPP/Maps/FirstPersonExampleMap.FirstPersonExampleMap to /Game/FirstPersonCPP/Maps/UEDPIE_0_FirstPersonExampleMap.FirstPersonExampleMap (0.020283s)
[2019.05.09-03.12.19:524][293]LogInit: XAudio2 using 'Speakers (Realtek High Definition Audio)' : 2 channels at 48 kHz using 32 bits per sample (channel mask 0x3)
[2019.05.09-03.12.19:629][293]LogInit: FAudioDevice initialized.
[2019.05.09-03.12.19:678][293]LogLoad: Game class is 'SlimeGameMode'
[2019.05.09-03.12.19:681][293]LogWorld: Bringing World /Game/FirstPersonCPP/Maps/UEDPIE_0_FirstPersonExampleMap.FirstPersonExampleMap up for play (max tick rate 60) at 2019.05.09-04.12.19
[2019.05.09-03.12.19:683][293]LogWorld: Bringing up level for play took: 0.003014
[2019.05.09-03.12.19:705][293]PIE: Play in editor start time for /Game/FirstPersonCPP/Maps/UEDPIE_0_FirstPersonExampleMap -0.427
[2019.05.09-03.12.19:706][293]LogBlueprintUserMessages: Late PlayInEditor Detection: Level '/Game/FirstPersonCPP/Maps/FirstPersonExampleMap.FirstPersonExampleMap:PersistentLevel' has LevelScriptBlueprint '/Game/FirstPersonCPP/Maps/FirstPersonExampleMap.FirstPersonExampleMap:PersistentLevel.FirstPersonExampleMap' with GeneratedClass '/Game/FirstPersonCPP/Maps/FirstPersonExampleMap.FirstPersonExampleMap_C' with ClassGeneratedBy '/Game/FirstPersonCPP/Maps/FirstPersonExampleMap.FirstPersonExampleMap:PersistentLevel.FirstPersonExampleMap'
[2019.05.09-03.13.14:834][566]LogBlueprintUserMessages: Early EndPlayMap Detection: Level '/Game/FirstPersonCPP/Maps/FirstPersonExampleMap.FirstPersonExampleMap:PersistentLevel' has LevelScriptBlueprint '/Game/FirstPersonCPP/Maps/FirstPersonExampleMap.FirstPersonExampleMap:PersistentLevel.FirstPersonExampleMap' with GeneratedClass '/Game/FirstPersonCPP/Maps/FirstPersonExampleMap.FirstPersonExampleMap_C' with ClassGeneratedBy '/Game/FirstPersonCPP/Maps/FirstPersonExampleMap.FirstPersonExampleMap:PersistentLevel.FirstPersonExampleMap'
[2019.05.09-03.13.14:837][566]LogSlate: Updating window title bar state: overlay mode, drag disabled, window buttons hidden, title bar hidden
[2019.05.09-03.13.14:924][566]LogPlayLevel: Display: Shutting down PIE online subsystems
[2019.05.09-03.13.14:926][566]LogBlueprintUserMessages: Late EndPlayMap Detection: Level '/Game/FirstPersonCPP/Maps/FirstPersonExampleMap.FirstPersonExampleMap:PersistentLevel' has LevelScriptBlueprint '/Game/FirstPersonCPP/Maps/FirstPersonExampleMap.FirstPersonExampleMap:PersistentLevel.FirstPersonExampleMap' with GeneratedClass '/Game/FirstPersonCPP/Maps/FirstPersonExampleMap.FirstPersonExampleMap_C' with ClassGeneratedBy '/Game/FirstPersonCPP/Maps/FirstPersonExampleMap.FirstPersonExampleMap:PersistentLevel.FirstPersonExampleMap'
[2019.05.09-03.13.14:989][566]LogSlate: Updating window title bar state: overlay mode, drag disabled, window buttons hidden, title bar hidden
[2019.05.09-03.13.15:028][567]LogPlayLevel: Display: Destroying online subsystem :Context_5
[2019.05.09-03.16.08:540][541]LogSlate: FSceneViewport::OnFocusLost() reason 0
[2019.05.09-03.16.08:735][545]LogSlate: Window 'Slime - Unreal Editor' being destroyed
[2019.05.09-03.16.08:739][545]LogWindowsTextInputMethodSystem: Display: IME system now deactivated.
[2019.05.09-03.16.08:994][546]Cmd: QUIT_EDITOR
[2019.05.09-03.16.09:236][546]LogExit: Preparing to exit.
[2019.05.09-03.16.10:047][546]LogExit: Editor shut down
[2019.05.09-03.16.10:047][546]LogExit: Transaction tracking system shut down
[2019.05.09-03.16.10:301][546]LogExit: Object subsystem successfully closed.
[2019.05.09-03.16.10:425][546]LogShaderCompilers: Display: Shaders left to compile 0
[2019.05.09-03.16.10:433][546]LogD3D11RHI: Shutdown
[2019.05.09-03.16.10:433][546]LogD3D11RHI: CleanupD3DDevice
[2019.05.09-03.16.10:454][546]LogD3D11RHI: ~FD3D11DynamicRHI
[2019.05.09-03.16.10:484][546]LogModuleManager: Shutting down and abandoning module MovieSceneCapture (628)
[2019.05.09-03.16.10:484][546]LogModuleManager: Shutting down and abandoning module Voice (626)
[2019.05.09-03.16.10:484][546]LogModuleManager: Shutting down and abandoning module HierarchicalLODOutliner (624)
[2019.05.09-03.16.10:485][546]LogModuleManager: Shutting down and abandoning module SceneOutliner (622)
[2019.05.09-03.16.10:485][546]LogModuleManager: Shutting down and abandoning module AddContentDialog (620)
[2019.05.09-03.16.10:555][546]LogModuleManager: Shutting down and abandoning module WidgetCarousel (619)
[2019.05.09-03.16.10:555][546]LogModuleManager: Shutting down and abandoning module EditorWidgets (616)
[2019.05.09-03.16.10:555][546]LogModuleManager: Shutting down and abandoning module CollectionManager (614)
[2019.05.09-03.16.10:556][546]LogModuleManager: Shutting down and abandoning module StatsViewer (612)
[2019.05.09-03.16.10:556][546]LogModuleManager: Shutting down and abandoning module FoliageEdit (610)
[2019.05.09-03.16.10:556][546]LogModuleManager: Shutting down and abandoning module LandscapeEditor (608)
[2019.05.09-03.16.10:556][546]LogModuleManager: Shutting down and abandoning module MeshPaintMode (606)
[2019.05.09-03.16.10:556][546]LogModuleManager: Shutting down and abandoning module SceneDepthPickerMode (604)
[2019.05.09-03.16.10:556][546]LogModuleManager: Shutting down and abandoning module ActorPickerMode (602)
[2019.05.09-03.16.10:557][546]LogModuleManager: Shutting down and abandoning module GeometryMode (600)
[2019.05.09-03.16.10:557][546]LogModuleManager: Shutting down and abandoning module TextureAlignMode (598)
[2019.05.09-03.16.10:557][546]LogModuleManager: Shutting down and abandoning module BspMode (596)
[2019.05.09-03.16.10:557][546]LogModuleManager: Shutting down and abandoning module PIEPreviewDeviceProfileSelector (594)
[2019.05.09-03.16.10:557][546]LogModuleManager: Shutting down and abandoning module SequenceRecorderSections (592)
[2019.05.09-03.16.10:557][546]LogModuleManager: Shutting down and abandoning module AutomationWorker (590)
[2019.05.09-03.16.10:557][546]LogModuleManager: Shutting down and abandoning module AudioCaptureEditor (588)
[2019.05.09-03.16.10:557][546]LogModuleManager: Shutting down and abandoning module MatineeToLevelSequence (586)
[2019.05.09-03.16.10:558][546]LogModuleManager: Shutting down and abandoning module LevelSequenceEditor (584)
[2019.05.09-03.16.10:558][546]LogModuleManager: Shutting down and abandoning module PlacementMode (583)
[2019.05.09-03.16.10:558][546]LogModuleManager: Shutting down and abandoning module MaterialEditor (582)
[2019.05.09-03.16.10:558][546]LogModuleManager: Shutting down and abandoning module WmfMediaFactory (578)
[2019.05.09-03.16.10:558][546]LogModuleManager: Shutting down and abandoning module WmfMediaEditor (576)
[2019.05.09-03.16.10:558][546]LogModuleManager: Shutting down and abandoning module WebMMediaFactory (574)
[2019.05.09-03.16.10:558][546]LogModuleManager: Shutting down and abandoning module WebMMediaEditor (572)
[2019.05.09-03.16.10:558][546]LogModuleManager: Shutting down and abandoning module WebMMedia (570)
[2019.05.09-03.16.10:559][546]LogModuleManager: Shutting down and abandoning module MediaPlayerEditor (568)
[2019.05.09-03.16.10:559][546]LogModuleManager: Shutting down and abandoning module MediaCompositingEditor (566)
[2019.05.09-03.16.10:559][546]LogModuleManager: Shutting down and abandoning module SequenceRecorder (565)
[2019.05.09-03.16.10:559][546]LogModuleManager: Shutting down and abandoning module OpenExrWrapper (562)
[2019.05.09-03.16.10:559][546]LogModuleManager: Shutting down and abandoning module ImgMediaFactory (560)
[2019.05.09-03.16.10:559][546]LogModuleManager: Shutting down and abandoning module ImgMediaEditor (558)
[2019.05.09-03.16.10:559][546]LogModuleManager: Shutting down and abandoning module AvfMediaFactory (556)
[2019.05.09-03.16.10:559][546]LogModuleManager: Shutting down and abandoning module AvfMediaEditor (554)
[2019.05.09-03.16.10:559][546]LogModuleManager: Shutting down and abandoning module AndroidMediaFactory (552)
[2019.05.09-03.16.10:560][546]LogModuleManager: Shutting down and abandoning module AndroidMediaEditor (550)
[2019.05.09-03.16.10:560][546]LogModuleManager: Shutting down and abandoning module MagicLeapCameraPreviewFactory (548)
[2019.05.09-03.16.10:560][546]LogModuleManager: Shutting down and abandoning module MagicLeapMediaFactory (546)
[2019.05.09-03.16.10:560][546]LogModuleManager: Shutting down and abandoning module MagicLeapMediaEditor (544)
[2019.05.09-03.16.10:560][546]LogModuleManager: Shutting down and abandoning module CharacterAI (542)
[2019.05.09-03.16.10:560][546]LogModuleManager: Shutting down and abandoning module SmartSnapping (540)
[2019.05.09-03.16.10:560][546]LogModuleManager: Shutting down and abandoning module SessionServices (538)
[2019.05.09-03.16.10:561][546]LogModuleManager: Shutting down and abandoning module ViewportSnapping (536)
[2019.05.09-03.16.10:561][546]LogModuleManager: Shutting down and abandoning module ViewportInteraction (534)
[2019.05.09-03.16.10:561][546]LogModuleManager: Shutting down and abandoning module ClothPainter (532)
[2019.05.09-03.16.10:561][546]LogModuleManager: Shutting down and abandoning module SkeletalMeshEditor (531)
[2019.05.09-03.16.10:561][546]LogModuleManager: Shutting down and abandoning module LogVisualizer (528)
[2019.05.09-03.16.10:561][546]LogModuleManager: Shutting down and abandoning module IntroTutorials (526)
[2019.05.09-03.16.10:561][546]LogModuleManager: Shutting down and abandoning module GameProjectGeneration (525)
[2019.05.09-03.16.10:562][546]LogModuleManager: Shutting down and abandoning module LuminPlatformEditor (522)
[2019.05.09-03.16.10:562][546]LogModuleManager: Shutting down and abandoning module IOSPlatformEditor (520)
[2019.05.09-03.16.10:562][546]LogModuleManager: Shutting down and abandoning module HTML5PlatformEditor (518)
[2019.05.09-03.16.10:562][546]LogModuleManager: Shutting down and abandoning module AndroidPlatformEditor (516)
[2019.05.09-03.16.10:562][546]LogModuleManager: Shutting down and abandoning module AndroidDeviceDetection (515)
