Log file open, 05/09/19 03:35:50
LogWindows: Failed to load 'aqProf.dll' (GetLastError=126)
LogWindows: File 'aqProf.dll' does not exist
LogWindows: Failed to load 'VtuneApi.dll' (GetLastError=126)
LogWindows: File 'VtuneApi.dll' does not exist
LogWindows: Failed to load 'VtuneApi32e.dll' (GetLastError=126)
LogWindows: File 'VtuneApi32e.dll' does not exist
LogConsoleResponse: Display: Failed to find resolution value strings in scalability ini. Falling back to default.
LogInit: Display: Running engine for game: Slime
LogPakFile: Registered encryption key '00000000000000000000000000000000': 0 pak files mounted, 0 remain pending
LogPlatformFile: Not using cached read wrapper
LogTaskGraph: Started task graph with 5 named threads and 23 total threads with 3 sets of task threads.
LogStats: Stats thread started at 2.790001
LogD3D11RHI: Loaded GFSDK_Aftermath_Lib.x64.dll
LogICUInternationalization: ICU TimeZone Detection - Raw Offset: +0:00, Platform Override: ''
LogPluginManager: Mounting plugin Paper2D
LogPluginManager: Mounting plugin AISupport
LogPluginManager: Mounting plugin LightPropagationVolume
LogPluginManager: Mounting plugin ActorLayerUtilities
LogPluginManager: Mounting plugin CLionSourceCodeAccess
LogPluginManager: Mounting plugin CodeLiteSourceCodeAccess
LogPluginManager: Mounting plugin GitSourceControl
LogPluginManager: Mounting plugin KDevelopSourceCodeAccess
LogPluginManager: Mounting plugin NullSourceCodeAccess
LogPluginManager: Mounting plugin PerforceSourceControl
LogPluginManager: Mounting plugin SubversionSourceControl
LogPluginManager: Mounting plugin UObjectPlugin
LogPluginManager: Mounting plugin VisualStudioCodeSourceCodeAccess
LogPluginManager: Mounting plugin VisualStudioSourceCodeAccess
LogPluginManager: Mounting plugin XCodeSourceCodeAccess
LogPluginManager: Mounting plugin AssetManagerEditor
LogPluginManager: Mounting plugin CryptoKeys
LogPluginManager: Mounting plugin DataValidation
LogPluginManager: Mounting plugin FacialAnimation
LogPluginManager: Mounting plugin GameplayTagsEditor
LogPluginManager: Mounting plugin MacGraphicsSwitching
LogPluginManager: Mounting plugin MeshEditor
LogPluginManager: Mounting plugin MobileLauncherProfileWizard
LogPluginManager: Mounting plugin PluginBrowser
LogPluginManager: Mounting plugin SpeedTreeImporter
LogPluginManager: Mounting plugin DatasmithContent
LogPluginManager: Mounting plugin VariantManagerContent
LogPluginManager: Mounting plugin AlembicImporter
LogPluginManager: Mounting plugin AppleImageUtils
LogPluginManager: Mounting plugin AppleVision
LogPluginManager: Mounting plugin BackChannel
LogPluginManager: Mounting plugin CharacterAI
LogPluginManager: Mounting plugin GeometryCache
LogPluginManager: Mounting plugin HTML5Networking
LogPluginManager: Mounting plugin ProxyLODPlugin
LogPluginManager: Mounting plugin MagicLeap
LogPluginManager: Mounting plugin MagicLeapMedia
LogPluginManager: Mounting plugin AndroidMedia
LogPluginManager: Mounting plugin AvfMedia
LogPluginManager: Mounting plugin ImgMedia
LogPluginManager: Mounting plugin LinearTimecode
LogPluginManager: Mounting plugin MediaCompositing
LogPluginManager: Mounting plugin MediaPlayerEditor
LogPluginManager: Mounting plugin WebMMedia
LogPluginManager: Mounting plugin WmfMedia
LogPluginManager: Mounting plugin TcpMessaging
LogPluginManager: Mounting plugin UdpMessaging
LogPluginManager: Mounting plugin ActorSequence
LogPluginManager: Mounting plugin LevelSequenceEditor
LogPluginManager: Mounting plugin MatineeToLevelSequence
LogPluginManager: Mounting plugin NetcodeUnitTest
LogPluginManager: Mounting plugin NUTUnrealEngine4
LogPluginManager: Mounting plugin OnlineSubsystemGooglePlay
LogPluginManager: Mounting plugin OnlineSubsystemIOS
LogPluginManager: Mounting plugin OnlineSubsystem
LogPluginManager: Mounting plugin OnlineSubsystemNull
LogPluginManager: Mounting plugin OnlineSubsystemUtils
LogPluginManager: Mounting plugin LauncherChunkInstaller
LogPluginManager: Mounting plugin AndroidDeviceProfileSelector
LogPluginManager: Mounting plugin AndroidMoviePlayer
LogPluginManager: Mounting plugin AndroidPermission
LogPluginManager: Mounting plugin AppleMoviePlayer
LogPluginManager: Mounting plugin ArchVisCharacter
LogPluginManager: Mounting plugin AudioCapture
LogPluginManager: Mounting plugin CableComponent
LogPluginManager: Mounting plugin CustomMeshComponent
LogPluginManager: Mounting plugin EditableMesh
LogPluginManager: Mounting plugin ExampleDeviceProfileSelector
LogPluginManager: Mounting plugin Firebase
LogPluginManager: Mounting plugin GoogleCloudMessaging
LogPluginManager: Mounting plugin IOSDeviceProfileSelector
LogPluginManager: Mounting plugin LinuxDeviceProfileSelector
LogPluginManager: Mounting plugin LocationServicesBPLibrary
LogPluginManager: Mounting plugin MobilePatchingUtils
LogPluginManager: Mounting plugin OculusVR
LogPluginManager: Mounting plugin PhysXVehicles
LogPluginManager: Mounting plugin ProceduralMeshComponent
LogPluginManager: Mounting plugin RuntimePhysXCooking
LogPluginManager: Mounting plugin SteamVR
LogPluginManager: Mounting plugin WebMMoviePlayer
LogPluginManager: Mounting plugin WindowsMoviePlayer
LogStreaming: Display: Took  0.280s to configure plugins.
LogInit: Using libcurl 7.55.1-DEV
LogInit:  - built for x86_64-pc-win32
LogInit:  - supports SSL with OpenSSL/1.0.2h
LogInit:  - supports HTTP deflate (compression) using libz 1.2.8
LogInit:  - other features:
LogInit:      CURL_VERSION_SSL
LogInit:      CURL_VERSION_LIBZ
LogInit:      CURL_VERSION_IPV6
LogInit:      CURL_VERSION_ASYNCHDNS
LogInit:      CURL_VERSION_LARGEFILE
LogInit:      CURL_VERSION_IDN
LogInit:  CurlRequestOptions (configurable via config and command line):
LogInit:  - bVerifyPeer = true  - Libcurl will verify peer certificate
LogInit:  - bUseHttpProxy = false  - Libcurl will NOT use HTTP proxy
LogInit:  - bDontReuseConnections = false  - Libcurl will reuse connections
LogInit:  - MaxHostConnections = 16  - Libcurl will limit the number of connections to a host
LogInit:  - LocalHostAddr = Default
LogInit:  - BufferSize = 65536
LogInit: WinSock: version 1.1 (2.2), MaxSocks=32767, MaxUdp=65467
LogInit: Build: ++UE4+Release-4.21-CL-4613538
LogInit: Engine Version: 4.21.1-4613538+++UE4+Release-4.21
LogInit: Compatible Engine Version: 4.21.0-4541578+++UE4+Release-4.21
LogInit: Net CL: 4541578
LogInit: OS: Windows 10 (), CPU: Intel(R) Core(TM) i7-4710HQ CPU @ 2.50GHz, GPU: NVIDIA GeForce GTX 980M
LogInit: Compiled (64-bit): Nov 30 2018 04:13:25
LogInit: Compiled with Visual C++: 19.13.26129.00
LogInit: Build Configuration: Development
LogInit: Branch Name: ++UE4+Release-4.21
LogInit: Command Line:  -skipcompile
LogInit: Base Directory: D:/Epic Games/UE_4.21/Engine/Binaries/Win64/
LogInit: Installed Engine Build: 1
LogDevObjectVersion: Number of dev versions registered: 22
LogDevObjectVersion:   Dev-Blueprints (B0D832E4-1F89-4F0D-ACCF-7EB736FD4AA2): 10
LogDevObjectVersion:   Dev-Build (E1C64328-A22C-4D53-A36C-8E866417BD8C): 0
LogDevObjectVersion:   Dev-Core (375EC13C-06E4-48FB-B500-84F0262A717E): 2
LogDevObjectVersion:   Dev-Editor (E4B068ED-F494-42E9-A231-DA0B2E46BB41): 26
LogDevObjectVersion:   Dev-Framework (CFFC743F-43B0-4480-9391-14DF171D2073): 34
LogDevObjectVersion:   Dev-Mobile (B02B49B5-BB20-44E9-A304-32B752E40360): 2
LogDevObjectVersion:   Dev-Networking (A4E4105C-59A1-49B5-A7C5-40C4547EDFEE): 0
LogDevObjectVersion:   Dev-Online (39C831C9-5AE6-47DC-9A44-9C173E1C8E7C): 0
LogDevObjectVersion:   Dev-Physics (78F01B33-EBEA-4F98-B9B4-84EACCB95AA2): 0
LogDevObjectVersion:   Dev-Platform (6631380F-2D4D-43E0-8009-CF276956A95A): 0
LogDevObjectVersion:   Dev-Rendering (12F88B9F-8875-4AFC-A67C-D90C383ABD29): 27
LogDevObjectVersion:   Dev-Sequencer (7B5AE74C-D270-4C10-A958-57980B212A5A): 9
LogDevObjectVersion:   Dev-VR (D7296918-1DD6-4BDD-9DE2-64A83CC13884): 2
LogDevObjectVersion:   Dev-LoadTimes (C2A15278-BFE7-4AFE-6C17-90FF531DF755): 1
LogDevObjectVersion:   Private-Geometry (6EACA3D4-40EC-4CC1-B786-8BED09428FC5): 3
LogDevObjectVersion:   Dev-AnimPhys (29E575DD-E0A3-4627-9D10-D276232CDCEA): 17
LogDevObjectVersion:   Dev-Anim (AF43A65D-7FD3-4947-9873-3E8ED9C1BB05): 2
LogDevObjectVersion:   Dev-ReflectionCapture (6B266CEC-1EC7-4B8F-A30B-E4D90942FC07): 1
LogDevObjectVersion:   Dev-Automation (0DF73D61-A23F-47EA-B727-89E90C41499A): 1
LogDevObjectVersion:   FortniteMain (601D1886-AC64-4F84-AA16-D3DE0DEAC7D6): 17
LogDevObjectVersion:   Dev-Enterprise (9DFFBCD6-494F-0158-E221-12823C92A888): 4
LogDevObjectVersion:   Dev-Niagara (F2AED0AC-9AFE-416F-8664-AA7FFA26D6FC): 1
LogStreaming: Display: Took  0.002s to delete old logs.
LogInit: Presizing for max 8388607 objects, including 0 objects not considered by GC, pre-allocating 0 bytes for permanent pool.
LogInit: Object subsystem initialized
LogConfig: Setting CVar [[con.DebugEarlyDefault:1]]
LogConfig: Setting CVar [[r.setres:1280x720]]
[2019.05.09-02.35.52:154][  0]LogConfig: Setting CVar [[r.VSync:0]]
[2019.05.09-02.35.52:154][  0]LogConfig: Setting CVar [[r.RHICmdBypass:0]]
[2019.05.09-02.35.52:154][  0]LogConfig: Applying CVar settings from Section [/Script/Engine.RendererSettings] File [D:/Charlie/Slime/Slime/Saved/Config/Windows/Engine.ini]
[2019.05.09-02.35.52:154][  0]LogConfig: Setting CVar [[r.GPUCrashDebugging:0]]
[2019.05.09-02.35.52:154][  0]LogConfig: Applying CVar settings from Section [/Script/Engine.RendererOverrideSettings] File [D:/Charlie/Slime/Slime/Saved/Config/Windows/Engine.ini]
[2019.05.09-02.35.52:154][  0]LogConfig: Applying CVar settings from Section [/Script/Engine.StreamingSettings] File [D:/Charlie/Slime/Slime/Saved/Config/Windows/Engine.ini]
[2019.05.09-02.35.52:154][  0]LogConfig: Setting CVar [[s.MinBulkDataSizeForAsyncLoading:131072]]
[2019.05.09-02.35.52:154][  0]LogConfig: Setting CVar [[s.AsyncLoadingThreadEnabled:0]]
[2019.05.09-02.35.52:154][  0]LogConfig: Setting CVar [[s.EventDrivenLoaderEnabled:1]]
[2019.05.09-02.35.52:154][  0]LogConfig: Setting CVar [[s.WarnIfTimeLimitExceeded:0]]
[2019.05.09-02.35.52:155][  0]LogConfig: Setting CVar [[s.TimeLimitExceededMultiplier:1.5]]
[2019.05.09-02.35.52:155][  0]LogConfig: Setting CVar [[s.TimeLimitExceededMinTime:0.005]]
[2019.05.09-02.35.52:155][  0]LogConfig: Setting CVar [[s.UseBackgroundLevelStreaming:1]]
[2019.05.09-02.35.52:155][  0]LogConfig: Setting CVar [[s.PriorityAsyncLoadingExtraTime:15.0]]
[2019.05.09-02.35.52:155][  0]LogConfig: Setting CVar [[s.LevelStreamingActorsUpdateTimeLimit:5.0]]
[2019.05.09-02.35.52:155][  0]LogConfig: Setting CVar [[s.PriorityLevelStreamingActorsUpdateExtraTime:5.0]]
[2019.05.09-02.35.52:155][  0]LogConfig: Setting CVar [[s.LevelStreamingComponentsRegistrationGranularity:10]]
[2019.05.09-02.35.52:155][  0]LogConfig: Setting CVar [[s.UnregisterComponentsTimeLimit:1.0]]
[2019.05.09-02.35.52:155][  0]LogConfig: Setting CVar [[s.LevelStreamingComponentsUnregistrationGranularity:5]]
[2019.05.09-02.35.52:155][  0]LogConfig: Applying CVar settings from Section [/Script/Engine.GarbageCollectionSettings] File [D:/Charlie/Slime/Slime/Saved/Config/Windows/Engine.ini]
[2019.05.09-02.35.52:155][  0]LogConfig: Setting CVar [[gc.MaxObjectsNotConsideredByGC:1]]
[2019.05.09-02.35.52:155][  0]LogConfig: Setting CVar [[gc.SizeOfPermanentObjectPool:0]]
[2019.05.09-02.35.52:155][  0]LogConfig: Setting CVar [[gc.FlushStreamingOnGC:0]]
[2019.05.09-02.35.52:155][  0]LogConfig: Setting CVar [[gc.NumRetriesBeforeForcingGC:10]]
[2019.05.09-02.35.52:155][  0]LogConfig: Setting CVar [[gc.AllowParallelGC:1]]
[2019.05.09-02.35.52:156][  0]LogConfig: Setting CVar [[gc.TimeBetweenPurgingPendingKillObjects:61.1]]
[2019.05.09-02.35.52:156][  0]LogConfig: Setting CVar [[gc.MaxObjectsInEditor:8388607]]
[2019.05.09-02.35.52:156][  0]LogConfig: Setting CVar [[gc.IncrementalBeginDestroyEnabled:1]]
[2019.05.09-02.35.52:156][  0]LogConfig: Setting CVar [[gc.CreateGCClusters:1]]
[2019.05.09-02.35.52:156][  0]LogConfig: Setting CVar [[gc.MergeGCClusters:0]]
[2019.05.09-02.35.52:156][  0]LogConfig: Setting CVar [[gc.MinGCClusterSize:5]]
[2019.05.09-02.35.52:156][  0]LogConfig: Setting CVar [[gc.ActorClusteringEnabled:0]]
[2019.05.09-02.35.52:156][  0]LogConfig: Setting CVar [[gc.BlueprintClusteringEnabled:0]]
[2019.05.09-02.35.52:156][  0]LogConfig: Setting CVar [[gc.UseDisregardForGCOnDedicatedServers:0]]
[2019.05.09-02.35.52:156][  0]LogConfig: Applying CVar settings from Section [/Script/Engine.NetworkSettings] File [D:/Charlie/Slime/Slime/Saved/Config/Windows/Engine.ini]
[2019.05.09-02.35.52:156][  0]LogConfig: Applying CVar settings from Section [/Script/UnrealEd.CookerSettings] File [D:/Charlie/Slime/Slime/Saved/Config/Windows/Engine.ini]
[2019.05.09-02.35.52:199][  0]LogConfig: Applying CVar settings from Section [ViewDistanceQuality@3] File [D:/Charlie/Slime/Slime/Saved/Config/Windows/Scalability.ini]
[2019.05.09-02.35.52:199][  0]LogConfig: Setting CVar [[r.SkeletalMeshLODBias:0]]
[2019.05.09-02.35.52:199][  0]LogConfig: Setting CVar [[r.ViewDistanceScale:1.0]]
[2019.05.09-02.35.52:199][  0]LogConfig: Applying CVar settings from Section [AntiAliasingQuality@3] File [D:/Charlie/Slime/Slime/Saved/Config/Windows/Scalability.ini]
[2019.05.09-02.35.52:199][  0]LogConfig: Setting CVar [[r.PostProcessAAQuality:4]]
[2019.05.09-02.35.52:199][  0]LogConfig: Applying CVar settings from Section [ShadowQuality@3] File [D:/Charlie/Slime/Slime/Saved/Config/Windows/Scalability.ini]
[2019.05.09-02.35.52:199][  0]LogConfig: Setting CVar [[r.LightFunctionQuality:1]]
[2019.05.09-02.35.52:200][  0]LogConfig: Setting CVar [[r.ShadowQuality:5]]
[2019.05.09-02.35.52:200][  0]LogConfig: Setting CVar [[r.Shadow.CSM.MaxCascades:10]]
[2019.05.09-02.35.52:200][  0]LogConfig: Setting CVar [[r.Shadow.MaxResolution:2048]]
[2019.05.09-02.35.52:200][  0]LogConfig: Setting CVar [[r.Shadow.MaxCSMResolution:2048]]
[2019.05.09-02.35.52:200][  0]LogConfig: Setting CVar [[r.Shadow.RadiusThreshold:0.01]]
[2019.05.09-02.35.52:200][  0]LogConfig: Setting CVar [[r.Shadow.DistanceScale:1.0]]
[2019.05.09-02.35.52:200][  0]LogConfig: Setting CVar [[r.Shadow.CSM.TransitionScale:1.0]]
[2019.05.09-02.35.52:200][  0]LogConfig: Setting CVar [[r.Shadow.PreShadowResolutionFactor:1.0]]
[2019.05.09-02.35.52:200][  0]LogConfig: Setting CVar [[r.DistanceFieldShadowing:1]]
[2019.05.09-02.35.52:200][  0]LogConfig: Setting CVar [[r.DistanceFieldAO:1]]
[2019.05.09-02.35.52:200][  0]LogConfig: Setting CVar [[r.AOQuality:2]]
[2019.05.09-02.35.52:200][  0]LogConfig: Setting CVar [[r.VolumetricFog:1]]
[2019.05.09-02.35.52:200][  0]LogConfig: Setting CVar [[r.VolumetricFog.GridPixelSize:8]]
[2019.05.09-02.35.52:200][  0]LogConfig: Setting CVar [[r.VolumetricFog.GridSizeZ:128]]
[2019.05.09-02.35.52:201][  0]LogConfig: Setting CVar [[r.VolumetricFog.HistoryMissSupersampleCount:4]]
[2019.05.09-02.35.52:201][  0]LogConfig: Setting CVar [[r.LightMaxDrawDistanceScale:1]]
[2019.05.09-02.35.52:201][  0]LogConfig: Setting CVar [[r.CapsuleShadows:1]]
[2019.05.09-02.35.52:201][  0]LogConfig: Applying CVar settings from Section [PostProcessQuality@3] File [D:/Charlie/Slime/Slime/Saved/Config/Windows/Scalability.ini]
[2019.05.09-02.35.52:201][  0]LogConfig: Setting CVar [[r.MotionBlurQuality:4]]
[2019.05.09-02.35.52:201][  0]LogConfig: Setting CVar [[r.AmbientOcclusionMipLevelFactor:0.4]]
[2019.05.09-02.35.52:201][  0]LogConfig: Setting CVar [[r.AmbientOcclusionMaxQuality:100]]
[2019.05.09-02.35.52:201][  0]LogConfig: Setting CVar [[r.AmbientOcclusionLevels:-1]]
[2019.05.09-02.35.52:201][  0]LogConfig: Setting CVar [[r.AmbientOcclusionRadiusScale:1.0]]
[2019.05.09-02.35.52:201][  0]LogConfig: Setting CVar [[r.DepthOfFieldQuality:2]]
[2019.05.09-02.35.52:201][  0]LogConfig: Setting CVar [[r.RenderTargetPoolMin:400]]
[2019.05.09-02.35.52:201][  0]LogConfig: Setting CVar [[r.LensFlareQuality:2]]
[2019.05.09-02.35.52:201][  0]LogConfig: Setting CVar [[r.SceneColorFringeQuality:1]]
[2019.05.09-02.35.52:201][  0]LogConfig: Setting CVar [[r.EyeAdaptationQuality:2]]
[2019.05.09-02.35.52:201][  0]LogConfig: Setting CVar [[r.BloomQuality:5]]
[2019.05.09-02.35.52:201][  0]LogConfig: Setting CVar [[r.FastBlurThreshold:100]]
[2019.05.09-02.35.52:201][  0]LogConfig: Setting CVar [[r.Upscale.Quality:3]]
[2019.05.09-02.35.52:202][  0]LogConfig: Setting CVar [[r.Tonemapper.GrainQuantization:1]]
[2019.05.09-02.35.52:202][  0]LogConfig: Setting CVar [[r.LightShaftQuality:1]]
[2019.05.09-02.35.52:202][  0]LogConfig: Setting CVar [[r.Filter.SizeScale:1]]
[2019.05.09-02.35.52:202][  0]LogConfig: Setting CVar [[r.Tonemapper.Quality:5]]
[2019.05.09-02.35.52:202][  0]LogConfig: Setting CVar [[r.DOF.Gather.AccumulatorQuality:1        ; higher gathering accumulator quality]]
[2019.05.09-02.35.52:202][  0]LogConfig: Setting CVar [[r.DOF.Gather.PostfilterMethod:1          ; Median3x3 postfilering method]]
[2019.05.09-02.35.52:202][  0]LogConfig: Setting CVar [[r.DOF.Gather.EnableBokehSettings:0       ; no bokeh simulation when gathering]]
[2019.05.09-02.35.52:202][  0]LogConfig: Setting CVar [[r.DOF.Gather.RingCount:4                 ; medium number of samples when gathering]]
[2019.05.09-02.35.52:202][  0]LogConfig: Setting CVar [[r.DOF.Scatter.ForegroundCompositing:1    ; additive foreground scattering]]
[2019.05.09-02.35.52:202][  0]LogConfig: Setting CVar [[r.DOF.Scatter.BackgroundCompositing:2    ; additive background scattering]]
[2019.05.09-02.35.52:202][  0]LogConfig: Setting CVar [[r.DOF.Scatter.EnableBokehSettings:1      ; bokeh simulation when scattering]]
[2019.05.09-02.35.52:202][  0]LogConfig: Setting CVar [[r.DOF.Scatter.MaxSpriteRatio:0.1         ; only a maximum of 10% of scattered bokeh]]
[2019.05.09-02.35.52:202][  0]LogConfig: Setting CVar [[r.DOF.Recombine.Quality:1                ; cheap slight out of focus]]
[2019.05.09-02.35.52:202][  0]LogConfig: Setting CVar [[r.DOF.Recombine.EnableBokehSettings:0    ; no bokeh simulation on slight out of focus]]
[2019.05.09-02.35.52:203][  0]LogConfig: Setting CVar [[r.DOF.TemporalAAQuality:1                ; more stable temporal accumulation]]
[2019.05.09-02.35.52:203][  0]LogConfig: Setting CVar [[r.DOF.Kernel.MaxForegroundRadius:0.025]]
[2019.05.09-02.35.52:203][  0]LogConfig: Setting CVar [[r.DOF.Kernel.MaxBackgroundRadius:0.025]]
[2019.05.09-02.35.52:203][  0]LogConfig: Applying CVar settings from Section [TextureQuality@3] File [D:/Charlie/Slime/Slime/Saved/Config/Windows/Scalability.ini]
[2019.05.09-02.35.52:203][  0]LogConfig: Setting CVar [[r.Streaming.MipBias:0]]
[2019.05.09-02.35.52:203][  0]LogConfig: Setting CVar [[r.Streaming.AmortizeCPUToGPUCopy:0]]
[2019.05.09-02.35.52:203][  0]LogConfig: Setting CVar [[r.Streaming.MaxNumTexturesToStreamPerFrame:0]]
[2019.05.09-02.35.52:203][  0]LogConfig: Setting CVar [[r.Streaming.Boost:1]]
[2019.05.09-02.35.52:203][  0]LogConfig: Setting CVar [[r.MaxAnisotropy:8]]
[2019.05.09-02.35.52:203][  0]LogConfig: Setting CVar [[r.Streaming.LimitPoolSizeToVRAM:0]]
[2019.05.09-02.35.52:203][  0]LogConfig: Setting CVar [[r.Streaming.PoolSize:1000]]
[2019.05.09-02.35.52:203][  0]LogConfig: Setting CVar [[r.Streaming.MaxEffectiveScreenSize:0]]
[2019.05.09-02.35.52:203][  0]LogConfig: Applying CVar settings from Section [EffectsQuality@3] File [D:/Charlie/Slime/Slime/Saved/Config/Windows/Scalability.ini]
[2019.05.09-02.35.52:203][  0]LogConfig: Setting CVar [[r.TranslucencyLightingVolumeDim:64]]
[2019.05.09-02.35.52:203][  0]LogConfig: Setting CVar [[r.RefractionQuality:2]]
[2019.05.09-02.35.52:203][  0]LogConfig: Setting CVar [[r.SSR.Quality:3]]
[2019.05.09-02.35.52:203][  0]LogConfig: Setting CVar [[r.SceneColorFormat:4]]
[2019.05.09-02.35.52:204][  0]LogConfig: Setting CVar [[r.DetailMode:2]]
[2019.05.09-02.35.52:204][  0]LogConfig: Setting CVar [[r.TranslucencyVolumeBlur:1]]
[2019.05.09-02.35.52:204][  0]LogConfig: Setting CVar [[r.MaterialQualityLevel:1 ; High quality]]
[2019.05.09-02.35.52:204][  0]LogConfig: Setting CVar [[r.SSS.Scale:1]]
[2019.05.09-02.35.52:204][  0]LogConfig: Setting CVar [[r.SSS.SampleSet:2]]
[2019.05.09-02.35.52:204][  0]LogConfig: Setting CVar [[r.SSS.Quality:1]]
[2019.05.09-02.35.52:204][  0]LogConfig: Setting CVar [[r.SSS.HalfRes:1]]
[2019.05.09-02.35.52:204][  0]LogConfig: Setting CVar [[r.EmitterSpawnRateScale:1.0]]
[2019.05.09-02.35.52:204][  0]LogConfig: Setting CVar [[r.ParticleLightQuality:2]]
[2019.05.09-02.35.52:204][  0]LogConfig: Applying CVar settings from Section [FoliageQuality@3] File [D:/Charlie/Slime/Slime/Saved/Config/Windows/Scalability.ini]
[2019.05.09-02.35.52:204][  0]LogConfig: Setting CVar [[foliage.DensityScale:1.0]]
[2019.05.09-02.35.52:204][  0]LogConfig: Setting CVar [[grass.DensityScale:1.0]]
[2019.05.09-02.35.52:215][  0]LogInit: Selected Device Profile: [Windows]
[2019.05.09-02.35.52:216][  0]LogInit: Applying CVar settings loaded from the selected device profile: [Windows]
[2019.05.09-02.35.52:248][  0]LogHAL: Display: Platform has ~ 32 GB [34310209536 / 34359738368 / 32], which maps to Largest [LargestMinGB=32, LargerMinGB=12, DefaultMinGB=8, SmallerMinGB=6, SmallestMinGB=0)
[2019.05.09-02.35.52:255][  0]LogConfig: Setting CVar [[r.Vulkan.UseRealUBs:1]]
[2019.05.09-02.35.52:255][  0]LogInit: Going up to parent DeviceProfile []
[2019.05.09-02.35.52:255][  0]LogConfig: Applying CVar settings from Section [ViewDistanceQuality@3] File [D:/Charlie/Slime/Slime/Saved/Config/Windows/Scalability.ini]
[2019.05.09-02.35.52:255][  0]LogConfig: Setting CVar [[r.SkeletalMeshLODBias:0]]
[2019.05.09-02.35.52:255][  0]LogConfig: Setting CVar [[r.ViewDistanceScale:1.0]]
[2019.05.09-02.35.52:255][  0]LogConfig: Applying CVar settings from Section [AntiAliasingQuality@3] File [D:/Charlie/Slime/Slime/Saved/Config/Windows/Scalability.ini]
[2019.05.09-02.35.52:255][  0]LogConfig: Setting CVar [[r.PostProcessAAQuality:4]]
[2019.05.09-02.35.52:256][  0]LogConfig: Applying CVar settings from Section [ShadowQuality@3] File [D:/Charlie/Slime/Slime/Saved/Config/Windows/Scalability.ini]
[2019.05.09-02.35.52:256][  0]LogConfig: Setting CVar [[r.LightFunctionQuality:1]]
[2019.05.09-02.35.52:256][  0]LogConfig: Setting CVar [[r.ShadowQuality:5]]
[2019.05.09-02.35.52:256][  0]LogConfig: Setting CVar [[r.Shadow.CSM.MaxCascades:10]]
[2019.05.09-02.35.52:256][  0]LogConfig: Setting CVar [[r.Shadow.MaxResolution:2048]]
[2019.05.09-02.35.52:256][  0]LogConfig: Setting CVar [[r.Shadow.MaxCSMResolution:2048]]
[2019.05.09-02.35.52:256][  0]LogConfig: Setting CVar [[r.Shadow.RadiusThreshold:0.01]]
[2019.05.09-02.35.52:256][  0]LogConfig: Setting CVar [[r.Shadow.DistanceScale:1.0]]
[2019.05.09-02.35.52:256][  0]LogConfig: Setting CVar [[r.Shadow.CSM.TransitionScale:1.0]]
[2019.05.09-02.35.52:256][  0]LogConfig: Setting CVar [[r.Shadow.PreShadowResolutionFactor:1.0]]
[2019.05.09-02.35.52:256][  0]LogConfig: Setting CVar [[r.DistanceFieldShadowing:1]]
[2019.05.09-02.35.52:256][  0]LogConfig: Setting CVar [[r.DistanceFieldAO:1]]
[2019.05.09-02.35.52:256][  0]LogConfig: Setting CVar [[r.AOQuality:2]]
[2019.05.09-02.35.52:256][  0]LogConfig: Setting CVar [[r.VolumetricFog:1]]
[2019.05.09-02.35.52:257][  0]LogConfig: Setting CVar [[r.VolumetricFog.GridPixelSize:8]]
[2019.05.09-02.35.52:257][  0]LogConfig: Setting CVar [[r.VolumetricFog.GridSizeZ:128]]
[2019.05.09-02.35.52:257][  0]LogConfig: Setting CVar [[r.VolumetricFog.HistoryMissSupersampleCount:4]]
[2019.05.09-02.35.52:257][  0]LogConfig: Setting CVar [[r.LightMaxDrawDistanceScale:1]]
[2019.05.09-02.35.52:257][  0]LogConfig: Setting CVar [[r.CapsuleShadows:1]]
[2019.05.09-02.35.52:257][  0]LogConfig: Applying CVar settings from Section [PostProcessQuality@3] File [D:/Charlie/Slime/Slime/Saved/Config/Windows/Scalability.ini]
[2019.05.09-02.35.52:257][  0]LogConfig: Setting CVar [[r.MotionBlurQuality:4]]
[2019.05.09-02.35.52:257][  0]LogConfig: Setting CVar [[r.AmbientOcclusionMipLevelFactor:0.4]]
[2019.05.09-02.35.52:257][  0]LogConfig: Setting CVar [[r.AmbientOcclusionMaxQuality:100]]
[2019.05.09-02.35.52:257][  0]LogConfig: Setting CVar [[r.AmbientOcclusionLevels:-1]]
[2019.05.09-02.35.52:257][  0]LogConfig: Setting CVar [[r.AmbientOcclusionRadiusScale:1.0]]
[2019.05.09-02.35.52:257][  0]LogConfig: Setting CVar [[r.DepthOfFieldQuality:2]]
[2019.05.09-02.35.52:257][  0]LogConfig: Setting CVar [[r.RenderTargetPoolMin:400]]
[2019.05.09-02.35.52:257][  0]LogConfig: Setting CVar [[r.LensFlareQuality:2]]
[2019.05.09-02.35.52:257][  0]LogConfig: Setting CVar [[r.SceneColorFringeQuality:1]]
[2019.05.09-02.35.52:258][  0]LogConfig: Setting CVar [[r.EyeAdaptationQuality:2]]
[2019.05.09-02.35.52:258][  0]LogConfig: Setting CVar [[r.BloomQuality:5]]
[2019.05.09-02.35.52:258][  0]LogConfig: Setting CVar [[r.FastBlurThreshold:100]]
[2019.05.09-02.35.52:258][  0]LogConfig: Setting CVar [[r.Upscale.Quality:3]]
[2019.05.09-02.35.52:258][  0]LogConfig: Setting CVar [[r.Tonemapper.GrainQuantization:1]]
[2019.05.09-02.35.52:258][  0]LogConfig: Setting CVar [[r.LightShaftQuality:1]]
[2019.05.09-02.35.52:258][  0]LogConfig: Setting CVar [[r.Filter.SizeScale:1]]
[2019.05.09-02.35.52:258][  0]LogConfig: Setting CVar [[r.Tonemapper.Quality:5]]
[2019.05.09-02.35.52:258][  0]LogConfig: Setting CVar [[r.DOF.Gather.AccumulatorQuality:1        ; higher gathering accumulator quality]]
[2019.05.09-02.35.52:258][  0]LogConfig: Setting CVar [[r.DOF.Gather.PostfilterMethod:1          ; Median3x3 postfilering method]]
[2019.05.09-02.35.52:258][  0]LogConfig: Setting CVar [[r.DOF.Gather.EnableBokehSettings:0       ; no bokeh simulation when gathering]]
[2019.05.09-02.35.52:258][  0]LogConfig: Setting CVar [[r.DOF.Gather.RingCount:4                 ; medium number of samples when gathering]]
[2019.05.09-02.35.52:258][  0]LogConfig: Setting CVar [[r.DOF.Scatter.ForegroundCompositing:1    ; additive foreground scattering]]
[2019.05.09-02.35.52:259][  0]LogConfig: Setting CVar [[r.DOF.Scatter.BackgroundCompositing:2    ; additive background scattering]]
[2019.05.09-02.35.52:259][  0]LogConfig: Setting CVar [[r.DOF.Scatter.EnableBokehSettings:1      ; bokeh simulation when scattering]]
[2019.05.09-02.35.52:259][  0]LogConfig: Setting CVar [[r.DOF.Scatter.MaxSpriteRatio:0.1         ; only a maximum of 10% of scattered bokeh]]
[2019.05.09-02.35.52:259][  0]LogConfig: Setting CVar [[r.DOF.Recombine.Quality:1                ; cheap slight out of focus]]
[2019.05.09-02.35.52:259][  0]LogConfig: Setting CVar [[r.DOF.Recombine.EnableBokehSettings:0    ; no bokeh simulation on slight out of focus]]
[2019.05.09-02.35.52:259][  0]LogConfig: Setting CVar [[r.DOF.TemporalAAQuality:1                ; more stable temporal accumulation]]
[2019.05.09-02.35.52:259][  0]LogConfig: Setting CVar [[r.DOF.Kernel.MaxForegroundRadius:0.025]]
[2019.05.09-02.35.52:259][  0]LogConfig: Setting CVar [[r.DOF.Kernel.MaxBackgroundRadius:0.025]]
[2019.05.09-02.35.52:259][  0]LogConfig: Applying CVar settings from Section [TextureQuality@3] File [D:/Charlie/Slime/Slime/Saved/Config/Windows/Scalability.ini]
[2019.05.09-02.35.52:259][  0]LogConfig: Setting CVar [[r.Streaming.MipBias:0]]
[2019.05.09-02.35.52:259][  0]LogConfig: Setting CVar [[r.Streaming.AmortizeCPUToGPUCopy:0]]
[2019.05.09-02.35.52:259][  0]LogConfig: Setting CVar [[r.Streaming.MaxNumTexturesToStreamPerFrame:0]]
[2019.05.09-02.35.52:259][  0]LogConfig: Setting CVar [[r.Streaming.Boost:1]]
[2019.05.09-02.35.52:259][  0]LogConfig: Setting CVar [[r.MaxAnisotropy:8]]
[2019.05.09-02.35.52:259][  0]LogConfig: Setting CVar [[r.Streaming.LimitPoolSizeToVRAM:0]]
[2019.05.09-02.35.52:259][  0]LogConfig: Setting CVar [[r.Streaming.PoolSize:1000]]
[2019.05.09-02.35.52:260][  0]LogConfig: Setting CVar [[r.Streaming.MaxEffectiveScreenSize:0]]
[2019.05.09-02.35.52:260][  0]LogConfig: Applying CVar settings from Section [EffectsQuality@3] File [D:/Charlie/Slime/Slime/Saved/Config/Windows/Scalability.ini]
[2019.05.09-02.35.52:260][  0]LogConfig: Setting CVar [[r.TranslucencyLightingVolumeDim:64]]
[2019.05.09-02.35.52:260][  0]LogConfig: Setting CVar [[r.RefractionQuality:2]]
[2019.05.09-02.35.52:260][  0]LogConfig: Setting CVar [[r.SSR.Quality:3]]
[2019.05.09-02.35.52:260][  0]LogConfig: Setting CVar [[r.SceneColorFormat:4]]
[2019.05.09-02.35.52:260][  0]LogConfig: Setting CVar [[r.DetailMode:2]]
[2019.05.09-02.35.52:260][  0]LogConfig: Setting CVar [[r.TranslucencyVolumeBlur:1]]
[2019.05.09-02.35.52:260][  0]LogConfig: Setting CVar [[r.MaterialQualityLevel:1 ; High quality]]
[2019.05.09-02.35.52:260][  0]LogConfig: Setting CVar [[r.SSS.Scale:1]]
[2019.05.09-02.35.52:260][  0]LogConfig: Setting CVar [[r.SSS.SampleSet:2]]
[2019.05.09-02.35.52:260][  0]LogConfig: Setting CVar [[r.SSS.Quality:1]]
[2019.05.09-02.35.52:260][  0]LogConfig: Setting CVar [[r.SSS.HalfRes:1]]
[2019.05.09-02.35.52:260][  0]LogConfig: Setting CVar [[r.EmitterSpawnRateScale:1.0]]
[2019.05.09-02.35.52:260][  0]LogConfig: Setting CVar [[r.ParticleLightQuality:2]]
[2019.05.09-02.35.52:261][  0]LogConfig: Applying CVar settings from Section [FoliageQuality@3] File [D:/Charlie/Slime/Slime/Saved/Config/Windows/Scalability.ini]
[2019.05.09-02.35.52:261][  0]LogConfig: Setting CVar [[foliage.DensityScale:1.0]]
[2019.05.09-02.35.52:261][  0]LogConfig: Setting CVar [[grass.DensityScale:1.0]]
[2019.05.09-02.35.52:261][  0]LogConfig: Applying CVar settings from Section [Startup] File [../../../Engine/Config/ConsoleVariables.ini]
[2019.05.09-02.35.52:265][  0]LogConfig: Setting CVar [[net.UseAdaptiveNetUpdateFrequency:0]]
[2019.05.09-02.35.52:265][  0]LogConfig: Applying CVar settings from Section [ConsoleVariables] File [D:/Charlie/Slime/Slime/Saved/Config/Windows/Engine.ini]
[2019.05.09-02.35.52:289][  0]LogInit: Computer: DESKTOP-F5V9220
[2019.05.09-02.35.52:290][  0]LogInit: User: PlayWest
[2019.05.09-02.35.52:290][  0]LogInit: CPU Page size=4096, Cores=4
[2019.05.09-02.35.52:290][  0]LogInit: High frequency timer resolution =2.435778 MHz
[2019.05.09-02.35.52:290][  0]LogMemory: Memory total: Physical=32.0GB (32GB approx)
[2019.05.09-02.35.52:290][  0]LogMemory: Platform Memory Stats for Windows
[2019.05.09-02.35.52:291][  0]LogMemory: Process Physical Memory: 103.63 MB used, 103.63 MB peak
[2019.05.09-02.35.52:291][  0]LogMemory: Process Virtual Memory: 93.94 MB used, 93.94 MB peak
[2019.05.09-02.35.52:291][  0]LogMemory: Physical Memory: 12061.93 MB used,  20658.83 MB free, 32720.77 MB total
[2019.05.09-02.35.52:291][  0]LogMemory: Virtual Memory: 4650.71 MB used,  134213080.00 MB free, 134217728.00 MB total
[2019.05.09-02.35.53:325][  0]LogInit: Using OS detected language (en-GB).
[2019.05.09-02.35.53:325][  0]LogInit: Using OS detected locale (en-GB).
[2019.05.09-02.35.53:342][  0]LogTextLocalizationManager: No specific localization for 'en-GB' exists, so the 'en' localization will be used.
[2019.05.09-02.35.54:109][  0]LogStreaming: Display: Took  0.771s to InitEngineTextLocalization.
[2019.05.09-02.35.54:114][  0]LogInit: Setting process to per monitor DPI aware
[2019.05.09-02.35.54:424][  0]LogSlate: New Slate User Created.  User Index 0, Is Virtual User: 0
[2019.05.09-02.35.54:424][  0]LogSlate: Slate User Registered.  User Index 0, Is Virtual User: 0
[2019.05.09-02.35.56:805][  0]LogHMD: Failed to initialize OpenVR with code 126
[2019.05.09-02.35.56:805][  0]LogD3D11RHI: D3D11 adapters:
[2019.05.09-02.35.56:893][  0]LogD3D11RHI:    0. 'NVIDIA GeForce GTX 980M' (Feature Level 11_0)
[2019.05.09-02.35.56:893][  0]LogD3D11RHI:       8144/0/16360 MB DedicatedVideo/DedicatedSystem/SharedSystem, Outputs:2, VendorId:0x10de
[2019.05.09-02.35.56:901][  0]LogD3D11RHI:    1. 'Microsoft Basic Render Driver' (Feature Level 11_0)
[2019.05.09-02.35.56:901][  0]LogD3D11RHI:       0/0/16360 MB DedicatedVideo/DedicatedSystem/SharedSystem, Outputs:0, VendorId:0x1414
[2019.05.09-02.35.56:901][  0]LogD3D11RHI: Chosen D3D11 Adapter: 0
[2019.05.09-02.35.56:915][  0]LogD3D11RHI: Creating new Direct3DDevice
[2019.05.09-02.35.56:915][  0]LogD3D11RHI:     GPU DeviceId: 0x13d7 (for the marketing name, search the web for "GPU Device Id")
[2019.05.09-02.35.56:915][  0]LogWindows: EnumDisplayDevices:
[2019.05.09-02.35.56:915][  0]LogWindows:    0. 'NVIDIA GeForce GTX 980M' (P:0 D:1)
[2019.05.09-02.35.56:916][  0]LogWindows:    1. 'NVIDIA GeForce GTX 980M' (P:1 D:1)
[2019.05.09-02.35.56:916][  0]LogWindows:    2. 'NVIDIA GeForce GTX 980M' (P:0 D:0)
[2019.05.09-02.35.56:916][  0]LogWindows:    3. 'NVIDIA GeForce GTX 980M' (P:0 D:0)
[2019.05.09-02.35.56:917][  0]LogWindows: DebugString: FoundDriverCount:4 
[2019.05.09-02.35.56:917][  0]LogD3D11RHI:     Adapter Name: NVIDIA GeForce GTX 980M
[2019.05.09-02.35.56:917][  0]LogD3D11RHI:   Driver Version: 418.91 (internal:25.21.14.1891, unified:418.91)
[2019.05.09-02.35.56:917][  0]LogD3D11RHI:      Driver Date: 2-6-2019
[2019.05.09-02.35.56:918][  0]LogRHI: Texture pool is 5701 MB (70% of 8144 MB)
[2019.05.09-02.35.56:978][  0]LogD3D11RHI: Async texture creation enabled
[2019.05.09-02.35.57:199][  0]LogD3D11RHI: GPU Timing Frequency: 1000.000000 (Debug: 2 1)
[2019.05.09-02.35.57:737][  0]LogTemp: Display: Loaded TP AllDesktopTargetPlatform
[2019.05.09-02.35.57:769][  0]LogTemp: Display: Loaded TP MacClientTargetPlatform
[2019.05.09-02.35.57:796][  0]LogTemp: Display: Loaded TP MacNoEditorTargetPlatform
[2019.05.09-02.35.57:823][  0]LogTemp: Display: Loaded TP MacServerTargetPlatform
[2019.05.09-02.35.57:860][  0]LogTemp: Display: Loaded TP MacTargetPlatform
[2019.05.09-02.35.57:910][  0]LogTemp: Display: Loaded TP WindowsClientTargetPlatform
[2019.05.09-02.35.57:938][  0]LogTemp: Display: Loaded TP WindowsNoEditorTargetPlatform
[2019.05.09-02.35.57:964][  0]LogTemp: Display: Loaded TP WindowsServerTargetPlatform
[2019.05.09-02.35.57:988][  0]LogTemp: Display: Loaded TP WindowsTargetPlatform
[2019.05.09-02.35.58:107][  0]LogTemp: Display: Loaded TP AndroidTargetPlatform
[2019.05.09-02.35.58:108][  0]LogTemp: Display: Loaded TP AndroidTargetPlatform
[2019.05.09-02.35.58:108][  0]LogTemp: Display: Loaded TP AndroidTargetPlatform
[2019.05.09-02.35.58:108][  0]LogTemp: Display: Loaded TP AndroidTargetPlatform
[2019.05.09-02.35.58:108][  0]LogTemp: Display: Loaded TP AndroidTargetPlatform
[2019.05.09-02.35.58:108][  0]LogTemp: Display: Loaded TP AndroidTargetPlatform
[2019.05.09-02.35.58:108][  0]LogTemp: Display: Loaded TP AndroidTargetPlatform
[2019.05.09-02.35.58:108][  0]LogTemp: Display: Loaded TP AndroidTargetPlatform
[2019.05.09-02.35.58:108][  0]LogTemp: Display: Loaded TP AndroidTargetPlatform
[2019.05.09-02.35.58:108][  0]LogTemp: Display: Loaded TP AndroidTargetPlatform
[2019.05.09-02.35.58:108][  0]LogTemp: Display: Loaded TP AndroidTargetPlatform
[2019.05.09-02.35.58:108][  0]LogTemp: Display: Loaded TP AndroidTargetPlatform
[2019.05.09-02.35.58:108][  0]LogTemp: Display: Loaded TP AndroidTargetPlatform
[2019.05.09-02.35.58:108][  0]LogTemp: Display: Loaded TP AndroidTargetPlatform
[2019.05.09-02.35.58:108][  0]LogTemp: Display: Loaded TP AndroidTargetPlatform
[2019.05.09-02.35.58:109][  0]LogTemp: Display: Loaded TP AndroidTargetPlatform
[2019.05.09-02.35.58:109][  0]LogTemp: Display: Loaded TP AndroidTargetPlatform
[2019.05.09-02.35.58:109][  0]LogTemp: Display: Loaded TP AndroidTargetPlatform
[2019.05.09-02.35.58:134][  0]LogTemp: Display: Loaded TP HTML5TargetPlatform
[2019.05.09-02.35.58:277][  0]LogTemp: Display: Loaded TP IOSTargetPlatform
[2019.05.09-02.35.58:277][  0]LogTemp: Display: Loaded TP IOSTargetPlatform
[2019.05.09-02.35.58:315][  0]LogTemp: Display: Loaded TP TVOSTargetPlatform
[2019.05.09-02.35.58:315][  0]LogTemp: Display: Loaded TP TVOSTargetPlatform
[2019.05.09-02.35.58:350][  0]LogTemp: Display: Loaded TP LinuxClientTargetPlatform
[2019.05.09-02.35.58:377][  0]LogTemp: Display: Loaded TP LinuxNoEditorTargetPlatform
[2019.05.09-02.35.58:404][  0]LogTemp: Display: Loaded TP LinuxServerTargetPlatform
[2019.05.09-02.35.58:440][  0]LogTemp: Display: Loaded TP LinuxTargetPlatform
[2019.05.09-02.35.58:514][  0]LogTemp: Display: Loaded TP LuminTargetPlatform
[2019.05.09-02.35.58:514][  0]LogTemp: Display: Loaded TP LuminTargetPlatform
[2019.05.09-02.35.58:514][  0]LogTargetPlatformManager: Display: Building Assets For Windows
[2019.05.09-02.35.59:152][  0]LogShaderCompilers: Guid format shader working directory is 14 characters bigger than the processId version (../../../../../Charlie/Slime/Slime/Intermediate/Shaders/WorkingDirectory/18604/).
[2019.05.09-02.35.59:152][  0]LogShaderCompilers: Cleaned the shader compiler working directory 'C:/Users/PlayWest/AppData/Local/Temp/UnrealShaderWorkingDir/BABEA6F14FFAF2A55D2F5A81F8DD6318/'.
[2019.05.09-02.35.59:164][  0]LogXGEController: Cleaning working directory: C:/Users/PlayWest/AppData/Local/Temp/UnrealXGEWorkingDir/
[2019.05.09-02.35.59:165][  0]LogXGEController: Cannot use XGE Controller as Incredibuild is not installed on this machine.
[2019.05.09-02.35.59:165][  0]LogShaderCompilers: Cannot use XGE Shader Compiler as Incredibuild is not installed on this machine.
[2019.05.09-02.35.59:165][  0]LogShaderCompilers: Display: Using Local Shader Compiler.
[2019.05.09-02.36.01:720][  0]LogDerivedDataCache: Display: Max Cache Size: 512 MB
[2019.05.09-02.36.03:527][  0]LogDerivedDataCache: Loaded boot cache 1.81s 390MB C:/Users/PlayWest/AppData/Local/UnrealEngine/4.21/DerivedDataCache/Boot.ddc.
[2019.05.09-02.36.03:527][  0]LogDerivedDataCache: Display: Loaded Boot cache: C:/Users/PlayWest/AppData/Local/UnrealEngine/4.21/DerivedDataCache/Boot.ddc
[2019.05.09-02.36.03:527][  0]LogDerivedDataCache: FDerivedDataBackendGraph:  Pak pak cache file ../../../../../Charlie/Slime/Slime/DerivedDataCache/DDC.ddp not found, will not use a pak cache.
[2019.05.09-02.36.03:528][  0]LogDerivedDataCache: Unable to find inner node Pak for hierarchical cache Hierarchy.
[2019.05.09-02.36.03:528][  0]LogDerivedDataCache: FDerivedDataBackendGraph:  CompressedPak pak cache file ../../../../../Charlie/Slime/Slime/DerivedDataCache/Compressed.ddp not found, will not use a pak cache.
[2019.05.09-02.36.03:528][  0]LogDerivedDataCache: Unable to find inner node CompressedPak for hierarchical cache Hierarchy.
[2019.05.09-02.36.03:588][  0]LogDerivedDataCache: Display: Pak cache opened for reading ../../../Engine/DerivedDataCache/Compressed.ddp.
[2019.05.09-02.36.03:588][  0]LogDerivedDataCache: FDerivedDataBackendGraph:  EnterprisePak pak cache file ../../../Enterprise/DerivedDataCache/Compressed.ddp not found, will not use a pak cache.
[2019.05.09-02.36.03:588][  0]LogDerivedDataCache: Unable to find inner node EnterprisePak for hierarchical cache Hierarchy.
[2019.05.09-02.36.03:602][  0]LogDerivedDataCache: Using Local data cache path C:/Users/PlayWest/AppData/Local/UnrealEngine/Common/DerivedDataCache: Writable
[2019.05.09-02.36.03:602][  0]LogDerivedDataCache: Shared data cache path not found in *engine.ini, will not use an Shared cache.
[2019.05.09-02.36.03:602][  0]LogDerivedDataCache: Unable to find inner node Shared for hierarchical cache Hierarchy.
[2019.05.09-02.36.03:842][  0]LogMaterial: Verifying Global Shaders for PCD3D_SM5
[2019.05.09-02.36.03:911][  0]LogSlate: Using FreeType 2.6.0
[2019.05.09-02.36.03:962][  0]LogSlate: SlateFontServices - WITH_FREETYPE: 1, WITH_HARFBUZZ: 1
[2019.05.09-02.36.04:444][  0]LogAssetRegistry: FAssetRegistry took 0.0400 seconds to start up
[2019.05.09-02.36.06:173][  0]LogInit: Selected Device Profile: [Windows]
[2019.05.09-02.36.07:207][  0]LogSimplygon: Simplygon DLL not present - disabling.
[2019.05.09-02.36.07:356][  0]LogMeshReduction: Using SimplygonSwarm for distributed automatic mesh merging
[2019.05.09-02.36.07:357][  0]LogMeshReduction: Using ProxyLODMeshReduction for automatic mesh merging
[2019.05.09-02.36.07:374][  0]LogMeshReduction: Using QuadricMeshReduction for automatic static mesh reduction
[2019.05.09-02.36.07:374][  0]LogMeshReduction: No automatic skeletal mesh reduction module available
[2019.05.09-02.36.08:105][  0]LogNetVersion: Slime 1.0.0, NetCL: 4541578, EngineNetVer: 5, GameNetVer: 0 (Checksum: 858269732)
[2019.05.09-02.36.12:102][  0]LogPackageLocalizationCache: Processed 11 localized package path(s) for 2 prioritized culture(s) in 0.117614 seconds
[2019.05.09-02.36.12:115][  0]LogUObjectArray: 39775 objects as part of root set at end of initial load.
[2019.05.09-02.36.12:115][  0]LogUObjectAllocator: 6914664 out of 0 bytes used by permanent object pool.
[2019.05.09-02.36.12:115][  0]LogUObjectArray: CloseDisregardForGC: 0/0 objects in disregard for GC pool
[2019.05.09-02.36.20:681][  0]LogTcpMessaging: Initializing TcpMessaging bridge
[2019.05.09-02.36.20:726][  0]LogUdpMessaging: Initializing bridge on interface 0.0.0.0:0 to multicast group 230.0.0.1:6666.
[2019.05.09-02.36.25:860][  0]SourceControl: Source control is disabled
[2019.05.09-02.36.25:860][  0]SourceControl: Source control is disabled
[2019.05.09-02.36.25:960][  0]SourceControl: Source control is disabled
[2019.05.09-02.36.25:990][  0]SourceControl: Source control is disabled
[2019.05.09-02.36.27:354][  0]LogAndroidPermission: UAndroidPermissionCallbackProxy::GetInstance
[2019.05.09-02.36.27:651][  0]LogOcInput: OculusInput pre-init called
[2019.05.09-02.36.28:402][  0]LogEngine: Initializing Engine...
[2019.05.09-02.36.28:468][  0]LogHMD: Failed to initialize OpenVR with code 126
[2019.05.09-02.36.28:483][  0]LogStats: UGameplayTagsManager::ConstructGameplayTagTree: ImportINI prefixes -  0.006 s
[2019.05.09-02.36.28:483][  0]LogStats: UGameplayTagsManager::ConstructGameplayTagTree: Construct from data asset -  0.000 s
[2019.05.09-02.36.28:483][  0]LogStats: UGameplayTagsManager::ConstructGameplayTagTree: ImportINI -  0.000 s
[2019.05.09-02.36.28:483][  0]LogStats: UGameplayTagsManager::ConstructGameplayTagTree: GameplayTagTreeChangedEvent.Broadcast -  0.000 s
[2019.05.09-02.36.29:543][  0]LogInit: Initializing FReadOnlyCVARCache
[2019.05.09-02.36.29:820][  0]LogAIModule: Creating AISystem for world Untitled
[2019.05.09-02.36.30:007][  0]LogInit: XAudio2 using 'Speakers (Realtek High Definition Audio)' : 2 channels at 48 kHz using 32 bits per sample (channel mask 0x3)
[2019.05.09-02.36.30:278][  0]LogInit: FAudioDevice initialized.
[2019.05.09-02.36.30:278][  0]LogNetVersion: Set ProjectVersion to 1.0.0.0. Version Checksum will be recalculated on next use.
[2019.05.09-02.36.33:669][  0]LogDerivedDataCache: Saved boot cache 3.39s 458MB C:/Users/PlayWest/AppData/Local/UnrealEngine/4.21/DerivedDataCache/Boot.ddc.
[2019.05.09-02.36.33:772][  0]LogInit: Texture streaming: Enabled
[2019.05.09-02.36.33:992][  0]LogEngineSessionManager: EngineSessionManager initialized
[2019.05.09-02.36.34:133][  0]LogInit: Transaction tracking system initialized
[2019.05.09-02.36.34:479][  0]BlueprintLog: New page: Editor Load
[2019.05.09-02.36.35:728][  0]LocalizationService: Localization service is disabled
[2019.05.09-02.36.37:713][  0]LogFileCache: Scanning file cache for directory 'D:/Charlie/Slime/Slime/Content/' took 0.02s
[2019.05.09-02.36.37:713][  0]LogCook: Display: Max memory allowance for cook 16384mb min free memory 0mb
[2019.05.09-02.36.37:713][  0]LogCook: Display: Mobile HDR setting 1
[2019.05.09-02.36.37:713][  0]LogGameplayTags: Display: UGameplayTagsManager::DoneAddingNativeTags. DelegateIsBound: 0
[2019.05.09-02.36.37:714][  0]LogStats: UGameplayTagsManager::ConstructGameplayTagTree: ImportINI prefixes -  0.000 s
[2019.05.09-02.36.37:714][  0]LogStats: UGameplayTagsManager::ConstructGameplayTagTree: Construct from data asset -  0.000 s
[2019.05.09-02.36.37:714][  0]LogStats: UGameplayTagsManager::ConstructGameplayTagTree: ImportINI -  0.000 s
[2019.05.09-02.36.37:714][  0]LogStats: UGameplayTagsManager::ConstructGameplayTagTree: GameplayTagTreeChangedEvent.Broadcast -  0.000 s
[2019.05.09-02.36.39:177][  0]SourceControl: Source control is disabled
[2019.05.09-02.36.39:204][  0]Cmd: MAP LOAD FILE="../../../../../Charlie/Slime/Slime/Content/FirstPersonCPP/Maps/FirstPersonExampleMap.umap" TEMPLATE=0 SHOWPROGRESS=1 FEATURELEVEL=3
[2019.05.09-02.36.39:211][  0]LightingResults: New page: Lighting Build
[2019.05.09-02.36.39:327][  0]MapCheck: New page: Map Check
[2019.05.09-02.36.39:327][  0]LightingResults: New page: Lighting Build
[2019.05.09-02.36.40:283][  0]LogAIModule: Creating AISystem for world FirstPersonExampleMap
[2019.05.09-02.36.40:703][  0]LogEditorServer: Finished looking for orphan Actors (0.000 secs)
[2019.05.09-02.36.40:793][  0]Cmd: MAP CHECKDEP NOCLEARLOG
[2019.05.09-02.36.40:794][  0]MapCheck: Map check complete: 0 Error(s), 0 Warning(s), took 0.13ms to complete.
[2019.05.09-02.36.40:794][  0]LogFileHelpers: Loading map 'FirstPersonExampleMap' took 1.613
[2019.05.09-02.36.41:617][  0]LogSlate: Updating window title bar state: overlay mode, drag disabled, window buttons hidden, title bar hidden
[2019.05.09-02.36.41:625][  0]LogSlate: Updating window title bar state: overlay mode, drag disabled, window buttons hidden, title bar hidden
[2019.05.09-02.36.41:633][  0]LogSlate: Updating window title bar state: overlay mode, drag disabled, window buttons hidden, title bar hidden
[2019.05.09-02.36.41:642][  0]LogSlate: Updating window title bar state: overlay mode, drag disabled, window buttons hidden, title bar hidden
[2019.05.09-02.36.41:691][  0]LogCollectionManager: Loaded 0 collections in 0.001375 seconds
[2019.05.09-02.36.41:757][  0]LogFileCache: Scanning file cache for directory 'D:/Charlie/Slime/Slime/Saved/Collections/' took 0.01s
[2019.05.09-02.36.41:758][  0]LogFileCache: Scanning file cache for directory 'D:/Charlie/Slime/Slime/Content/Developers/PlayWest/Collections/' took 0.01s
[2019.05.09-02.36.41:758][  0]LogFileCache: Scanning file cache for directory 'D:/Charlie/Slime/Slime/Content/Collections/' took 0.00s
[2019.05.09-02.36.41:758][  0]LogCollectionManager: Rebuilt the GUID cache for 0 collections in 0.000000 seconds
[2019.05.09-02.36.41:787][  0]LogContentBrowser: Native class hierarchy populated in 0.0286 seconds. Added 2656 classes and 622 folders.
[2019.05.09-02.36.41:834][  0]LogContentBrowser: Native class hierarchy updated for 'WidgetCarousel' in 0.0004 seconds. Added 0 classes and 0 folders.
[2019.05.09-02.36.41:866][  0]LogPakFile: Registered encryption key '00000000000000000000000000000000': 0 pak files mounted, 0 remain pending
[2019.05.09-02.36.41:878][  0]LogPakFile: Registered encryption key '00000000000000000000000000000000': 0 pak files mounted, 0 remain pending
[2019.05.09-02.36.41:897][  0]LogPakFile: Registered encryption key '00000000000000000000000000000000': 0 pak files mounted, 0 remain pending
[2019.05.09-02.36.41:913][  0]LogPakFile: Registered encryption key '00000000000000000000000000000000': 0 pak files mounted, 0 remain pending
[2019.05.09-02.36.41:922][  0]LogPakFile: Registered encryption key '00000000000000000000000000000000': 0 pak files mounted, 0 remain pending
[2019.05.09-02.36.41:937][  0]LogPakFile: Registered encryption key '00000000000000000000000000000000': 0 pak files mounted, 0 remain pending
[2019.05.09-02.36.41:951][  0]LogPakFile: Registered encryption key '00000000000000000000000000000000': 0 pak files mounted, 0 remain pending
[2019.05.09-02.36.41:961][  0]LogPakFile: Registered encryption key '00000000000000000000000000000000': 0 pak files mounted, 0 remain pending
[2019.05.09-02.36.41:970][  0]LogPakFile: Registered encryption key '00000000000000000000000000000000': 0 pak files mounted, 0 remain pending
[2019.05.09-02.36.41:989][  0]LogPakFile: Registered encryption key '00000000000000000000000000000000': 0 pak files mounted, 0 remain pending
[2019.05.09-02.36.42:002][  0]LogPakFile: Registered encryption key '00000000000000000000000000000000': 0 pak files mounted, 0 remain pending
[2019.05.09-02.36.42:007][  0]LogPakFile: Registered encryption key '00000000000000000000000000000000': 0 pak files mounted, 0 remain pending
[2019.05.09-02.36.42:013][  0]LogPakFile: Registered encryption key '00000000000000000000000000000000': 0 pak files mounted, 0 remain pending
[2019.05.09-02.36.42:025][  0]LogPakFile: Registered encryption key '00000000000000000000000000000000': 0 pak files mounted, 0 remain pending
[2019.05.09-02.36.42:037][  0]LogPakFile: Registered encryption key '00000000000000000000000000000000': 0 pak files mounted, 0 remain pending
[2019.05.09-02.36.42:050][  0]LogPakFile: Registered encryption key '00000000000000000000000000000000': 0 pak files mounted, 0 remain pending
[2019.05.09-02.36.42:071][  0]LogPakFile: Registered encryption key '00000000000000000000000000000000': 0 pak files mounted, 0 remain pending
[2019.05.09-02.36.42:076][  0]LogPakFile: Registered encryption key '00000000000000000000000000000000': 0 pak files mounted, 0 remain pending
[2019.05.09-02.36.42:088][  0]LogPakFile: Registered encryption key '00000000000000000000000000000000': 0 pak files mounted, 0 remain pending
[2019.05.09-02.36.42:096][  0]LogPakFile: Registered encryption key '00000000000000000000000000000000': 0 pak files mounted, 0 remain pending
[2019.05.09-02.36.42:122][  0]LogPakFile: Registered encryption key '00000000000000000000000000000000': 0 pak files mounted, 0 remain pending
[2019.05.09-02.36.42:139][  0]LogPakFile: Registered encryption key '00000000000000000000000000000000': 0 pak files mounted, 0 remain pending
[2019.05.09-02.36.42:150][  0]LogPakFile: Registered encryption key '00000000000000000000000000000000': 0 pak files mounted, 0 remain pending
[2019.05.09-02.36.42:162][  0]LogPakFile: Registered encryption key '00000000000000000000000000000000': 0 pak files mounted, 0 remain pending
[2019.05.09-02.36.42:174][  0]LogPakFile: Registered encryption key '00000000000000000000000000000000': 0 pak files mounted, 0 remain pending
[2019.05.09-02.36.42:187][  0]LogPakFile: Registered encryption key '00000000000000000000000000000000': 0 pak files mounted, 0 remain pending
[2019.05.09-02.36.42:939][  0]LogContentBrowser: Native class hierarchy updated for 'AddContentDialog' in 0.0004 seconds. Added 0 classes and 0 folders.
[2019.05.09-02.36.42:998][  0]LogContentBrowser: Native class hierarchy updated for 'SceneOutliner' in 0.0005 seconds. Added 1 classes and 2 folders.
[2019.05.09-02.36.43:348][  0]LogSlate: Took 0.012224 seconds to synchronously load lazily loaded font '../../../Engine/Content/Slate/Fonts/Roboto-Regular.ttf' (155K)
[2019.05.09-02.36.43:368][  0]LogSlate: Took 0.018034 seconds to synchronously load lazily loaded font '../../../Engine/Content/Slate/Fonts/Roboto-Bold.ttf' (160K)
[2019.05.09-02.36.43:433][  0]LogSlate: Took 0.012300 seconds to synchronously load lazily loaded font '../../../Engine/Content/Editor/Slate/Fonts/FontAwesome.ttf' (139K)
[2019.05.09-02.36.43:445][  0]LogSlate: Took 0.010880 seconds to synchronously load lazily loaded font '../../../Engine/Content/Slate/Fonts/DroidSansMono.ttf' (77K)
[2019.05.09-02.36.43:830][  0]LogRenderer: Reallocating scene render targets to support 1160x600 Format 10 NumSamples 1 (Frame:1).
[2019.05.09-02.36.44:246][  0]LogContentBrowser: Native class hierarchy updated for 'HierarchicalLODOutliner' in 0.0004 seconds. Added 0 classes and 0 folders.
[2019.05.09-02.36.44:247][  0]LogLoad: (Engine Initialization) Total time: 63.76 seconds
[2019.05.09-02.36.44:247][  0]LogLoad: (Engine Initialization) Total Blueprint compile time: 0.00 seconds
[2019.05.09-02.36.44:274][  0]LogWindowsTextInputMethodSystem: Display: IME system now deactivated.
[2019.05.09-02.36.44:554][  0]LogContentStreaming: Texture pool size now 1000 MB
[2019.05.09-02.36.44:765][  1]LogFileCache: Retrieving MD5 hashes for directory 'D:/Charlie/Slime/Slime/Content/' took 0.46s
[2019.05.09-02.36.44:892][  2]LogAssetRegistry: Asset discovery search completed in 40.4724 seconds
[2019.05.09-02.36.44:894][  2]LogCollectionManager: Rebuilt the object cache for 0 collections in 0.000000 seconds (found 0 objects)
[2019.05.09-02.36.44:895][  2]LogCollectionManager: Fixed up redirectors for 0 collections in 0.000461 seconds (updated 0 objects)
[2019.05.09-02.37.04:555][135]LogSlate: FSceneViewport::OnFocusLost() reason 0
[2019.05.09-02.37.04:594][135]LogTemp: Repeating last play command: Selected Viewport
[2019.05.09-02.37.04:647][135]LogBlueprintUserMessages: Early PlayInEditor Detection: Level '/Game/FirstPersonCPP/Maps/FirstPersonExampleMap.FirstPersonExampleMap:PersistentLevel' has LevelScriptBlueprint '/Game/FirstPersonCPP/Maps/FirstPersonExampleMap.FirstPersonExampleMap:PersistentLevel.FirstPersonExampleMap' with GeneratedClass '/Game/FirstPersonCPP/Maps/FirstPersonExampleMap.FirstPersonExampleMap_C' with ClassGeneratedBy '/Game/FirstPersonCPP/Maps/FirstPersonExampleMap.FirstPersonExampleMap:PersistentLevel.FirstPersonExampleMap'
[2019.05.09-02.37.04:654][135]LogPlayLevel: PlayLevel: No blueprints needed recompiling
[2019.05.09-02.37.04:674][135]PIE: New page: PIE session: FirstPersonExampleMap (9 May 2019 04:37:04)
[2019.05.09-02.37.04:824][135]LogPlayLevel: Creating play world package: /Game/FirstPersonCPP/Maps/UEDPIE_0_FirstPersonExampleMap
[2019.05.09-02.37.04:937][135]LogPlayLevel: PIE: StaticDuplicateObject took: (0.093382s)
[2019.05.09-02.37.04:951][135]LogAIModule: Creating AISystem for world FirstPersonExampleMap
[2019.05.09-02.37.04:968][135]LogPlayLevel: PIE: World Init took: (0.031253s)
[2019.05.09-02.37.04:968][135]LogPlayLevel: PIE: Created PIE world by copying editor world from /Game/FirstPersonCPP/Maps/FirstPersonExampleMap.FirstPersonExampleMap to /Game/FirstPersonCPP/Maps/UEDPIE_0_FirstPersonExampleMap.FirstPersonExampleMap (0.145122s)
[2019.05.09-02.37.05:066][135]LogInit: XAudio2 using 'Speakers (Realtek High Definition Audio)' : 2 channels at 48 kHz using 32 bits per sample (channel mask 0x3)
[2019.05.09-02.37.05:168][135]LogInit: FAudioDevice initialized.
[2019.05.09-02.37.05:288][135]LogLoad: Game class is 'SlimeGameMode'
[2019.05.09-02.37.05:316][135]LogWorld: Bringing World /Game/FirstPersonCPP/Maps/UEDPIE_0_FirstPersonExampleMap.FirstPersonExampleMap up for play (max tick rate 60) at 2019.05.09-03.37.05
[2019.05.09-02.37.05:342][135]LogWorld: Bringing up level for play took: 0.027902
[2019.05.09-02.37.05:509][135]LogContentBrowser: Native class hierarchy updated for 'MovieSceneCapture' in 0.0187 seconds. Added 20 classes and 0 folders.
[2019.05.09-02.37.05:530][135]PIE: Play in editor start time for /Game/FirstPersonCPP/Maps/UEDPIE_0_FirstPersonExampleMap 1.398
[2019.05.09-02.37.05:536][135]LogBlueprintUserMessages: Late PlayInEditor Detection: Level '/Game/FirstPersonCPP/Maps/FirstPersonExampleMap.FirstPersonExampleMap:PersistentLevel' has LevelScriptBlueprint '/Game/FirstPersonCPP/Maps/FirstPersonExampleMap.FirstPersonExampleMap:PersistentLevel.FirstPersonExampleMap' with GeneratedClass '/Game/FirstPersonCPP/Maps/FirstPersonExampleMap.FirstPersonExampleMap_C' with ClassGeneratedBy '/Game/FirstPersonCPP/Maps/FirstPersonExampleMap.FirstPersonExampleMap:PersistentLevel.FirstPersonExampleMap'
