Log file open, 03/04/19 14:53:12
LogWindows: Failed to load 'aqProf.dll' (GetLastError=126)
LogWindows: File 'aqProf.dll' does not exist
LogWindows: Failed to load 'VtuneApi.dll' (GetLastError=126)
LogWindows: File 'VtuneApi.dll' does not exist
LogWindows: Failed to load 'VtuneApi32e.dll' (GetLastError=126)
LogWindows: File 'VtuneApi32e.dll' does not exist
LogConsoleResponse: Display: Failed to find resolution value strings in scalability ini. Falling back to default.
LogInit: Display: Running engine for game: Slime
LogPakFile: Registered encryption key '00000000000000000000000000000000': 0 pak files mounted, 0 remain pending
LogPlatformFile: Not using cached read wrapper
LogTaskGraph: Started task graph with 5 named threads and 14 total threads with 3 sets of task threads.
LogStats: Stats thread started at 0.754508
LogD3D11RHI: Loaded GFSDK_Aftermath_Lib.x64.dll
LogICUInternationalization: ICU TimeZone Detection - Raw Offset: +0:00, Platform Override: ''
LogPluginManager: Mounting plugin Paper2D
LogPluginManager: Mounting plugin AISupport
LogPluginManager: Mounting plugin LightPropagationVolume
LogPluginManager: Mounting plugin ActorLayerUtilities
LogPluginManager: Mounting plugin CLionSourceCodeAccess
LogPluginManager: Mounting plugin CodeLiteSourceCodeAccess
LogPluginManager: Mounting plugin GitSourceControl
LogPluginManager: Mounting plugin KDevelopSourceCodeAccess
LogPluginManager: Mounting plugin NullSourceCodeAccess
LogPluginManager: Mounting plugin PerforceSourceControl
LogPluginManager: Mounting plugin SubversionSourceControl
LogPluginManager: Mounting plugin UObjectPlugin
LogPluginManager: Mounting plugin VisualStudioCodeSourceCodeAccess
LogPluginManager: Mounting plugin VisualStudioSourceCodeAccess
LogPluginManager: Mounting plugin XCodeSourceCodeAccess
LogPluginManager: Mounting plugin AssetManagerEditor
LogPluginManager: Mounting plugin CryptoKeys
LogPluginManager: Mounting plugin DataValidation
LogPluginManager: Mounting plugin FacialAnimation
LogPluginManager: Mounting plugin GameplayTagsEditor
LogPluginManager: Mounting plugin MacGraphicsSwitching
LogPluginManager: Mounting plugin MeshEditor
LogPluginManager: Mounting plugin MobileLauncherProfileWizard
LogPluginManager: Mounting plugin PluginBrowser
LogPluginManager: Mounting plugin SpeedTreeImporter
LogPluginManager: Mounting plugin DatasmithContent
LogPluginManager: Mounting plugin VariantManagerContent
LogPluginManager: Mounting plugin AlembicImporter
LogPluginManager: Mounting plugin AppleImageUtils
LogPluginManager: Mounting plugin AppleVision
LogPluginManager: Mounting plugin BackChannel
LogPluginManager: Mounting plugin CharacterAI
LogPluginManager: Mounting plugin GeometryCache
LogPluginManager: Mounting plugin HTML5Networking
LogPluginManager: Mounting plugin ProxyLODPlugin
LogPluginManager: Mounting plugin MagicLeap
LogPluginManager: Mounting plugin MagicLeapMedia
LogPluginManager: Mounting plugin AndroidMedia
LogPluginManager: Mounting plugin AvfMedia
LogPluginManager: Mounting plugin ImgMedia
LogPluginManager: Mounting plugin LinearTimecode
LogPluginManager: Mounting plugin MediaCompositing
LogPluginManager: Mounting plugin MediaPlayerEditor
LogPluginManager: Mounting plugin WebMMedia
LogPluginManager: Mounting plugin WmfMedia
LogPluginManager: Mounting plugin TcpMessaging
LogPluginManager: Mounting plugin UdpMessaging
LogPluginManager: Mounting plugin ActorSequence
LogPluginManager: Mounting plugin LevelSequenceEditor
LogPluginManager: Mounting plugin MatineeToLevelSequence
LogPluginManager: Mounting plugin NetcodeUnitTest
LogPluginManager: Mounting plugin NUTUnrealEngine4
LogPluginManager: Mounting plugin OnlineSubsystemGooglePlay
LogPluginManager: Mounting plugin OnlineSubsystemIOS
LogPluginManager: Mounting plugin OnlineSubsystem
LogPluginManager: Mounting plugin OnlineSubsystemNull
LogPluginManager: Mounting plugin OnlineSubsystemUtils
LogPluginManager: Mounting plugin LauncherChunkInstaller
LogPluginManager: Mounting plugin AndroidDeviceProfileSelector
LogPluginManager: Mounting plugin AndroidMoviePlayer
LogPluginManager: Mounting plugin AndroidPermission
LogPluginManager: Mounting plugin AppleMoviePlayer
LogPluginManager: Mounting plugin ArchVisCharacter
LogPluginManager: Mounting plugin AudioCapture
LogPluginManager: Mounting plugin CableComponent
LogPluginManager: Mounting plugin CustomMeshComponent
LogPluginManager: Mounting plugin EditableMesh
LogPluginManager: Mounting plugin ExampleDeviceProfileSelector
LogPluginManager: Mounting plugin Firebase
LogPluginManager: Mounting plugin GoogleCloudMessaging
LogPluginManager: Mounting plugin IOSDeviceProfileSelector
LogPluginManager: Mounting plugin LinuxDeviceProfileSelector
LogPluginManager: Mounting plugin LocationServicesBPLibrary
LogPluginManager: Mounting plugin MobilePatchingUtils
LogPluginManager: Mounting plugin OculusVR
LogPluginManager: Mounting plugin PhysXVehicles
LogPluginManager: Mounting plugin ProceduralMeshComponent
LogPluginManager: Mounting plugin RuntimePhysXCooking
LogPluginManager: Mounting plugin SteamVR
LogPluginManager: Mounting plugin WebMMoviePlayer
LogPluginManager: Mounting plugin WindowsMoviePlayer
LogStreaming: Display: Took  0.159s to configure plugins.
LogInit: Using libcurl 7.55.1-DEV
LogInit:  - built for x86_64-pc-win32
LogInit:  - supports SSL with OpenSSL/1.0.2h
LogInit:  - supports HTTP deflate (compression) using libz 1.2.8
LogInit:  - other features:
LogInit:      CURL_VERSION_SSL
LogInit:      CURL_VERSION_LIBZ
LogInit:      CURL_VERSION_IPV6
LogInit:      CURL_VERSION_ASYNCHDNS
LogInit:      CURL_VERSION_LARGEFILE
LogInit:      CURL_VERSION_IDN
LogInit:  CurlRequestOptions (configurable via config and command line):
LogInit:  - bVerifyPeer = true  - Libcurl will verify peer certificate
LogInit:  - bUseHttpProxy = false  - Libcurl will NOT use HTTP proxy
LogInit:  - bDontReuseConnections = false  - Libcurl will reuse connections
LogInit:  - MaxHostConnections = 16  - Libcurl will limit the number of connections to a host
LogInit:  - LocalHostAddr = Default
LogInit:  - BufferSize = 65536
LogInit: WinSock: version 1.1 (2.2), MaxSocks=32767, MaxUdp=65467
LogInit: Build: ++UE4+Release-4.21-CL-4753647
LogInit: Engine Version: 4.21.2-4753647+++UE4+Release-4.21
LogInit: Compatible Engine Version: 4.21.0-4541578+++UE4+Release-4.21
LogInit: Net CL: 4541578
LogInit: OS: Windows 10 (), CPU: Intel(R) Core(TM) i5-6500 CPU @ 3.20GHz, GPU: NVIDIA GeForce GTX 970
LogInit: Compiled (64-bit): Jan 19 2019 02:07:31
LogInit: Compiled with Visual C++: 19.13.26129.00
LogInit: Build Configuration: Development
LogInit: Branch Name: ++UE4+Release-4.21
LogInit: Command Line:  -skipcompile
LogInit: Base Directory: C:/Program Files/UE_4.21/Engine/Binaries/Win64/
LogInit: Installed Engine Build: 1
LogDevObjectVersion: Number of dev versions registered: 22
LogDevObjectVersion:   Dev-Blueprints (B0D832E4-1F89-4F0D-ACCF-7EB736FD4AA2): 10
LogDevObjectVersion:   Dev-Build (E1C64328-A22C-4D53-A36C-8E866417BD8C): 0
LogDevObjectVersion:   Dev-Core (375EC13C-06E4-48FB-B500-84F0262A717E): 2
LogDevObjectVersion:   Dev-Editor (E4B068ED-F494-42E9-A231-DA0B2E46BB41): 26
LogDevObjectVersion:   Dev-Framework (CFFC743F-43B0-4480-9391-14DF171D2073): 34
LogDevObjectVersion:   Dev-Mobile (B02B49B5-BB20-44E9-A304-32B752E40360): 2
LogDevObjectVersion:   Dev-Networking (A4E4105C-59A1-49B5-A7C5-40C4547EDFEE): 0
LogDevObjectVersion:   Dev-Online (39C831C9-5AE6-47DC-9A44-9C173E1C8E7C): 0
LogDevObjectVersion:   Dev-Physics (78F01B33-EBEA-4F98-B9B4-84EACCB95AA2): 0
LogDevObjectVersion:   Dev-Platform (6631380F-2D4D-43E0-8009-CF276956A95A): 0
LogDevObjectVersion:   Dev-Rendering (12F88B9F-8875-4AFC-A67C-D90C383ABD29): 27
LogDevObjectVersion:   Dev-Sequencer (7B5AE74C-D270-4C10-A958-57980B212A5A): 9
LogDevObjectVersion:   Dev-VR (D7296918-1DD6-4BDD-9DE2-64A83CC13884): 2
LogDevObjectVersion:   Dev-LoadTimes (C2A15278-BFE7-4AFE-6C17-90FF531DF755): 1
LogDevObjectVersion:   Private-Geometry (6EACA3D4-40EC-4CC1-B786-8BED09428FC5): 3
LogDevObjectVersion:   Dev-AnimPhys (29E575DD-E0A3-4627-9D10-D276232CDCEA): 17
LogDevObjectVersion:   Dev-Anim (AF43A65D-7FD3-4947-9873-3E8ED9C1BB05): 2
LogDevObjectVersion:   Dev-ReflectionCapture (6B266CEC-1EC7-4B8F-A30B-E4D90942FC07): 1
LogDevObjectVersion:   Dev-Automation (0DF73D61-A23F-47EA-B727-89E90C41499A): 1
LogDevObjectVersion:   FortniteMain (601D1886-AC64-4F84-AA16-D3DE0DEAC7D6): 17
LogDevObjectVersion:   Dev-Enterprise (9DFFBCD6-494F-0158-E221-12823C92A888): 4
LogDevObjectVersion:   Dev-Niagara (F2AED0AC-9AFE-416F-8664-AA7FFA26D6FC): 1
LogStreaming: Display: Took  0.001s to delete old logs.
LogInit: Presizing for max 8388607 objects, including 0 objects not considered by GC, pre-allocating 0 bytes for permanent pool.
LogInit: Object subsystem initialized
LogConfig: Setting CVar [[con.DebugEarlyDefault:1]]
LogConfig: Setting CVar [[r.setres:1280x720]]
[2019.03.04-14.53.13:401][  0]LogConfig: Setting CVar [[r.VSync:0]]
[2019.03.04-14.53.13:401][  0]LogConfig: Setting CVar [[r.RHICmdBypass:0]]
[2019.03.04-14.53.13:402][  0]LogConfig: Applying CVar settings from Section [/Script/Engine.RendererSettings] File [A:/Uni 2018-19/Github/Slime/Slime/Slime/Saved/Config/Windows/Engine.ini]
[2019.03.04-14.53.13:402][  0]LogConfig: Setting CVar [[r.GPUCrashDebugging:0]]
[2019.03.04-14.53.13:402][  0]LogConfig: Applying CVar settings from Section [/Script/Engine.RendererOverrideSettings] File [A:/Uni 2018-19/Github/Slime/Slime/Slime/Saved/Config/Windows/Engine.ini]
[2019.03.04-14.53.13:402][  0]LogConfig: Applying CVar settings from Section [/Script/Engine.StreamingSettings] File [A:/Uni 2018-19/Github/Slime/Slime/Slime/Saved/Config/Windows/Engine.ini]
[2019.03.04-14.53.13:402][  0]LogConfig: Setting CVar [[s.MinBulkDataSizeForAsyncLoading:131072]]
[2019.03.04-14.53.13:402][  0]LogConfig: Setting CVar [[s.AsyncLoadingThreadEnabled:0]]
[2019.03.04-14.53.13:402][  0]LogConfig: Setting CVar [[s.EventDrivenLoaderEnabled:1]]
[2019.03.04-14.53.13:402][  0]LogConfig: Setting CVar [[s.WarnIfTimeLimitExceeded:0]]
[2019.03.04-14.53.13:402][  0]LogConfig: Setting CVar [[s.TimeLimitExceededMultiplier:1.5]]
[2019.03.04-14.53.13:402][  0]LogConfig: Setting CVar [[s.TimeLimitExceededMinTime:0.005]]
[2019.03.04-14.53.13:402][  0]LogConfig: Setting CVar [[s.UseBackgroundLevelStreaming:1]]
[2019.03.04-14.53.13:402][  0]LogConfig: Setting CVar [[s.PriorityAsyncLoadingExtraTime:15.0]]
[2019.03.04-14.53.13:402][  0]LogConfig: Setting CVar [[s.LevelStreamingActorsUpdateTimeLimit:5.0]]
[2019.03.04-14.53.13:402][  0]LogConfig: Setting CVar [[s.PriorityLevelStreamingActorsUpdateExtraTime:5.0]]
[2019.03.04-14.53.13:402][  0]LogConfig: Setting CVar [[s.LevelStreamingComponentsRegistrationGranularity:10]]
[2019.03.04-14.53.13:402][  0]LogConfig: Setting CVar [[s.UnregisterComponentsTimeLimit:1.0]]
[2019.03.04-14.53.13:402][  0]LogConfig: Setting CVar [[s.LevelStreamingComponentsUnregistrationGranularity:5]]
[2019.03.04-14.53.13:403][  0]LogConfig: Applying CVar settings from Section [/Script/Engine.GarbageCollectionSettings] File [A:/Uni 2018-19/Github/Slime/Slime/Slime/Saved/Config/Windows/Engine.ini]
[2019.03.04-14.53.13:403][  0]LogConfig: Setting CVar [[gc.MaxObjectsNotConsideredByGC:1]]
[2019.03.04-14.53.13:403][  0]LogConfig: Setting CVar [[gc.SizeOfPermanentObjectPool:0]]
[2019.03.04-14.53.13:403][  0]LogConfig: Setting CVar [[gc.FlushStreamingOnGC:0]]
[2019.03.04-14.53.13:403][  0]LogConfig: Setting CVar [[gc.NumRetriesBeforeForcingGC:10]]
[2019.03.04-14.53.13:403][  0]LogConfig: Setting CVar [[gc.AllowParallelGC:1]]
[2019.03.04-14.53.13:403][  0]LogConfig: Setting CVar [[gc.TimeBetweenPurgingPendingKillObjects:61.1]]
[2019.03.04-14.53.13:403][  0]LogConfig: Setting CVar [[gc.MaxObjectsInEditor:8388607]]
[2019.03.04-14.53.13:403][  0]LogConfig: Setting CVar [[gc.IncrementalBeginDestroyEnabled:1]]
[2019.03.04-14.53.13:403][  0]LogConfig: Setting CVar [[gc.CreateGCClusters:1]]
[2019.03.04-14.53.13:403][  0]LogConfig: Setting CVar [[gc.MergeGCClusters:0]]
[2019.03.04-14.53.13:403][  0]LogConfig: Setting CVar [[gc.MinGCClusterSize:5]]
[2019.03.04-14.53.13:403][  0]LogConfig: Setting CVar [[gc.ActorClusteringEnabled:0]]
[2019.03.04-14.53.13:403][  0]LogConfig: Setting CVar [[gc.BlueprintClusteringEnabled:0]]
[2019.03.04-14.53.13:403][  0]LogConfig: Setting CVar [[gc.UseDisregardForGCOnDedicatedServers:0]]
[2019.03.04-14.53.13:403][  0]LogConfig: Applying CVar settings from Section [/Script/Engine.NetworkSettings] File [A:/Uni 2018-19/Github/Slime/Slime/Slime/Saved/Config/Windows/Engine.ini]
[2019.03.04-14.53.13:403][  0]LogConfig: Applying CVar settings from Section [/Script/UnrealEd.CookerSettings] File [A:/Uni 2018-19/Github/Slime/Slime/Slime/Saved/Config/Windows/Engine.ini]
[2019.03.04-14.53.13:419][  0]LogConfig: Applying CVar settings from Section [ViewDistanceQuality@3] File [A:/Uni 2018-19/Github/Slime/Slime/Slime/Saved/Config/Windows/Scalability.ini]
[2019.03.04-14.53.13:419][  0]LogConfig: Setting CVar [[r.SkeletalMeshLODBias:0]]
[2019.03.04-14.53.13:419][  0]LogConfig: Setting CVar [[r.ViewDistanceScale:1.0]]
[2019.03.04-14.53.13:419][  0]LogConfig: Applying CVar settings from Section [AntiAliasingQuality@3] File [A:/Uni 2018-19/Github/Slime/Slime/Slime/Saved/Config/Windows/Scalability.ini]
[2019.03.04-14.53.13:419][  0]LogConfig: Setting CVar [[r.PostProcessAAQuality:4]]
[2019.03.04-14.53.13:419][  0]LogConfig: Applying CVar settings from Section [ShadowQuality@3] File [A:/Uni 2018-19/Github/Slime/Slime/Slime/Saved/Config/Windows/Scalability.ini]
[2019.03.04-14.53.13:419][  0]LogConfig: Setting CVar [[r.LightFunctionQuality:1]]
[2019.03.04-14.53.13:419][  0]LogConfig: Setting CVar [[r.ShadowQuality:5]]
[2019.03.04-14.53.13:419][  0]LogConfig: Setting CVar [[r.Shadow.CSM.MaxCascades:10]]
[2019.03.04-14.53.13:419][  0]LogConfig: Setting CVar [[r.Shadow.MaxResolution:2048]]
[2019.03.04-14.53.13:419][  0]LogConfig: Setting CVar [[r.Shadow.MaxCSMResolution:2048]]
[2019.03.04-14.53.13:419][  0]LogConfig: Setting CVar [[r.Shadow.RadiusThreshold:0.01]]
[2019.03.04-14.53.13:419][  0]LogConfig: Setting CVar [[r.Shadow.DistanceScale:1.0]]
[2019.03.04-14.53.13:420][  0]LogConfig: Setting CVar [[r.Shadow.CSM.TransitionScale:1.0]]
[2019.03.04-14.53.13:420][  0]LogConfig: Setting CVar [[r.Shadow.PreShadowResolutionFactor:1.0]]
[2019.03.04-14.53.13:420][  0]LogConfig: Setting CVar [[r.DistanceFieldShadowing:1]]
[2019.03.04-14.53.13:420][  0]LogConfig: Setting CVar [[r.DistanceFieldAO:1]]
[2019.03.04-14.53.13:420][  0]LogConfig: Setting CVar [[r.AOQuality:2]]
[2019.03.04-14.53.13:420][  0]LogConfig: Setting CVar [[r.VolumetricFog:1]]
[2019.03.04-14.53.13:420][  0]LogConfig: Setting CVar [[r.VolumetricFog.GridPixelSize:8]]
[2019.03.04-14.53.13:420][  0]LogConfig: Setting CVar [[r.VolumetricFog.GridSizeZ:128]]
[2019.03.04-14.53.13:420][  0]LogConfig: Setting CVar [[r.VolumetricFog.HistoryMissSupersampleCount:4]]
[2019.03.04-14.53.13:421][  0]LogConfig: Setting CVar [[r.LightMaxDrawDistanceScale:1]]
[2019.03.04-14.53.13:421][  0]LogConfig: Setting CVar [[r.CapsuleShadows:1]]
[2019.03.04-14.53.13:421][  0]LogConfig: Applying CVar settings from Section [PostProcessQuality@3] File [A:/Uni 2018-19/Github/Slime/Slime/Slime/Saved/Config/Windows/Scalability.ini]
[2019.03.04-14.53.13:421][  0]LogConfig: Setting CVar [[r.MotionBlurQuality:4]]
[2019.03.04-14.53.13:421][  0]LogConfig: Setting CVar [[r.AmbientOcclusionMipLevelFactor:0.4]]
[2019.03.04-14.53.13:421][  0]LogConfig: Setting CVar [[r.AmbientOcclusionMaxQuality:100]]
[2019.03.04-14.53.13:421][  0]LogConfig: Setting CVar [[r.AmbientOcclusionLevels:-1]]
[2019.03.04-14.53.13:421][  0]LogConfig: Setting CVar [[r.AmbientOcclusionRadiusScale:1.0]]
[2019.03.04-14.53.13:421][  0]LogConfig: Setting CVar [[r.DepthOfFieldQuality:2]]
[2019.03.04-14.53.13:421][  0]LogConfig: Setting CVar [[r.RenderTargetPoolMin:400]]
[2019.03.04-14.53.13:421][  0]LogConfig: Setting CVar [[r.LensFlareQuality:2]]
[2019.03.04-14.53.13:421][  0]LogConfig: Setting CVar [[r.SceneColorFringeQuality:1]]
[2019.03.04-14.53.13:421][  0]LogConfig: Setting CVar [[r.EyeAdaptationQuality:2]]
[2019.03.04-14.53.13:421][  0]LogConfig: Setting CVar [[r.BloomQuality:5]]
[2019.03.04-14.53.13:421][  0]LogConfig: Setting CVar [[r.FastBlurThreshold:100]]
[2019.03.04-14.53.13:422][  0]LogConfig: Setting CVar [[r.Upscale.Quality:3]]
[2019.03.04-14.53.13:422][  0]LogConfig: Setting CVar [[r.Tonemapper.GrainQuantization:1]]
[2019.03.04-14.53.13:422][  0]LogConfig: Setting CVar [[r.LightShaftQuality:1]]
[2019.03.04-14.53.13:422][  0]LogConfig: Setting CVar [[r.Filter.SizeScale:1]]
[2019.03.04-14.53.13:422][  0]LogConfig: Setting CVar [[r.Tonemapper.Quality:5]]
[2019.03.04-14.53.13:422][  0]LogConfig: Setting CVar [[r.DOF.Gather.AccumulatorQuality:1        ; higher gathering accumulator quality]]
[2019.03.04-14.53.13:422][  0]LogConfig: Setting CVar [[r.DOF.Gather.PostfilterMethod:1          ; Median3x3 postfilering method]]
[2019.03.04-14.53.13:422][  0]LogConfig: Setting CVar [[r.DOF.Gather.EnableBokehSettings:0       ; no bokeh simulation when gathering]]
[2019.03.04-14.53.13:422][  0]LogConfig: Setting CVar [[r.DOF.Gather.RingCount:4                 ; medium number of samples when gathering]]
[2019.03.04-14.53.13:422][  0]LogConfig: Setting CVar [[r.DOF.Scatter.ForegroundCompositing:1    ; additive foreground scattering]]
[2019.03.04-14.53.13:422][  0]LogConfig: Setting CVar [[r.DOF.Scatter.BackgroundCompositing:2    ; additive background scattering]]
[2019.03.04-14.53.13:422][  0]LogConfig: Setting CVar [[r.DOF.Scatter.EnableBokehSettings:1      ; bokeh simulation when scattering]]
[2019.03.04-14.53.13:422][  0]LogConfig: Setting CVar [[r.DOF.Scatter.MaxSpriteRatio:0.1         ; only a maximum of 10% of scattered bokeh]]
[2019.03.04-14.53.13:422][  0]LogConfig: Setting CVar [[r.DOF.Recombine.Quality:1                ; cheap slight out of focus]]
[2019.03.04-14.53.13:422][  0]LogConfig: Setting CVar [[r.DOF.Recombine.EnableBokehSettings:0    ; no bokeh simulation on slight out of focus]]
[2019.03.04-14.53.13:422][  0]LogConfig: Setting CVar [[r.DOF.TemporalAAQuality:1                ; more stable temporal accumulation]]
[2019.03.04-14.53.13:422][  0]LogConfig: Setting CVar [[r.DOF.Kernel.MaxForegroundRadius:0.025]]
[2019.03.04-14.53.13:422][  0]LogConfig: Setting CVar [[r.DOF.Kernel.MaxBackgroundRadius:0.025]]
[2019.03.04-14.53.13:422][  0]LogConfig: Applying CVar settings from Section [TextureQuality@3] File [A:/Uni 2018-19/Github/Slime/Slime/Slime/Saved/Config/Windows/Scalability.ini]
[2019.03.04-14.53.13:422][  0]LogConfig: Setting CVar [[r.Streaming.MipBias:0]]
[2019.03.04-14.53.13:422][  0]LogConfig: Setting CVar [[r.Streaming.AmortizeCPUToGPUCopy:0]]
[2019.03.04-14.53.13:422][  0]LogConfig: Setting CVar [[r.Streaming.MaxNumTexturesToStreamPerFrame:0]]
[2019.03.04-14.53.13:422][  0]LogConfig: Setting CVar [[r.Streaming.Boost:1]]
[2019.03.04-14.53.13:423][  0]LogConfig: Setting CVar [[r.MaxAnisotropy:8]]
[2019.03.04-14.53.13:423][  0]LogConfig: Setting CVar [[r.Streaming.LimitPoolSizeToVRAM:0]]
[2019.03.04-14.53.13:423][  0]LogConfig: Setting CVar [[r.Streaming.PoolSize:1000]]
[2019.03.04-14.53.13:423][  0]LogConfig: Setting CVar [[r.Streaming.MaxEffectiveScreenSize:0]]
[2019.03.04-14.53.13:423][  0]LogConfig: Applying CVar settings from Section [EffectsQuality@3] File [A:/Uni 2018-19/Github/Slime/Slime/Slime/Saved/Config/Windows/Scalability.ini]
[2019.03.04-14.53.13:423][  0]LogConfig: Setting CVar [[r.TranslucencyLightingVolumeDim:64]]
[2019.03.04-14.53.13:423][  0]LogConfig: Setting CVar [[r.RefractionQuality:2]]
[2019.03.04-14.53.13:423][  0]LogConfig: Setting CVar [[r.SSR.Quality:3]]
[2019.03.04-14.53.13:423][  0]LogConfig: Setting CVar [[r.SceneColorFormat:4]]
[2019.03.04-14.53.13:423][  0]LogConfig: Setting CVar [[r.DetailMode:2]]
[2019.03.04-14.53.13:423][  0]LogConfig: Setting CVar [[r.TranslucencyVolumeBlur:1]]
[2019.03.04-14.53.13:423][  0]LogConfig: Setting CVar [[r.MaterialQualityLevel:1 ; High quality]]
[2019.03.04-14.53.13:423][  0]LogConfig: Setting CVar [[r.SSS.Scale:1]]
[2019.03.04-14.53.13:423][  0]LogConfig: Setting CVar [[r.SSS.SampleSet:2]]
[2019.03.04-14.53.13:423][  0]LogConfig: Setting CVar [[r.SSS.Quality:1]]
[2019.03.04-14.53.13:423][  0]LogConfig: Setting CVar [[r.SSS.HalfRes:1]]
[2019.03.04-14.53.13:423][  0]LogConfig: Setting CVar [[r.EmitterSpawnRateScale:1.0]]
[2019.03.04-14.53.13:423][  0]LogConfig: Setting CVar [[r.ParticleLightQuality:2]]
[2019.03.04-14.53.13:423][  0]LogConfig: Applying CVar settings from Section [FoliageQuality@3] File [A:/Uni 2018-19/Github/Slime/Slime/Slime/Saved/Config/Windows/Scalability.ini]
[2019.03.04-14.53.13:423][  0]LogConfig: Setting CVar [[foliage.DensityScale:1.0]]
[2019.03.04-14.53.13:423][  0]LogConfig: Setting CVar [[grass.DensityScale:1.0]]
[2019.03.04-14.53.13:424][  0]LogInit: Selected Device Profile: [Windows]
[2019.03.04-14.53.13:424][  0]LogInit: Applying CVar settings loaded from the selected device profile: [Windows]
[2019.03.04-14.53.13:447][  0]LogHAL: Display: Platform has ~ 16 GB [17132032000 / 17179869184 / 16], which maps to Larger [LargestMinGB=32, LargerMinGB=12, DefaultMinGB=8, SmallerMinGB=6, SmallestMinGB=0)
[2019.03.04-14.53.13:448][  0]LogConfig: Setting CVar [[r.Vulkan.UseRealUBs:1]]
[2019.03.04-14.53.13:448][  0]LogInit: Going up to parent DeviceProfile []
[2019.03.04-14.53.13:448][  0]LogConfig: Applying CVar settings from Section [ViewDistanceQuality@3] File [A:/Uni 2018-19/Github/Slime/Slime/Slime/Saved/Config/Windows/Scalability.ini]
[2019.03.04-14.53.13:449][  0]LogConfig: Setting CVar [[r.SkeletalMeshLODBias:0]]
[2019.03.04-14.53.13:449][  0]LogConfig: Setting CVar [[r.ViewDistanceScale:1.0]]
[2019.03.04-14.53.13:449][  0]LogConfig: Applying CVar settings from Section [AntiAliasingQuality@3] File [A:/Uni 2018-19/Github/Slime/Slime/Slime/Saved/Config/Windows/Scalability.ini]
[2019.03.04-14.53.13:449][  0]LogConfig: Setting CVar [[r.PostProcessAAQuality:4]]
[2019.03.04-14.53.13:449][  0]LogConfig: Applying CVar settings from Section [ShadowQuality@3] File [A:/Uni 2018-19/Github/Slime/Slime/Slime/Saved/Config/Windows/Scalability.ini]
[2019.03.04-14.53.13:449][  0]LogConfig: Setting CVar [[r.LightFunctionQuality:1]]
[2019.03.04-14.53.13:449][  0]LogConfig: Setting CVar [[r.ShadowQuality:5]]
[2019.03.04-14.53.13:449][  0]LogConfig: Setting CVar [[r.Shadow.CSM.MaxCascades:10]]
[2019.03.04-14.53.13:449][  0]LogConfig: Setting CVar [[r.Shadow.MaxResolution:2048]]
[2019.03.04-14.53.13:449][  0]LogConfig: Setting CVar [[r.Shadow.MaxCSMResolution:2048]]
[2019.03.04-14.53.13:449][  0]LogConfig: Setting CVar [[r.Shadow.RadiusThreshold:0.01]]
[2019.03.04-14.53.13:449][  0]LogConfig: Setting CVar [[r.Shadow.DistanceScale:1.0]]
[2019.03.04-14.53.13:449][  0]LogConfig: Setting CVar [[r.Shadow.CSM.TransitionScale:1.0]]
[2019.03.04-14.53.13:449][  0]LogConfig: Setting CVar [[r.Shadow.PreShadowResolutionFactor:1.0]]
[2019.03.04-14.53.13:450][  0]LogConfig: Setting CVar [[r.DistanceFieldShadowing:1]]
[2019.03.04-14.53.13:450][  0]LogConfig: Setting CVar [[r.DistanceFieldAO:1]]
[2019.03.04-14.53.13:450][  0]LogConfig: Setting CVar [[r.AOQuality:2]]
[2019.03.04-14.53.13:450][  0]LogConfig: Setting CVar [[r.VolumetricFog:1]]
[2019.03.04-14.53.13:450][  0]LogConfig: Setting CVar [[r.VolumetricFog.GridPixelSize:8]]
[2019.03.04-14.53.13:450][  0]LogConfig: Setting CVar [[r.VolumetricFog.GridSizeZ:128]]
[2019.03.04-14.53.13:450][  0]LogConfig: Setting CVar [[r.VolumetricFog.HistoryMissSupersampleCount:4]]
[2019.03.04-14.53.13:450][  0]LogConfig: Setting CVar [[r.LightMaxDrawDistanceScale:1]]
[2019.03.04-14.53.13:450][  0]LogConfig: Setting CVar [[r.CapsuleShadows:1]]
[2019.03.04-14.53.13:450][  0]LogConfig: Applying CVar settings from Section [PostProcessQuality@3] File [A:/Uni 2018-19/Github/Slime/Slime/Slime/Saved/Config/Windows/Scalability.ini]
[2019.03.04-14.53.13:450][  0]LogConfig: Setting CVar [[r.MotionBlurQuality:4]]
[2019.03.04-14.53.13:450][  0]LogConfig: Setting CVar [[r.AmbientOcclusionMipLevelFactor:0.4]]
[2019.03.04-14.53.13:450][  0]LogConfig: Setting CVar [[r.AmbientOcclusionMaxQuality:100]]
[2019.03.04-14.53.13:450][  0]LogConfig: Setting CVar [[r.AmbientOcclusionLevels:-1]]
[2019.03.04-14.53.13:451][  0]LogConfig: Setting CVar [[r.AmbientOcclusionRadiusScale:1.0]]
[2019.03.04-14.53.13:451][  0]LogConfig: Setting CVar [[r.DepthOfFieldQuality:2]]
[2019.03.04-14.53.13:451][  0]LogConfig: Setting CVar [[r.RenderTargetPoolMin:400]]
[2019.03.04-14.53.13:451][  0]LogConfig: Setting CVar [[r.LensFlareQuality:2]]
[2019.03.04-14.53.13:451][  0]LogConfig: Setting CVar [[r.SceneColorFringeQuality:1]]
[2019.03.04-14.53.13:451][  0]LogConfig: Setting CVar [[r.EyeAdaptationQuality:2]]
[2019.03.04-14.53.13:451][  0]LogConfig: Setting CVar [[r.BloomQuality:5]]
[2019.03.04-14.53.13:451][  0]LogConfig: Setting CVar [[r.FastBlurThreshold:100]]
[2019.03.04-14.53.13:451][  0]LogConfig: Setting CVar [[r.Upscale.Quality:3]]
[2019.03.04-14.53.13:451][  0]LogConfig: Setting CVar [[r.Tonemapper.GrainQuantization:1]]
[2019.03.04-14.53.13:451][  0]LogConfig: Setting CVar [[r.LightShaftQuality:1]]
[2019.03.04-14.53.13:451][  0]LogConfig: Setting CVar [[r.Filter.SizeScale:1]]
[2019.03.04-14.53.13:452][  0]LogConfig: Setting CVar [[r.Tonemapper.Quality:5]]
[2019.03.04-14.53.13:452][  0]LogConfig: Setting CVar [[r.DOF.Gather.AccumulatorQuality:1        ; higher gathering accumulator quality]]
[2019.03.04-14.53.13:452][  0]LogConfig: Setting CVar [[r.DOF.Gather.PostfilterMethod:1          ; Median3x3 postfilering method]]
[2019.03.04-14.53.13:452][  0]LogConfig: Setting CVar [[r.DOF.Gather.EnableBokehSettings:0       ; no bokeh simulation when gathering]]
[2019.03.04-14.53.13:452][  0]LogConfig: Setting CVar [[r.DOF.Gather.RingCount:4                 ; medium number of samples when gathering]]
[2019.03.04-14.53.13:452][  0]LogConfig: Setting CVar [[r.DOF.Scatter.ForegroundCompositing:1    ; additive foreground scattering]]
[2019.03.04-14.53.13:452][  0]LogConfig: Setting CVar [[r.DOF.Scatter.BackgroundCompositing:2    ; additive background scattering]]
[2019.03.04-14.53.13:452][  0]LogConfig: Setting CVar [[r.DOF.Scatter.EnableBokehSettings:1      ; bokeh simulation when scattering]]
[2019.03.04-14.53.13:452][  0]LogConfig: Setting CVar [[r.DOF.Scatter.MaxSpriteRatio:0.1         ; only a maximum of 10% of scattered bokeh]]
[2019.03.04-14.53.13:452][  0]LogConfig: Setting CVar [[r.DOF.Recombine.Quality:1                ; cheap slight out of focus]]
[2019.03.04-14.53.13:452][  0]LogConfig: Setting CVar [[r.DOF.Recombine.EnableBokehSettings:0    ; no bokeh simulation on slight out of focus]]
[2019.03.04-14.53.13:453][  0]LogConfig: Setting CVar [[r.DOF.TemporalAAQuality:1                ; more stable temporal accumulation]]
[2019.03.04-14.53.13:453][  0]LogConfig: Setting CVar [[r.DOF.Kernel.MaxForegroundRadius:0.025]]
[2019.03.04-14.53.13:453][  0]LogConfig: Setting CVar [[r.DOF.Kernel.MaxBackgroundRadius:0.025]]
[2019.03.04-14.53.13:453][  0]LogConfig: Applying CVar settings from Section [TextureQuality@3] File [A:/Uni 2018-19/Github/Slime/Slime/Slime/Saved/Config/Windows/Scalability.ini]
[2019.03.04-14.53.13:453][  0]LogConfig: Setting CVar [[r.Streaming.MipBias:0]]
[2019.03.04-14.53.13:453][  0]LogConfig: Setting CVar [[r.Streaming.AmortizeCPUToGPUCopy:0]]
[2019.03.04-14.53.13:453][  0]LogConfig: Setting CVar [[r.Streaming.MaxNumTexturesToStreamPerFrame:0]]
[2019.03.04-14.53.13:453][  0]LogConfig: Setting CVar [[r.Streaming.Boost:1]]
[2019.03.04-14.53.13:453][  0]LogConfig: Setting CVar [[r.MaxAnisotropy:8]]
[2019.03.04-14.53.13:454][  0]LogConfig: Setting CVar [[r.Streaming.LimitPoolSizeToVRAM:0]]
[2019.03.04-14.53.13:454][  0]LogConfig: Setting CVar [[r.Streaming.PoolSize:1000]]
[2019.03.04-14.53.13:454][  0]LogConfig: Setting CVar [[r.Streaming.MaxEffectiveScreenSize:0]]
[2019.03.04-14.53.13:454][  0]LogConfig: Applying CVar settings from Section [EffectsQuality@3] File [A:/Uni 2018-19/Github/Slime/Slime/Slime/Saved/Config/Windows/Scalability.ini]
[2019.03.04-14.53.13:454][  0]LogConfig: Setting CVar [[r.TranslucencyLightingVolumeDim:64]]
[2019.03.04-14.53.13:454][  0]LogConfig: Setting CVar [[r.RefractionQuality:2]]
[2019.03.04-14.53.13:454][  0]LogConfig: Setting CVar [[r.SSR.Quality:3]]
[2019.03.04-14.53.13:454][  0]LogConfig: Setting CVar [[r.SceneColorFormat:4]]
[2019.03.04-14.53.13:454][  0]LogConfig: Setting CVar [[r.DetailMode:2]]
[2019.03.04-14.53.13:454][  0]LogConfig: Setting CVar [[r.TranslucencyVolumeBlur:1]]
[2019.03.04-14.53.13:454][  0]LogConfig: Setting CVar [[r.MaterialQualityLevel:1 ; High quality]]
[2019.03.04-14.53.13:455][  0]LogConfig: Setting CVar [[r.SSS.Scale:1]]
[2019.03.04-14.53.13:455][  0]LogConfig: Setting CVar [[r.SSS.SampleSet:2]]
[2019.03.04-14.53.13:455][  0]LogConfig: Setting CVar [[r.SSS.Quality:1]]
[2019.03.04-14.53.13:455][  0]LogConfig: Setting CVar [[r.SSS.HalfRes:1]]
[2019.03.04-14.53.13:455][  0]LogConfig: Setting CVar [[r.EmitterSpawnRateScale:1.0]]
[2019.03.04-14.53.13:455][  0]LogConfig: Setting CVar [[r.ParticleLightQuality:2]]
[2019.03.04-14.53.13:455][  0]LogConfig: Applying CVar settings from Section [FoliageQuality@3] File [A:/Uni 2018-19/Github/Slime/Slime/Slime/Saved/Config/Windows/Scalability.ini]
[2019.03.04-14.53.13:455][  0]LogConfig: Setting CVar [[foliage.DensityScale:1.0]]
[2019.03.04-14.53.13:455][  0]LogConfig: Setting CVar [[grass.DensityScale:1.0]]
[2019.03.04-14.53.13:455][  0]LogConfig: Applying CVar settings from Section [Startup] File [../../../Engine/Config/ConsoleVariables.ini]
[2019.03.04-14.53.13:456][  0]LogConfig: Setting CVar [[net.UseAdaptiveNetUpdateFrequency:0]]
[2019.03.04-14.53.13:456][  0]LogConfig: Applying CVar settings from Section [ConsoleVariables] File [A:/Uni 2018-19/Github/Slime/Slime/Slime/Saved/Config/Windows/Engine.ini]
[2019.03.04-14.53.13:458][  0]LogInit: Computer: MAINDESKTOP
[2019.03.04-14.53.13:458][  0]LogInit: User: kille
[2019.03.04-14.53.13:458][  0]LogInit: CPU Page size=4096, Cores=4
[2019.03.04-14.53.13:458][  0]LogInit: High frequency timer resolution =10.000000 MHz
[2019.03.04-14.53.13:458][  0]LogMemory: Memory total: Physical=16.0GB (16GB approx)
[2019.03.04-14.53.13:458][  0]LogMemory: Platform Memory Stats for Windows
[2019.03.04-14.53.13:458][  0]LogMemory: Process Physical Memory: 102.87 MB used, 102.88 MB peak
[2019.03.04-14.53.13:459][  0]LogMemory: Process Virtual Memory: 84.89 MB used, 84.89 MB peak
[2019.03.04-14.53.13:459][  0]LogMemory: Physical Memory: 6313.58 MB used,  10024.80 MB free, 16338.38 MB total
[2019.03.04-14.53.13:459][  0]LogMemory: Virtual Memory: 4630.16 MB used,  134213096.00 MB free, 134217728.00 MB total
[2019.03.04-14.53.13:768][  0]LogInit: Using OS detected language (en-US).
[2019.03.04-14.53.13:768][  0]LogInit: Using OS detected locale (en-GB).
[2019.03.04-14.53.13:771][  0]LogTextLocalizationManager: No specific localization for 'en-US' exists, so the 'en' localization will be used.
[2019.03.04-14.53.14:274][  0]LogStreaming: Display: Took  0.505s to InitEngineTextLocalization.
[2019.03.04-14.53.14:274][  0]LogInit: Setting process to per monitor DPI aware
[2019.03.04-14.53.14:380][  0]LogSlate: New Slate User Created.  User Index 0, Is Virtual User: 0
[2019.03.04-14.53.14:380][  0]LogSlate: Slate User Registered.  User Index 0, Is Virtual User: 0
[2019.03.04-14.53.17:339][  0]LogHMD: Failed to initialize OpenVR with code 126
[2019.03.04-14.53.17:339][  0]LogD3D11RHI: D3D11 adapters:
[2019.03.04-14.53.17:416][  0]LogD3D11RHI:    0. 'NVIDIA GeForce GTX 970' (Feature Level 11_0)
[2019.03.04-14.53.17:416][  0]LogD3D11RHI:       4043/0/8169 MB DedicatedVideo/DedicatedSystem/SharedSystem, Outputs:2, VendorId:0x10de
[2019.03.04-14.53.17:422][  0]LogD3D11RHI:    1. 'Microsoft Basic Render Driver' (Feature Level 11_0)
[2019.03.04-14.53.17:422][  0]LogD3D11RHI:       0/0/8169 MB DedicatedVideo/DedicatedSystem/SharedSystem, Outputs:0, VendorId:0x1414
[2019.03.04-14.53.17:422][  0]LogD3D11RHI: Chosen D3D11 Adapter: 0
[2019.03.04-14.53.17:432][  0]LogD3D11RHI: Creating new Direct3DDevice
[2019.03.04-14.53.17:433][  0]LogD3D11RHI:     GPU DeviceId: 0x13c2 (for the marketing name, search the web for "GPU Device Id")
[2019.03.04-14.53.17:433][  0]LogWindows: EnumDisplayDevices:
[2019.03.04-14.53.17:433][  0]LogWindows:    0. 'NVIDIA GeForce GTX 970' (P:1 D:1)
[2019.03.04-14.53.17:433][  0]LogWindows:    1. 'NVIDIA GeForce GTX 970' (P:0 D:1)
[2019.03.04-14.53.17:434][  0]LogWindows:    2. 'NVIDIA GeForce GTX 970' (P:0 D:0)
[2019.03.04-14.53.17:435][  0]LogWindows:    3. 'NVIDIA GeForce GTX 970' (P:0 D:0)
[2019.03.04-14.53.17:435][  0]LogWindows: DebugString: FoundDriverCount:4 
[2019.03.04-14.53.17:435][  0]LogD3D11RHI:     Adapter Name: NVIDIA GeForce GTX 970
[2019.03.04-14.53.17:435][  0]LogD3D11RHI:   Driver Version: 419.17 (internal:25.21.14.1917, unified:419.17)
[2019.03.04-14.53.17:435][  0]LogD3D11RHI:      Driver Date: 2-20-2019
[2019.03.04-14.53.17:436][  0]LogRHI: Texture pool is 2830 MB (70% of 4043 MB)
[2019.03.04-14.53.17:482][  0]LogD3D11RHI: Async texture creation enabled
[2019.03.04-14.53.17:555][  0]LogD3D11RHI: GPU Timing Frequency: 1000.000000 (Debug: 2 1)
[2019.03.04-14.53.17:915][  0]LogTemp: Display: Loaded TP AllDesktopTargetPlatform
[2019.03.04-14.53.17:931][  0]LogTemp: Display: Loaded TP MacClientTargetPlatform
[2019.03.04-14.53.17:947][  0]LogTemp: Display: Loaded TP MacNoEditorTargetPlatform
[2019.03.04-14.53.17:963][  0]LogTemp: Display: Loaded TP MacServerTargetPlatform
[2019.03.04-14.53.17:984][  0]LogTemp: Display: Loaded TP MacTargetPlatform
[2019.03.04-14.53.18:001][  0]LogTemp: Display: Loaded TP WindowsClientTargetPlatform
[2019.03.04-14.53.18:017][  0]LogTemp: Display: Loaded TP WindowsNoEditorTargetPlatform
[2019.03.04-14.53.18:034][  0]LogTemp: Display: Loaded TP WindowsServerTargetPlatform
[2019.03.04-14.53.18:043][  0]LogTemp: Display: Loaded TP WindowsTargetPlatform
[2019.03.04-14.53.18:125][  0]LogTemp: Display: Loaded TP AndroidTargetPlatform
[2019.03.04-14.53.18:125][  0]LogTemp: Display: Loaded TP AndroidTargetPlatform
[2019.03.04-14.53.18:125][  0]LogTemp: Display: Loaded TP AndroidTargetPlatform
[2019.03.04-14.53.18:125][  0]LogTemp: Display: Loaded TP AndroidTargetPlatform
[2019.03.04-14.53.18:126][  0]LogTemp: Display: Loaded TP AndroidTargetPlatform
[2019.03.04-14.53.18:126][  0]LogTemp: Display: Loaded TP AndroidTargetPlatform
[2019.03.04-14.53.18:126][  0]LogTemp: Display: Loaded TP AndroidTargetPlatform
[2019.03.04-14.53.18:126][  0]LogTemp: Display: Loaded TP AndroidTargetPlatform
[2019.03.04-14.53.18:126][  0]LogTemp: Display: Loaded TP AndroidTargetPlatform
[2019.03.04-14.53.18:126][  0]LogTemp: Display: Loaded TP AndroidTargetPlatform
[2019.03.04-14.53.18:126][  0]LogTemp: Display: Loaded TP AndroidTargetPlatform
[2019.03.04-14.53.18:126][  0]LogTemp: Display: Loaded TP AndroidTargetPlatform
[2019.03.04-14.53.18:126][  0]LogTemp: Display: Loaded TP AndroidTargetPlatform
[2019.03.04-14.53.18:126][  0]LogTemp: Display: Loaded TP AndroidTargetPlatform
[2019.03.04-14.53.18:126][  0]LogTemp: Display: Loaded TP AndroidTargetPlatform
[2019.03.04-14.53.18:126][  0]LogTemp: Display: Loaded TP AndroidTargetPlatform
[2019.03.04-14.53.18:126][  0]LogTemp: Display: Loaded TP AndroidTargetPlatform
[2019.03.04-14.53.18:126][  0]LogTemp: Display: Loaded TP AndroidTargetPlatform
[2019.03.04-14.53.18:132][  0]LogTemp: Display: Loaded TP HTML5TargetPlatform
[2019.03.04-14.53.18:215][  0]LogTemp: Display: Loaded TP IOSTargetPlatform
[2019.03.04-14.53.18:215][  0]LogTemp: Display: Loaded TP IOSTargetPlatform
[2019.03.04-14.53.18:241][  0]LogTemp: Display: Loaded TP TVOSTargetPlatform
[2019.03.04-14.53.18:241][  0]LogTemp: Display: Loaded TP TVOSTargetPlatform
[2019.03.04-14.53.18:257][  0]LogTemp: Display: Loaded TP LinuxClientTargetPlatform
[2019.03.04-14.53.18:274][  0]LogTemp: Display: Loaded TP LinuxNoEditorTargetPlatform
[2019.03.04-14.53.18:289][  0]LogTemp: Display: Loaded TP LinuxServerTargetPlatform
[2019.03.04-14.53.18:312][  0]LogTemp: Display: Loaded TP LinuxTargetPlatform
[2019.03.04-14.53.18:364][  0]LogTemp: Display: Loaded TP LuminTargetPlatform
[2019.03.04-14.53.18:364][  0]LogTemp: Display: Loaded TP LuminTargetPlatform
[2019.03.04-14.53.18:364][  0]LogTargetPlatformManager: Display: Building Assets For Windows
[2019.03.04-14.53.18:536][  0]LogShaderCompilers: Guid format shader working directory is 9 characters bigger than the processId version (A:/Uni 2018-19/Github/Slime/Slime/Slime/Intermediate/Shaders/WorkingDirectory/6796/).
[2019.03.04-14.53.18:537][  0]LogShaderCompilers: Cleaned the shader compiler working directory 'C:/Users/Charles/AppData/Local/Temp/UnrealShaderWorkingDir/7EFB12854C4B48BA88194B81665DEDF1/'.
[2019.03.04-14.53.18:540][  0]LogXGEController: Cleaning working directory: C:/Users/Charles/AppData/Local/Temp/UnrealXGEWorkingDir/
[2019.03.04-14.53.18:540][  0]LogXGEController: Cannot use XGE Controller as Incredibuild is not installed on this machine.
[2019.03.04-14.53.18:540][  0]LogShaderCompilers: Cannot use XGE Shader Compiler as Incredibuild is not installed on this machine.
[2019.03.04-14.53.18:540][  0]LogShaderCompilers: Display: Using Local Shader Compiler.
[2019.03.04-14.53.20:407][  0]LogDerivedDataCache: Display: Max Cache Size: 512 MB
[2019.03.04-14.53.20:597][  0]LogDerivedDataCache: Loaded boot cache 0.19s 75MB C:/Users/Charles/AppData/Local/UnrealEngine/4.21/DerivedDataCache/Boot.ddc.
[2019.03.04-14.53.20:597][  0]LogDerivedDataCache: Display: Loaded Boot cache: C:/Users/Charles/AppData/Local/UnrealEngine/4.21/DerivedDataCache/Boot.ddc
[2019.03.04-14.53.20:597][  0]LogDerivedDataCache: FDerivedDataBackendGraph:  Pak pak cache file A:/Uni 2018-19/Github/Slime/Slime/Slime/DerivedDataCache/DDC.ddp not found, will not use a pak cache.
[2019.03.04-14.53.20:597][  0]LogDerivedDataCache: Unable to find inner node Pak for hierarchical cache Hierarchy.
[2019.03.04-14.53.20:598][  0]LogDerivedDataCache: FDerivedDataBackendGraph:  CompressedPak pak cache file A:/Uni 2018-19/Github/Slime/Slime/Slime/DerivedDataCache/Compressed.ddp not found, will not use a pak cache.
[2019.03.04-14.53.20:598][  0]LogDerivedDataCache: Unable to find inner node CompressedPak for hierarchical cache Hierarchy.
[2019.03.04-14.53.20:623][  0]LogDerivedDataCache: Display: Pak cache opened for reading ../../../Engine/DerivedDataCache/Compressed.ddp.
[2019.03.04-14.53.20:623][  0]LogDerivedDataCache: FDerivedDataBackendGraph:  EnterprisePak pak cache file ../../../Enterprise/DerivedDataCache/Compressed.ddp not found, will not use a pak cache.
[2019.03.04-14.53.20:623][  0]LogDerivedDataCache: Unable to find inner node EnterprisePak for hierarchical cache Hierarchy.
[2019.03.04-14.53.20:636][  0]LogDerivedDataCache: Using Local data cache path C:/Users/Charles/AppData/Local/UnrealEngine/Common/DerivedDataCache: Writable
[2019.03.04-14.53.20:636][  0]LogDerivedDataCache: Shared data cache path not found in *engine.ini, will not use an Shared cache.
[2019.03.04-14.53.20:637][  0]LogDerivedDataCache: Unable to find inner node Shared for hierarchical cache Hierarchy.
[2019.03.04-14.53.20:665][  0]LogMaterial: Verifying Global Shaders for PCD3D_SM5
[2019.03.04-14.53.20:671][  0]LogSlate: Using FreeType 2.6.0
[2019.03.04-14.53.20:692][  0]LogSlate: SlateFontServices - WITH_FREETYPE: 1, WITH_HARFBUZZ: 1
[2019.03.04-14.53.20:998][  0]LogAssetRegistry: FAssetRegistry took 0.0380 seconds to start up
[2019.03.04-14.53.21:383][  0]LogInit: Selected Device Profile: [Windows]
[2019.03.04-14.53.21:708][  0]LogSimplygon: Simplygon DLL not present - disabling.
[2019.03.04-14.53.21:730][  0]LogMeshReduction: Using SimplygonSwarm for distributed automatic mesh merging
[2019.03.04-14.53.21:730][  0]LogMeshReduction: Using ProxyLODMeshReduction for automatic mesh merging
[2019.03.04-14.53.21:731][  0]LogMeshReduction: Using QuadricMeshReduction for automatic static mesh reduction
[2019.03.04-14.53.21:731][  0]LogMeshReduction: No automatic skeletal mesh reduction module available
[2019.03.04-14.53.21:790][  0]LogNetVersion: Slime 1.0.0, NetCL: 4541578, EngineNetVer: 5, GameNetVer: 0 (Checksum: 858269732)
[2019.03.04-14.53.23:051][  0]LogPackageLocalizationCache: Processed 11 localized package path(s) for 2 prioritized culture(s) in 0.112389 seconds
[2019.03.04-14.53.23:058][  0]LogUObjectArray: 39775 objects as part of root set at end of initial load.
[2019.03.04-14.53.23:058][  0]LogUObjectAllocator: 6914664 out of 0 bytes used by permanent object pool.
[2019.03.04-14.53.23:058][  0]LogUObjectArray: CloseDisregardForGC: 0/0 objects in disregard for GC pool
[2019.03.04-14.53.26:678][  0]LogTcpMessaging: Initializing TcpMessaging bridge
[2019.03.04-14.53.26:696][  0]LogUdpMessaging: Initializing bridge on interface 0.0.0.0:0 to multicast group 230.0.0.1:6666.
[2019.03.04-14.53.29:685][  0]SourceControl: Source control is disabled
[2019.03.04-14.53.29:685][  0]SourceControl: Source control is disabled
[2019.03.04-14.53.29:697][  0]SourceControl: Source control is disabled
[2019.03.04-14.53.29:703][  0]SourceControl: Source control is disabled
[2019.03.04-14.53.30:060][  0]LogAndroidPermission: UAndroidPermissionCallbackProxy::GetInstance
[2019.03.04-14.53.30:254][  0]LogOcInput: OculusInput pre-init called
[2019.03.04-14.53.30:482][  0]LogEngine: Initializing Engine...
[2019.03.04-14.53.30:517][  0]LogHMD: Failed to initialize OpenVR with code 126
[2019.03.04-14.53.30:520][  0]LogStats: UGameplayTagsManager::ConstructGameplayTagTree: ImportINI prefixes -  0.001 s
[2019.03.04-14.53.30:520][  0]LogStats: UGameplayTagsManager::ConstructGameplayTagTree: Construct from data asset -  0.000 s
[2019.03.04-14.53.30:520][  0]LogStats: UGameplayTagsManager::ConstructGameplayTagTree: ImportINI -  0.000 s
[2019.03.04-14.53.30:521][  0]LogStats: UGameplayTagsManager::ConstructGameplayTagTree: GameplayTagTreeChangedEvent.Broadcast -  0.000 s
[2019.03.04-14.53.30:948][  0]LogInit: Initializing FReadOnlyCVARCache
[2019.03.04-14.53.30:997][  0]LogAIModule: Creating AISystem for world Untitled
[2019.03.04-14.53.31:054][  0]LogInit: XAudio2 using 'SAMSUNG (NVIDIA High Definition Audio)' : 2 channels at 48 kHz using 16 bits per sample (channel mask 0x3)
[2019.03.04-14.53.31:092][  0]LogInit: FAudioDevice initialized.
[2019.03.04-14.53.31:092][  0]LogNetVersion: Set ProjectVersion to 1.0.0.0. Version Checksum will be recalculated on next use.
[2019.03.04-14.53.31:176][  0]LogDerivedDataCache: Saved boot cache 0.08s 75MB C:/Users/Charles/AppData/Local/UnrealEngine/4.21/DerivedDataCache/Boot.ddc.
[2019.03.04-14.53.31:183][  0]LogInit: Texture streaming: Enabled
[2019.03.04-14.53.31:213][  0]LogEngineSessionManager: EngineSessionManager initialized
[2019.03.04-14.53.31:229][  0]LogInit: Transaction tracking system initialized
[2019.03.04-14.53.31:288][  0]BlueprintLog: New page: Editor Load
[2019.03.04-14.53.31:577][  0]LocalizationService: Localization service is disabled
[2019.03.04-14.53.32:413][  0]LogFileCache: Scanning file cache for directory 'A:/Uni 2018-19/Github/Slime/Slime/Slime/Content/' took 0.02s
[2019.03.04-14.53.32:413][  0]LogCook: Display: Max memory allowance for cook 16384mb min free memory 0mb
[2019.03.04-14.53.32:413][  0]LogCook: Display: Mobile HDR setting 1
[2019.03.04-14.53.32:413][  0]LogGameplayTags: Display: UGameplayTagsManager::DoneAddingNativeTags. DelegateIsBound: 0
[2019.03.04-14.53.32:414][  0]LogStats: UGameplayTagsManager::ConstructGameplayTagTree: ImportINI prefixes -  0.000 s
[2019.03.04-14.53.32:414][  0]LogStats: UGameplayTagsManager::ConstructGameplayTagTree: Construct from data asset -  0.000 s
[2019.03.04-14.53.32:414][  0]LogStats: UGameplayTagsManager::ConstructGameplayTagTree: ImportINI -  0.000 s
[2019.03.04-14.53.32:414][  0]LogStats: UGameplayTagsManager::ConstructGameplayTagTree: GameplayTagTreeChangedEvent.Broadcast -  0.000 s
[2019.03.04-14.53.32:840][  0]SourceControl: Source control is disabled
[2019.03.04-14.53.32:842][  0]Cmd: MAP LOAD FILE="A:/Uni 2018-19/Github/Slime/Slime/Slime/Content/FirstPersonCPP/Maps/FirstPersonExampleMap.umap" TEMPLATE=0 SHOWPROGRESS=1 FEATURELEVEL=3
[2019.03.04-14.53.32:929][  0]LightingResults: New page: Lighting Build
[2019.03.04-14.53.32:940][  0]MapCheck: New page: Map Check
[2019.03.04-14.53.32:940][  0]LightingResults: New page: Lighting Build
[2019.03.04-14.53.33:507][  0]LogAIModule: Creating AISystem for world FirstPersonExampleMap
[2019.03.04-14.53.33:540][  0]LogEditorServer: Finished looking for orphan Actors (0.000 secs)
[2019.03.04-14.53.33:567][  0]Cmd: MAP CHECKDEP NOCLEARLOG
[2019.03.04-14.53.33:568][  0]MapCheck: Map check complete: 0 Error(s), 0 Warning(s), took 0.125ms to complete.
[2019.03.04-14.53.33:568][  0]LogFileHelpers: Loading map 'FirstPersonExampleMap' took 0.727
[2019.03.04-14.53.33:745][  0]LogSlate: Updating window title bar state: overlay mode, drag disabled, window buttons hidden, title bar hidden
[2019.03.04-14.53.33:753][  0]LogSlate: Updating window title bar state: overlay mode, drag disabled, window buttons hidden, title bar hidden
[2019.03.04-14.53.33:761][  0]LogSlate: Updating window title bar state: overlay mode, drag disabled, window buttons hidden, title bar hidden
[2019.03.04-14.53.33:769][  0]LogSlate: Updating window title bar state: overlay mode, drag disabled, window buttons hidden, title bar hidden
[2019.03.04-14.53.33:795][  0]LogCollectionManager: Loaded 0 collections in 0.001945 seconds
[2019.03.04-14.53.33:843][  0]LogFileCache: Scanning file cache for directory 'A:/Uni 2018-19/Github/Slime/Slime/Slime/Saved/Collections/' took 0.01s
[2019.03.04-14.53.33:843][  0]LogFileCache: Scanning file cache for directory 'A:/Uni 2018-19/Github/Slime/Slime/Slime/Content/Developers/kille/Collections/' took 0.00s
[2019.03.04-14.53.33:843][  0]LogFileCache: Scanning file cache for directory 'A:/Uni 2018-19/Github/Slime/Slime/Slime/Content/Collections/' took 0.01s
[2019.03.04-14.53.33:843][  0]LogCollectionManager: Rebuilt the GUID cache for 0 collections in 0.000000 seconds
[2019.03.04-14.53.33:855][  0]LogContentBrowser: Native class hierarchy populated in 0.0108 seconds. Added 2656 classes and 622 folders.
[2019.03.04-14.53.33:871][  0]LogContentBrowser: Native class hierarchy updated for 'WidgetCarousel' in 0.0004 seconds. Added 0 classes and 0 folders.
[2019.03.04-14.53.33:886][  0]LogPakFile: Registered encryption key '00000000000000000000000000000000': 0 pak files mounted, 0 remain pending
[2019.03.04-14.53.33:895][  0]LogPakFile: Registered encryption key '00000000000000000000000000000000': 0 pak files mounted, 0 remain pending
[2019.03.04-14.53.33:920][  0]LogPakFile: Registered encryption key '00000000000000000000000000000000': 0 pak files mounted, 0 remain pending
[2019.03.04-14.53.33:928][  0]LogPakFile: Registered encryption key '00000000000000000000000000000000': 0 pak files mounted, 0 remain pending
[2019.03.04-14.53.33:935][  0]LogPakFile: Registered encryption key '00000000000000000000000000000000': 0 pak files mounted, 0 remain pending
[2019.03.04-14.53.33:942][  0]LogPakFile: Registered encryption key '00000000000000000000000000000000': 0 pak files mounted, 0 remain pending
[2019.03.04-14.53.33:949][  0]LogPakFile: Registered encryption key '00000000000000000000000000000000': 0 pak files mounted, 0 remain pending
[2019.03.04-14.53.33:957][  0]LogPakFile: Registered encryption key '00000000000000000000000000000000': 0 pak files mounted, 0 remain pending
[2019.03.04-14.53.33:966][  0]LogPakFile: Registered encryption key '00000000000000000000000000000000': 0 pak files mounted, 0 remain pending
[2019.03.04-14.53.33:974][  0]LogPakFile: Registered encryption key '00000000000000000000000000000000': 0 pak files mounted, 0 remain pending
[2019.03.04-14.53.33:981][  0]LogPakFile: Registered encryption key '00000000000000000000000000000000': 0 pak files mounted, 0 remain pending
[2019.03.04-14.53.33:987][  0]LogPakFile: Registered encryption key '00000000000000000000000000000000': 0 pak files mounted, 0 remain pending
[2019.03.04-14.53.33:995][  0]LogPakFile: Registered encryption key '00000000000000000000000000000000': 0 pak files mounted, 0 remain pending
[2019.03.04-14.53.34:003][  0]LogPakFile: Registered encryption key '00000000000000000000000000000000': 0 pak files mounted, 0 remain pending
[2019.03.04-14.53.34:009][  0]LogPakFile: Registered encryption key '00000000000000000000000000000000': 0 pak files mounted, 0 remain pending
[2019.03.04-14.53.34:016][  0]LogPakFile: Registered encryption key '00000000000000000000000000000000': 0 pak files mounted, 0 remain pending
[2019.03.04-14.53.34:052][  0]LogPakFile: Registered encryption key '00000000000000000000000000000000': 0 pak files mounted, 0 remain pending
[2019.03.04-14.53.34:058][  0]LogPakFile: Registered encryption key '00000000000000000000000000000000': 0 pak files mounted, 0 remain pending
[2019.03.04-14.53.34:064][  0]LogPakFile: Registered encryption key '00000000000000000000000000000000': 0 pak files mounted, 0 remain pending
[2019.03.04-14.53.34:070][  0]LogPakFile: Registered encryption key '00000000000000000000000000000000': 0 pak files mounted, 0 remain pending
[2019.03.04-14.53.34:114][  0]LogPakFile: Registered encryption key '00000000000000000000000000000000': 0 pak files mounted, 0 remain pending
[2019.03.04-14.53.34:121][  0]LogPakFile: Registered encryption key '00000000000000000000000000000000': 0 pak files mounted, 0 remain pending
[2019.03.04-14.53.34:128][  0]LogPakFile: Registered encryption key '00000000000000000000000000000000': 0 pak files mounted, 0 remain pending
[2019.03.04-14.53.34:134][  0]LogPakFile: Registered encryption key '00000000000000000000000000000000': 0 pak files mounted, 0 remain pending
[2019.03.04-14.53.34:141][  0]LogPakFile: Registered encryption key '00000000000000000000000000000000': 0 pak files mounted, 0 remain pending
[2019.03.04-14.53.34:147][  0]LogPakFile: Registered encryption key '00000000000000000000000000000000': 0 pak files mounted, 0 remain pending
[2019.03.04-14.53.34:328][  0]LogContentBrowser: Native class hierarchy updated for 'AddContentDialog' in 0.0004 seconds. Added 0 classes and 0 folders.
[2019.03.04-14.53.34:345][  0]LogContentBrowser: Native class hierarchy updated for 'SceneOutliner' in 0.0005 seconds. Added 1 classes and 2 folders.
[2019.03.04-14.53.34:405][  0]LogSlate: Took 0.005812 seconds to synchronously load lazily loaded font '../../../Engine/Content/Slate/Fonts/Roboto-Regular.ttf' (155K)
[2019.03.04-14.53.34:415][  0]LogSlate: Took 0.006749 seconds to synchronously load lazily loaded font '../../../Engine/Content/Slate/Fonts/Roboto-Bold.ttf' (160K)
[2019.03.04-14.53.34:429][  0]LogSlate: Took 0.006535 seconds to synchronously load lazily loaded font '../../../Engine/Content/Editor/Slate/Fonts/FontAwesome.ttf' (139K)
[2019.03.04-14.53.34:579][  0]LogRenderer: Reallocating scene render targets to support 1088x480 Format 10 NumSamples 1 (Frame:1).
[2019.03.04-14.53.34:759][  0]LogContentBrowser: Native class hierarchy updated for 'HierarchicalLODOutliner' in 0.0005 seconds. Added 0 classes and 0 folders.
[2019.03.04-14.53.34:759][  0]LogLoad: (Engine Initialization) Total time: 24.12 seconds
[2019.03.04-14.53.34:759][  0]LogLoad: (Engine Initialization) Total Blueprint compile time: 0.00 seconds
[2019.03.04-14.53.34:843][  0]LogContentStreaming: Texture pool size now 1000 MB
[2019.03.04-14.53.34:874][  0]LogSlate: Took 0.005230 seconds to synchronously load lazily loaded font '../../../Engine/Content/Slate/Fonts/Roboto-Light.ttf' (167K)
[2019.03.04-14.53.34:954][  1]LogAssetRegistry: Asset discovery search completed in 13.9809 seconds
[2019.03.04-14.53.34:956][  1]LogCollectionManager: Rebuilt the object cache for 0 collections in 0.000000 seconds (found 0 objects)
[2019.03.04-14.53.34:956][  1]LogCollectionManager: Fixed up redirectors for 0 collections in 0.000232 seconds (updated 0 objects)
[2019.03.04-14.53.43:583][ 27]LogSlate: FSceneViewport::OnFocusLost() reason 0
[2019.03.04-14.53.43:654][ 34]LogTemp: Repeating last play command: Selected Viewport
[2019.03.04-14.53.43:668][ 34]LogBlueprintUserMessages: Early PlayInEditor Detection: Level '/Game/FirstPersonCPP/Maps/FirstPersonExampleMap.FirstPersonExampleMap:PersistentLevel' has LevelScriptBlueprint '/Game/FirstPersonCPP/Maps/FirstPersonExampleMap.FirstPersonExampleMap:PersistentLevel.FirstPersonExampleMap' with GeneratedClass '/Game/FirstPersonCPP/Maps/FirstPersonExampleMap.FirstPersonExampleMap_C' with ClassGeneratedBy '/Game/FirstPersonCPP/Maps/FirstPersonExampleMap.FirstPersonExampleMap:PersistentLevel.FirstPersonExampleMap'
[2019.03.04-14.53.43:668][ 34]LogPlayLevel: PlayLevel: No blueprints needed recompiling
[2019.03.04-14.53.43:670][ 34]PIE: New page: PIE session: FirstPersonExampleMap (4 Mar 2019 14:53:43)
[2019.03.04-14.53.43:686][ 34]LogPlayLevel: Creating play world package: /Game/FirstPersonCPP/Maps/UEDPIE_0_FirstPersonExampleMap
[2019.03.04-14.53.43:712][ 34]LogPlayLevel: PIE: StaticDuplicateObject took: (0.026185s)
[2019.03.04-14.53.43:713][ 34]LogAIModule: Creating AISystem for world FirstPersonExampleMap
[2019.03.04-14.53.43:714][ 34]LogPlayLevel: PIE: World Init took: (0.001315s)
[2019.03.04-14.53.43:714][ 34]LogPlayLevel: PIE: Created PIE world by copying editor world from /Game/FirstPersonCPP/Maps/FirstPersonExampleMap.FirstPersonExampleMap to /Game/FirstPersonCPP/Maps/UEDPIE_0_FirstPersonExampleMap.FirstPersonExampleMap (0.028271s)
[2019.03.04-14.53.43:780][ 34]LogInit: XAudio2 using 'SAMSUNG (NVIDIA High Definition Audio)' : 2 channels at 48 kHz using 16 bits per sample (channel mask 0x3)
[2019.03.04-14.53.43:792][ 34]LogInit: FAudioDevice initialized.
[2019.03.04-14.53.43:843][ 34]LogLoad: Game class is 'SlimeGameMode'
[2019.03.04-14.53.43:847][ 34]LogWorld: Bringing World /Game/FirstPersonCPP/Maps/UEDPIE_0_FirstPersonExampleMap.FirstPersonExampleMap up for play (max tick rate 0) at 2019.03.04-14.53.43
[2019.03.04-14.53.43:848][ 34]LogWorld: Bringing up level for play took: 0.002525
[2019.03.04-14.53.43:877][ 34]LogContentBrowser: Native class hierarchy updated for 'MovieSceneCapture' in 0.0006 seconds. Added 20 classes and 0 folders.
[2019.03.04-14.53.43:886][ 34]LogTemp: Warning: Line Created between points: 750.000000,0.000000 and 746.000000,2.000000
[2019.03.04-14.53.43:886][ 34]LogTemp: Warning: Recursed
[2019.03.04-14.53.43:887][ 34]PIE: Play in editor start time for /Game/FirstPersonCPP/Maps/UEDPIE_0_FirstPersonExampleMap 0.785
[2019.03.04-14.53.43:887][ 34]LogBlueprintUserMessages: Late PlayInEditor Detection: Level '/Game/FirstPersonCPP/Maps/FirstPersonExampleMap.FirstPersonExampleMap:PersistentLevel' has LevelScriptBlueprint '/Game/FirstPersonCPP/Maps/FirstPersonExampleMap.FirstPersonExampleMap:PersistentLevel.FirstPersonExampleMap' with GeneratedClass '/Game/FirstPersonCPP/Maps/FirstPersonExampleMap.FirstPersonExampleMap_C' with ClassGeneratedBy '/Game/FirstPersonCPP/Maps/FirstPersonExampleMap.FirstPersonExampleMap:PersistentLevel.FirstPersonExampleMap'
[2019.03.04-14.53.43:930][ 35]LogTemp: Warning: Branch Created
[2019.03.04-14.53.43:930][ 35]LogTemp: Warning: Line Created between points: 746.000000,2.000000 and 751.000000,4.000000
[2019.03.04-14.53.43:931][ 35]LogTemp: Warning: Recursed
[2019.03.04-14.53.43:931][ 35]LogTemp: Warning: Branch merge
[2019.03.04-14.53.43:983][ 41]LogTemp: Warning: Line Created between points: 751.000000,4.000000 and 752.000000,6.000000
[2019.03.04-14.53.43:983][ 41]LogTemp: Warning: Recursed
[2019.03.04-14.53.44:035][ 47]LogTemp: Warning: Branch Created
[2019.03.04-14.53.44:035][ 47]LogTemp: Warning: Branch Created
[2019.03.04-14.53.44:035][ 47]LogTemp: Warning: Line Created between points: 752.000000,6.000000 and 750.000000,9.000000
[2019.03.04-14.53.44:035][ 47]LogTemp: Warning: Recursed
[2019.03.04-14.53.44:035][ 47]LogTemp: Warning: Line Created between points: 752.000000,6.000000 and 752.000000,10.000000
[2019.03.04-14.53.44:036][ 47]LogTemp: Warning: Recursed
[2019.03.04-14.53.44:036][ 47]LogTemp: Warning: Line Created between points: 752.000000,6.000000 and 753.000000,7.000000
[2019.03.04-14.53.44:036][ 47]LogTemp: Warning: Recursed
[2019.03.04-14.53.44:088][ 53]LogTemp: Warning: Branch merge
[2019.03.04-14.53.44:088][ 53]LogTemp: Warning: Branch Created
[2019.03.04-14.53.44:088][ 53]LogTemp: Warning: Branch merge
[2019.03.04-14.53.44:089][ 53]LogTemp: Warning: Line Created between points: 753.000000,7.000000 and 755.000000,10.000000
[2019.03.04-14.53.44:089][ 53]LogTemp: Warning: Recursed
[2019.03.04-14.53.44:089][ 53]LogTemp: Warning: Branch Created
[2019.03.04-14.53.44:089][ 53]LogTemp: Warning: Branch Created
[2019.03.04-14.53.44:089][ 53]LogTemp: Warning: Branch Created
[2019.03.04-14.53.44:089][ 53]LogTemp: Warning: Line Created between points: 752.000000,10.000000 and 751.000000,13.000000
[2019.03.04-14.53.44:089][ 53]LogTemp: Warning: Recursed
[2019.03.04-14.53.44:089][ 53]LogTemp: Warning: Line Created between points: 752.000000,10.000000 and 757.000000,11.000000
[2019.03.04-14.53.44:089][ 53]LogTemp: Warning: Recursed
[2019.03.04-14.53.44:089][ 53]LogTemp: Warning: Line Created between points: 752.000000,10.000000 and 748.000000,15.000000
[2019.03.04-14.53.44:089][ 53]LogTemp: Warning: Recursed
[2019.03.04-14.53.44:089][ 53]LogTemp: Warning: Line Created between points: 752.000000,10.000000 and 748.000000,11.000000
[2019.03.04-14.53.44:089][ 53]LogTemp: Warning: Recursed
[2019.03.04-14.53.44:139][ 59]LogTemp: Warning: Branch Created
[2019.03.04-14.53.44:139][ 59]LogTemp: Warning: Line Created between points: 748.000000,11.000000 and 745.000000,15.000000
[2019.03.04-14.53.44:139][ 59]LogTemp: Warning: Recursed
[2019.03.04-14.53.44:139][ 59]LogTemp: Warning: Line Created between points: 748.000000,15.000000 and 746.000000,16.000000
[2019.03.04-14.53.44:139][ 59]LogTemp: Warning: Recursed
[2019.03.04-14.53.44:139][ 59]LogTemp: Warning: Line Created between points: 757.000000,11.000000 and 753.000000,16.000000
[2019.03.04-14.53.44:140][ 59]LogTemp: Warning: Recursed
[2019.03.04-14.53.44:140][ 59]LogTemp: Warning: Branch Created
[2019.03.04-14.53.44:140][ 59]LogTemp: Warning: Line Created between points: 751.000000,13.000000 and 748.000000,18.000000
[2019.03.04-14.53.44:140][ 59]LogTemp: Warning: Recursed
[2019.03.04-14.53.44:140][ 59]LogTemp: Warning: Line Created between points: 751.000000,13.000000 and 751.000000,15.000000
[2019.03.04-14.53.44:140][ 59]LogTemp: Warning: Recursed
[2019.03.04-14.53.44:191][ 65]LogTemp: Warning: Line Created between points: 745.000000,15.000000 and 741.000000,17.000000
[2019.03.04-14.53.44:191][ 65]LogTemp: Warning: Recursed
[2019.03.04-14.53.44:191][ 65]LogTemp: Warning: Line Created between points: 751.000000,15.000000 and 753.000000,20.000000
[2019.03.04-14.53.44:191][ 65]LogTemp: Warning: Recursed
[2019.03.04-14.53.44:192][ 65]LogTemp: Warning: Branch Created
[2019.03.04-14.53.44:192][ 65]LogTemp: Warning: Line Created between points: 748.000000,18.000000 and 750.000000,18.000000
[2019.03.04-14.53.44:192][ 65]LogTemp: Warning: Recursed
[2019.03.04-14.53.44:192][ 65]LogTemp: Warning: Line Created between points: 748.000000,18.000000 and 753.000000,23.000000
[2019.03.04-14.53.44:192][ 65]LogTemp: Warning: Recursed
[2019.03.04-14.53.44:192][ 65]LogTemp: Warning: Line Created between points: 746.000000,16.000000 and 747.000000,20.000000
[2019.03.04-14.53.44:192][ 65]LogTemp: Warning: Recursed
[2019.03.04-14.53.44:244][ 71]LogTemp: Warning: Branch Created
[2019.03.04-14.53.44:244][ 71]LogTemp: Warning: Branch Created
[2019.03.04-14.53.44:244][ 71]LogTemp: Warning: Line Created between points: 741.000000,17.000000 and 746.000000,20.000000
[2019.03.04-14.53.44:244][ 71]LogTemp: Warning: Recursed
[2019.03.04-14.53.44:244][ 71]LogTemp: Warning: Line Created between points: 741.000000,17.000000 and 742.000000,21.000000
[2019.03.04-14.53.44:245][ 71]LogTemp: Warning: Recursed
[2019.03.04-14.53.44:245][ 71]LogTemp: Warning: Line Created between points: 741.000000,17.000000 and 738.000000,19.000000
[2019.03.04-14.53.44:245][ 71]LogTemp: Warning: Recursed
[2019.03.04-14.53.44:245][ 71]LogTemp: Warning: Branch Created
[2019.03.04-14.53.44:246][ 71]LogTemp: Warning: Line Created between points: 747.000000,20.000000 and 746.000000,24.000000
[2019.03.04-14.53.44:246][ 71]LogTemp: Warning: Recursed
[2019.03.04-14.53.44:246][ 71]LogTemp: Warning: Line Created between points: 747.000000,20.000000 and 745.000000,22.000000
[2019.03.04-14.53.44:246][ 71]LogTemp: Warning: Recursed
[2019.03.04-14.53.44:247][ 71]LogTemp: Warning: Line Created between points: 753.000000,23.000000 and 754.000000,26.000000
[2019.03.04-14.53.44:247][ 71]LogTemp: Warning: Recursed
[2019.03.04-14.53.44:247][ 71]LogTemp: Warning: Branch merge
[2019.03.04-14.53.44:295][ 77]LogTemp: Warning: Branch Died
[2019.03.04-14.53.44:296][ 77]LogTemp: Warning: Branch merge
[2019.03.04-14.53.44:296][ 77]LogTemp: Warning: Line Created between points: 746.000000,24.000000 and 747.000000,28.000000
[2019.03.04-14.53.44:296][ 77]LogTemp: Warning: Recursed
[2019.03.04-14.53.44:296][ 77]LogTemp: Warning: Line Created between points: 742.000000,21.000000 and 739.000000,23.000000
[2019.03.04-14.53.44:296][ 77]LogTemp: Warning: Recursed
[2019.03.04-14.53.44:296][ 77]LogTemp: Warning: Branch Created
[2019.03.04-14.53.44:296][ 77]LogTemp: Warning: Branch merge
[2019.03.04-14.53.44:297][ 77]LogTemp: Warning: Line Created between points: 754.000000,26.000000 and 751.000000,27.000000
[2019.03.04-14.53.44:297][ 77]LogTemp: Warning: Recursed
[2019.03.04-14.53.44:347][ 83]LogTemp: Warning: Line Created between points: 747.000000,28.000000 and 752.000000,32.000000
[2019.03.04-14.53.44:347][ 83]LogTemp: Warning: Recursed
[2019.03.04-14.53.44:347][ 83]LogTemp: Warning: Branch Created
[2019.03.04-14.53.44:347][ 83]LogTemp: Warning: Line Created between points: 751.000000,27.000000 and 752.000000,29.000000
[2019.03.04-14.53.44:347][ 83]LogTemp: Warning: Recursed
[2019.03.04-14.53.44:347][ 83]LogTemp: Warning: Line Created between points: 739.000000,23.000000 and 736.000000,25.000000
[2019.03.04-14.53.44:348][ 83]LogTemp: Warning: Recursed
[2019.03.04-14.53.44:397][ 89]LogTemp: Warning: Line Created between points: 752.000000,32.000000 and 748.000000,33.000000
[2019.03.04-14.53.44:397][ 89]LogTemp: Warning: Recursed
[2019.03.04-14.53.44:397][ 89]LogTemp: Warning: Line Created between points: 736.000000,25.000000 and 733.000000,30.000000
[2019.03.04-14.53.44:397][ 89]LogTemp: Warning: Recursed
[2019.03.04-14.53.44:397][ 89]LogTemp: Warning: Branch merge
[2019.03.04-14.53.44:447][ 95]LogTemp: Warning: Branch Created
[2019.03.04-14.53.44:447][ 95]LogTemp: Warning: Branch Created
[2019.03.04-14.53.44:447][ 95]LogTemp: Warning: Branch Created
[2019.03.04-14.53.44:447][ 95]LogTemp: Warning: Line Created between points: 748.000000,33.000000 and 745.000000,36.000000
[2019.03.04-14.53.44:448][ 95]LogTemp: Warning: Recursed
[2019.03.04-14.53.44:448][ 95]LogTemp: Warning: Branch merge
[2019.03.04-14.53.44:448][ 95]LogTemp: Warning: Branch merge
[2019.03.04-14.53.44:448][ 95]LogTemp: Warning: Line Created between points: 748.000000,33.000000 and 745.000000,34.000000
[2019.03.04-14.53.44:448][ 95]LogTemp: Warning: Recursed
[2019.03.04-14.53.44:448][ 95]LogTemp: Warning: Branch Created
[2019.03.04-14.53.44:448][ 95]LogTemp: Warning: Line Created between points: 733.000000,30.000000 and 732.000000,35.000000
[2019.03.04-14.53.44:448][ 95]LogTemp: Warning: Recursed
[2019.03.04-14.53.44:448][ 95]LogTemp: Warning: Line Created between points: 733.000000,30.000000 and 736.000000,32.000000
[2019.03.04-14.53.44:448][ 95]LogTemp: Warning: Recursed
[2019.03.04-14.53.44:497][101]LogTemp: Warning: Branch Died
[2019.03.04-14.53.44:498][101]LogTemp: Warning: Branch Created
[2019.03.04-14.53.44:498][101]LogTemp: Warning: Line Created between points: 736.000000,32.000000 and 733.000000,37.000000
[2019.03.04-14.53.44:498][101]LogTemp: Warning: Recursed
[2019.03.04-14.53.44:498][101]LogTemp: Warning: Line Created between points: 736.000000,32.000000 and 741.000000,37.000000
[2019.03.04-14.53.44:498][101]LogTemp: Warning: Recursed
[2019.03.04-14.53.44:498][101]LogTemp: Warning: Branch merge
[2019.03.04-14.53.44:498][101]LogTemp: Warning: Branch merge
[2019.03.04-14.53.44:546][107]LogTemp: Warning: Branch Died
[2019.03.04-14.53.44:546][107]LogTemp: Warning: Line Created between points: 741.000000,37.000000 and 743.000000,39.000000
[2019.03.04-14.53.44:546][107]LogTemp: Warning: Recursed
[2019.03.04-14.53.44:597][113]LogTemp: Warning: Branch Created
[2019.03.04-14.53.44:597][113]LogTemp: Warning: Line Created between points: 743.000000,39.000000 and 743.000000,41.000000
[2019.03.04-14.53.44:597][113]LogTemp: Warning: Recursed
[2019.03.04-14.53.44:597][113]LogTemp: Warning: Line Created between points: 743.000000,39.000000 and 746.000000,41.000000
[2019.03.04-14.53.44:597][113]LogTemp: Warning: Recursed
[2019.03.04-14.53.44:648][119]LogTemp: Warning: Line Created between points: 743.000000,41.000000 and 746.000000,45.000000
[2019.03.04-14.53.44:648][119]LogTemp: Warning: Recursed
[2019.03.04-14.53.44:648][119]LogTemp: Warning: Branch Created
[2019.03.04-14.53.44:649][119]LogTemp: Warning: Branch merge
[2019.03.04-14.53.44:649][119]LogTemp: Warning: Line Created between points: 746.000000,41.000000 and 748.000000,43.000000
[2019.03.04-14.53.44:649][119]LogTemp: Warning: Recursed
[2019.03.04-14.53.44:696][125]LogTemp: Warning: Line Created between points: 746.000000,45.000000 and 749.000000,46.000000
[2019.03.04-14.53.44:696][125]LogTemp: Warning: Recursed
[2019.03.04-14.53.44:697][125]LogTemp: Warning: Branch merge
[2019.03.04-14.53.44:746][131]LogTemp: Warning: Line Created between points: 749.000000,46.000000 and 752.000000,48.000000
[2019.03.04-14.53.44:747][131]LogTemp: Warning: Recursed
[2019.03.04-14.53.44:797][137]LogTemp: Warning: Line Created between points: 752.000000,48.000000 and 749.000000,49.000000
[2019.03.04-14.53.44:797][137]LogTemp: Warning: Recursed
[2019.03.04-14.53.44:847][143]LogTemp: Warning: Line Created between points: 749.000000,49.000000 and 744.000000,50.000000
[2019.03.04-14.53.44:847][143]LogTemp: Warning: Recursed
[2019.03.04-14.53.44:897][149]LogTemp: Warning: Branch Died
[2019.03.04-14.53.49:267][673]LogBlueprintUserMessages: Early EndPlayMap Detection: Level '/Game/FirstPersonCPP/Maps/FirstPersonExampleMap.FirstPersonExampleMap:PersistentLevel' has LevelScriptBlueprint '/Game/FirstPersonCPP/Maps/FirstPersonExampleMap.FirstPersonExampleMap:PersistentLevel.FirstPersonExampleMap' with GeneratedClass '/Game/FirstPersonCPP/Maps/FirstPersonExampleMap.FirstPersonExampleMap_C' with ClassGeneratedBy '/Game/FirstPersonCPP/Maps/FirstPersonExampleMap.FirstPersonExampleMap:PersistentLevel.FirstPersonExampleMap'
[2019.03.04-14.53.49:267][673]LogSlate: Updating window title bar state: overlay mode, drag disabled, window buttons hidden, title bar hidden
[2019.03.04-14.53.49:310][673]LogPlayLevel: Display: Shutting down PIE online subsystems
[2019.03.04-14.53.49:310][673]LogBlueprintUserMessages: Late EndPlayMap Detection: Level '/Game/FirstPersonCPP/Maps/FirstPersonExampleMap.FirstPersonExampleMap:PersistentLevel' has LevelScriptBlueprint '/Game/FirstPersonCPP/Maps/FirstPersonExampleMap.FirstPersonExampleMap:PersistentLevel.FirstPersonExampleMap' with GeneratedClass '/Game/FirstPersonCPP/Maps/FirstPersonExampleMap.FirstPersonExampleMap_C' with ClassGeneratedBy '/Game/FirstPersonCPP/Maps/FirstPersonExampleMap.FirstPersonExampleMap:PersistentLevel.FirstPersonExampleMap'
[2019.03.04-14.53.49:336][673]LogSlate: Updating window title bar state: overlay mode, drag disabled, window buttons hidden, title bar hidden
[2019.03.04-14.53.49:378][675]LogPlayLevel: Display: Destroying online subsystem :Context_3
[2019.03.04-14.53.50:027][752]LogSlate: FSceneViewport::OnFocusLost() reason 0
[2019.03.04-14.53.50:035][752]LogSlate: Took 0.005753 seconds to synchronously load lazily loaded font '../../../Engine/Content/Slate/Fonts/DroidSansMono.ttf' (77K)
[2019.03.04-14.54.01:797][128]LogSlate: Window 'Slime - Unreal Editor' being destroyed
[2019.03.04-14.54.01:798][128]LogWindowsTextInputMethodSystem: Display: IME system now deactivated.
[2019.03.04-14.54.01:992][129]Cmd: QUIT_EDITOR
[2019.03.04-14.54.02:649][129]LogExit: Preparing to exit.
