Log file open, 02/04/19 20:16:57
LogWindows: Failed to load 'aqProf.dll' (GetLastError=126)
LogWindows: File 'aqProf.dll' does not exist
LogWindows: Failed to load 'VtuneApi.dll' (GetLastError=126)
LogWindows: File 'VtuneApi.dll' does not exist
LogWindows: Failed to load 'VtuneApi32e.dll' (GetLastError=126)
LogWindows: File 'VtuneApi32e.dll' does not exist
LogConsoleResponse: Display: Failed to find resolution value strings in scalability ini. Falling back to default.
LogInit: Display: Running engine for game: Slime
LogPakFile: Registered encryption key '00000000000000000000000000000000': 0 pak files mounted, 0 remain pending
LogPlatformFile: Not using cached read wrapper
LogTaskGraph: Started task graph with 5 named threads and 14 total threads with 3 sets of task threads.
LogStats: Stats thread started at 0.267511
LogD3D11RHI: Loaded GFSDK_Aftermath_Lib.x64.dll
LogICUInternationalization: ICU TimeZone Detection - Raw Offset: +0:00, Platform Override: ''
LogPluginManager: Mounting plugin Paper2D
LogPluginManager: Mounting plugin AISupport
LogPluginManager: Mounting plugin LightPropagationVolume
LogPluginManager: Mounting plugin ActorLayerUtilities
LogPluginManager: Mounting plugin CLionSourceCodeAccess
LogPluginManager: Mounting plugin CodeLiteSourceCodeAccess
LogPluginManager: Mounting plugin GitSourceControl
LogPluginManager: Mounting plugin KDevelopSourceCodeAccess
LogPluginManager: Mounting plugin NullSourceCodeAccess
LogPluginManager: Mounting plugin PerforceSourceControl
LogPluginManager: Mounting plugin SubversionSourceControl
LogPluginManager: Mounting plugin UObjectPlugin
LogPluginManager: Mounting plugin VisualStudioCodeSourceCodeAccess
LogPluginManager: Mounting plugin VisualStudioSourceCodeAccess
LogPluginManager: Mounting plugin XCodeSourceCodeAccess
LogPluginManager: Mounting plugin AssetManagerEditor
LogPluginManager: Mounting plugin CryptoKeys
LogPluginManager: Mounting plugin DataValidation
LogPluginManager: Mounting plugin FacialAnimation
LogPluginManager: Mounting plugin GameplayTagsEditor
LogPluginManager: Mounting plugin MacGraphicsSwitching
LogPluginManager: Mounting plugin MeshEditor
LogPluginManager: Mounting plugin MobileLauncherProfileWizard
LogPluginManager: Mounting plugin PluginBrowser
LogPluginManager: Mounting plugin SpeedTreeImporter
LogPluginManager: Mounting plugin DatasmithContent
LogPluginManager: Mounting plugin VariantManagerContent
LogPluginManager: Mounting plugin AlembicImporter
LogPluginManager: Mounting plugin AppleImageUtils
LogPluginManager: Mounting plugin AppleVision
LogPluginManager: Mounting plugin BackChannel
LogPluginManager: Mounting plugin CharacterAI
LogPluginManager: Mounting plugin GeometryCache
LogPluginManager: Mounting plugin HTML5Networking
LogPluginManager: Mounting plugin ProxyLODPlugin
LogPluginManager: Mounting plugin MagicLeap
LogPluginManager: Mounting plugin MagicLeapMedia
LogPluginManager: Mounting plugin AndroidMedia
LogPluginManager: Mounting plugin AvfMedia
LogPluginManager: Mounting plugin ImgMedia
LogPluginManager: Mounting plugin LinearTimecode
LogPluginManager: Mounting plugin MediaCompositing
LogPluginManager: Mounting plugin MediaPlayerEditor
LogPluginManager: Mounting plugin WebMMedia
LogPluginManager: Mounting plugin WmfMedia
LogPluginManager: Mounting plugin TcpMessaging
LogPluginManager: Mounting plugin UdpMessaging
LogPluginManager: Mounting plugin ActorSequence
LogPluginManager: Mounting plugin LevelSequenceEditor
LogPluginManager: Mounting plugin MatineeToLevelSequence
LogPluginManager: Mounting plugin NetcodeUnitTest
LogPluginManager: Mounting plugin NUTUnrealEngine4
LogPluginManager: Mounting plugin OnlineSubsystemGooglePlay
LogPluginManager: Mounting plugin OnlineSubsystemIOS
LogPluginManager: Mounting plugin OnlineSubsystem
LogPluginManager: Mounting plugin OnlineSubsystemNull
LogPluginManager: Mounting plugin OnlineSubsystemUtils
LogPluginManager: Mounting plugin LauncherChunkInstaller
LogPluginManager: Mounting plugin AndroidDeviceProfileSelector
LogPluginManager: Mounting plugin AndroidMoviePlayer
LogPluginManager: Mounting plugin AndroidPermission
LogPluginManager: Mounting plugin AppleMoviePlayer
LogPluginManager: Mounting plugin ArchVisCharacter
LogPluginManager: Mounting plugin AudioCapture
LogPluginManager: Mounting plugin CableComponent
LogPluginManager: Mounting plugin CustomMeshComponent
LogPluginManager: Mounting plugin EditableMesh
LogPluginManager: Mounting plugin ExampleDeviceProfileSelector
LogPluginManager: Mounting plugin Firebase
LogPluginManager: Mounting plugin GoogleCloudMessaging
LogPluginManager: Mounting plugin IOSDeviceProfileSelector
LogPluginManager: Mounting plugin LinuxDeviceProfileSelector
LogPluginManager: Mounting plugin LocationServicesBPLibrary
LogPluginManager: Mounting plugin MobilePatchingUtils
LogPluginManager: Mounting plugin OculusVR
LogPluginManager: Mounting plugin PhysXVehicles
LogPluginManager: Mounting plugin ProceduralMeshComponent
LogPluginManager: Mounting plugin RuntimePhysXCooking
LogPluginManager: Mounting plugin SteamVR
LogPluginManager: Mounting plugin WebMMoviePlayer
LogPluginManager: Mounting plugin WindowsMoviePlayer
LogStreaming: Display: Took  0.151s to configure plugins.
LogInit: Using libcurl 7.55.1-DEV
LogInit:  - built for x86_64-pc-win32
LogInit:  - supports SSL with OpenSSL/1.0.2h
LogInit:  - supports HTTP deflate (compression) using libz 1.2.8
LogInit:  - other features:
LogInit:      CURL_VERSION_SSL
LogInit:      CURL_VERSION_LIBZ
LogInit:      CURL_VERSION_IPV6
LogInit:      CURL_VERSION_ASYNCHDNS
LogInit:      CURL_VERSION_LARGEFILE
LogInit:      CURL_VERSION_IDN
LogInit:  CurlRequestOptions (configurable via config and command line):
LogInit:  - bVerifyPeer = true  - Libcurl will verify peer certificate
LogInit:  - bUseHttpProxy = false  - Libcurl will NOT use HTTP proxy
LogInit:  - bDontReuseConnections = false  - Libcurl will reuse connections
LogInit:  - MaxHostConnections = 16  - Libcurl will limit the number of connections to a host
LogInit:  - LocalHostAddr = Default
LogInit:  - BufferSize = 65536
LogInit: WinSock: version 1.1 (2.2), MaxSocks=32767, MaxUdp=65467
LogInit: Build: ++UE4+Release-4.21-CL-4753647
LogInit: Engine Version: 4.21.2-4753647+++UE4+Release-4.21
LogInit: Compatible Engine Version: 4.21.0-4541578+++UE4+Release-4.21
LogInit: Net CL: 4541578
LogInit: OS: Windows 10 (), CPU: Intel(R) Core(TM) i5-6500 CPU @ 3.20GHz, GPU: NVIDIA GeForce GTX 970
LogInit: Compiled (64-bit): Jan 19 2019 02:07:31
LogInit: Compiled with Visual C++: 19.13.26129.00
LogInit: Build Configuration: Development
LogInit: Branch Name: ++UE4+Release-4.21
LogInit: Command Line:  -skipcompile
LogInit: Base Directory: C:/Program Files/UE_4.21/Engine/Binaries/Win64/
LogInit: Installed Engine Build: 1
LogDevObjectVersion: Number of dev versions registered: 22
LogDevObjectVersion:   Dev-Blueprints (B0D832E4-1F89-4F0D-ACCF-7EB736FD4AA2): 10
LogDevObjectVersion:   Dev-Build (E1C64328-A22C-4D53-A36C-8E866417BD8C): 0
LogDevObjectVersion:   Dev-Core (375EC13C-06E4-48FB-B500-84F0262A717E): 2
LogDevObjectVersion:   Dev-Editor (E4B068ED-F494-42E9-A231-DA0B2E46BB41): 26
LogDevObjectVersion:   Dev-Framework (CFFC743F-43B0-4480-9391-14DF171D2073): 34
LogDevObjectVersion:   Dev-Mobile (B02B49B5-BB20-44E9-A304-32B752E40360): 2
LogDevObjectVersion:   Dev-Networking (A4E4105C-59A1-49B5-A7C5-40C4547EDFEE): 0
LogDevObjectVersion:   Dev-Online (39C831C9-5AE6-47DC-9A44-9C173E1C8E7C): 0
LogDevObjectVersion:   Dev-Physics (78F01B33-EBEA-4F98-B9B4-84EACCB95AA2): 0
LogDevObjectVersion:   Dev-Platform (6631380F-2D4D-43E0-8009-CF276956A95A): 0
LogDevObjectVersion:   Dev-Rendering (12F88B9F-8875-4AFC-A67C-D90C383ABD29): 27
LogDevObjectVersion:   Dev-Sequencer (7B5AE74C-D270-4C10-A958-57980B212A5A): 9
LogDevObjectVersion:   Dev-VR (D7296918-1DD6-4BDD-9DE2-64A83CC13884): 2
LogDevObjectVersion:   Dev-LoadTimes (C2A15278-BFE7-4AFE-6C17-90FF531DF755): 1
LogDevObjectVersion:   Private-Geometry (6EACA3D4-40EC-4CC1-B786-8BED09428FC5): 3
LogDevObjectVersion:   Dev-AnimPhys (29E575DD-E0A3-4627-9D10-D276232CDCEA): 17
LogDevObjectVersion:   Dev-Anim (AF43A65D-7FD3-4947-9873-3E8ED9C1BB05): 2
LogDevObjectVersion:   Dev-ReflectionCapture (6B266CEC-1EC7-4B8F-A30B-E4D90942FC07): 1
LogDevObjectVersion:   Dev-Automation (0DF73D61-A23F-47EA-B727-89E90C41499A): 1
LogDevObjectVersion:   FortniteMain (601D1886-AC64-4F84-AA16-D3DE0DEAC7D6): 17
LogDevObjectVersion:   Dev-Enterprise (9DFFBCD6-494F-0158-E221-12823C92A888): 4
LogDevObjectVersion:   Dev-Niagara (F2AED0AC-9AFE-416F-8664-AA7FFA26D6FC): 1
LogStreaming: Display: Took  0.002s to delete old logs.
LogInit: Presizing for max 8388607 objects, including 0 objects not considered by GC, pre-allocating 0 bytes for permanent pool.
LogInit: Object subsystem initialized
LogConfig: Setting CVar [[con.DebugEarlyDefault:1]]
LogConfig: Setting CVar [[r.setres:1280x720]]
[2019.02.04-20.16.57:652][  0]LogConfig: Setting CVar [[r.VSync:0]]
[2019.02.04-20.16.57:652][  0]LogConfig: Setting CVar [[r.RHICmdBypass:0]]
[2019.02.04-20.16.57:652][  0]LogConfig: Applying CVar settings from Section [/Script/Engine.RendererSettings] File [A:/Uni 2018-19/Github/Slime/Slime/Slime/Saved/Config/Windows/Engine.ini]
[2019.02.04-20.16.57:652][  0]LogConfig: Setting CVar [[r.GPUCrashDebugging:0]]
[2019.02.04-20.16.57:652][  0]LogConfig: Applying CVar settings from Section [/Script/Engine.RendererOverrideSettings] File [A:/Uni 2018-19/Github/Slime/Slime/Slime/Saved/Config/Windows/Engine.ini]
[2019.02.04-20.16.57:652][  0]LogConfig: Applying CVar settings from Section [/Script/Engine.StreamingSettings] File [A:/Uni 2018-19/Github/Slime/Slime/Slime/Saved/Config/Windows/Engine.ini]
[2019.02.04-20.16.57:652][  0]LogConfig: Setting CVar [[s.MinBulkDataSizeForAsyncLoading:131072]]
[2019.02.04-20.16.57:652][  0]LogConfig: Setting CVar [[s.AsyncLoadingThreadEnabled:0]]
[2019.02.04-20.16.57:652][  0]LogConfig: Setting CVar [[s.EventDrivenLoaderEnabled:1]]
[2019.02.04-20.16.57:652][  0]LogConfig: Setting CVar [[s.WarnIfTimeLimitExceeded:0]]
[2019.02.04-20.16.57:652][  0]LogConfig: Setting CVar [[s.TimeLimitExceededMultiplier:1.5]]
[2019.02.04-20.16.57:652][  0]LogConfig: Setting CVar [[s.TimeLimitExceededMinTime:0.005]]
[2019.02.04-20.16.57:652][  0]LogConfig: Setting CVar [[s.UseBackgroundLevelStreaming:1]]
[2019.02.04-20.16.57:652][  0]LogConfig: Setting CVar [[s.PriorityAsyncLoadingExtraTime:15.0]]
[2019.02.04-20.16.57:652][  0]LogConfig: Setting CVar [[s.LevelStreamingActorsUpdateTimeLimit:5.0]]
[2019.02.04-20.16.57:652][  0]LogConfig: Setting CVar [[s.PriorityLevelStreamingActorsUpdateExtraTime:5.0]]
[2019.02.04-20.16.57:653][  0]LogConfig: Setting CVar [[s.LevelStreamingComponentsRegistrationGranularity:10]]
[2019.02.04-20.16.57:653][  0]LogConfig: Setting CVar [[s.UnregisterComponentsTimeLimit:1.0]]
[2019.02.04-20.16.57:653][  0]LogConfig: Setting CVar [[s.LevelStreamingComponentsUnregistrationGranularity:5]]
[2019.02.04-20.16.57:653][  0]LogConfig: Applying CVar settings from Section [/Script/Engine.GarbageCollectionSettings] File [A:/Uni 2018-19/Github/Slime/Slime/Slime/Saved/Config/Windows/Engine.ini]
[2019.02.04-20.16.57:653][  0]LogConfig: Setting CVar [[gc.MaxObjectsNotConsideredByGC:1]]
[2019.02.04-20.16.57:653][  0]LogConfig: Setting CVar [[gc.SizeOfPermanentObjectPool:0]]
[2019.02.04-20.16.57:653][  0]LogConfig: Setting CVar [[gc.FlushStreamingOnGC:0]]
[2019.02.04-20.16.57:653][  0]LogConfig: Setting CVar [[gc.NumRetriesBeforeForcingGC:10]]
[2019.02.04-20.16.57:653][  0]LogConfig: Setting CVar [[gc.AllowParallelGC:1]]
[2019.02.04-20.16.57:653][  0]LogConfig: Setting CVar [[gc.TimeBetweenPurgingPendingKillObjects:61.1]]
[2019.02.04-20.16.57:653][  0]LogConfig: Setting CVar [[gc.MaxObjectsInEditor:8388607]]
[2019.02.04-20.16.57:653][  0]LogConfig: Setting CVar [[gc.IncrementalBeginDestroyEnabled:1]]
[2019.02.04-20.16.57:653][  0]LogConfig: Setting CVar [[gc.CreateGCClusters:1]]
[2019.02.04-20.16.57:653][  0]LogConfig: Setting CVar [[gc.MergeGCClusters:0]]
[2019.02.04-20.16.57:653][  0]LogConfig: Setting CVar [[gc.MinGCClusterSize:5]]
[2019.02.04-20.16.57:653][  0]LogConfig: Setting CVar [[gc.ActorClusteringEnabled:0]]
[2019.02.04-20.16.57:653][  0]LogConfig: Setting CVar [[gc.BlueprintClusteringEnabled:0]]
[2019.02.04-20.16.57:653][  0]LogConfig: Setting CVar [[gc.UseDisregardForGCOnDedicatedServers:0]]
[2019.02.04-20.16.57:654][  0]LogConfig: Applying CVar settings from Section [/Script/Engine.NetworkSettings] File [A:/Uni 2018-19/Github/Slime/Slime/Slime/Saved/Config/Windows/Engine.ini]
[2019.02.04-20.16.57:654][  0]LogConfig: Applying CVar settings from Section [/Script/UnrealEd.CookerSettings] File [A:/Uni 2018-19/Github/Slime/Slime/Slime/Saved/Config/Windows/Engine.ini]
[2019.02.04-20.16.57:669][  0]LogConfig: Applying CVar settings from Section [ViewDistanceQuality@3] File [A:/Uni 2018-19/Github/Slime/Slime/Slime/Saved/Config/Windows/Scalability.ini]
[2019.02.04-20.16.57:670][  0]LogConfig: Setting CVar [[r.SkeletalMeshLODBias:0]]
[2019.02.04-20.16.57:670][  0]LogConfig: Setting CVar [[r.ViewDistanceScale:1.0]]
[2019.02.04-20.16.57:670][  0]LogConfig: Applying CVar settings from Section [AntiAliasingQuality@3] File [A:/Uni 2018-19/Github/Slime/Slime/Slime/Saved/Config/Windows/Scalability.ini]
[2019.02.04-20.16.57:670][  0]LogConfig: Setting CVar [[r.PostProcessAAQuality:4]]
[2019.02.04-20.16.57:671][  0]LogConfig: Applying CVar settings from Section [ShadowQuality@3] File [A:/Uni 2018-19/Github/Slime/Slime/Slime/Saved/Config/Windows/Scalability.ini]
[2019.02.04-20.16.57:671][  0]LogConfig: Setting CVar [[r.LightFunctionQuality:1]]
[2019.02.04-20.16.57:671][  0]LogConfig: Setting CVar [[r.ShadowQuality:5]]
[2019.02.04-20.16.57:671][  0]LogConfig: Setting CVar [[r.Shadow.CSM.MaxCascades:10]]
[2019.02.04-20.16.57:671][  0]LogConfig: Setting CVar [[r.Shadow.MaxResolution:2048]]
[2019.02.04-20.16.57:671][  0]LogConfig: Setting CVar [[r.Shadow.MaxCSMResolution:2048]]
[2019.02.04-20.16.57:671][  0]LogConfig: Setting CVar [[r.Shadow.RadiusThreshold:0.01]]
[2019.02.04-20.16.57:671][  0]LogConfig: Setting CVar [[r.Shadow.DistanceScale:1.0]]
[2019.02.04-20.16.57:671][  0]LogConfig: Setting CVar [[r.Shadow.CSM.TransitionScale:1.0]]
[2019.02.04-20.16.57:671][  0]LogConfig: Setting CVar [[r.Shadow.PreShadowResolutionFactor:1.0]]
[2019.02.04-20.16.57:671][  0]LogConfig: Setting CVar [[r.DistanceFieldShadowing:1]]
[2019.02.04-20.16.57:671][  0]LogConfig: Setting CVar [[r.DistanceFieldAO:1]]
[2019.02.04-20.16.57:671][  0]LogConfig: Setting CVar [[r.AOQuality:2]]
[2019.02.04-20.16.57:671][  0]LogConfig: Setting CVar [[r.VolumetricFog:1]]
[2019.02.04-20.16.57:671][  0]LogConfig: Setting CVar [[r.VolumetricFog.GridPixelSize:8]]
[2019.02.04-20.16.57:671][  0]LogConfig: Setting CVar [[r.VolumetricFog.GridSizeZ:128]]
[2019.02.04-20.16.57:672][  0]LogConfig: Setting CVar [[r.VolumetricFog.HistoryMissSupersampleCount:4]]
[2019.02.04-20.16.57:672][  0]LogConfig: Setting CVar [[r.LightMaxDrawDistanceScale:1]]
[2019.02.04-20.16.57:672][  0]LogConfig: Setting CVar [[r.CapsuleShadows:1]]
[2019.02.04-20.16.57:672][  0]LogConfig: Applying CVar settings from Section [PostProcessQuality@3] File [A:/Uni 2018-19/Github/Slime/Slime/Slime/Saved/Config/Windows/Scalability.ini]
[2019.02.04-20.16.57:672][  0]LogConfig: Setting CVar [[r.MotionBlurQuality:4]]
[2019.02.04-20.16.57:672][  0]LogConfig: Setting CVar [[r.AmbientOcclusionMipLevelFactor:0.4]]
[2019.02.04-20.16.57:672][  0]LogConfig: Setting CVar [[r.AmbientOcclusionMaxQuality:100]]
[2019.02.04-20.16.57:672][  0]LogConfig: Setting CVar [[r.AmbientOcclusionLevels:-1]]
[2019.02.04-20.16.57:672][  0]LogConfig: Setting CVar [[r.AmbientOcclusionRadiusScale:1.0]]
[2019.02.04-20.16.57:672][  0]LogConfig: Setting CVar [[r.DepthOfFieldQuality:2]]
[2019.02.04-20.16.57:672][  0]LogConfig: Setting CVar [[r.RenderTargetPoolMin:400]]
[2019.02.04-20.16.57:672][  0]LogConfig: Setting CVar [[r.LensFlareQuality:2]]
[2019.02.04-20.16.57:672][  0]LogConfig: Setting CVar [[r.SceneColorFringeQuality:1]]
[2019.02.04-20.16.57:672][  0]LogConfig: Setting CVar [[r.EyeAdaptationQuality:2]]
[2019.02.04-20.16.57:672][  0]LogConfig: Setting CVar [[r.BloomQuality:5]]
[2019.02.04-20.16.57:672][  0]LogConfig: Setting CVar [[r.FastBlurThreshold:100]]
[2019.02.04-20.16.57:672][  0]LogConfig: Setting CVar [[r.Upscale.Quality:3]]
[2019.02.04-20.16.57:672][  0]LogConfig: Setting CVar [[r.Tonemapper.GrainQuantization:1]]
[2019.02.04-20.16.57:672][  0]LogConfig: Setting CVar [[r.LightShaftQuality:1]]
[2019.02.04-20.16.57:673][  0]LogConfig: Setting CVar [[r.Filter.SizeScale:1]]
[2019.02.04-20.16.57:673][  0]LogConfig: Setting CVar [[r.Tonemapper.Quality:5]]
[2019.02.04-20.16.57:673][  0]LogConfig: Setting CVar [[r.DOF.Gather.AccumulatorQuality:1        ; higher gathering accumulator quality]]
[2019.02.04-20.16.57:673][  0]LogConfig: Setting CVar [[r.DOF.Gather.PostfilterMethod:1          ; Median3x3 postfilering method]]
[2019.02.04-20.16.57:673][  0]LogConfig: Setting CVar [[r.DOF.Gather.EnableBokehSettings:0       ; no bokeh simulation when gathering]]
[2019.02.04-20.16.57:673][  0]LogConfig: Setting CVar [[r.DOF.Gather.RingCount:4                 ; medium number of samples when gathering]]
[2019.02.04-20.16.57:673][  0]LogConfig: Setting CVar [[r.DOF.Scatter.ForegroundCompositing:1    ; additive foreground scattering]]
[2019.02.04-20.16.57:673][  0]LogConfig: Setting CVar [[r.DOF.Scatter.BackgroundCompositing:2    ; additive background scattering]]
[2019.02.04-20.16.57:673][  0]LogConfig: Setting CVar [[r.DOF.Scatter.EnableBokehSettings:1      ; bokeh simulation when scattering]]
[2019.02.04-20.16.57:673][  0]LogConfig: Setting CVar [[r.DOF.Scatter.MaxSpriteRatio:0.1         ; only a maximum of 10% of scattered bokeh]]
[2019.02.04-20.16.57:673][  0]LogConfig: Setting CVar [[r.DOF.Recombine.Quality:1                ; cheap slight out of focus]]
[2019.02.04-20.16.57:673][  0]LogConfig: Setting CVar [[r.DOF.Recombine.EnableBokehSettings:0    ; no bokeh simulation on slight out of focus]]
[2019.02.04-20.16.57:673][  0]LogConfig: Setting CVar [[r.DOF.TemporalAAQuality:1                ; more stable temporal accumulation]]
[2019.02.04-20.16.57:673][  0]LogConfig: Setting CVar [[r.DOF.Kernel.MaxForegroundRadius:0.025]]
[2019.02.04-20.16.57:674][  0]LogConfig: Setting CVar [[r.DOF.Kernel.MaxBackgroundRadius:0.025]]
[2019.02.04-20.16.57:674][  0]LogConfig: Applying CVar settings from Section [TextureQuality@3] File [A:/Uni 2018-19/Github/Slime/Slime/Slime/Saved/Config/Windows/Scalability.ini]
[2019.02.04-20.16.57:674][  0]LogConfig: Setting CVar [[r.Streaming.MipBias:0]]
[2019.02.04-20.16.57:674][  0]LogConfig: Setting CVar [[r.Streaming.AmortizeCPUToGPUCopy:0]]
[2019.02.04-20.16.57:674][  0]LogConfig: Setting CVar [[r.Streaming.MaxNumTexturesToStreamPerFrame:0]]
[2019.02.04-20.16.57:674][  0]LogConfig: Setting CVar [[r.Streaming.Boost:1]]
[2019.02.04-20.16.57:674][  0]LogConfig: Setting CVar [[r.MaxAnisotropy:8]]
[2019.02.04-20.16.57:674][  0]LogConfig: Setting CVar [[r.Streaming.LimitPoolSizeToVRAM:0]]
[2019.02.04-20.16.57:674][  0]LogConfig: Setting CVar [[r.Streaming.PoolSize:1000]]
[2019.02.04-20.16.57:674][  0]LogConfig: Setting CVar [[r.Streaming.MaxEffectiveScreenSize:0]]
[2019.02.04-20.16.57:674][  0]LogConfig: Applying CVar settings from Section [EffectsQuality@3] File [A:/Uni 2018-19/Github/Slime/Slime/Slime/Saved/Config/Windows/Scalability.ini]
[2019.02.04-20.16.57:674][  0]LogConfig: Setting CVar [[r.TranslucencyLightingVolumeDim:64]]
[2019.02.04-20.16.57:674][  0]LogConfig: Setting CVar [[r.RefractionQuality:2]]
[2019.02.04-20.16.57:674][  0]LogConfig: Setting CVar [[r.SSR.Quality:3]]
[2019.02.04-20.16.57:674][  0]LogConfig: Setting CVar [[r.SceneColorFormat:4]]
[2019.02.04-20.16.57:674][  0]LogConfig: Setting CVar [[r.DetailMode:2]]
[2019.02.04-20.16.57:674][  0]LogConfig: Setting CVar [[r.TranslucencyVolumeBlur:1]]
[2019.02.04-20.16.57:674][  0]LogConfig: Setting CVar [[r.MaterialQualityLevel:1 ; High quality]]
[2019.02.04-20.16.57:674][  0]LogConfig: Setting CVar [[r.SSS.Scale:1]]
[2019.02.04-20.16.57:674][  0]LogConfig: Setting CVar [[r.SSS.SampleSet:2]]
[2019.02.04-20.16.57:674][  0]LogConfig: Setting CVar [[r.SSS.Quality:1]]
[2019.02.04-20.16.57:674][  0]LogConfig: Setting CVar [[r.SSS.HalfRes:1]]
[2019.02.04-20.16.57:674][  0]LogConfig: Setting CVar [[r.EmitterSpawnRateScale:1.0]]
[2019.02.04-20.16.57:674][  0]LogConfig: Setting CVar [[r.ParticleLightQuality:2]]
[2019.02.04-20.16.57:674][  0]LogConfig: Applying CVar settings from Section [FoliageQuality@3] File [A:/Uni 2018-19/Github/Slime/Slime/Slime/Saved/Config/Windows/Scalability.ini]
[2019.02.04-20.16.57:674][  0]LogConfig: Setting CVar [[foliage.DensityScale:1.0]]
[2019.02.04-20.16.57:674][  0]LogConfig: Setting CVar [[grass.DensityScale:1.0]]
[2019.02.04-20.16.57:674][  0]LogInit: Selected Device Profile: [Windows]
[2019.02.04-20.16.57:674][  0]LogInit: Applying CVar settings loaded from the selected device profile: [Windows]
[2019.02.04-20.16.57:687][  0]LogHAL: Display: Platform has ~ 16 GB [17132032000 / 17179869184 / 16], which maps to Larger [LargestMinGB=32, LargerMinGB=12, DefaultMinGB=8, SmallerMinGB=6, SmallestMinGB=0)
[2019.02.04-20.16.57:687][  0]LogConfig: Setting CVar [[r.Vulkan.UseRealUBs:1]]
[2019.02.04-20.16.57:687][  0]LogInit: Going up to parent DeviceProfile []
[2019.02.04-20.16.57:687][  0]LogConfig: Applying CVar settings from Section [ViewDistanceQuality@3] File [A:/Uni 2018-19/Github/Slime/Slime/Slime/Saved/Config/Windows/Scalability.ini]
[2019.02.04-20.16.57:687][  0]LogConfig: Setting CVar [[r.SkeletalMeshLODBias:0]]
[2019.02.04-20.16.57:687][  0]LogConfig: Setting CVar [[r.ViewDistanceScale:1.0]]
[2019.02.04-20.16.57:687][  0]LogConfig: Applying CVar settings from Section [AntiAliasingQuality@3] File [A:/Uni 2018-19/Github/Slime/Slime/Slime/Saved/Config/Windows/Scalability.ini]
[2019.02.04-20.16.57:687][  0]LogConfig: Setting CVar [[r.PostProcessAAQuality:4]]
[2019.02.04-20.16.57:687][  0]LogConfig: Applying CVar settings from Section [ShadowQuality@3] File [A:/Uni 2018-19/Github/Slime/Slime/Slime/Saved/Config/Windows/Scalability.ini]
[2019.02.04-20.16.57:687][  0]LogConfig: Setting CVar [[r.LightFunctionQuality:1]]
[2019.02.04-20.16.57:687][  0]LogConfig: Setting CVar [[r.ShadowQuality:5]]
[2019.02.04-20.16.57:687][  0]LogConfig: Setting CVar [[r.Shadow.CSM.MaxCascades:10]]
[2019.02.04-20.16.57:688][  0]LogConfig: Setting CVar [[r.Shadow.MaxResolution:2048]]
[2019.02.04-20.16.57:688][  0]LogConfig: Setting CVar [[r.Shadow.MaxCSMResolution:2048]]
[2019.02.04-20.16.57:688][  0]LogConfig: Setting CVar [[r.Shadow.RadiusThreshold:0.01]]
[2019.02.04-20.16.57:688][  0]LogConfig: Setting CVar [[r.Shadow.DistanceScale:1.0]]
[2019.02.04-20.16.57:688][  0]LogConfig: Setting CVar [[r.Shadow.CSM.TransitionScale:1.0]]
[2019.02.04-20.16.57:688][  0]LogConfig: Setting CVar [[r.Shadow.PreShadowResolutionFactor:1.0]]
[2019.02.04-20.16.57:688][  0]LogConfig: Setting CVar [[r.DistanceFieldShadowing:1]]
[2019.02.04-20.16.57:688][  0]LogConfig: Setting CVar [[r.DistanceFieldAO:1]]
[2019.02.04-20.16.57:688][  0]LogConfig: Setting CVar [[r.AOQuality:2]]
[2019.02.04-20.16.57:688][  0]LogConfig: Setting CVar [[r.VolumetricFog:1]]
[2019.02.04-20.16.57:688][  0]LogConfig: Setting CVar [[r.VolumetricFog.GridPixelSize:8]]
[2019.02.04-20.16.57:688][  0]LogConfig: Setting CVar [[r.VolumetricFog.GridSizeZ:128]]
[2019.02.04-20.16.57:688][  0]LogConfig: Setting CVar [[r.VolumetricFog.HistoryMissSupersampleCount:4]]
[2019.02.04-20.16.57:688][  0]LogConfig: Setting CVar [[r.LightMaxDrawDistanceScale:1]]
[2019.02.04-20.16.57:688][  0]LogConfig: Setting CVar [[r.CapsuleShadows:1]]
[2019.02.04-20.16.57:688][  0]LogConfig: Applying CVar settings from Section [PostProcessQuality@3] File [A:/Uni 2018-19/Github/Slime/Slime/Slime/Saved/Config/Windows/Scalability.ini]
[2019.02.04-20.16.57:688][  0]LogConfig: Setting CVar [[r.MotionBlurQuality:4]]
[2019.02.04-20.16.57:688][  0]LogConfig: Setting CVar [[r.AmbientOcclusionMipLevelFactor:0.4]]
[2019.02.04-20.16.57:688][  0]LogConfig: Setting CVar [[r.AmbientOcclusionMaxQuality:100]]
[2019.02.04-20.16.57:689][  0]LogConfig: Setting CVar [[r.AmbientOcclusionLevels:-1]]
[2019.02.04-20.16.57:689][  0]LogConfig: Setting CVar [[r.AmbientOcclusionRadiusScale:1.0]]
[2019.02.04-20.16.57:690][  0]LogConfig: Setting CVar [[r.DepthOfFieldQuality:2]]
[2019.02.04-20.16.57:690][  0]LogConfig: Setting CVar [[r.RenderTargetPoolMin:400]]
[2019.02.04-20.16.57:690][  0]LogConfig: Setting CVar [[r.LensFlareQuality:2]]
[2019.02.04-20.16.57:690][  0]LogConfig: Setting CVar [[r.SceneColorFringeQuality:1]]
[2019.02.04-20.16.57:690][  0]LogConfig: Setting CVar [[r.EyeAdaptationQuality:2]]
[2019.02.04-20.16.57:690][  0]LogConfig: Setting CVar [[r.BloomQuality:5]]
[2019.02.04-20.16.57:690][  0]LogConfig: Setting CVar [[r.FastBlurThreshold:100]]
[2019.02.04-20.16.57:690][  0]LogConfig: Setting CVar [[r.Upscale.Quality:3]]
[2019.02.04-20.16.57:690][  0]LogConfig: Setting CVar [[r.Tonemapper.GrainQuantization:1]]
[2019.02.04-20.16.57:690][  0]LogConfig: Setting CVar [[r.LightShaftQuality:1]]
[2019.02.04-20.16.57:690][  0]LogConfig: Setting CVar [[r.Filter.SizeScale:1]]
[2019.02.04-20.16.57:690][  0]LogConfig: Setting CVar [[r.Tonemapper.Quality:5]]
[2019.02.04-20.16.57:690][  0]LogConfig: Setting CVar [[r.DOF.Gather.AccumulatorQuality:1        ; higher gathering accumulator quality]]
[2019.02.04-20.16.57:690][  0]LogConfig: Setting CVar [[r.DOF.Gather.PostfilterMethod:1          ; Median3x3 postfilering method]]
[2019.02.04-20.16.57:690][  0]LogConfig: Setting CVar [[r.DOF.Gather.EnableBokehSettings:0       ; no bokeh simulation when gathering]]
[2019.02.04-20.16.57:691][  0]LogConfig: Setting CVar [[r.DOF.Gather.RingCount:4                 ; medium number of samples when gathering]]
[2019.02.04-20.16.57:691][  0]LogConfig: Setting CVar [[r.DOF.Scatter.ForegroundCompositing:1    ; additive foreground scattering]]
[2019.02.04-20.16.57:691][  0]LogConfig: Setting CVar [[r.DOF.Scatter.BackgroundCompositing:2    ; additive background scattering]]
[2019.02.04-20.16.57:691][  0]LogConfig: Setting CVar [[r.DOF.Scatter.EnableBokehSettings:1      ; bokeh simulation when scattering]]
[2019.02.04-20.16.57:691][  0]LogConfig: Setting CVar [[r.DOF.Scatter.MaxSpriteRatio:0.1         ; only a maximum of 10% of scattered bokeh]]
[2019.02.04-20.16.57:692][  0]LogConfig: Setting CVar [[r.DOF.Recombine.Quality:1                ; cheap slight out of focus]]
[2019.02.04-20.16.57:692][  0]LogConfig: Setting CVar [[r.DOF.Recombine.EnableBokehSettings:0    ; no bokeh simulation on slight out of focus]]
[2019.02.04-20.16.57:692][  0]LogConfig: Setting CVar [[r.DOF.TemporalAAQuality:1                ; more stable temporal accumulation]]
[2019.02.04-20.16.57:692][  0]LogConfig: Setting CVar [[r.DOF.Kernel.MaxForegroundRadius:0.025]]
[2019.02.04-20.16.57:692][  0]LogConfig: Setting CVar [[r.DOF.Kernel.MaxBackgroundRadius:0.025]]
[2019.02.04-20.16.57:692][  0]LogConfig: Applying CVar settings from Section [TextureQuality@3] File [A:/Uni 2018-19/Github/Slime/Slime/Slime/Saved/Config/Windows/Scalability.ini]
[2019.02.04-20.16.57:692][  0]LogConfig: Setting CVar [[r.Streaming.MipBias:0]]
[2019.02.04-20.16.57:692][  0]LogConfig: Setting CVar [[r.Streaming.AmortizeCPUToGPUCopy:0]]
[2019.02.04-20.16.57:692][  0]LogConfig: Setting CVar [[r.Streaming.MaxNumTexturesToStreamPerFrame:0]]
[2019.02.04-20.16.57:692][  0]LogConfig: Setting CVar [[r.Streaming.Boost:1]]
[2019.02.04-20.16.57:692][  0]LogConfig: Setting CVar [[r.MaxAnisotropy:8]]
[2019.02.04-20.16.57:692][  0]LogConfig: Setting CVar [[r.Streaming.LimitPoolSizeToVRAM:0]]
[2019.02.04-20.16.57:692][  0]LogConfig: Setting CVar [[r.Streaming.PoolSize:1000]]
[2019.02.04-20.16.57:692][  0]LogConfig: Setting CVar [[r.Streaming.MaxEffectiveScreenSize:0]]
[2019.02.04-20.16.57:693][  0]LogConfig: Applying CVar settings from Section [EffectsQuality@3] File [A:/Uni 2018-19/Github/Slime/Slime/Slime/Saved/Config/Windows/Scalability.ini]
[2019.02.04-20.16.57:693][  0]LogConfig: Setting CVar [[r.TranslucencyLightingVolumeDim:64]]
[2019.02.04-20.16.57:693][  0]LogConfig: Setting CVar [[r.RefractionQuality:2]]
[2019.02.04-20.16.57:693][  0]LogConfig: Setting CVar [[r.SSR.Quality:3]]
[2019.02.04-20.16.57:693][  0]LogConfig: Setting CVar [[r.SceneColorFormat:4]]
[2019.02.04-20.16.57:694][  0]LogConfig: Setting CVar [[r.DetailMode:2]]
[2019.02.04-20.16.57:694][  0]LogConfig: Setting CVar [[r.TranslucencyVolumeBlur:1]]
[2019.02.04-20.16.57:694][  0]LogConfig: Setting CVar [[r.MaterialQualityLevel:1 ; High quality]]
[2019.02.04-20.16.57:694][  0]LogConfig: Setting CVar [[r.SSS.Scale:1]]
[2019.02.04-20.16.57:694][  0]LogConfig: Setting CVar [[r.SSS.SampleSet:2]]
[2019.02.04-20.16.57:694][  0]LogConfig: Setting CVar [[r.SSS.Quality:1]]
[2019.02.04-20.16.57:694][  0]LogConfig: Setting CVar [[r.SSS.HalfRes:1]]
[2019.02.04-20.16.57:694][  0]LogConfig: Setting CVar [[r.EmitterSpawnRateScale:1.0]]
[2019.02.04-20.16.57:694][  0]LogConfig: Setting CVar [[r.ParticleLightQuality:2]]
[2019.02.04-20.16.57:694][  0]LogConfig: Applying CVar settings from Section [FoliageQuality@3] File [A:/Uni 2018-19/Github/Slime/Slime/Slime/Saved/Config/Windows/Scalability.ini]
[2019.02.04-20.16.57:694][  0]LogConfig: Setting CVar [[foliage.DensityScale:1.0]]
[2019.02.04-20.16.57:694][  0]LogConfig: Setting CVar [[grass.DensityScale:1.0]]
[2019.02.04-20.16.57:694][  0]LogConfig: Applying CVar settings from Section [Startup] File [../../../Engine/Config/ConsoleVariables.ini]
[2019.02.04-20.16.57:695][  0]LogConfig: Setting CVar [[net.UseAdaptiveNetUpdateFrequency:0]]
[2019.02.04-20.16.57:695][  0]LogConfig: Applying CVar settings from Section [ConsoleVariables] File [A:/Uni 2018-19/Github/Slime/Slime/Slime/Saved/Config/Windows/Engine.ini]
[2019.02.04-20.16.57:695][  0]LogInit: Computer: MAINDESKTOP
[2019.02.04-20.16.57:695][  0]LogInit: User: kille
[2019.02.04-20.16.57:695][  0]LogInit: CPU Page size=4096, Cores=4
[2019.02.04-20.16.57:695][  0]LogInit: High frequency timer resolution =10.000000 MHz
[2019.02.04-20.16.57:695][  0]LogMemory: Memory total: Physical=16.0GB (16GB approx)
[2019.02.04-20.16.57:695][  0]LogMemory: Platform Memory Stats for Windows
[2019.02.04-20.16.57:695][  0]LogMemory: Process Physical Memory: 103.12 MB used, 103.12 MB peak
[2019.02.04-20.16.57:695][  0]LogMemory: Process Virtual Memory: 84.84 MB used, 84.84 MB peak
[2019.02.04-20.16.57:695][  0]LogMemory: Physical Memory: 6881.23 MB used,  9457.15 MB free, 16338.38 MB total
[2019.02.04-20.16.57:695][  0]LogMemory: Virtual Memory: 4630.16 MB used,  134213096.00 MB free, 134217728.00 MB total
[2019.02.04-20.16.57:837][  0]LogInit: Using OS detected language (en-US).
[2019.02.04-20.16.57:837][  0]LogInit: Using OS detected locale (en-GB).
[2019.02.04-20.16.57:838][  0]LogTextLocalizationManager: No specific localization for 'en-US' exists, so the 'en' localization will be used.
[2019.02.04-20.16.58:261][  0]LogStreaming: Display: Took  0.424s to InitEngineTextLocalization.
[2019.02.04-20.16.58:261][  0]LogInit: Setting process to per monitor DPI aware
[2019.02.04-20.16.58:330][  0]LogSlate: New Slate User Created.  User Index 0, Is Virtual User: 0
[2019.02.04-20.16.58:331][  0]LogSlate: Slate User Registered.  User Index 0, Is Virtual User: 0
[2019.02.04-20.16.58:553][  0]LogHMD: Failed to initialize OpenVR with code 126
[2019.02.04-20.16.58:553][  0]LogD3D11RHI: D3D11 adapters:
[2019.02.04-20.16.58:637][  0]LogD3D11RHI:    0. 'NVIDIA GeForce GTX 970' (Feature Level 11_0)
[2019.02.04-20.16.58:637][  0]LogD3D11RHI:       4043/0/8169 MB DedicatedVideo/DedicatedSystem/SharedSystem, Outputs:2, VendorId:0x10de
[2019.02.04-20.16.58:642][  0]LogD3D11RHI:    1. 'Microsoft Basic Render Driver' (Feature Level 11_0)
[2019.02.04-20.16.58:642][  0]LogD3D11RHI:       0/0/8169 MB DedicatedVideo/DedicatedSystem/SharedSystem, Outputs:0, VendorId:0x1414
[2019.02.04-20.16.58:642][  0]LogD3D11RHI: Chosen D3D11 Adapter: 0
[2019.02.04-20.16.58:651][  0]LogD3D11RHI: Creating new Direct3DDevice
[2019.02.04-20.16.58:651][  0]LogD3D11RHI:     GPU DeviceId: 0x13c2 (for the marketing name, search the web for "GPU Device Id")
[2019.02.04-20.16.58:651][  0]LogWindows: EnumDisplayDevices:
[2019.02.04-20.16.58:651][  0]LogWindows:    0. 'NVIDIA GeForce GTX 970' (P:1 D:1)
[2019.02.04-20.16.58:651][  0]LogWindows:    1. 'NVIDIA GeForce GTX 970' (P:0 D:1)
[2019.02.04-20.16.58:652][  0]LogWindows:    2. 'NVIDIA GeForce GTX 970' (P:0 D:0)
[2019.02.04-20.16.58:652][  0]LogWindows:    3. 'NVIDIA GeForce GTX 970' (P:0 D:0)
[2019.02.04-20.16.58:652][  0]LogWindows: DebugString: FoundDriverCount:4 
[2019.02.04-20.16.58:653][  0]LogD3D11RHI:     Adapter Name: NVIDIA GeForce GTX 970
[2019.02.04-20.16.58:653][  0]LogD3D11RHI:   Driver Version: 417.35 (internal:25.21.14.1735, unified:417.35)
[2019.02.04-20.16.58:653][  0]LogD3D11RHI:      Driver Date: 12-11-2018
[2019.02.04-20.16.58:653][  0]LogRHI: Texture pool is 2830 MB (70% of 4043 MB)
[2019.02.04-20.16.58:700][  0]LogD3D11RHI: Async texture creation enabled
[2019.02.04-20.16.58:727][  0]LogD3D11RHI: GPU Timing Frequency: 1000.000000 (Debug: 2 2)
[2019.02.04-20.16.59:076][  0]LogTemp: Display: Loaded TP AllDesktopTargetPlatform
[2019.02.04-20.16.59:094][  0]LogTemp: Display: Loaded TP MacClientTargetPlatform
[2019.02.04-20.16.59:111][  0]LogTemp: Display: Loaded TP MacNoEditorTargetPlatform
[2019.02.04-20.16.59:127][  0]LogTemp: Display: Loaded TP MacServerTargetPlatform
[2019.02.04-20.16.59:144][  0]LogTemp: Display: Loaded TP MacTargetPlatform
[2019.02.04-20.16.59:159][  0]LogTemp: Display: Loaded TP WindowsClientTargetPlatform
[2019.02.04-20.16.59:175][  0]LogTemp: Display: Loaded TP WindowsNoEditorTargetPlatform
[2019.02.04-20.16.59:190][  0]LogTemp: Display: Loaded TP WindowsServerTargetPlatform
[2019.02.04-20.16.59:199][  0]LogTemp: Display: Loaded TP WindowsTargetPlatform
[2019.02.04-20.16.59:276][  0]LogTemp: Display: Loaded TP AndroidTargetPlatform
[2019.02.04-20.16.59:276][  0]LogTemp: Display: Loaded TP AndroidTargetPlatform
[2019.02.04-20.16.59:276][  0]LogTemp: Display: Loaded TP AndroidTargetPlatform
[2019.02.04-20.16.59:276][  0]LogTemp: Display: Loaded TP AndroidTargetPlatform
[2019.02.04-20.16.59:276][  0]LogTemp: Display: Loaded TP AndroidTargetPlatform
[2019.02.04-20.16.59:276][  0]LogTemp: Display: Loaded TP AndroidTargetPlatform
[2019.02.04-20.16.59:276][  0]LogTemp: Display: Loaded TP AndroidTargetPlatform
[2019.02.04-20.16.59:276][  0]LogTemp: Display: Loaded TP AndroidTargetPlatform
[2019.02.04-20.16.59:276][  0]LogTemp: Display: Loaded TP AndroidTargetPlatform
[2019.02.04-20.16.59:276][  0]LogTemp: Display: Loaded TP AndroidTargetPlatform
[2019.02.04-20.16.59:277][  0]LogTemp: Display: Loaded TP AndroidTargetPlatform
[2019.02.04-20.16.59:277][  0]LogTemp: Display: Loaded TP AndroidTargetPlatform
[2019.02.04-20.16.59:277][  0]LogTemp: Display: Loaded TP AndroidTargetPlatform
[2019.02.04-20.16.59:277][  0]LogTemp: Display: Loaded TP AndroidTargetPlatform
[2019.02.04-20.16.59:277][  0]LogTemp: Display: Loaded TP AndroidTargetPlatform
[2019.02.04-20.16.59:277][  0]LogTemp: Display: Loaded TP AndroidTargetPlatform
[2019.02.04-20.16.59:277][  0]LogTemp: Display: Loaded TP AndroidTargetPlatform
[2019.02.04-20.16.59:277][  0]LogTemp: Display: Loaded TP AndroidTargetPlatform
[2019.02.04-20.16.59:281][  0]LogTemp: Display: Loaded TP HTML5TargetPlatform
[2019.02.04-20.16.59:358][  0]LogTemp: Display: Loaded TP IOSTargetPlatform
[2019.02.04-20.16.59:358][  0]LogTemp: Display: Loaded TP IOSTargetPlatform
[2019.02.04-20.16.59:386][  0]LogTemp: Display: Loaded TP TVOSTargetPlatform
[2019.02.04-20.16.59:386][  0]LogTemp: Display: Loaded TP TVOSTargetPlatform
[2019.02.04-20.16.59:402][  0]LogTemp: Display: Loaded TP LinuxClientTargetPlatform
[2019.02.04-20.16.59:417][  0]LogTemp: Display: Loaded TP LinuxNoEditorTargetPlatform
[2019.02.04-20.16.59:432][  0]LogTemp: Display: Loaded TP LinuxServerTargetPlatform
[2019.02.04-20.16.59:446][  0]LogTemp: Display: Loaded TP LinuxTargetPlatform
[2019.02.04-20.16.59:493][  0]LogTemp: Display: Loaded TP LuminTargetPlatform
[2019.02.04-20.16.59:494][  0]LogTemp: Display: Loaded TP LuminTargetPlatform
[2019.02.04-20.16.59:494][  0]LogTargetPlatformManager: Display: Building Assets For Windows
[2019.02.04-20.16.59:629][  0]LogShaderCompilers: Guid format shader working directory is 8 characters bigger than the processId version (A:/Uni 2018-19/Github/Slime/Slime/Slime/Intermediate/Shaders/WorkingDirectory/10284/).
[2019.02.04-20.16.59:629][  0]LogShaderCompilers: Cleaned the shader compiler working directory 'C:/Users/Charles/AppData/Local/Temp/UnrealShaderWorkingDir/F77C8BFD49EBC7BC85BB06B327DF32AB/'.
[2019.02.04-20.16.59:631][  0]LogXGEController: Cleaning working directory: C:/Users/Charles/AppData/Local/Temp/UnrealXGEWorkingDir/
[2019.02.04-20.16.59:632][  0]LogXGEController: Cannot use XGE Controller as Incredibuild is not installed on this machine.
[2019.02.04-20.16.59:632][  0]LogShaderCompilers: Cannot use XGE Shader Compiler as Incredibuild is not installed on this machine.
[2019.02.04-20.16.59:632][  0]LogShaderCompilers: Display: Using Local Shader Compiler.
[2019.02.04-20.17.00:194][  0]LogDerivedDataCache: Display: Max Cache Size: 512 MB
[2019.02.04-20.17.00:252][  0]LogDerivedDataCache: Loaded boot cache 0.06s 75MB C:/Users/Charles/AppData/Local/UnrealEngine/4.21/DerivedDataCache/Boot.ddc.
[2019.02.04-20.17.00:253][  0]LogDerivedDataCache: Display: Loaded Boot cache: C:/Users/Charles/AppData/Local/UnrealEngine/4.21/DerivedDataCache/Boot.ddc
[2019.02.04-20.17.00:253][  0]LogDerivedDataCache: FDerivedDataBackendGraph:  Pak pak cache file A:/Uni 2018-19/Github/Slime/Slime/Slime/DerivedDataCache/DDC.ddp not found, will not use a pak cache.
[2019.02.04-20.17.00:253][  0]LogDerivedDataCache: Unable to find inner node Pak for hierarchical cache Hierarchy.
[2019.02.04-20.17.00:253][  0]LogDerivedDataCache: FDerivedDataBackendGraph:  CompressedPak pak cache file A:/Uni 2018-19/Github/Slime/Slime/Slime/DerivedDataCache/Compressed.ddp not found, will not use a pak cache.
[2019.02.04-20.17.00:253][  0]LogDerivedDataCache: Unable to find inner node CompressedPak for hierarchical cache Hierarchy.
[2019.02.04-20.17.00:268][  0]LogDerivedDataCache: Display: Pak cache opened for reading ../../../Engine/DerivedDataCache/Compressed.ddp.
[2019.02.04-20.17.00:268][  0]LogDerivedDataCache: FDerivedDataBackendGraph:  EnterprisePak pak cache file ../../../Enterprise/DerivedDataCache/Compressed.ddp not found, will not use a pak cache.
[2019.02.04-20.17.00:268][  0]LogDerivedDataCache: Unable to find inner node EnterprisePak for hierarchical cache Hierarchy.
[2019.02.04-20.17.00:282][  0]LogDerivedDataCache: Using Local data cache path C:/Users/Charles/AppData/Local/UnrealEngine/Common/DerivedDataCache: Writable
[2019.02.04-20.17.00:282][  0]LogDerivedDataCache: Shared data cache path not found in *engine.ini, will not use an Shared cache.
[2019.02.04-20.17.00:282][  0]LogDerivedDataCache: Unable to find inner node Shared for hierarchical cache Hierarchy.
[2019.02.04-20.17.00:308][  0]LogMaterial: Verifying Global Shaders for PCD3D_SM5
[2019.02.04-20.17.00:309][  0]LogSlate: Using FreeType 2.6.0
[2019.02.04-20.17.00:310][  0]LogSlate: SlateFontServices - WITH_FREETYPE: 1, WITH_HARFBUZZ: 1
[2019.02.04-20.17.00:402][  0]LogAssetRegistry: FAssetRegistry took 0.0367 seconds to start up
[2019.02.04-20.17.00:732][  0]LogInit: Selected Device Profile: [Windows]
[2019.02.04-20.17.00:918][  0]LogSimplygon: Simplygon DLL not present - disabling.
[2019.02.04-20.17.00:929][  0]LogMeshReduction: Using SimplygonSwarm for distributed automatic mesh merging
[2019.02.04-20.17.00:929][  0]LogMeshReduction: Using ProxyLODMeshReduction for automatic mesh merging
[2019.02.04-20.17.00:929][  0]LogMeshReduction: Using QuadricMeshReduction for automatic static mesh reduction
[2019.02.04-20.17.00:929][  0]LogMeshReduction: No automatic skeletal mesh reduction module available
[2019.02.04-20.17.00:949][  0]LogNetVersion: Slime 1.0.0, NetCL: 4541578, EngineNetVer: 5, GameNetVer: 0 (Checksum: 858269732)
[2019.02.04-20.17.01:502][  0]LogPackageLocalizationCache: Processed 11 localized package path(s) for 2 prioritized culture(s) in 0.095740 seconds
[2019.02.04-20.17.01:509][  0]LogUObjectArray: 39775 objects as part of root set at end of initial load.
[2019.02.04-20.17.01:509][  0]LogUObjectAllocator: 6914656 out of 0 bytes used by permanent object pool.
[2019.02.04-20.17.01:509][  0]LogUObjectArray: CloseDisregardForGC: 0/0 objects in disregard for GC pool
[2019.02.04-20.17.02:502][  0]LogTcpMessaging: Initializing TcpMessaging bridge
[2019.02.04-20.17.02:528][  0]LogUdpMessaging: Initializing bridge on interface 0.0.0.0:0 to multicast group 230.0.0.1:6666.
[2019.02.04-20.17.03:533][  0]SourceControl: Source control is disabled
[2019.02.04-20.17.03:533][  0]SourceControl: Source control is disabled
[2019.02.04-20.17.03:536][  0]SourceControl: Source control is disabled
[2019.02.04-20.17.03:539][  0]SourceControl: Source control is disabled
[2019.02.04-20.17.03:821][  0]LogAndroidPermission: UAndroidPermissionCallbackProxy::GetInstance
[2019.02.04-20.17.04:054][  0]LogOcInput: OculusInput pre-init called
[2019.02.04-20.17.04:212][  0]LogEngine: Initializing Engine...
[2019.02.04-20.17.04:246][  0]LogHMD: Failed to initialize OpenVR with code 126
[2019.02.04-20.17.04:248][  0]LogStats: UGameplayTagsManager::ConstructGameplayTagTree: ImportINI prefixes -  0.000 s
[2019.02.04-20.17.04:248][  0]LogStats: UGameplayTagsManager::ConstructGameplayTagTree: Construct from data asset -  0.000 s
[2019.02.04-20.17.04:248][  0]LogStats: UGameplayTagsManager::ConstructGameplayTagTree: ImportINI -  0.000 s
[2019.02.04-20.17.04:248][  0]LogStats: UGameplayTagsManager::ConstructGameplayTagTree: GameplayTagTreeChangedEvent.Broadcast -  0.000 s
[2019.02.04-20.17.04:488][  0]LogInit: Initializing FReadOnlyCVARCache
[2019.02.04-20.17.04:502][  0]LogAIModule: Creating AISystem for world Untitled
[2019.02.04-20.17.04:569][  0]LogInit: XAudio2 using 'SAMSUNG (NVIDIA High Definition Audio)' : 2 channels at 48 kHz using 16 bits per sample (channel mask 0x3)
[2019.02.04-20.17.04:654][  0]LogInit: FAudioDevice initialized.
[2019.02.04-20.17.04:655][  0]LogNetVersion: Set ProjectVersion to 1.0.0.0. Version Checksum will be recalculated on next use.
[2019.02.04-20.17.04:729][  0]LogDerivedDataCache: Saved boot cache 0.07s 75MB C:/Users/Charles/AppData/Local/UnrealEngine/4.21/DerivedDataCache/Boot.ddc.
[2019.02.04-20.17.04:741][  0]LogInit: Texture streaming: Enabled
[2019.02.04-20.17.04:773][  0]LogEngineSessionManager: EngineSessionManager initialized
[2019.02.04-20.17.04:773][  0]LogEngineSessionManager: EngineSessionManager sent abnormal shutdown report. Type=Debugger, SessionId={5BF25E95-4076-08A8-3D64-F29E318A8260}
[2019.02.04-20.17.04:784][  0]LogInit: Transaction tracking system initialized
[2019.02.04-20.17.04:823][  0]BlueprintLog: New page: Editor Load
[2019.02.04-20.17.05:002][  0]LocalizationService: Localization service is disabled
[2019.02.04-20.17.05:500][  0]LogFileCache: Scanning file cache for directory 'A:/Uni 2018-19/Github/Slime/Slime/Slime/Content/' took 0.02s
[2019.02.04-20.17.05:500][  0]LogCook: Display: Max memory allowance for cook 16384mb min free memory 0mb
[2019.02.04-20.17.05:500][  0]LogCook: Display: Mobile HDR setting 1
[2019.02.04-20.17.05:500][  0]LogGameplayTags: Display: UGameplayTagsManager::DoneAddingNativeTags. DelegateIsBound: 0
[2019.02.04-20.17.05:500][  0]LogStats: UGameplayTagsManager::ConstructGameplayTagTree: ImportINI prefixes -  0.000 s
[2019.02.04-20.17.05:501][  0]LogStats: UGameplayTagsManager::ConstructGameplayTagTree: Construct from data asset -  0.000 s
[2019.02.04-20.17.05:501][  0]LogStats: UGameplayTagsManager::ConstructGameplayTagTree: ImportINI -  0.000 s
[2019.02.04-20.17.05:501][  0]LogStats: UGameplayTagsManager::ConstructGameplayTagTree: GameplayTagTreeChangedEvent.Broadcast -  0.000 s
[2019.02.04-20.17.05:698][  0]SourceControl: Source control is disabled
[2019.02.04-20.17.05:698][  0]Cmd: MAP LOAD FILE="A:/Uni 2018-19/Github/Slime/Slime/Slime/Content/FirstPersonCPP/Maps/FirstPersonExampleMap.umap" TEMPLATE=0 SHOWPROGRESS=1 FEATURELEVEL=3
[2019.02.04-20.17.05:699][  0]LightingResults: New page: Lighting Build
[2019.02.04-20.17.05:702][  0]MapCheck: New page: Map Check
[2019.02.04-20.17.05:702][  0]LightingResults: New page: Lighting Build
[2019.02.04-20.17.05:866][  0]LogAIModule: Creating AISystem for world FirstPersonExampleMap
[2019.02.04-20.17.05:880][  0]LogEditorServer: Finished looking for orphan Actors (0.000 secs)
[2019.02.04-20.17.05:905][  0]Cmd: MAP CHECKDEP NOCLEARLOG
[2019.02.04-20.17.05:906][  0]MapCheck: Map check complete: 0 Error(s), 0 Warning(s), took 0.125ms to complete.
[2019.02.04-20.17.05:906][  0]LogFileHelpers: Loading map 'FirstPersonExampleMap' took 0.209
[2019.02.04-20.17.06:028][  0]LogSlate: Updating window title bar state: overlay mode, drag disabled, window buttons hidden, title bar hidden
[2019.02.04-20.17.06:035][  0]LogSlate: Updating window title bar state: overlay mode, drag disabled, window buttons hidden, title bar hidden
[2019.02.04-20.17.06:044][  0]LogSlate: Updating window title bar state: overlay mode, drag disabled, window buttons hidden, title bar hidden
[2019.02.04-20.17.06:052][  0]LogSlate: Updating window title bar state: overlay mode, drag disabled, window buttons hidden, title bar hidden
[2019.02.04-20.17.06:061][  0]LogCollectionManager: Loaded 0 collections in 0.001931 seconds
[2019.02.04-20.17.06:108][  0]LogFileCache: Scanning file cache for directory 'A:/Uni 2018-19/Github/Slime/Slime/Slime/Saved/Collections/' took 0.01s
[2019.02.04-20.17.06:108][  0]LogFileCache: Scanning file cache for directory 'A:/Uni 2018-19/Github/Slime/Slime/Slime/Content/Developers/kille/Collections/' took 0.01s
[2019.02.04-20.17.06:108][  0]LogFileCache: Scanning file cache for directory 'A:/Uni 2018-19/Github/Slime/Slime/Slime/Content/Collections/' took 0.01s
[2019.02.04-20.17.06:108][  0]LogCollectionManager: Rebuilt the GUID cache for 0 collections in 0.000000 seconds
[2019.02.04-20.17.06:118][  0]LogContentBrowser: Native class hierarchy populated in 0.0098 seconds. Added 2656 classes and 622 folders.
[2019.02.04-20.17.06:125][  0]LogContentBrowser: Native class hierarchy updated for 'WidgetCarousel' in 0.0005 seconds. Added 0 classes and 0 folders.
[2019.02.04-20.17.06:127][  0]LogPakFile: Registered encryption key '00000000000000000000000000000000': 0 pak files mounted, 0 remain pending
[2019.02.04-20.17.06:128][  0]LogPakFile: Registered encryption key '00000000000000000000000000000000': 0 pak files mounted, 0 remain pending
[2019.02.04-20.17.06:129][  0]LogPakFile: Registered encryption key '00000000000000000000000000000000': 0 pak files mounted, 0 remain pending
[2019.02.04-20.17.06:130][  0]LogPakFile: Registered encryption key '00000000000000000000000000000000': 0 pak files mounted, 0 remain pending
[2019.02.04-20.17.06:131][  0]LogPakFile: Registered encryption key '00000000000000000000000000000000': 0 pak files mounted, 0 remain pending
[2019.02.04-20.17.06:131][  0]LogPakFile: Registered encryption key '00000000000000000000000000000000': 0 pak files mounted, 0 remain pending
[2019.02.04-20.17.06:132][  0]LogPakFile: Registered encryption key '00000000000000000000000000000000': 0 pak files mounted, 0 remain pending
[2019.02.04-20.17.06:133][  0]LogPakFile: Registered encryption key '00000000000000000000000000000000': 0 pak files mounted, 0 remain pending
[2019.02.04-20.17.06:134][  0]LogPakFile: Registered encryption key '00000000000000000000000000000000': 0 pak files mounted, 0 remain pending
[2019.02.04-20.17.06:135][  0]LogPakFile: Registered encryption key '00000000000000000000000000000000': 0 pak files mounted, 0 remain pending
[2019.02.04-20.17.06:137][  0]LogPakFile: Registered encryption key '00000000000000000000000000000000': 0 pak files mounted, 0 remain pending
[2019.02.04-20.17.06:137][  0]LogPakFile: Registered encryption key '00000000000000000000000000000000': 0 pak files mounted, 0 remain pending
[2019.02.04-20.17.06:138][  0]LogPakFile: Registered encryption key '00000000000000000000000000000000': 0 pak files mounted, 0 remain pending
[2019.02.04-20.17.06:139][  0]LogPakFile: Registered encryption key '00000000000000000000000000000000': 0 pak files mounted, 0 remain pending
[2019.02.04-20.17.06:140][  0]LogPakFile: Registered encryption key '00000000000000000000000000000000': 0 pak files mounted, 0 remain pending
[2019.02.04-20.17.06:141][  0]LogPakFile: Registered encryption key '00000000000000000000000000000000': 0 pak files mounted, 0 remain pending
[2019.02.04-20.17.06:142][  0]LogPakFile: Registered encryption key '00000000000000000000000000000000': 0 pak files mounted, 0 remain pending
[2019.02.04-20.17.06:143][  0]LogPakFile: Registered encryption key '00000000000000000000000000000000': 0 pak files mounted, 0 remain pending
[2019.02.04-20.17.06:144][  0]LogPakFile: Registered encryption key '00000000000000000000000000000000': 0 pak files mounted, 0 remain pending
[2019.02.04-20.17.06:144][  0]LogPakFile: Registered encryption key '00000000000000000000000000000000': 0 pak files mounted, 0 remain pending
[2019.02.04-20.17.06:145][  0]LogPakFile: Registered encryption key '00000000000000000000000000000000': 0 pak files mounted, 0 remain pending
[2019.02.04-20.17.06:146][  0]LogPakFile: Registered encryption key '00000000000000000000000000000000': 0 pak files mounted, 0 remain pending
[2019.02.04-20.17.06:147][  0]LogPakFile: Registered encryption key '00000000000000000000000000000000': 0 pak files mounted, 0 remain pending
[2019.02.04-20.17.06:148][  0]LogPakFile: Registered encryption key '00000000000000000000000000000000': 0 pak files mounted, 0 remain pending
[2019.02.04-20.17.06:148][  0]LogPakFile: Registered encryption key '00000000000000000000000000000000': 0 pak files mounted, 0 remain pending
[2019.02.04-20.17.06:149][  0]LogPakFile: Registered encryption key '00000000000000000000000000000000': 0 pak files mounted, 0 remain pending
[2019.02.04-20.17.06:178][  0]LogContentBrowser: Native class hierarchy updated for 'AddContentDialog' in 0.0005 seconds. Added 0 classes and 0 folders.
[2019.02.04-20.17.06:188][  0]LogContentBrowser: Native class hierarchy updated for 'SceneOutliner' in 0.0005 seconds. Added 1 classes and 2 folders.
[2019.02.04-20.17.06:204][  0]LogSlate: Took 0.000163 seconds to synchronously load lazily loaded font '../../../Engine/Content/Slate/Fonts/Roboto-Regular.ttf' (155K)
[2019.02.04-20.17.06:208][  0]LogSlate: Took 0.000157 seconds to synchronously load lazily loaded font '../../../Engine/Content/Slate/Fonts/Roboto-Bold.ttf' (160K)
[2019.02.04-20.17.06:214][  0]LogSlate: Took 0.000175 seconds to synchronously load lazily loaded font '../../../Engine/Content/Editor/Slate/Fonts/FontAwesome.ttf' (139K)
[2019.02.04-20.17.06:294][  0]LogRenderer: Reallocating scene render targets to support 888x388 Format 10 NumSamples 1 (Frame:1).
[2019.02.04-20.17.06:428][  0]LogContentBrowser: Native class hierarchy updated for 'HierarchicalLODOutliner' in 0.0005 seconds. Added 0 classes and 0 folders.
[2019.02.04-20.17.06:428][  0]LogLoad: (Engine Initialization) Total time: 10.55 seconds
[2019.02.04-20.17.06:428][  0]LogLoad: (Engine Initialization) Total Blueprint compile time: 0.00 seconds
[2019.02.04-20.17.06:503][  0]LogContentStreaming: Texture pool size now 1000 MB
[2019.02.04-20.17.06:517][  0]LogSlate: Took 0.000149 seconds to synchronously load lazily loaded font '../../../Engine/Content/Slate/Fonts/Roboto-Light.ttf' (167K)
[2019.02.04-20.17.06:597][  1]LogAssetRegistry: Asset discovery search completed in 6.2202 seconds
[2019.02.04-20.17.06:599][  1]LogCollectionManager: Rebuilt the object cache for 0 collections in 0.000000 seconds (found 0 objects)
[2019.02.04-20.17.06:601][  1]LogCollectionManager: Fixed up redirectors for 0 collections in 0.001307 seconds (updated 0 objects)
[2019.02.04-20.17.14:308][911]LogSlate: FSceneViewport::OnFocusLost() reason 0
[2019.02.04-20.17.14:341][915]LogTemp: Repeating last play command: Selected Viewport
[2019.02.04-20.17.14:355][915]LogBlueprintUserMessages: Early PlayInEditor Detection: Level '/Game/FirstPersonCPP/Maps/FirstPersonExampleMap.FirstPersonExampleMap:PersistentLevel' has LevelScriptBlueprint '/Game/FirstPersonCPP/Maps/FirstPersonExampleMap.FirstPersonExampleMap:PersistentLevel.FirstPersonExampleMap' with GeneratedClass '/Game/FirstPersonCPP/Maps/FirstPersonExampleMap.FirstPersonExampleMap_C' with ClassGeneratedBy '/Game/FirstPersonCPP/Maps/FirstPersonExampleMap.FirstPersonExampleMap:PersistentLevel.FirstPersonExampleMap'
[2019.02.04-20.17.14:355][915]LogPlayLevel: PlayLevel: No blueprints needed recompiling
[2019.02.04-20.17.14:356][915]PIE: New page: PIE session: FirstPersonExampleMap (4 Feb 2019 20:17:14)
[2019.02.04-20.17.14:370][915]LogPlayLevel: Creating play world package: /Game/FirstPersonCPP/Maps/UEDPIE_0_FirstPersonExampleMap
[2019.02.04-20.17.14:391][915]LogPlayLevel: PIE: StaticDuplicateObject took: (0.020398s)
[2019.02.04-20.17.14:392][915]LogAIModule: Creating AISystem for world FirstPersonExampleMap
[2019.02.04-20.17.14:392][915]LogPlayLevel: PIE: World Init took: (0.000862s)
[2019.02.04-20.17.14:392][915]LogPlayLevel: PIE: Created PIE world by copying editor world from /Game/FirstPersonCPP/Maps/FirstPersonExampleMap.FirstPersonExampleMap to /Game/FirstPersonCPP/Maps/UEDPIE_0_FirstPersonExampleMap.FirstPersonExampleMap (0.021896s)
[2019.02.04-20.17.14:472][915]LogInit: XAudio2 using 'SAMSUNG (NVIDIA High Definition Audio)' : 2 channels at 48 kHz using 16 bits per sample (channel mask 0x3)
[2019.02.04-20.17.14:489][915]LogInit: FAudioDevice initialized.
[2019.02.04-20.17.14:539][915]LogLoad: Game class is 'SlimeGameMode'
[2019.02.04-20.17.14:542][915]LogWorld: Bringing World /Game/FirstPersonCPP/Maps/UEDPIE_0_FirstPersonExampleMap.FirstPersonExampleMap up for play (max tick rate 0) at 2019.02.04-20.17.14
[2019.02.04-20.17.14:543][915]LogWorld: Bringing up level for play took: 0.002078
[2019.02.04-20.17.14:561][915]LogContentBrowser: Native class hierarchy updated for 'MovieSceneCapture' in 0.0005 seconds. Added 20 classes and 0 folders.
[2019.02.04-20.17.14:562][915]PIE: Play in editor start time for /Game/FirstPersonCPP/Maps/UEDPIE_0_FirstPersonExampleMap 0.447
[2019.02.04-20.17.14:562][915]LogBlueprintUserMessages: Late PlayInEditor Detection: Level '/Game/FirstPersonCPP/Maps/FirstPersonExampleMap.FirstPersonExampleMap:PersistentLevel' has LevelScriptBlueprint '/Game/FirstPersonCPP/Maps/FirstPersonExampleMap.FirstPersonExampleMap:PersistentLevel.FirstPersonExampleMap' with GeneratedClass '/Game/FirstPersonCPP/Maps/FirstPersonExampleMap.FirstPersonExampleMap_C' with ClassGeneratedBy '/Game/FirstPersonCPP/Maps/FirstPersonExampleMap.FirstPersonExampleMap:PersistentLevel.FirstPersonExampleMap'
[2019.02.04-20.17.48:859][606]LogSlate: FSceneViewport::OnFocusLost() reason 0
[2019.02.04-20.17.48:944][612]LogBlueprintUserMessages: Early EndPlayMap Detection: Level '/Game/FirstPersonCPP/Maps/FirstPersonExampleMap.FirstPersonExampleMap:PersistentLevel' has LevelScriptBlueprint '/Game/FirstPersonCPP/Maps/FirstPersonExampleMap.FirstPersonExampleMap:PersistentLevel.FirstPersonExampleMap' with GeneratedClass '/Game/FirstPersonCPP/Maps/FirstPersonExampleMap.FirstPersonExampleMap_C' with ClassGeneratedBy '/Game/FirstPersonCPP/Maps/FirstPersonExampleMap.FirstPersonExampleMap:PersistentLevel.FirstPersonExampleMap'
[2019.02.04-20.17.48:945][612]LogSlate: Updating window title bar state: overlay mode, drag disabled, window buttons hidden, title bar hidden
[2019.02.04-20.17.48:982][612]LogPlayLevel: Display: Shutting down PIE online subsystems
[2019.02.04-20.17.48:983][612]LogBlueprintUserMessages: Late EndPlayMap Detection: Level '/Game/FirstPersonCPP/Maps/FirstPersonExampleMap.FirstPersonExampleMap:PersistentLevel' has LevelScriptBlueprint '/Game/FirstPersonCPP/Maps/FirstPersonExampleMap.FirstPersonExampleMap:PersistentLevel.FirstPersonExampleMap' with GeneratedClass '/Game/FirstPersonCPP/Maps/FirstPersonExampleMap.FirstPersonExampleMap_C' with ClassGeneratedBy '/Game/FirstPersonCPP/Maps/FirstPersonExampleMap.FirstPersonExampleMap:PersistentLevel.FirstPersonExampleMap'
[2019.02.04-20.17.49:009][612]LogSlate: Updating window title bar state: overlay mode, drag disabled, window buttons hidden, title bar hidden
[2019.02.04-20.17.49:043][614]LogPlayLevel: Display: Destroying online subsystem :Context_2
[2019.02.04-20.18.05:241][526]LogSlate: Took 0.000151 seconds to synchronously load lazily loaded font '../../../Engine/Content/Slate/Fonts/Roboto-BoldCondensed.ttf' (158K)
[2019.02.04-20.21.07:923][977]LogSlate: Window 'Reference Viewer' being destroyed
[2019.02.04-20.21.07:928][977]LogSlate: Window 'Reference Viewer' being destroyed
[2019.02.04-20.22.08:761][783]LogSlate: Took 0.000186 seconds to synchronously load lazily loaded font '../../../Engine/Content/Slate/Fonts/Roboto-Light.ttf' (167K)
[2019.02.04-20.22.08:770][783]LogAssetEditorManager: Opening Asset editor for Material /Game/WhiteBoard/m_Whiteboard.m_Whiteboard
[2019.02.04-20.22.08:775][783]LogMaterial: Display: Missing cached shader map for material m_Whiteboard, compiling. 
[2019.02.04-20.22.09:085][783]LogMaterial: Display: Missing cached shader map for material m_Whiteboard, compiling. 
[2019.02.04-20.22.09:103][783]LogMaterial: Display: Missing cached shader map for material m_Whiteboard, compiling. 
[2019.02.04-20.22.09:120][783]LogShaderCompilers: Display: Shaders left to compile 21
[2019.02.04-20.22.09:120][783]LogShaderCompilers: Display: Shaders left to compile 20
[2019.02.04-20.22.09:120][783]LogShaderCompilers: Display: Shaders left to compile 19
[2019.02.04-20.22.09:149][783]LogMaterial: Display: Missing cached shader map for material FMatExpressionPreview MaterialExpressionTextureSample_0, compiling. 
[2019.02.04-20.22.09:155][783]LogMaterial: Display: Missing cached shader map for material FMatExpressionPreview MaterialExpressionVectorParameter_0, compiling. 
[2019.02.04-20.22.09:161][783]LogMaterial: Display: Missing cached shader map for material FMatExpressionPreview MaterialExpressionConstant3Vector_0, compiling. 
[2019.02.04-20.22.09:167][783]LogMaterial: Display: Missing cached shader map for material FMatExpressionPreview MaterialExpressionTextureSample_1, compiling. 
[2019.02.04-20.22.09:173][783]LogMaterial: Display: Missing cached shader map for material FMatExpressionPreview MaterialExpressionTextureSample_3, compiling. 
[2019.02.04-20.22.09:350][783]LogRenderer: Reallocating scene render targets to support 888x524 Format 10 NumSamples 1 (Frame:1).
[2019.02.04-20.22.12:026][ 26]LogShaderCompilers: Display: Shaders left to compile 28
[2019.02.04-20.22.12:147][ 38]LogSlate: Took 0.000153 seconds to synchronously load lazily loaded font '../../../Engine/Content/Slate/Fonts/Roboto-Italic.ttf' (157K)
[2019.02.04-20.22.12:677][ 90]LogShaderCompilers: Display: Shaders left to compile 27
[2019.02.04-20.22.15:311][357]LogShaderCompilers: Display: Shaders left to compile 26
[2019.02.04-20.22.17:059][540]LogShaderCompilers: Display: Shaders left to compile 25
[2019.02.04-20.22.17:122][547]LogShaderCompilers: Display: Shaders left to compile 24
[2019.02.04-20.22.17:680][608]LogAssetEditorManager: Opening Asset editor for Blueprint /Game/Blueprints/BP_Tex_Maker.BP_Tex_Maker
[2019.02.04-20.22.17:911][608]LogShaderCompilers: Display: Shaders left to compile 23
[2019.02.04-20.22.17:911][608]LogShaderCompilers: Display: Shaders left to compile 22
[2019.02.04-20.22.18:113][608]LogShaderCompilers: Display: Shaders left to compile 21
[2019.02.04-20.22.18:147][608]LogContentBrowser: Native class hierarchy updated for 'BlueprintGraph' in 0.0008 seconds. Added 117 classes and 0 folders.
[2019.02.04-20.22.18:809][608]LogShaderCompilers: Display: Shaders left to compile 20
[2019.02.04-20.22.18:809][608]LogShaderCompilers: Display: Shaders left to compile 19
[2019.02.04-20.22.18:810][608]LogShaderCompilers: Display: Shaders left to compile 18
[2019.02.04-20.22.18:810][608]LogShaderCompilers: Display: Shaders left to compile 17
[2019.02.04-20.22.20:582][747]LogShaderCompilers: Display: Shaders left to compile 16
[2019.02.04-20.22.20:789][767]LogShaderCompilers: Display: Shaders left to compile 15
[2019.02.04-20.22.20:914][779]LogShaderCompilers: Display: Shaders left to compile 14
[2019.02.04-20.22.22:202][897]LogShaderCompilers: Display: Shaders left to compile 13
[2019.02.04-20.22.22:901][966]LogShaderCompilers: Display: Shaders left to compile 12
[2019.02.04-20.22.23:122][983]LogShaderCompilers: Display: Shaders left to compile 11
[2019.02.04-20.22.24:055][ 73]LogShaderCompilers: Display: Shaders left to compile 10
[2019.02.04-20.22.24:175][ 85]LogShaderCompilers: Display: Shaders left to compile 9
[2019.02.04-20.22.25:209][187]LogShaderCompilers: Display: Shaders left to compile 8
[2019.02.04-20.22.25:710][236]LogShaderCompilers: Display: Shaders left to compile 7
[2019.02.04-20.22.26:575][322]LogShaderCompilers: Display: Shaders left to compile 6
[2019.02.04-20.22.26:588][323]LogShaderCompilers: Display: Shaders left to compile 5
[2019.02.04-20.22.26:841][348]LogShaderCompilers: Display: Shaders left to compile 4
[2019.02.04-20.22.27:173][380]MaterialEditorStats: Base pass shader: 105 instructions
[2019.02.04-20.22.27:173][380]MaterialEditorStats: Base pass shader with Volumetric Lightmap: 173 instructions
[2019.02.04-20.22.27:173][380]MaterialEditorStats: Base pass vertex shader: 36 instructions
[2019.02.04-20.22.27:173][380]MaterialEditorStats: Texture samplers: 5/16
[2019.02.04-20.22.27:173][380]MaterialEditorStats: Texture Lookups (Est.): VS(0), PS(2)
[2019.02.04-20.22.27:173][380]MaterialEditorStats: User interpolators: 2/4 Scalars (1/4 Vectors) (TexCoords: 2, Custom: 0)
[2019.02.04-20.22.27:794][431]LogShaderCompilers: Display: Shaders left to compile 3
[2019.02.04-20.22.28:071][455]LogShaderCompilers: Display: Shaders left to compile 2
[2019.02.04-20.22.28:865][522]LogShaderCompilers: Display: Shaders left to compile 1
[2019.02.04-20.23.07:147][230]BlueprintLog: New page: Compile BP_Tex_Maker
[2019.02.04-20.23.07:748][262]Cmd: OBJ SAVEPACKAGE PACKAGE="/Game/Blueprints/BP_Tex_Maker" FILE="A:/Uni 2018-19/Github/Slime/Slime/Slime/Content/Blueprints/BP_Tex_Maker.uasset" SILENT=true
[2019.02.04-20.23.07:795][262]LogSavePackage: Moving 'A:/Uni 2018-19/Github/Slime/Slime/Slime/Saved/BP_Tex_MakerD8AF292D4EAE4AA5F117E8A5E8453E21.tmp' to 'A:/Uni 2018-19/Github/Slime/Slime/Slime/Content/Blueprints/BP_Tex_Maker.uasset'
[2019.02.04-20.25.23:543][874]Cmd: OBJ SAVEPACKAGE PACKAGE="/Game/Blueprints/BP_Tex_Maker" FILE="A:/Uni 2018-19/Github/Slime/Slime/Slime/Content/Blueprints/BP_Tex_Maker.uasset" SILENT=true
[2019.02.04-20.25.23:590][874]LogSavePackage: Moving 'A:/Uni 2018-19/Github/Slime/Slime/Slime/Saved/BP_Tex_MakerDD4CF5E14452A18E43D4BBB1316B11F2.tmp' to 'A:/Uni 2018-19/Github/Slime/Slime/Slime/Content/Blueprints/BP_Tex_Maker.uasset'
[2019.02.04-20.25.26:437][167]BlueprintLog: New page: Compile BP_Tex_Maker
[2019.02.04-20.26.19:658][855]LogSlate: Took 0.007370 seconds to synchronously load lazily loaded font '../../../Engine/Content/Slate/Fonts/Roboto-BoldCondensedItalic.ttf' (160K)
[2019.02.04-20.27.44:775][481]LogSavePackage: Moving 'A:/Uni 2018-19/Github/Slime/Slime/Slime/Saved/FirstPersonExampleMap_Auto1B145A36D44F69654CB7040912B5CF07D.tmp' to 'A:/Uni 2018-19/Github/Slime/Slime/Slime/Saved/Autosaves/Game/FirstPersonCPP/Maps/FirstPersonExampleMap_Auto1.umap'
[2019.02.04-20.27.44:789][481]LogFileHelpers: Editor autosave (incl. sublevels) for '/Game/FirstPersonCPP/Maps/FirstPersonExampleMap' took 0.486
[2019.02.04-20.27.44:790][481]LogFileHelpers: Editor autosave (incl. sublevels) for all levels took 0.486
[2019.02.04-20.27.44:791][481]OBJ SavePackage: Generating thumbnails for [1] asset(s) in package [/Game/Blueprints/BP_Tex_Maker] ([1] browsable assets)...
[2019.02.04-20.27.44:806][481]OBJ SavePackage:     Rendered thumbnail for [Blueprint /Game/Blueprints/BP_Tex_Maker.BP_Tex_Maker]
[2019.02.04-20.27.44:806][481]OBJ SavePackage: Finished generating thumbnails for package [/Game/Blueprints/BP_Tex_Maker]
[2019.02.04-20.27.44:807][481]Cmd: OBJ SAVEPACKAGE PACKAGE="/Game/Blueprints/BP_Tex_Maker" FILE="A:/Uni 2018-19/Github/Slime/Slime/Slime/Saved/Autosaves/Game/Blueprints/BP_Tex_Maker_Auto1.uasset" SILENT=false AUTOSAVING=true
[2019.02.04-20.27.44:845][481]LogSavePackage: Moving 'A:/Uni 2018-19/Github/Slime/Slime/Slime/Saved/BP_Tex_Maker_Auto1C007A17E4575120DC5D9438341C8FE89.tmp' to 'A:/Uni 2018-19/Github/Slime/Slime/Slime/Saved/Autosaves/Game/Blueprints/BP_Tex_Maker_Auto1.uasset'
[2019.02.04-20.27.44:854][481]LogFileHelpers: Auto-saving content packages took 0.064
[2019.02.04-20.30.02:971][206]Cmd: OBJ SAVEPACKAGE PACKAGE="/Game/Blueprints/BP_Tex_Maker" FILE="A:/Uni 2018-19/Github/Slime/Slime/Slime/Content/Blueprints/BP_Tex_Maker.uasset" SILENT=true
[2019.02.04-20.30.03:044][206]LogSavePackage: Moving 'A:/Uni 2018-19/Github/Slime/Slime/Slime/Saved/BP_Tex_Maker27F312EB4DAED26A77433A886DE18EC5.tmp' to 'A:/Uni 2018-19/Github/Slime/Slime/Slime/Content/Blueprints/BP_Tex_Maker.uasset'
[2019.02.04-20.38.02:666][352]LogSlate: Window 'Select Path' being destroyed
[2019.02.04-20.38.02:729][352]LogAssetEditorManager: Opening Asset editor for Blueprint /Game/RTManipulation1_Blueprint.RTManipulation1_Blueprint
[2019.02.04-20.38.03:127][353]LogRenderer: Reallocating scene render targets to support 1136x600 Format 10 NumSamples 1 (Frame:1).
[2019.02.04-20.39.20:218][115]LogSavePackage: Moving 'A:/Uni 2018-19/Github/Slime/Slime/Slime/Saved/FirstPersonExampleMap_Auto28F5E576F45FC202DD3508DA6E98F9DAD.tmp' to 'A:/Uni 2018-19/Github/Slime/Slime/Slime/Saved/Autosaves/Game/FirstPersonCPP/Maps/FirstPersonExampleMap_Auto2.umap'
[2019.02.04-20.39.20:250][115]LogFileHelpers: Editor autosave (incl. sublevels) for '/Game/FirstPersonCPP/Maps/FirstPersonExampleMap' took 0.317
[2019.02.04-20.39.20:251][115]LogFileHelpers: Editor autosave (incl. sublevels) for all levels took 0.317
[2019.02.04-20.39.20:252][115]OBJ SavePackage: Generating thumbnails for [1] asset(s) in package [/Game/Blueprints/BP_Tex_Maker] ([1] browsable assets)...
[2019.02.04-20.39.20:272][115]OBJ SavePackage:     Rendered thumbnail for [Blueprint /Game/Blueprints/BP_Tex_Maker.BP_Tex_Maker]
[2019.02.04-20.39.20:273][115]OBJ SavePackage: Finished generating thumbnails for package [/Game/Blueprints/BP_Tex_Maker]
[2019.02.04-20.39.20:273][115]Cmd: OBJ SAVEPACKAGE PACKAGE="/Game/Blueprints/BP_Tex_Maker" FILE="A:/Uni 2018-19/Github/Slime/Slime/Slime/Saved/Autosaves/Game/Blueprints/BP_Tex_Maker_Auto2.uasset" SILENT=false AUTOSAVING=true
[2019.02.04-20.39.20:318][115]LogSavePackage: Moving 'A:/Uni 2018-19/Github/Slime/Slime/Slime/Saved/BP_Tex_Maker_Auto2D529D2BA45836873F95A2C990FC99DB9.tmp' to 'A:/Uni 2018-19/Github/Slime/Slime/Slime/Saved/Autosaves/Game/Blueprints/BP_Tex_Maker_Auto2.uasset'
[2019.02.04-20.39.20:320][115]OBJ SavePackage: Generating thumbnails for [0] asset(s) in package [/Game/RTManipulation1_Blueprint] ([1] browsable assets)...
[2019.02.04-20.39.20:321][115]OBJ SavePackage: Finished generating thumbnails for package [/Game/RTManipulation1_Blueprint]
[2019.02.04-20.39.20:321][115]Cmd: OBJ SAVEPACKAGE PACKAGE="/Game/RTManipulation1_Blueprint" FILE="A:/Uni 2018-19/Github/Slime/Slime/Slime/Saved/Autosaves/Game/RTManipulation1_Blueprint_Auto2.uasset" SILENT=false AUTOSAVING=true
[2019.02.04-20.39.20:334][115]LogSavePackage: Moving 'A:/Uni 2018-19/Github/Slime/Slime/Slime/Saved/RTManipulation1_Blueprint_Auto2254D13964F56CDB3130A10890F6F7C1D.tmp' to 'A:/Uni 2018-19/Github/Slime/Slime/Slime/Saved/Autosaves/Game/RTManipulation1_Blueprint_Auto2.uasset'
[2019.02.04-20.39.20:336][115]LogFileHelpers: Auto-saving content packages took 0.084
