Log file open, 02/18/19 18:51:57
LogWindows: Failed to load 'aqProf.dll' (GetLastError=126)
LogWindows: File 'aqProf.dll' does not exist
LogWindows: Failed to load 'VtuneApi.dll' (GetLastError=126)
LogWindows: File 'VtuneApi.dll' does not exist
LogWindows: Failed to load 'VtuneApi32e.dll' (GetLastError=126)
LogWindows: File 'VtuneApi32e.dll' does not exist
LogConsoleResponse: Display: Failed to find resolution value strings in scalability ini. Falling back to default.
LogInit: Display: Running engine for game: Slime
LogPakFile: Registered encryption key '00000000000000000000000000000000': 0 pak files mounted, 0 remain pending
LogPlatformFile: Not using cached read wrapper
LogTaskGraph: Started task graph with 5 named threads and 14 total threads with 3 sets of task threads.
LogStats: Stats thread started at 0.762933
LogD3D11RHI: Loaded GFSDK_Aftermath_Lib.x64.dll
LogICUInternationalization: ICU TimeZone Detection - Raw Offset: +0:00, Platform Override: ''
LogPluginManager: Mounting plugin Paper2D
LogPluginManager: Mounting plugin AISupport
LogPluginManager: Mounting plugin LightPropagationVolume
LogPluginManager: Mounting plugin ActorLayerUtilities
LogPluginManager: Mounting plugin CLionSourceCodeAccess
LogPluginManager: Mounting plugin CodeLiteSourceCodeAccess
LogPluginManager: Mounting plugin GitSourceControl
LogPluginManager: Mounting plugin KDevelopSourceCodeAccess
LogPluginManager: Mounting plugin NullSourceCodeAccess
LogPluginManager: Mounting plugin PerforceSourceControl
LogPluginManager: Mounting plugin SubversionSourceControl
LogPluginManager: Mounting plugin UObjectPlugin
LogPluginManager: Mounting plugin VisualStudioCodeSourceCodeAccess
LogPluginManager: Mounting plugin VisualStudioSourceCodeAccess
LogPluginManager: Mounting plugin XCodeSourceCodeAccess
LogPluginManager: Mounting plugin AssetManagerEditor
LogPluginManager: Mounting plugin CryptoKeys
LogPluginManager: Mounting plugin DataValidation
LogPluginManager: Mounting plugin FacialAnimation
LogPluginManager: Mounting plugin GameplayTagsEditor
LogPluginManager: Mounting plugin MacGraphicsSwitching
LogPluginManager: Mounting plugin MeshEditor
LogPluginManager: Mounting plugin MobileLauncherProfileWizard
LogPluginManager: Mounting plugin PluginBrowser
LogPluginManager: Mounting plugin SpeedTreeImporter
LogPluginManager: Mounting plugin DatasmithContent
LogPluginManager: Mounting plugin VariantManagerContent
LogPluginManager: Mounting plugin AlembicImporter
LogPluginManager: Mounting plugin AppleImageUtils
LogPluginManager: Mounting plugin AppleVision
LogPluginManager: Mounting plugin BackChannel
LogPluginManager: Mounting plugin CharacterAI
LogPluginManager: Mounting plugin GeometryCache
LogPluginManager: Mounting plugin HTML5Networking
LogPluginManager: Mounting plugin ProxyLODPlugin
LogPluginManager: Mounting plugin MagicLeap
LogPluginManager: Mounting plugin MagicLeapMedia
LogPluginManager: Mounting plugin AndroidMedia
LogPluginManager: Mounting plugin AvfMedia
LogPluginManager: Mounting plugin ImgMedia
LogPluginManager: Mounting plugin LinearTimecode
LogPluginManager: Mounting plugin MediaCompositing
LogPluginManager: Mounting plugin MediaPlayerEditor
LogPluginManager: Mounting plugin WebMMedia
LogPluginManager: Mounting plugin WmfMedia
LogPluginManager: Mounting plugin TcpMessaging
LogPluginManager: Mounting plugin UdpMessaging
LogPluginManager: Mounting plugin ActorSequence
LogPluginManager: Mounting plugin LevelSequenceEditor
LogPluginManager: Mounting plugin MatineeToLevelSequence
LogPluginManager: Mounting plugin NetcodeUnitTest
LogPluginManager: Mounting plugin NUTUnrealEngine4
LogPluginManager: Mounting plugin OnlineSubsystemGooglePlay
LogPluginManager: Mounting plugin OnlineSubsystemIOS
LogPluginManager: Mounting plugin OnlineSubsystem
LogPluginManager: Mounting plugin OnlineSubsystemNull
LogPluginManager: Mounting plugin OnlineSubsystemUtils
LogPluginManager: Mounting plugin LauncherChunkInstaller
LogPluginManager: Mounting plugin AndroidDeviceProfileSelector
LogPluginManager: Mounting plugin AndroidMoviePlayer
LogPluginManager: Mounting plugin AndroidPermission
LogPluginManager: Mounting plugin AppleMoviePlayer
LogPluginManager: Mounting plugin ArchVisCharacter
LogPluginManager: Mounting plugin AudioCapture
LogPluginManager: Mounting plugin CableComponent
LogPluginManager: Mounting plugin CustomMeshComponent
LogPluginManager: Mounting plugin EditableMesh
LogPluginManager: Mounting plugin ExampleDeviceProfileSelector
LogPluginManager: Mounting plugin Firebase
LogPluginManager: Mounting plugin GoogleCloudMessaging
LogPluginManager: Mounting plugin IOSDeviceProfileSelector
LogPluginManager: Mounting plugin LinuxDeviceProfileSelector
LogPluginManager: Mounting plugin LocationServicesBPLibrary
LogPluginManager: Mounting plugin MobilePatchingUtils
LogPluginManager: Mounting plugin OculusVR
LogPluginManager: Mounting plugin PhysXVehicles
LogPluginManager: Mounting plugin ProceduralMeshComponent
LogPluginManager: Mounting plugin RuntimePhysXCooking
LogPluginManager: Mounting plugin SteamVR
LogPluginManager: Mounting plugin WebMMoviePlayer
LogPluginManager: Mounting plugin WindowsMoviePlayer
LogStreaming: Display: Took  0.188s to configure plugins.
LogInit: Using libcurl 7.55.1-DEV
LogInit:  - built for x86_64-pc-win32
LogInit:  - supports SSL with OpenSSL/1.0.2h
LogInit:  - supports HTTP deflate (compression) using libz 1.2.8
LogInit:  - other features:
LogInit:      CURL_VERSION_SSL
LogInit:      CURL_VERSION_LIBZ
LogInit:      CURL_VERSION_IPV6
LogInit:      CURL_VERSION_ASYNCHDNS
LogInit:      CURL_VERSION_LARGEFILE
LogInit:      CURL_VERSION_IDN
LogInit:  CurlRequestOptions (configurable via config and command line):
LogInit:  - bVerifyPeer = true  - Libcurl will verify peer certificate
LogInit:  - bUseHttpProxy = false  - Libcurl will NOT use HTTP proxy
LogInit:  - bDontReuseConnections = false  - Libcurl will reuse connections
LogInit:  - MaxHostConnections = 16  - Libcurl will limit the number of connections to a host
LogInit:  - LocalHostAddr = Default
LogInit:  - BufferSize = 65536
LogInit: WinSock: version 1.1 (2.2), MaxSocks=32767, MaxUdp=65467
LogInit: Build: ++UE4+Release-4.21-CL-4753647
LogInit: Engine Version: 4.21.2-4753647+++UE4+Release-4.21
LogInit: Compatible Engine Version: 4.21.0-4541578+++UE4+Release-4.21
LogInit: Net CL: 4541578
LogInit: OS: Windows 10 (), CPU: Intel(R) Core(TM) i5-6500 CPU @ 3.20GHz, GPU: NVIDIA GeForce GTX 970
LogInit: Compiled (64-bit): Jan 19 2019 02:07:31
LogInit: Compiled with Visual C++: 19.13.26129.00
LogInit: Build Configuration: Development
LogInit: Branch Name: ++UE4+Release-4.21
LogInit: Command Line:  -skipcompile
LogInit: Base Directory: C:/Program Files/UE_4.21/Engine/Binaries/Win64/
LogInit: Installed Engine Build: 1
LogDevObjectVersion: Number of dev versions registered: 22
LogDevObjectVersion:   Dev-Blueprints (B0D832E4-1F89-4F0D-ACCF-7EB736FD4AA2): 10
LogDevObjectVersion:   Dev-Build (E1C64328-A22C-4D53-A36C-8E866417BD8C): 0
LogDevObjectVersion:   Dev-Core (375EC13C-06E4-48FB-B500-84F0262A717E): 2
LogDevObjectVersion:   Dev-Editor (E4B068ED-F494-42E9-A231-DA0B2E46BB41): 26
LogDevObjectVersion:   Dev-Framework (CFFC743F-43B0-4480-9391-14DF171D2073): 34
LogDevObjectVersion:   Dev-Mobile (B02B49B5-BB20-44E9-A304-32B752E40360): 2
LogDevObjectVersion:   Dev-Networking (A4E4105C-59A1-49B5-A7C5-40C4547EDFEE): 0
LogDevObjectVersion:   Dev-Online (39C831C9-5AE6-47DC-9A44-9C173E1C8E7C): 0
LogDevObjectVersion:   Dev-Physics (78F01B33-EBEA-4F98-B9B4-84EACCB95AA2): 0
LogDevObjectVersion:   Dev-Platform (6631380F-2D4D-43E0-8009-CF276956A95A): 0
LogDevObjectVersion:   Dev-Rendering (12F88B9F-8875-4AFC-A67C-D90C383ABD29): 27
LogDevObjectVersion:   Dev-Sequencer (7B5AE74C-D270-4C10-A958-57980B212A5A): 9
LogDevObjectVersion:   Dev-VR (D7296918-1DD6-4BDD-9DE2-64A83CC13884): 2
LogDevObjectVersion:   Dev-LoadTimes (C2A15278-BFE7-4AFE-6C17-90FF531DF755): 1
LogDevObjectVersion:   Private-Geometry (6EACA3D4-40EC-4CC1-B786-8BED09428FC5): 3
LogDevObjectVersion:   Dev-AnimPhys (29E575DD-E0A3-4627-9D10-D276232CDCEA): 17
LogDevObjectVersion:   Dev-Anim (AF43A65D-7FD3-4947-9873-3E8ED9C1BB05): 2
LogDevObjectVersion:   Dev-ReflectionCapture (6B266CEC-1EC7-4B8F-A30B-E4D90942FC07): 1
LogDevObjectVersion:   Dev-Automation (0DF73D61-A23F-47EA-B727-89E90C41499A): 1
LogDevObjectVersion:   FortniteMain (601D1886-AC64-4F84-AA16-D3DE0DEAC7D6): 17
LogDevObjectVersion:   Dev-Enterprise (9DFFBCD6-494F-0158-E221-12823C92A888): 4
LogDevObjectVersion:   Dev-Niagara (F2AED0AC-9AFE-416F-8664-AA7FFA26D6FC): 1
LogStreaming: Display: Took  0.042s to delete old logs.
LogInit: Presizing for max 8388607 objects, including 0 objects not considered by GC, pre-allocating 0 bytes for permanent pool.
LogInit: Object subsystem initialized
LogConfig: Setting CVar [[con.DebugEarlyDefault:1]]
LogConfig: Setting CVar [[r.setres:1280x720]]
[2019.02.18-18.51.58:590][  0]LogConfig: Setting CVar [[r.VSync:0]]
[2019.02.18-18.51.58:590][  0]LogConfig: Setting CVar [[r.RHICmdBypass:0]]
[2019.02.18-18.51.58:590][  0]LogConfig: Applying CVar settings from Section [/Script/Engine.RendererSettings] File [A:/Uni 2018-19/Github/Slime/Slime/Slime/Saved/Config/Windows/Engine.ini]
[2019.02.18-18.51.58:591][  0]LogConfig: Setting CVar [[r.GPUCrashDebugging:0]]
[2019.02.18-18.51.58:591][  0]LogConfig: Applying CVar settings from Section [/Script/Engine.RendererOverrideSettings] File [A:/Uni 2018-19/Github/Slime/Slime/Slime/Saved/Config/Windows/Engine.ini]
[2019.02.18-18.51.58:591][  0]LogConfig: Applying CVar settings from Section [/Script/Engine.StreamingSettings] File [A:/Uni 2018-19/Github/Slime/Slime/Slime/Saved/Config/Windows/Engine.ini]
[2019.02.18-18.51.58:591][  0]LogConfig: Setting CVar [[s.MinBulkDataSizeForAsyncLoading:131072]]
[2019.02.18-18.51.58:591][  0]LogConfig: Setting CVar [[s.AsyncLoadingThreadEnabled:0]]
[2019.02.18-18.51.58:591][  0]LogConfig: Setting CVar [[s.EventDrivenLoaderEnabled:1]]
[2019.02.18-18.51.58:591][  0]LogConfig: Setting CVar [[s.WarnIfTimeLimitExceeded:0]]
[2019.02.18-18.51.58:591][  0]LogConfig: Setting CVar [[s.TimeLimitExceededMultiplier:1.5]]
[2019.02.18-18.51.58:591][  0]LogConfig: Setting CVar [[s.TimeLimitExceededMinTime:0.005]]
[2019.02.18-18.51.58:591][  0]LogConfig: Setting CVar [[s.UseBackgroundLevelStreaming:1]]
[2019.02.18-18.51.58:591][  0]LogConfig: Setting CVar [[s.PriorityAsyncLoadingExtraTime:15.0]]
[2019.02.18-18.51.58:591][  0]LogConfig: Setting CVar [[s.LevelStreamingActorsUpdateTimeLimit:5.0]]
[2019.02.18-18.51.58:591][  0]LogConfig: Setting CVar [[s.PriorityLevelStreamingActorsUpdateExtraTime:5.0]]
[2019.02.18-18.51.58:591][  0]LogConfig: Setting CVar [[s.LevelStreamingComponentsRegistrationGranularity:10]]
[2019.02.18-18.51.58:591][  0]LogConfig: Setting CVar [[s.UnregisterComponentsTimeLimit:1.0]]
[2019.02.18-18.51.58:591][  0]LogConfig: Setting CVar [[s.LevelStreamingComponentsUnregistrationGranularity:5]]
[2019.02.18-18.51.58:591][  0]LogConfig: Applying CVar settings from Section [/Script/Engine.GarbageCollectionSettings] File [A:/Uni 2018-19/Github/Slime/Slime/Slime/Saved/Config/Windows/Engine.ini]
[2019.02.18-18.51.58:591][  0]LogConfig: Setting CVar [[gc.MaxObjectsNotConsideredByGC:1]]
[2019.02.18-18.51.58:591][  0]LogConfig: Setting CVar [[gc.SizeOfPermanentObjectPool:0]]
[2019.02.18-18.51.58:591][  0]LogConfig: Setting CVar [[gc.FlushStreamingOnGC:0]]
[2019.02.18-18.51.58:592][  0]LogConfig: Setting CVar [[gc.NumRetriesBeforeForcingGC:10]]
[2019.02.18-18.51.58:592][  0]LogConfig: Setting CVar [[gc.AllowParallelGC:1]]
[2019.02.18-18.51.58:592][  0]LogConfig: Setting CVar [[gc.TimeBetweenPurgingPendingKillObjects:61.1]]
[2019.02.18-18.51.58:592][  0]LogConfig: Setting CVar [[gc.MaxObjectsInEditor:8388607]]
[2019.02.18-18.51.58:592][  0]LogConfig: Setting CVar [[gc.IncrementalBeginDestroyEnabled:1]]
[2019.02.18-18.51.58:592][  0]LogConfig: Setting CVar [[gc.CreateGCClusters:1]]
[2019.02.18-18.51.58:592][  0]LogConfig: Setting CVar [[gc.MergeGCClusters:0]]
[2019.02.18-18.51.58:592][  0]LogConfig: Setting CVar [[gc.MinGCClusterSize:5]]
[2019.02.18-18.51.58:592][  0]LogConfig: Setting CVar [[gc.ActorClusteringEnabled:0]]
[2019.02.18-18.51.58:592][  0]LogConfig: Setting CVar [[gc.BlueprintClusteringEnabled:0]]
[2019.02.18-18.51.58:592][  0]LogConfig: Setting CVar [[gc.UseDisregardForGCOnDedicatedServers:0]]
[2019.02.18-18.51.58:592][  0]LogConfig: Applying CVar settings from Section [/Script/Engine.NetworkSettings] File [A:/Uni 2018-19/Github/Slime/Slime/Slime/Saved/Config/Windows/Engine.ini]
[2019.02.18-18.51.58:592][  0]LogConfig: Applying CVar settings from Section [/Script/UnrealEd.CookerSettings] File [A:/Uni 2018-19/Github/Slime/Slime/Slime/Saved/Config/Windows/Engine.ini]
[2019.02.18-18.51.58:608][  0]LogConfig: Applying CVar settings from Section [ViewDistanceQuality@3] File [A:/Uni 2018-19/Github/Slime/Slime/Slime/Saved/Config/Windows/Scalability.ini]
[2019.02.18-18.51.58:608][  0]LogConfig: Setting CVar [[r.SkeletalMeshLODBias:0]]
[2019.02.18-18.51.58:608][  0]LogConfig: Setting CVar [[r.ViewDistanceScale:1.0]]
[2019.02.18-18.51.58:608][  0]LogConfig: Applying CVar settings from Section [AntiAliasingQuality@3] File [A:/Uni 2018-19/Github/Slime/Slime/Slime/Saved/Config/Windows/Scalability.ini]
[2019.02.18-18.51.58:608][  0]LogConfig: Setting CVar [[r.PostProcessAAQuality:4]]
[2019.02.18-18.51.58:608][  0]LogConfig: Applying CVar settings from Section [ShadowQuality@3] File [A:/Uni 2018-19/Github/Slime/Slime/Slime/Saved/Config/Windows/Scalability.ini]
[2019.02.18-18.51.58:608][  0]LogConfig: Setting CVar [[r.LightFunctionQuality:1]]
[2019.02.18-18.51.58:608][  0]LogConfig: Setting CVar [[r.ShadowQuality:5]]
[2019.02.18-18.51.58:608][  0]LogConfig: Setting CVar [[r.Shadow.CSM.MaxCascades:10]]
[2019.02.18-18.51.58:608][  0]LogConfig: Setting CVar [[r.Shadow.MaxResolution:2048]]
[2019.02.18-18.51.58:608][  0]LogConfig: Setting CVar [[r.Shadow.MaxCSMResolution:2048]]
[2019.02.18-18.51.58:608][  0]LogConfig: Setting CVar [[r.Shadow.RadiusThreshold:0.01]]
[2019.02.18-18.51.58:608][  0]LogConfig: Setting CVar [[r.Shadow.DistanceScale:1.0]]
[2019.02.18-18.51.58:609][  0]LogConfig: Setting CVar [[r.Shadow.CSM.TransitionScale:1.0]]
[2019.02.18-18.51.58:609][  0]LogConfig: Setting CVar [[r.Shadow.PreShadowResolutionFactor:1.0]]
[2019.02.18-18.51.58:609][  0]LogConfig: Setting CVar [[r.DistanceFieldShadowing:1]]
[2019.02.18-18.51.58:609][  0]LogConfig: Setting CVar [[r.DistanceFieldAO:1]]
[2019.02.18-18.51.58:609][  0]LogConfig: Setting CVar [[r.AOQuality:2]]
[2019.02.18-18.51.58:609][  0]LogConfig: Setting CVar [[r.VolumetricFog:1]]
[2019.02.18-18.51.58:609][  0]LogConfig: Setting CVar [[r.VolumetricFog.GridPixelSize:8]]
[2019.02.18-18.51.58:609][  0]LogConfig: Setting CVar [[r.VolumetricFog.GridSizeZ:128]]
[2019.02.18-18.51.58:609][  0]LogConfig: Setting CVar [[r.VolumetricFog.HistoryMissSupersampleCount:4]]
[2019.02.18-18.51.58:609][  0]LogConfig: Setting CVar [[r.LightMaxDrawDistanceScale:1]]
[2019.02.18-18.51.58:609][  0]LogConfig: Setting CVar [[r.CapsuleShadows:1]]
[2019.02.18-18.51.58:609][  0]LogConfig: Applying CVar settings from Section [PostProcessQuality@3] File [A:/Uni 2018-19/Github/Slime/Slime/Slime/Saved/Config/Windows/Scalability.ini]
[2019.02.18-18.51.58:609][  0]LogConfig: Setting CVar [[r.MotionBlurQuality:4]]
[2019.02.18-18.51.58:609][  0]LogConfig: Setting CVar [[r.AmbientOcclusionMipLevelFactor:0.4]]
[2019.02.18-18.51.58:609][  0]LogConfig: Setting CVar [[r.AmbientOcclusionMaxQuality:100]]
[2019.02.18-18.51.58:609][  0]LogConfig: Setting CVar [[r.AmbientOcclusionLevels:-1]]
[2019.02.18-18.51.58:609][  0]LogConfig: Setting CVar [[r.AmbientOcclusionRadiusScale:1.0]]
[2019.02.18-18.51.58:609][  0]LogConfig: Setting CVar [[r.DepthOfFieldQuality:2]]
[2019.02.18-18.51.58:609][  0]LogConfig: Setting CVar [[r.RenderTargetPoolMin:400]]
[2019.02.18-18.51.58:609][  0]LogConfig: Setting CVar [[r.LensFlareQuality:2]]
[2019.02.18-18.51.58:610][  0]LogConfig: Setting CVar [[r.SceneColorFringeQuality:1]]
[2019.02.18-18.51.58:610][  0]LogConfig: Setting CVar [[r.EyeAdaptationQuality:2]]
[2019.02.18-18.51.58:610][  0]LogConfig: Setting CVar [[r.BloomQuality:5]]
[2019.02.18-18.51.58:610][  0]LogConfig: Setting CVar [[r.FastBlurThreshold:100]]
[2019.02.18-18.51.58:610][  0]LogConfig: Setting CVar [[r.Upscale.Quality:3]]
[2019.02.18-18.51.58:610][  0]LogConfig: Setting CVar [[r.Tonemapper.GrainQuantization:1]]
[2019.02.18-18.51.58:610][  0]LogConfig: Setting CVar [[r.LightShaftQuality:1]]
[2019.02.18-18.51.58:610][  0]LogConfig: Setting CVar [[r.Filter.SizeScale:1]]
[2019.02.18-18.51.58:610][  0]LogConfig: Setting CVar [[r.Tonemapper.Quality:5]]
[2019.02.18-18.51.58:610][  0]LogConfig: Setting CVar [[r.DOF.Gather.AccumulatorQuality:1        ; higher gathering accumulator quality]]
[2019.02.18-18.51.58:610][  0]LogConfig: Setting CVar [[r.DOF.Gather.PostfilterMethod:1          ; Median3x3 postfilering method]]
[2019.02.18-18.51.58:610][  0]LogConfig: Setting CVar [[r.DOF.Gather.EnableBokehSettings:0       ; no bokeh simulation when gathering]]
[2019.02.18-18.51.58:610][  0]LogConfig: Setting CVar [[r.DOF.Gather.RingCount:4                 ; medium number of samples when gathering]]
[2019.02.18-18.51.58:610][  0]LogConfig: Setting CVar [[r.DOF.Scatter.ForegroundCompositing:1    ; additive foreground scattering]]
[2019.02.18-18.51.58:610][  0]LogConfig: Setting CVar [[r.DOF.Scatter.BackgroundCompositing:2    ; additive background scattering]]
[2019.02.18-18.51.58:610][  0]LogConfig: Setting CVar [[r.DOF.Scatter.EnableBokehSettings:1      ; bokeh simulation when scattering]]
[2019.02.18-18.51.58:610][  0]LogConfig: Setting CVar [[r.DOF.Scatter.MaxSpriteRatio:0.1         ; only a maximum of 10% of scattered bokeh]]
[2019.02.18-18.51.58:610][  0]LogConfig: Setting CVar [[r.DOF.Recombine.Quality:1                ; cheap slight out of focus]]
[2019.02.18-18.51.58:610][  0]LogConfig: Setting CVar [[r.DOF.Recombine.EnableBokehSettings:0    ; no bokeh simulation on slight out of focus]]
[2019.02.18-18.51.58:610][  0]LogConfig: Setting CVar [[r.DOF.TemporalAAQuality:1                ; more stable temporal accumulation]]
[2019.02.18-18.51.58:610][  0]LogConfig: Setting CVar [[r.DOF.Kernel.MaxForegroundRadius:0.025]]
[2019.02.18-18.51.58:611][  0]LogConfig: Setting CVar [[r.DOF.Kernel.MaxBackgroundRadius:0.025]]
[2019.02.18-18.51.58:611][  0]LogConfig: Applying CVar settings from Section [TextureQuality@3] File [A:/Uni 2018-19/Github/Slime/Slime/Slime/Saved/Config/Windows/Scalability.ini]
[2019.02.18-18.51.58:611][  0]LogConfig: Setting CVar [[r.Streaming.MipBias:0]]
[2019.02.18-18.51.58:611][  0]LogConfig: Setting CVar [[r.Streaming.AmortizeCPUToGPUCopy:0]]
[2019.02.18-18.51.58:611][  0]LogConfig: Setting CVar [[r.Streaming.MaxNumTexturesToStreamPerFrame:0]]
[2019.02.18-18.51.58:611][  0]LogConfig: Setting CVar [[r.Streaming.Boost:1]]
[2019.02.18-18.51.58:611][  0]LogConfig: Setting CVar [[r.MaxAnisotropy:8]]
[2019.02.18-18.51.58:611][  0]LogConfig: Setting CVar [[r.Streaming.LimitPoolSizeToVRAM:0]]
[2019.02.18-18.51.58:611][  0]LogConfig: Setting CVar [[r.Streaming.PoolSize:1000]]
[2019.02.18-18.51.58:611][  0]LogConfig: Setting CVar [[r.Streaming.MaxEffectiveScreenSize:0]]
[2019.02.18-18.51.58:611][  0]LogConfig: Applying CVar settings from Section [EffectsQuality@3] File [A:/Uni 2018-19/Github/Slime/Slime/Slime/Saved/Config/Windows/Scalability.ini]
[2019.02.18-18.51.58:611][  0]LogConfig: Setting CVar [[r.TranslucencyLightingVolumeDim:64]]
[2019.02.18-18.51.58:611][  0]LogConfig: Setting CVar [[r.RefractionQuality:2]]
[2019.02.18-18.51.58:611][  0]LogConfig: Setting CVar [[r.SSR.Quality:3]]
[2019.02.18-18.51.58:611][  0]LogConfig: Setting CVar [[r.SceneColorFormat:4]]
[2019.02.18-18.51.58:611][  0]LogConfig: Setting CVar [[r.DetailMode:2]]
[2019.02.18-18.51.58:611][  0]LogConfig: Setting CVar [[r.TranslucencyVolumeBlur:1]]
[2019.02.18-18.51.58:611][  0]LogConfig: Setting CVar [[r.MaterialQualityLevel:1 ; High quality]]
[2019.02.18-18.51.58:611][  0]LogConfig: Setting CVar [[r.SSS.Scale:1]]
[2019.02.18-18.51.58:612][  0]LogConfig: Setting CVar [[r.SSS.SampleSet:2]]
[2019.02.18-18.51.58:612][  0]LogConfig: Setting CVar [[r.SSS.Quality:1]]
[2019.02.18-18.51.58:612][  0]LogConfig: Setting CVar [[r.SSS.HalfRes:1]]
[2019.02.18-18.51.58:612][  0]LogConfig: Setting CVar [[r.EmitterSpawnRateScale:1.0]]
[2019.02.18-18.51.58:612][  0]LogConfig: Setting CVar [[r.ParticleLightQuality:2]]
[2019.02.18-18.51.58:612][  0]LogConfig: Applying CVar settings from Section [FoliageQuality@3] File [A:/Uni 2018-19/Github/Slime/Slime/Slime/Saved/Config/Windows/Scalability.ini]
[2019.02.18-18.51.58:612][  0]LogConfig: Setting CVar [[foliage.DensityScale:1.0]]
[2019.02.18-18.51.58:612][  0]LogConfig: Setting CVar [[grass.DensityScale:1.0]]
[2019.02.18-18.51.58:612][  0]LogInit: Selected Device Profile: [Windows]
[2019.02.18-18.51.58:613][  0]LogInit: Applying CVar settings loaded from the selected device profile: [Windows]
[2019.02.18-18.51.58:631][  0]LogHAL: Display: Platform has ~ 16 GB [17132032000 / 17179869184 / 16], which maps to Larger [LargestMinGB=32, LargerMinGB=12, DefaultMinGB=8, SmallerMinGB=6, SmallestMinGB=0)
[2019.02.18-18.51.58:631][  0]LogConfig: Setting CVar [[r.Vulkan.UseRealUBs:1]]
[2019.02.18-18.51.58:632][  0]LogInit: Going up to parent DeviceProfile []
[2019.02.18-18.51.58:632][  0]LogConfig: Applying CVar settings from Section [ViewDistanceQuality@3] File [A:/Uni 2018-19/Github/Slime/Slime/Slime/Saved/Config/Windows/Scalability.ini]
[2019.02.18-18.51.58:632][  0]LogConfig: Setting CVar [[r.SkeletalMeshLODBias:0]]
[2019.02.18-18.51.58:632][  0]LogConfig: Setting CVar [[r.ViewDistanceScale:1.0]]
[2019.02.18-18.51.58:632][  0]LogConfig: Applying CVar settings from Section [AntiAliasingQuality@3] File [A:/Uni 2018-19/Github/Slime/Slime/Slime/Saved/Config/Windows/Scalability.ini]
[2019.02.18-18.51.58:632][  0]LogConfig: Setting CVar [[r.PostProcessAAQuality:4]]
[2019.02.18-18.51.58:632][  0]LogConfig: Applying CVar settings from Section [ShadowQuality@3] File [A:/Uni 2018-19/Github/Slime/Slime/Slime/Saved/Config/Windows/Scalability.ini]
[2019.02.18-18.51.58:632][  0]LogConfig: Setting CVar [[r.LightFunctionQuality:1]]
[2019.02.18-18.51.58:632][  0]LogConfig: Setting CVar [[r.ShadowQuality:5]]
[2019.02.18-18.51.58:632][  0]LogConfig: Setting CVar [[r.Shadow.CSM.MaxCascades:10]]
[2019.02.18-18.51.58:632][  0]LogConfig: Setting CVar [[r.Shadow.MaxResolution:2048]]
[2019.02.18-18.51.58:632][  0]LogConfig: Setting CVar [[r.Shadow.MaxCSMResolution:2048]]
[2019.02.18-18.51.58:632][  0]LogConfig: Setting CVar [[r.Shadow.RadiusThreshold:0.01]]
[2019.02.18-18.51.58:632][  0]LogConfig: Setting CVar [[r.Shadow.DistanceScale:1.0]]
[2019.02.18-18.51.58:632][  0]LogConfig: Setting CVar [[r.Shadow.CSM.TransitionScale:1.0]]
[2019.02.18-18.51.58:633][  0]LogConfig: Setting CVar [[r.Shadow.PreShadowResolutionFactor:1.0]]
[2019.02.18-18.51.58:633][  0]LogConfig: Setting CVar [[r.DistanceFieldShadowing:1]]
[2019.02.18-18.51.58:634][  0]LogConfig: Setting CVar [[r.DistanceFieldAO:1]]
[2019.02.18-18.51.58:634][  0]LogConfig: Setting CVar [[r.AOQuality:2]]
[2019.02.18-18.51.58:634][  0]LogConfig: Setting CVar [[r.VolumetricFog:1]]
[2019.02.18-18.51.58:634][  0]LogConfig: Setting CVar [[r.VolumetricFog.GridPixelSize:8]]
[2019.02.18-18.51.58:634][  0]LogConfig: Setting CVar [[r.VolumetricFog.GridSizeZ:128]]
[2019.02.18-18.51.58:634][  0]LogConfig: Setting CVar [[r.VolumetricFog.HistoryMissSupersampleCount:4]]
[2019.02.18-18.51.58:634][  0]LogConfig: Setting CVar [[r.LightMaxDrawDistanceScale:1]]
[2019.02.18-18.51.58:634][  0]LogConfig: Setting CVar [[r.CapsuleShadows:1]]
[2019.02.18-18.51.58:634][  0]LogConfig: Applying CVar settings from Section [PostProcessQuality@3] File [A:/Uni 2018-19/Github/Slime/Slime/Slime/Saved/Config/Windows/Scalability.ini]
[2019.02.18-18.51.58:634][  0]LogConfig: Setting CVar [[r.MotionBlurQuality:4]]
[2019.02.18-18.51.58:634][  0]LogConfig: Setting CVar [[r.AmbientOcclusionMipLevelFactor:0.4]]
[2019.02.18-18.51.58:634][  0]LogConfig: Setting CVar [[r.AmbientOcclusionMaxQuality:100]]
[2019.02.18-18.51.58:634][  0]LogConfig: Setting CVar [[r.AmbientOcclusionLevels:-1]]
[2019.02.18-18.51.58:634][  0]LogConfig: Setting CVar [[r.AmbientOcclusionRadiusScale:1.0]]
[2019.02.18-18.51.58:634][  0]LogConfig: Setting CVar [[r.DepthOfFieldQuality:2]]
[2019.02.18-18.51.58:634][  0]LogConfig: Setting CVar [[r.RenderTargetPoolMin:400]]
[2019.02.18-18.51.58:634][  0]LogConfig: Setting CVar [[r.LensFlareQuality:2]]
[2019.02.18-18.51.58:634][  0]LogConfig: Setting CVar [[r.SceneColorFringeQuality:1]]
[2019.02.18-18.51.58:635][  0]LogConfig: Setting CVar [[r.EyeAdaptationQuality:2]]
[2019.02.18-18.51.58:635][  0]LogConfig: Setting CVar [[r.BloomQuality:5]]
[2019.02.18-18.51.58:635][  0]LogConfig: Setting CVar [[r.FastBlurThreshold:100]]
[2019.02.18-18.51.58:635][  0]LogConfig: Setting CVar [[r.Upscale.Quality:3]]
[2019.02.18-18.51.58:635][  0]LogConfig: Setting CVar [[r.Tonemapper.GrainQuantization:1]]
[2019.02.18-18.51.58:635][  0]LogConfig: Setting CVar [[r.LightShaftQuality:1]]
[2019.02.18-18.51.58:635][  0]LogConfig: Setting CVar [[r.Filter.SizeScale:1]]
[2019.02.18-18.51.58:635][  0]LogConfig: Setting CVar [[r.Tonemapper.Quality:5]]
[2019.02.18-18.51.58:635][  0]LogConfig: Setting CVar [[r.DOF.Gather.AccumulatorQuality:1        ; higher gathering accumulator quality]]
[2019.02.18-18.51.58:635][  0]LogConfig: Setting CVar [[r.DOF.Gather.PostfilterMethod:1          ; Median3x3 postfilering method]]
[2019.02.18-18.51.58:636][  0]LogConfig: Setting CVar [[r.DOF.Gather.EnableBokehSettings:0       ; no bokeh simulation when gathering]]
[2019.02.18-18.51.58:636][  0]LogConfig: Setting CVar [[r.DOF.Gather.RingCount:4                 ; medium number of samples when gathering]]
[2019.02.18-18.51.58:636][  0]LogConfig: Setting CVar [[r.DOF.Scatter.ForegroundCompositing:1    ; additive foreground scattering]]
[2019.02.18-18.51.58:636][  0]LogConfig: Setting CVar [[r.DOF.Scatter.BackgroundCompositing:2    ; additive background scattering]]
[2019.02.18-18.51.58:636][  0]LogConfig: Setting CVar [[r.DOF.Scatter.EnableBokehSettings:1      ; bokeh simulation when scattering]]
[2019.02.18-18.51.58:636][  0]LogConfig: Setting CVar [[r.DOF.Scatter.MaxSpriteRatio:0.1         ; only a maximum of 10% of scattered bokeh]]
[2019.02.18-18.51.58:636][  0]LogConfig: Setting CVar [[r.DOF.Recombine.Quality:1                ; cheap slight out of focus]]
[2019.02.18-18.51.58:637][  0]LogConfig: Setting CVar [[r.DOF.Recombine.EnableBokehSettings:0    ; no bokeh simulation on slight out of focus]]
[2019.02.18-18.51.58:637][  0]LogConfig: Setting CVar [[r.DOF.TemporalAAQuality:1                ; more stable temporal accumulation]]
[2019.02.18-18.51.58:637][  0]LogConfig: Setting CVar [[r.DOF.Kernel.MaxForegroundRadius:0.025]]
[2019.02.18-18.51.58:637][  0]LogConfig: Setting CVar [[r.DOF.Kernel.MaxBackgroundRadius:0.025]]
[2019.02.18-18.51.58:637][  0]LogConfig: Applying CVar settings from Section [TextureQuality@3] File [A:/Uni 2018-19/Github/Slime/Slime/Slime/Saved/Config/Windows/Scalability.ini]
[2019.02.18-18.51.58:637][  0]LogConfig: Setting CVar [[r.Streaming.MipBias:0]]
[2019.02.18-18.51.58:637][  0]LogConfig: Setting CVar [[r.Streaming.AmortizeCPUToGPUCopy:0]]
[2019.02.18-18.51.58:637][  0]LogConfig: Setting CVar [[r.Streaming.MaxNumTexturesToStreamPerFrame:0]]
[2019.02.18-18.51.58:637][  0]LogConfig: Setting CVar [[r.Streaming.Boost:1]]
[2019.02.18-18.51.58:638][  0]LogConfig: Setting CVar [[r.MaxAnisotropy:8]]
[2019.02.18-18.51.58:638][  0]LogConfig: Setting CVar [[r.Streaming.LimitPoolSizeToVRAM:0]]
[2019.02.18-18.51.58:638][  0]LogConfig: Setting CVar [[r.Streaming.PoolSize:1000]]
[2019.02.18-18.51.58:638][  0]LogConfig: Setting CVar [[r.Streaming.MaxEffectiveScreenSize:0]]
[2019.02.18-18.51.58:638][  0]LogConfig: Applying CVar settings from Section [EffectsQuality@3] File [A:/Uni 2018-19/Github/Slime/Slime/Slime/Saved/Config/Windows/Scalability.ini]
[2019.02.18-18.51.58:638][  0]LogConfig: Setting CVar [[r.TranslucencyLightingVolumeDim:64]]
[2019.02.18-18.51.58:638][  0]LogConfig: Setting CVar [[r.RefractionQuality:2]]
[2019.02.18-18.51.58:638][  0]LogConfig: Setting CVar [[r.SSR.Quality:3]]
[2019.02.18-18.51.58:638][  0]LogConfig: Setting CVar [[r.SceneColorFormat:4]]
[2019.02.18-18.51.58:638][  0]LogConfig: Setting CVar [[r.DetailMode:2]]
[2019.02.18-18.51.58:638][  0]LogConfig: Setting CVar [[r.TranslucencyVolumeBlur:1]]
[2019.02.18-18.51.58:638][  0]LogConfig: Setting CVar [[r.MaterialQualityLevel:1 ; High quality]]
[2019.02.18-18.51.58:638][  0]LogConfig: Setting CVar [[r.SSS.Scale:1]]
[2019.02.18-18.51.58:638][  0]LogConfig: Setting CVar [[r.SSS.SampleSet:2]]
[2019.02.18-18.51.58:638][  0]LogConfig: Setting CVar [[r.SSS.Quality:1]]
[2019.02.18-18.51.58:638][  0]LogConfig: Setting CVar [[r.SSS.HalfRes:1]]
[2019.02.18-18.51.58:638][  0]LogConfig: Setting CVar [[r.EmitterSpawnRateScale:1.0]]
[2019.02.18-18.51.58:638][  0]LogConfig: Setting CVar [[r.ParticleLightQuality:2]]
[2019.02.18-18.51.58:638][  0]LogConfig: Applying CVar settings from Section [FoliageQuality@3] File [A:/Uni 2018-19/Github/Slime/Slime/Slime/Saved/Config/Windows/Scalability.ini]
[2019.02.18-18.51.58:638][  0]LogConfig: Setting CVar [[foliage.DensityScale:1.0]]
[2019.02.18-18.51.58:639][  0]LogConfig: Setting CVar [[grass.DensityScale:1.0]]
[2019.02.18-18.51.58:639][  0]LogConfig: Applying CVar settings from Section [Startup] File [../../../Engine/Config/ConsoleVariables.ini]
[2019.02.18-18.51.58:639][  0]LogConfig: Setting CVar [[net.UseAdaptiveNetUpdateFrequency:0]]
[2019.02.18-18.51.58:639][  0]LogConfig: Applying CVar settings from Section [ConsoleVariables] File [A:/Uni 2018-19/Github/Slime/Slime/Slime/Saved/Config/Windows/Engine.ini]
[2019.02.18-18.51.58:640][  0]LogInit: Computer: MAINDESKTOP
[2019.02.18-18.51.58:640][  0]LogInit: User: kille
[2019.02.18-18.51.58:640][  0]LogInit: CPU Page size=4096, Cores=4
[2019.02.18-18.51.58:640][  0]LogInit: High frequency timer resolution =10.000000 MHz
[2019.02.18-18.51.58:641][  0]LogMemory: Memory total: Physical=16.0GB (16GB approx)
[2019.02.18-18.51.58:641][  0]LogMemory: Platform Memory Stats for Windows
[2019.02.18-18.51.58:641][  0]LogMemory: Process Physical Memory: 102.65 MB used, 102.66 MB peak
[2019.02.18-18.51.58:641][  0]LogMemory: Process Virtual Memory: 84.59 MB used, 84.59 MB peak
[2019.02.18-18.51.58:641][  0]LogMemory: Physical Memory: 7629.95 MB used,  8708.43 MB free, 16338.38 MB total
[2019.02.18-18.51.58:641][  0]LogMemory: Virtual Memory: 4630.16 MB used,  134213096.00 MB free, 134217728.00 MB total
[2019.02.18-18.51.58:959][  0]LogInit: Using OS detected language (en-US).
[2019.02.18-18.51.58:959][  0]LogInit: Using OS detected locale (en-GB).
[2019.02.18-18.51.58:960][  0]LogTextLocalizationManager: No specific localization for 'en-US' exists, so the 'en' localization will be used.
[2019.02.18-18.51.59:477][  0]LogStreaming: Display: Took  0.517s to InitEngineTextLocalization.
[2019.02.18-18.51.59:478][  0]LogInit: Setting process to per monitor DPI aware
[2019.02.18-18.51.59:585][  0]LogSlate: New Slate User Created.  User Index 0, Is Virtual User: 0
[2019.02.18-18.51.59:585][  0]LogSlate: Slate User Registered.  User Index 0, Is Virtual User: 0
[2019.02.18-18.52.02:608][  0]LogHMD: Failed to initialize OpenVR with code 126
[2019.02.18-18.52.02:608][  0]LogD3D11RHI: D3D11 adapters:
[2019.02.18-18.52.02:692][  0]LogD3D11RHI:    0. 'NVIDIA GeForce GTX 970' (Feature Level 11_0)
[2019.02.18-18.52.02:693][  0]LogD3D11RHI:       4043/0/8169 MB DedicatedVideo/DedicatedSystem/SharedSystem, Outputs:2, VendorId:0x10de
[2019.02.18-18.52.02:700][  0]LogD3D11RHI:    1. 'Microsoft Basic Render Driver' (Feature Level 11_0)
[2019.02.18-18.52.02:701][  0]LogD3D11RHI:       0/0/8169 MB DedicatedVideo/DedicatedSystem/SharedSystem, Outputs:0, VendorId:0x1414
[2019.02.18-18.52.02:701][  0]LogD3D11RHI: Chosen D3D11 Adapter: 0
[2019.02.18-18.52.02:709][  0]LogD3D11RHI: Creating new Direct3DDevice
[2019.02.18-18.52.02:710][  0]LogD3D11RHI:     GPU DeviceId: 0x13c2 (for the marketing name, search the web for "GPU Device Id")
[2019.02.18-18.52.02:710][  0]LogWindows: EnumDisplayDevices:
[2019.02.18-18.52.02:710][  0]LogWindows:    0. 'NVIDIA GeForce GTX 970' (P:1 D:1)
[2019.02.18-18.52.02:711][  0]LogWindows:    1. 'NVIDIA GeForce GTX 970' (P:0 D:1)
[2019.02.18-18.52.02:711][  0]LogWindows:    2. 'NVIDIA GeForce GTX 970' (P:0 D:0)
[2019.02.18-18.52.02:712][  0]LogWindows:    3. 'NVIDIA GeForce GTX 970' (P:0 D:0)
[2019.02.18-18.52.02:712][  0]LogWindows: DebugString: FoundDriverCount:4 
[2019.02.18-18.52.02:712][  0]LogD3D11RHI:     Adapter Name: NVIDIA GeForce GTX 970
[2019.02.18-18.52.02:712][  0]LogD3D11RHI:   Driver Version: 417.35 (internal:25.21.14.1735, unified:417.35)
[2019.02.18-18.52.02:713][  0]LogD3D11RHI:      Driver Date: 12-11-2018
[2019.02.18-18.52.02:713][  0]LogRHI: Texture pool is 2830 MB (70% of 4043 MB)
[2019.02.18-18.52.02:762][  0]LogD3D11RHI: Async texture creation enabled
[2019.02.18-18.52.02:813][  0]LogD3D11RHI: GPU Timing Frequency: 1000.000000 (Debug: 2 2)
[2019.02.18-18.52.03:236][  0]LogTemp: Display: Loaded TP AllDesktopTargetPlatform
[2019.02.18-18.52.03:253][  0]LogTemp: Display: Loaded TP MacClientTargetPlatform
[2019.02.18-18.52.03:270][  0]LogTemp: Display: Loaded TP MacNoEditorTargetPlatform
[2019.02.18-18.52.03:285][  0]LogTemp: Display: Loaded TP MacServerTargetPlatform
[2019.02.18-18.52.03:308][  0]LogTemp: Display: Loaded TP MacTargetPlatform
[2019.02.18-18.52.03:326][  0]LogTemp: Display: Loaded TP WindowsClientTargetPlatform
[2019.02.18-18.52.03:342][  0]LogTemp: Display: Loaded TP WindowsNoEditorTargetPlatform
[2019.02.18-18.52.03:359][  0]LogTemp: Display: Loaded TP WindowsServerTargetPlatform
[2019.02.18-18.52.03:369][  0]LogTemp: Display: Loaded TP WindowsTargetPlatform
[2019.02.18-18.52.03:458][  0]LogTemp: Display: Loaded TP AndroidTargetPlatform
[2019.02.18-18.52.03:458][  0]LogTemp: Display: Loaded TP AndroidTargetPlatform
[2019.02.18-18.52.03:458][  0]LogTemp: Display: Loaded TP AndroidTargetPlatform
[2019.02.18-18.52.03:458][  0]LogTemp: Display: Loaded TP AndroidTargetPlatform
[2019.02.18-18.52.03:458][  0]LogTemp: Display: Loaded TP AndroidTargetPlatform
[2019.02.18-18.52.03:458][  0]LogTemp: Display: Loaded TP AndroidTargetPlatform
[2019.02.18-18.52.03:458][  0]LogTemp: Display: Loaded TP AndroidTargetPlatform
[2019.02.18-18.52.03:458][  0]LogTemp: Display: Loaded TP AndroidTargetPlatform
[2019.02.18-18.52.03:458][  0]LogTemp: Display: Loaded TP AndroidTargetPlatform
[2019.02.18-18.52.03:458][  0]LogTemp: Display: Loaded TP AndroidTargetPlatform
[2019.02.18-18.52.03:458][  0]LogTemp: Display: Loaded TP AndroidTargetPlatform
[2019.02.18-18.52.03:459][  0]LogTemp: Display: Loaded TP AndroidTargetPlatform
[2019.02.18-18.52.03:459][  0]LogTemp: Display: Loaded TP AndroidTargetPlatform
[2019.02.18-18.52.03:459][  0]LogTemp: Display: Loaded TP AndroidTargetPlatform
[2019.02.18-18.52.03:459][  0]LogTemp: Display: Loaded TP AndroidTargetPlatform
[2019.02.18-18.52.03:459][  0]LogTemp: Display: Loaded TP AndroidTargetPlatform
[2019.02.18-18.52.03:459][  0]LogTemp: Display: Loaded TP AndroidTargetPlatform
[2019.02.18-18.52.03:459][  0]LogTemp: Display: Loaded TP AndroidTargetPlatform
[2019.02.18-18.52.03:464][  0]LogTemp: Display: Loaded TP HTML5TargetPlatform
[2019.02.18-18.52.03:577][  0]LogTemp: Display: Loaded TP IOSTargetPlatform
[2019.02.18-18.52.03:577][  0]LogTemp: Display: Loaded TP IOSTargetPlatform
[2019.02.18-18.52.03:604][  0]LogTemp: Display: Loaded TP TVOSTargetPlatform
[2019.02.18-18.52.03:604][  0]LogTemp: Display: Loaded TP TVOSTargetPlatform
[2019.02.18-18.52.03:620][  0]LogTemp: Display: Loaded TP LinuxClientTargetPlatform
[2019.02.18-18.52.03:636][  0]LogTemp: Display: Loaded TP LinuxNoEditorTargetPlatform
[2019.02.18-18.52.03:652][  0]LogTemp: Display: Loaded TP LinuxServerTargetPlatform
[2019.02.18-18.52.03:676][  0]LogTemp: Display: Loaded TP LinuxTargetPlatform
[2019.02.18-18.52.03:729][  0]LogTemp: Display: Loaded TP LuminTargetPlatform
[2019.02.18-18.52.03:729][  0]LogTemp: Display: Loaded TP LuminTargetPlatform
[2019.02.18-18.52.03:730][  0]LogTargetPlatformManager: Display: Building Assets For Windows
[2019.02.18-18.52.03:909][  0]LogShaderCompilers: Guid format shader working directory is 9 characters bigger than the processId version (A:/Uni 2018-19/Github/Slime/Slime/Slime/Intermediate/Shaders/WorkingDirectory/3592/).
[2019.02.18-18.52.03:909][  0]LogShaderCompilers: Cleaned the shader compiler working directory 'C:/Users/Charles/AppData/Local/Temp/UnrealShaderWorkingDir/C6388D56468D34BDC449468C0A4182AB/'.
[2019.02.18-18.52.03:914][  0]LogXGEController: Cleaning working directory: C:/Users/Charles/AppData/Local/Temp/UnrealXGEWorkingDir/
[2019.02.18-18.52.03:914][  0]LogXGEController: Cannot use XGE Controller as Incredibuild is not installed on this machine.
[2019.02.18-18.52.03:915][  0]LogShaderCompilers: Cannot use XGE Shader Compiler as Incredibuild is not installed on this machine.
[2019.02.18-18.52.03:915][  0]LogShaderCompilers: Display: Using Local Shader Compiler.
[2019.02.18-18.52.05:901][  0]LogDerivedDataCache: Display: Max Cache Size: 512 MB
[2019.02.18-18.52.06:106][  0]LogDerivedDataCache: Loaded boot cache 0.20s 75MB C:/Users/Charles/AppData/Local/UnrealEngine/4.21/DerivedDataCache/Boot.ddc.
[2019.02.18-18.52.06:106][  0]LogDerivedDataCache: Display: Loaded Boot cache: C:/Users/Charles/AppData/Local/UnrealEngine/4.21/DerivedDataCache/Boot.ddc
[2019.02.18-18.52.06:106][  0]LogDerivedDataCache: FDerivedDataBackendGraph:  Pak pak cache file A:/Uni 2018-19/Github/Slime/Slime/Slime/DerivedDataCache/DDC.ddp not found, will not use a pak cache.
[2019.02.18-18.52.06:106][  0]LogDerivedDataCache: Unable to find inner node Pak for hierarchical cache Hierarchy.
[2019.02.18-18.52.06:106][  0]LogDerivedDataCache: FDerivedDataBackendGraph:  CompressedPak pak cache file A:/Uni 2018-19/Github/Slime/Slime/Slime/DerivedDataCache/Compressed.ddp not found, will not use a pak cache.
[2019.02.18-18.52.06:106][  0]LogDerivedDataCache: Unable to find inner node CompressedPak for hierarchical cache Hierarchy.
[2019.02.18-18.52.06:130][  0]LogDerivedDataCache: Display: Pak cache opened for reading ../../../Engine/DerivedDataCache/Compressed.ddp.
[2019.02.18-18.52.06:130][  0]LogDerivedDataCache: FDerivedDataBackendGraph:  EnterprisePak pak cache file ../../../Enterprise/DerivedDataCache/Compressed.ddp not found, will not use a pak cache.
[2019.02.18-18.52.06:131][  0]LogDerivedDataCache: Unable to find inner node EnterprisePak for hierarchical cache Hierarchy.
[2019.02.18-18.52.06:144][  0]LogDerivedDataCache: Using Local data cache path C:/Users/Charles/AppData/Local/UnrealEngine/Common/DerivedDataCache: Writable
[2019.02.18-18.52.06:144][  0]LogDerivedDataCache: Shared data cache path not found in *engine.ini, will not use an Shared cache.
[2019.02.18-18.52.06:144][  0]LogDerivedDataCache: Unable to find inner node Shared for hierarchical cache Hierarchy.
[2019.02.18-18.52.06:172][  0]LogMaterial: Verifying Global Shaders for PCD3D_SM5
[2019.02.18-18.52.06:178][  0]LogSlate: Using FreeType 2.6.0
[2019.02.18-18.52.06:197][  0]LogSlate: SlateFontServices - WITH_FREETYPE: 1, WITH_HARFBUZZ: 1
[2019.02.18-18.52.06:533][  0]LogAssetRegistry: FAssetRegistry took 0.0404 seconds to start up
[2019.02.18-18.52.06:924][  0]LogInit: Selected Device Profile: [Windows]
[2019.02.18-18.52.07:338][  0]LogSimplygon: Simplygon DLL not present - disabling.
[2019.02.18-18.52.07:360][  0]LogMeshReduction: Using SimplygonSwarm for distributed automatic mesh merging
[2019.02.18-18.52.07:360][  0]LogMeshReduction: Using ProxyLODMeshReduction for automatic mesh merging
[2019.02.18-18.52.07:361][  0]LogMeshReduction: Using QuadricMeshReduction for automatic static mesh reduction
[2019.02.18-18.52.07:361][  0]LogMeshReduction: No automatic skeletal mesh reduction module available
[2019.02.18-18.52.07:420][  0]LogNetVersion: Slime 1.0.0, NetCL: 4541578, EngineNetVer: 5, GameNetVer: 0 (Checksum: 858269732)
[2019.02.18-18.52.08:711][  0]LogPackageLocalizationCache: Processed 11 localized package path(s) for 2 prioritized culture(s) in 0.100148 seconds
[2019.02.18-18.52.08:719][  0]LogUObjectArray: 39775 objects as part of root set at end of initial load.
[2019.02.18-18.52.08:719][  0]LogUObjectAllocator: 6914656 out of 0 bytes used by permanent object pool.
[2019.02.18-18.52.08:719][  0]LogUObjectArray: CloseDisregardForGC: 0/0 objects in disregard for GC pool
[2019.02.18-18.52.12:313][  0]LogTcpMessaging: Initializing TcpMessaging bridge
[2019.02.18-18.52.12:331][  0]LogUdpMessaging: Initializing bridge on interface 0.0.0.0:0 to multicast group 230.0.0.1:6666.
[2019.02.18-18.52.15:644][  0]SourceControl: Source control is disabled
[2019.02.18-18.52.15:644][  0]SourceControl: Source control is disabled
[2019.02.18-18.52.15:657][  0]SourceControl: Source control is disabled
[2019.02.18-18.52.15:664][  0]SourceControl: Source control is disabled
[2019.02.18-18.52.16:052][  0]LogAndroidPermission: UAndroidPermissionCallbackProxy::GetInstance
[2019.02.18-18.52.16:249][  0]LogOcInput: OculusInput pre-init called
[2019.02.18-18.52.16:476][  0]LogEngine: Initializing Engine...
[2019.02.18-18.52.16:597][  0]LogHMD: Failed to initialize OpenVR with code 126
[2019.02.18-18.52.16:600][  0]LogStats: UGameplayTagsManager::ConstructGameplayTagTree: ImportINI prefixes -  0.000 s
[2019.02.18-18.52.16:600][  0]LogStats: UGameplayTagsManager::ConstructGameplayTagTree: Construct from data asset -  0.000 s
[2019.02.18-18.52.16:600][  0]LogStats: UGameplayTagsManager::ConstructGameplayTagTree: ImportINI -  0.000 s
[2019.02.18-18.52.16:600][  0]LogStats: UGameplayTagsManager::ConstructGameplayTagTree: GameplayTagTreeChangedEvent.Broadcast -  0.000 s
[2019.02.18-18.52.17:040][  0]LogInit: Initializing FReadOnlyCVARCache
[2019.02.18-18.52.17:086][  0]LogAIModule: Creating AISystem for world Untitled
[2019.02.18-18.52.17:157][  0]LogInit: XAudio2 using 'SAMSUNG (NVIDIA High Definition Audio)' : 2 channels at 48 kHz using 16 bits per sample (channel mask 0x3)
[2019.02.18-18.52.17:192][  0]LogInit: FAudioDevice initialized.
[2019.02.18-18.52.17:193][  0]LogNetVersion: Set ProjectVersion to 1.0.0.0. Version Checksum will be recalculated on next use.
[2019.02.18-18.52.17:264][  0]LogDerivedDataCache: Saved boot cache 0.07s 75MB C:/Users/Charles/AppData/Local/UnrealEngine/4.21/DerivedDataCache/Boot.ddc.
[2019.02.18-18.52.17:280][  0]LogInit: Texture streaming: Enabled
[2019.02.18-18.52.17:314][  0]LogEngineSessionManager: EngineSessionManager initialized
[2019.02.18-18.52.17:330][  0]LogInit: Transaction tracking system initialized
[2019.02.18-18.52.17:391][  0]BlueprintLog: New page: Editor Load
[2019.02.18-18.52.17:650][  0]LocalizationService: Localization service is disabled
[2019.02.18-18.52.18:477][  0]LogFileCache: Scanning file cache for directory 'A:/Uni 2018-19/Github/Slime/Slime/Slime/Content/' took 0.02s
[2019.02.18-18.52.18:477][  0]LogCook: Display: Max memory allowance for cook 16384mb min free memory 0mb
[2019.02.18-18.52.18:477][  0]LogCook: Display: Mobile HDR setting 1
[2019.02.18-18.52.18:477][  0]LogGameplayTags: Display: UGameplayTagsManager::DoneAddingNativeTags. DelegateIsBound: 0
[2019.02.18-18.52.18:477][  0]LogStats: UGameplayTagsManager::ConstructGameplayTagTree: ImportINI prefixes -  0.000 s
[2019.02.18-18.52.18:477][  0]LogStats: UGameplayTagsManager::ConstructGameplayTagTree: Construct from data asset -  0.000 s
[2019.02.18-18.52.18:478][  0]LogStats: UGameplayTagsManager::ConstructGameplayTagTree: ImportINI -  0.000 s
[2019.02.18-18.52.18:478][  0]LogStats: UGameplayTagsManager::ConstructGameplayTagTree: GameplayTagTreeChangedEvent.Broadcast -  0.000 s
[2019.02.18-18.52.18:878][  0]SourceControl: Source control is disabled
[2019.02.18-18.52.18:879][  0]Cmd: MAP LOAD FILE="A:/Uni 2018-19/Github/Slime/Slime/Slime/Content/FirstPersonCPP/Maps/FirstPersonExampleMap.umap" TEMPLATE=0 SHOWPROGRESS=1 FEATURELEVEL=3
[2019.02.18-18.52.18:880][  0]LightingResults: New page: Lighting Build
[2019.02.18-18.52.18:888][  0]MapCheck: New page: Map Check
[2019.02.18-18.52.18:888][  0]LightingResults: New page: Lighting Build
[2019.02.18-18.52.19:766][  0]LogAIModule: Creating AISystem for world FirstPersonExampleMap
[2019.02.18-18.52.19:797][  0]LogEditorServer: Finished looking for orphan Actors (0.000 secs)
[2019.02.18-18.52.19:820][  0]Cmd: MAP CHECKDEP NOCLEARLOG
[2019.02.18-18.52.19:821][  0]MapCheck: Map check complete: 0 Error(s), 0 Warning(s), took 0.102ms to complete.
[2019.02.18-18.52.19:821][  0]LogFileHelpers: Loading map 'FirstPersonExampleMap' took 0.943
[2019.02.18-18.52.20:004][  0]LogSlate: Updating window title bar state: overlay mode, drag disabled, window buttons hidden, title bar hidden
[2019.02.18-18.52.20:012][  0]LogSlate: Updating window title bar state: overlay mode, drag disabled, window buttons hidden, title bar hidden
[2019.02.18-18.52.20:019][  0]LogSlate: Updating window title bar state: overlay mode, drag disabled, window buttons hidden, title bar hidden
[2019.02.18-18.52.20:027][  0]LogSlate: Updating window title bar state: overlay mode, drag disabled, window buttons hidden, title bar hidden
[2019.02.18-18.52.20:046][  0]LogCollectionManager: Loaded 0 collections in 0.001869 seconds
[2019.02.18-18.52.20:104][  0]LogFileCache: Scanning file cache for directory 'A:/Uni 2018-19/Github/Slime/Slime/Slime/Saved/Collections/' took 0.01s
[2019.02.18-18.52.20:104][  0]LogFileCache: Scanning file cache for directory 'A:/Uni 2018-19/Github/Slime/Slime/Slime/Content/Developers/kille/Collections/' took 0.01s
[2019.02.18-18.52.20:105][  0]LogFileCache: Scanning file cache for directory 'A:/Uni 2018-19/Github/Slime/Slime/Slime/Content/Collections/' took 0.01s
[2019.02.18-18.52.20:105][  0]LogCollectionManager: Rebuilt the GUID cache for 0 collections in 0.000000 seconds
[2019.02.18-18.52.20:118][  0]LogContentBrowser: Native class hierarchy populated in 0.0116 seconds. Added 2656 classes and 622 folders.
[2019.02.18-18.52.20:131][  0]LogContentBrowser: Native class hierarchy updated for 'WidgetCarousel' in 0.0005 seconds. Added 0 classes and 0 folders.
[2019.02.18-18.52.20:142][  0]LogPakFile: Registered encryption key '00000000000000000000000000000000': 0 pak files mounted, 0 remain pending
[2019.02.18-18.52.20:151][  0]LogPakFile: Registered encryption key '00000000000000000000000000000000': 0 pak files mounted, 0 remain pending
[2019.02.18-18.52.20:176][  0]LogPakFile: Registered encryption key '00000000000000000000000000000000': 0 pak files mounted, 0 remain pending
[2019.02.18-18.52.20:182][  0]LogPakFile: Registered encryption key '00000000000000000000000000000000': 0 pak files mounted, 0 remain pending
[2019.02.18-18.52.20:188][  0]LogPakFile: Registered encryption key '00000000000000000000000000000000': 0 pak files mounted, 0 remain pending
[2019.02.18-18.52.20:195][  0]LogPakFile: Registered encryption key '00000000000000000000000000000000': 0 pak files mounted, 0 remain pending
[2019.02.18-18.52.20:201][  0]LogPakFile: Registered encryption key '00000000000000000000000000000000': 0 pak files mounted, 0 remain pending
[2019.02.18-18.52.20:207][  0]LogPakFile: Registered encryption key '00000000000000000000000000000000': 0 pak files mounted, 0 remain pending
[2019.02.18-18.52.20:214][  0]LogPakFile: Registered encryption key '00000000000000000000000000000000': 0 pak files mounted, 0 remain pending
[2019.02.18-18.52.20:221][  0]LogPakFile: Registered encryption key '00000000000000000000000000000000': 0 pak files mounted, 0 remain pending
[2019.02.18-18.52.20:228][  0]LogPakFile: Registered encryption key '00000000000000000000000000000000': 0 pak files mounted, 0 remain pending
[2019.02.18-18.52.20:233][  0]LogPakFile: Registered encryption key '00000000000000000000000000000000': 0 pak files mounted, 0 remain pending
[2019.02.18-18.52.20:240][  0]LogPakFile: Registered encryption key '00000000000000000000000000000000': 0 pak files mounted, 0 remain pending
[2019.02.18-18.52.20:247][  0]LogPakFile: Registered encryption key '00000000000000000000000000000000': 0 pak files mounted, 0 remain pending
[2019.02.18-18.52.20:252][  0]LogPakFile: Registered encryption key '00000000000000000000000000000000': 0 pak files mounted, 0 remain pending
[2019.02.18-18.52.20:258][  0]LogPakFile: Registered encryption key '00000000000000000000000000000000': 0 pak files mounted, 0 remain pending
[2019.02.18-18.52.20:295][  0]LogPakFile: Registered encryption key '00000000000000000000000000000000': 0 pak files mounted, 0 remain pending
[2019.02.18-18.52.20:301][  0]LogPakFile: Registered encryption key '00000000000000000000000000000000': 0 pak files mounted, 0 remain pending
[2019.02.18-18.52.20:307][  0]LogPakFile: Registered encryption key '00000000000000000000000000000000': 0 pak files mounted, 0 remain pending
[2019.02.18-18.52.20:314][  0]LogPakFile: Registered encryption key '00000000000000000000000000000000': 0 pak files mounted, 0 remain pending
[2019.02.18-18.52.20:360][  0]LogPakFile: Registered encryption key '00000000000000000000000000000000': 0 pak files mounted, 0 remain pending
[2019.02.18-18.52.20:378][  0]LogPakFile: Registered encryption key '00000000000000000000000000000000': 0 pak files mounted, 0 remain pending
[2019.02.18-18.52.20:385][  0]LogPakFile: Registered encryption key '00000000000000000000000000000000': 0 pak files mounted, 0 remain pending
[2019.02.18-18.52.20:391][  0]LogPakFile: Registered encryption key '00000000000000000000000000000000': 0 pak files mounted, 0 remain pending
[2019.02.18-18.52.20:398][  0]LogPakFile: Registered encryption key '00000000000000000000000000000000': 0 pak files mounted, 0 remain pending
[2019.02.18-18.52.20:404][  0]LogPakFile: Registered encryption key '00000000000000000000000000000000': 0 pak files mounted, 0 remain pending
[2019.02.18-18.52.20:544][  0]LogContentBrowser: Native class hierarchy updated for 'AddContentDialog' in 0.0005 seconds. Added 0 classes and 0 folders.
[2019.02.18-18.52.20:560][  0]LogContentBrowser: Native class hierarchy updated for 'SceneOutliner' in 0.0006 seconds. Added 1 classes and 2 folders.
[2019.02.18-18.52.20:620][  0]LogSlate: Took 0.005652 seconds to synchronously load lazily loaded font '../../../Engine/Content/Slate/Fonts/Roboto-Regular.ttf' (155K)
[2019.02.18-18.52.20:627][  0]LogSlate: Took 0.005277 seconds to synchronously load lazily loaded font '../../../Engine/Content/Slate/Fonts/Roboto-Bold.ttf' (160K)
[2019.02.18-18.52.20:640][  0]LogSlate: Took 0.005744 seconds to synchronously load lazily loaded font '../../../Engine/Content/Editor/Slate/Fonts/FontAwesome.ttf' (139K)
[2019.02.18-18.52.20:779][  0]LogRenderer: Reallocating scene render targets to support 928x500 Format 10 NumSamples 1 (Frame:1).
[2019.02.18-18.52.20:932][  0]LogContentBrowser: Native class hierarchy updated for 'HierarchicalLODOutliner' in 0.0005 seconds. Added 0 classes and 0 folders.
[2019.02.18-18.52.20:933][  0]LogLoad: (Engine Initialization) Total time: 25.35 seconds
[2019.02.18-18.52.20:933][  0]LogLoad: (Engine Initialization) Total Blueprint compile time: 0.00 seconds
[2019.02.18-18.52.21:017][  0]LogContentStreaming: Texture pool size now 1000 MB
[2019.02.18-18.52.21:047][  0]LogSlate: Took 0.005115 seconds to synchronously load lazily loaded font '../../../Engine/Content/Slate/Fonts/Roboto-Light.ttf' (167K)
[2019.02.18-18.52.21:121][  1]LogAssetRegistry: Asset discovery search completed in 14.6146 seconds
[2019.02.18-18.52.21:123][  1]LogCollectionManager: Rebuilt the object cache for 0 collections in 0.000000 seconds (found 0 objects)
[2019.02.18-18.52.21:123][  1]LogCollectionManager: Fixed up redirectors for 0 collections in 0.000194 seconds (updated 0 objects)
[2019.02.18-18.59.20:976][534]LogSlate: FSceneViewport::OnFocusLost() reason 0
[2019.02.18-18.59.22:933][765]LogSlate: Took 0.000180 seconds to synchronously load lazily loaded font '../../../Engine/Content/Slate/Fonts/Roboto-Light.ttf' (167K)
[2019.02.18-18.59.22:939][765]LogAssetEditorManager: Opening Asset editor for Material /Game/WhiteBoard/M_Marker.M_Marker
[2019.02.18-18.59.22:944][765]LogMaterial: Display: Missing cached shader map for material M_Marker, compiling. 
[2019.02.18-18.59.23:342][765]LogMaterial: Display: Missing cached shader map for material M_Marker, compiling. 
[2019.02.18-18.59.23:352][765]LogMaterial: Display: Missing cached shader map for material M_Marker, compiling. 
[2019.02.18-18.59.23:366][765]LogShaderCompilers: Display: Shaders left to compile 4
[2019.02.18-18.59.23:366][765]LogShaderCompilers: Display: Shaders left to compile 3
[2019.02.18-18.59.23:366][765]LogShaderCompilers: Display: Shaders left to compile 2
[2019.02.18-18.59.23:398][765]LogMaterial: Display: Missing cached shader map for material FMatExpressionPreview MaterialExpressionVectorParameter_0, compiling. 
[2019.02.18-18.59.23:443][765]LogSlate: Took 0.006399 seconds to synchronously load lazily loaded font '../../../Engine/Content/Slate/Fonts/Roboto-BoldCondensed.ttf' (158K)
[2019.02.18-18.59.24:247][829]LogShaderCompilers: Display: Shaders left to compile 3
[2019.02.18-18.59.24:300][835]LogShaderCompilers: Display: Shaders left to compile 2
[2019.02.18-18.59.24:643][872]LogShaderCompilers: Display: Shaders left to compile 1
[2019.02.18-18.59.24:710][879]MaterialEditorStats: Base pass shader without light map: 36 instructions
[2019.02.18-18.59.24:710][879]MaterialEditorStats: Base pass vertex shader: 36 instructions
[2019.02.18-18.59.24:710][879]MaterialEditorStats: Texture samplers: 0/16
[2019.02.18-18.59.24:710][879]MaterialEditorStats: User interpolators: 2/4 Scalars (1/4 Vectors) (TexCoords: 2, Custom: 0)
[2019.02.18-18.59.25:204][928]LogSlate: Took 0.006300 seconds to synchronously load lazily loaded font '../../../Engine/Content/Slate/Fonts/Roboto-Italic.ttf' (157K)
[2019.02.18-19.01.52:889][892]LogAssetEditorManager: Opening Asset editor for Material /Game/Blueprints/DMatParent.DMatParent
[2019.02.18-19.01.52:893][892]LogMaterial: Display: Missing cached shader map for material DMatParent, compiling. 
[2019.02.18-19.01.52:977][892]LogMaterial: Display: Missing cached shader map for material DMatParent, compiling. 
[2019.02.18-19.01.52:993][892]LogMaterial: Display: Missing cached shader map for material DMatParent, compiling. 
[2019.02.18-19.01.53:024][892]LogShaderCompilers: Display: Shaders left to compile 21
[2019.02.18-19.01.53:024][892]LogShaderCompilers: Display: Shaders left to compile 20
[2019.02.18-19.01.53:024][892]LogShaderCompilers: Display: Shaders left to compile 19
[2019.02.18-19.01.53:039][892]LogMaterial: Display: Missing cached shader map for material FMatExpressionPreview MaterialExpressionTextureSampleParameter2D_0, compiling. 
[2019.02.18-19.01.53:700][957]LogShaderCompilers: Display: Shaders left to compile 20
[2019.02.18-19.01.53:743][962]LogShaderCompilers: Display: Shaders left to compile 19
[2019.02.18-19.01.53:922][983]LogShaderCompilers: Display: Shaders left to compile 18
[2019.02.18-19.01.53:955][987]LogShaderCompilers: Display: Shaders left to compile 17
[2019.02.18-19.01.53:972][989]LogShaderCompilers: Display: Shaders left to compile 16
[2019.02.18-19.01.54:182][ 13]LogShaderCompilers: Display: Shaders left to compile 15
[2019.02.18-19.01.54:233][ 19]LogShaderCompilers: Display: Shaders left to compile 14
[2019.02.18-19.01.54:267][ 23]LogShaderCompilers: Display: Shaders left to compile 13
[2019.02.18-19.01.54:468][ 46]LogShaderCompilers: Display: Shaders left to compile 12
[2019.02.18-19.01.54:929][ 99]LogShaderCompilers: Display: Shaders left to compile 11
[2019.02.18-19.01.54:938][100]LogShaderCompilers: Display: Shaders left to compile 10
[2019.02.18-19.01.55:085][117]LogShaderCompilers: Display: Shaders left to compile 9
[2019.02.18-19.01.55:449][159]LogShaderCompilers: Display: Shaders left to compile 8
[2019.02.18-19.01.55:458][160]LogShaderCompilers: Display: Shaders left to compile 7
[2019.02.18-19.01.55:526][168]LogShaderCompilers: Display: Shaders left to compile 6
[2019.02.18-19.01.55:940][216]LogShaderCompilers: Display: Shaders left to compile 5
[2019.02.18-19.01.56:078][232]LogShaderCompilers: Display: Shaders left to compile 4
[2019.02.18-19.01.56:185][244]LogShaderCompilers: Display: Shaders left to compile 3
[2019.02.18-19.01.56:477][278]LogShaderCompilers: Display: Shaders left to compile 2
[2019.02.18-19.01.56:521][283]LogShaderCompilers: Display: Shaders left to compile 1
[2019.02.18-19.01.56:630][295]MaterialEditorStats: Base pass shader: 105 instructions
[2019.02.18-19.01.56:630][295]MaterialEditorStats: Base pass shader with Volumetric Lightmap: 179 instructions
[2019.02.18-19.01.56:630][295]MaterialEditorStats: Base pass vertex shader: 36 instructions
[2019.02.18-19.01.56:630][295]MaterialEditorStats: Texture samplers: 4/16
[2019.02.18-19.01.56:630][295]MaterialEditorStats: Texture Lookups (Est.): VS(0), PS(1)
[2019.02.18-19.01.56:631][295]MaterialEditorStats: User interpolators: 2/4 Scalars (1/4 Vectors) (TexCoords: 2, Custom: 0)
[2019.02.18-19.11.34:958][117]LogTemp: Repeating last play command: Selected Viewport
[2019.02.18-19.11.34:974][117]LogBlueprintUserMessages: Early PlayInEditor Detection: Level '/Game/FirstPersonCPP/Maps/FirstPersonExampleMap.FirstPersonExampleMap:PersistentLevel' has LevelScriptBlueprint '/Game/FirstPersonCPP/Maps/FirstPersonExampleMap.FirstPersonExampleMap:PersistentLevel.FirstPersonExampleMap' with GeneratedClass '/Game/FirstPersonCPP/Maps/FirstPersonExampleMap.FirstPersonExampleMap_C' with ClassGeneratedBy '/Game/FirstPersonCPP/Maps/FirstPersonExampleMap.FirstPersonExampleMap:PersistentLevel.FirstPersonExampleMap'
[2019.02.18-19.11.34:974][117]LogPlayLevel: PlayLevel: No blueprints needed recompiling
[2019.02.18-19.11.34:976][117]PIE: New page: PIE session: FirstPersonExampleMap (18 Feb 2019 19:11:34)
[2019.02.18-19.11.34:992][117]LogPlayLevel: Creating play world package: /Game/FirstPersonCPP/Maps/UEDPIE_0_FirstPersonExampleMap
[2019.02.18-19.11.35:013][117]LogPlayLevel: PIE: StaticDuplicateObject took: (0.021404s)
[2019.02.18-19.11.35:016][117]LogAIModule: Creating AISystem for world FirstPersonExampleMap
[2019.02.18-19.11.35:017][117]LogPlayLevel: PIE: World Init took: (0.001861s)
[2019.02.18-19.11.35:017][117]LogPlayLevel: PIE: Created PIE world by copying editor world from /Game/FirstPersonCPP/Maps/FirstPersonExampleMap.FirstPersonExampleMap to /Game/FirstPersonCPP/Maps/UEDPIE_0_FirstPersonExampleMap.FirstPersonExampleMap (0.025644s)
[2019.02.18-19.11.35:093][117]LogInit: XAudio2 using 'SAMSUNG (NVIDIA High Definition Audio)' : 2 channels at 48 kHz using 16 bits per sample (channel mask 0x3)
[2019.02.18-19.11.35:108][117]LogInit: FAudioDevice initialized.
[2019.02.18-19.11.35:159][117]LogLoad: Game class is 'SlimeGameMode'
[2019.02.18-19.11.35:162][117]LogWorld: Bringing World /Game/FirstPersonCPP/Maps/UEDPIE_0_FirstPersonExampleMap.FirstPersonExampleMap up for play (max tick rate 0) at 2019.02.18-19.11.35
[2019.02.18-19.11.35:163][117]LogWorld: Bringing up level for play took: 0.002586
[2019.02.18-19.11.35:189][117]LogContentBrowser: Native class hierarchy updated for 'MovieSceneCapture' in 0.0006 seconds. Added 20 classes and 0 folders.
[2019.02.18-19.11.35:198][117]PIE: Play in editor start time for /Game/FirstPersonCPP/Maps/UEDPIE_0_FirstPersonExampleMap -0.702
[2019.02.18-19.11.35:199][117]LogBlueprintUserMessages: Late PlayInEditor Detection: Level '/Game/FirstPersonCPP/Maps/FirstPersonExampleMap.FirstPersonExampleMap:PersistentLevel' has LevelScriptBlueprint '/Game/FirstPersonCPP/Maps/FirstPersonExampleMap.FirstPersonExampleMap:PersistentLevel.FirstPersonExampleMap' with GeneratedClass '/Game/FirstPersonCPP/Maps/FirstPersonExampleMap.FirstPersonExampleMap_C' with ClassGeneratedBy '/Game/FirstPersonCPP/Maps/FirstPersonExampleMap.FirstPersonExampleMap:PersistentLevel.FirstPersonExampleMap'
[2019.02.18-19.11.37:330][364]LogTemp: Warning: CoordinatesB4: X:-2147483648 Y:1073741824
[2019.02.18-19.11.37:341][365]LogTemp: Warning: CoordinatesB4: X:-2147483648 Y:1073741824
[2019.02.18-19.11.37:352][366]LogTemp: Warning: CoordinatesB4: X:-2147483648 Y:1073741824
[2019.02.18-19.11.37:362][367]LogTemp: Warning: CoordinatesB4: X:-2147483648 Y:1073741824
[2019.02.18-19.11.37:372][368]LogTemp: Warning: CoordinatesB4: X:-2147483648 Y:1073741824
[2019.02.18-19.11.37:382][369]LogTemp: Warning: CoordinatesB4: X:-2147483648 Y:1073741824
[2019.02.18-19.11.37:392][370]LogTemp: Warning: CoordinatesB4: X:-2147483648 Y:1073741824
[2019.02.18-19.11.37:402][371]LogTemp: Warning: CoordinatesB4: X:-2147483648 Y:1073741824
[2019.02.18-19.11.37:414][372]LogTemp: Warning: CoordinatesB4: X:-2147483648 Y:1073741824
[2019.02.18-19.11.37:425][373]LogTemp: Warning: CoordinatesB4: X:-2147483648 Y:1073741824
[2019.02.18-19.11.57:678][205]LogBlueprintUserMessages: Early EndPlayMap Detection: Level '/Game/FirstPersonCPP/Maps/FirstPersonExampleMap.FirstPersonExampleMap:PersistentLevel' has LevelScriptBlueprint '/Game/FirstPersonCPP/Maps/FirstPersonExampleMap.FirstPersonExampleMap:PersistentLevel.FirstPersonExampleMap' with GeneratedClass '/Game/FirstPersonCPP/Maps/FirstPersonExampleMap.FirstPersonExampleMap_C' with ClassGeneratedBy '/Game/FirstPersonCPP/Maps/FirstPersonExampleMap.FirstPersonExampleMap:PersistentLevel.FirstPersonExampleMap'
[2019.02.18-19.11.57:712][205]LogSlate: Updating window title bar state: overlay mode, drag disabled, window buttons hidden, title bar hidden
[2019.02.18-19.11.58:164][205]LogPlayLevel: Display: Shutting down PIE online subsystems
[2019.02.18-19.11.58:166][205]LogBlueprintUserMessages: Late EndPlayMap Detection: Level '/Game/FirstPersonCPP/Maps/FirstPersonExampleMap.FirstPersonExampleMap:PersistentLevel' has LevelScriptBlueprint '/Game/FirstPersonCPP/Maps/FirstPersonExampleMap.FirstPersonExampleMap:PersistentLevel.FirstPersonExampleMap' with GeneratedClass '/Game/FirstPersonCPP/Maps/FirstPersonExampleMap.FirstPersonExampleMap_C' with ClassGeneratedBy '/Game/FirstPersonCPP/Maps/FirstPersonExampleMap.FirstPersonExampleMap:PersistentLevel.FirstPersonExampleMap'
[2019.02.18-19.11.58:284][205]LogSlate: Updating window title bar state: overlay mode, drag disabled, window buttons hidden, title bar hidden
[2019.02.18-19.11.58:670][206]LogPlayLevel: Display: Destroying online subsystem :Context_5
[2019.02.18-19.13.13:306][596]LogSlate: FSceneViewport::OnFocusLost() reason 0
[2019.02.18-19.13.13:355][602]LogTemp: Repeating last play command: Selected Viewport
[2019.02.18-19.13.13:380][602]LogBlueprintUserMessages: Early PlayInEditor Detection: Level '/Game/FirstPersonCPP/Maps/FirstPersonExampleMap.FirstPersonExampleMap:PersistentLevel' has LevelScriptBlueprint '/Game/FirstPersonCPP/Maps/FirstPersonExampleMap.FirstPersonExampleMap:PersistentLevel.FirstPersonExampleMap' with GeneratedClass '/Game/FirstPersonCPP/Maps/FirstPersonExampleMap.FirstPersonExampleMap_C' with ClassGeneratedBy '/Game/FirstPersonCPP/Maps/FirstPersonExampleMap.FirstPersonExampleMap:PersistentLevel.FirstPersonExampleMap'
[2019.02.18-19.13.13:381][602]LogPlayLevel: PlayLevel: No blueprints needed recompiling
[2019.02.18-19.13.13:389][602]PIE: New page: PIE session: FirstPersonExampleMap (18 Feb 2019 19:13:13)
[2019.02.18-19.13.13:391][602]LogPlayLevel: Creating play world package: /Game/FirstPersonCPP/Maps/UEDPIE_0_FirstPersonExampleMap
[2019.02.18-19.13.13:685][602]LogPlayLevel: PIE: StaticDuplicateObject took: (0.293256s)
[2019.02.18-19.13.13:697][602]LogAIModule: Creating AISystem for world FirstPersonExampleMap
[2019.02.18-19.13.13:698][602]LogPlayLevel: PIE: World Init took: (0.012786s)
[2019.02.18-19.13.13:699][602]LogPlayLevel: PIE: Created PIE world by copying editor world from /Game/FirstPersonCPP/Maps/FirstPersonExampleMap.FirstPersonExampleMap to /Game/FirstPersonCPP/Maps/UEDPIE_0_FirstPersonExampleMap.FirstPersonExampleMap (0.307022s)
[2019.02.18-19.13.13:779][602]LogInit: XAudio2 using 'SAMSUNG (NVIDIA High Definition Audio)' : 2 channels at 48 kHz using 16 bits per sample (channel mask 0x3)
[2019.02.18-19.13.13:795][602]LogInit: FAudioDevice initialized.
[2019.02.18-19.13.13:841][602]LogLoad: Game class is 'SlimeGameMode'
[2019.02.18-19.13.13:848][602]LogWorld: Bringing World /Game/FirstPersonCPP/Maps/UEDPIE_0_FirstPersonExampleMap.FirstPersonExampleMap up for play (max tick rate 0) at 2019.02.18-19.13.13
[2019.02.18-19.13.13:849][602]LogWorld: Bringing up level for play took: 0.006845
[2019.02.18-19.13.13:896][602]PIE: Play in editor start time for /Game/FirstPersonCPP/Maps/UEDPIE_0_FirstPersonExampleMap -0.004
[2019.02.18-19.13.13:897][602]LogBlueprintUserMessages: Late PlayInEditor Detection: Level '/Game/FirstPersonCPP/Maps/FirstPersonExampleMap.FirstPersonExampleMap:PersistentLevel' has LevelScriptBlueprint '/Game/FirstPersonCPP/Maps/FirstPersonExampleMap.FirstPersonExampleMap:PersistentLevel.FirstPersonExampleMap' with GeneratedClass '/Game/FirstPersonCPP/Maps/FirstPersonExampleMap.FirstPersonExampleMap_C' with ClassGeneratedBy '/Game/FirstPersonCPP/Maps/FirstPersonExampleMap.FirstPersonExampleMap:PersistentLevel.FirstPersonExampleMap'
[2019.02.18-19.13.13:920][603]LogCharacterMovement: Warning: GetSimulationTimeStep() - Max iterations 8 hit while remaining time 0.065789 > MaxSimulationTimeStep (0.050) for 'FirstPersonCharacter_C_0', movement 'Walking'
[2019.02.18-19.13.15:799][821]LogTemp: Warning: CoordinatesB4: X:-1610612736 Y:-2147483648
[2019.02.18-19.13.15:809][822]LogTemp: Warning: CoordinatesB4: X:1610612736 Y:-1073741824
[2019.02.18-19.13.15:818][823]LogTemp: Warning: CoordinatesB4: X:-1073741824 Y:-536870912
[2019.02.18-19.13.15:828][824]LogTemp: Warning: CoordinatesB4: X:-1073741824 Y:-536870912
[2019.02.18-19.13.15:837][825]LogTemp: Warning: CoordinatesB4: X:-1073741824 Y:-536870912
[2019.02.18-19.13.15:845][826]LogTemp: Warning: CoordinatesB4: X:-1073741824 Y:-536870912
[2019.02.18-19.13.15:856][827]LogTemp: Warning: CoordinatesB4: X:-1073741824 Y:-536870912
[2019.02.18-19.13.15:865][828]LogTemp: Warning: CoordinatesB4: X:-1073741824 Y:-536870912
[2019.02.18-19.13.15:874][829]LogTemp: Warning: CoordinatesB4: X:-1073741824 Y:-536870912
[2019.02.18-19.13.15:884][830]LogTemp: Warning: CoordinatesB4: X:-1073741824 Y:-536870912
[2019.02.18-19.14.20:696][667]LogBlueprintUserMessages: Early EndPlayMap Detection: Level '/Game/FirstPersonCPP/Maps/FirstPersonExampleMap.FirstPersonExampleMap:PersistentLevel' has LevelScriptBlueprint '/Game/FirstPersonCPP/Maps/FirstPersonExampleMap.FirstPersonExampleMap:PersistentLevel.FirstPersonExampleMap' with GeneratedClass '/Game/FirstPersonCPP/Maps/FirstPersonExampleMap.FirstPersonExampleMap_C' with ClassGeneratedBy '/Game/FirstPersonCPP/Maps/FirstPersonExampleMap.FirstPersonExampleMap:PersistentLevel.FirstPersonExampleMap'
[2019.02.18-19.14.20:754][667]LogSlate: Updating window title bar state: overlay mode, drag disabled, window buttons hidden, title bar hidden
[2019.02.18-19.14.21:404][667]LogPlayLevel: Display: Shutting down PIE online subsystems
[2019.02.18-19.14.21:420][667]LogBlueprintUserMessages: Late EndPlayMap Detection: Level '/Game/FirstPersonCPP/Maps/FirstPersonExampleMap.FirstPersonExampleMap:PersistentLevel' has LevelScriptBlueprint '/Game/FirstPersonCPP/Maps/FirstPersonExampleMap.FirstPersonExampleMap:PersistentLevel.FirstPersonExampleMap' with GeneratedClass '/Game/FirstPersonCPP/Maps/FirstPersonExampleMap.FirstPersonExampleMap_C' with ClassGeneratedBy '/Game/FirstPersonCPP/Maps/FirstPersonExampleMap.FirstPersonExampleMap:PersistentLevel.FirstPersonExampleMap'
[2019.02.18-19.14.21:666][667]LogSlate: Updating window title bar state: overlay mode, drag disabled, window buttons hidden, title bar hidden
[2019.02.18-19.14.21:880][668]LogPlayLevel: Display: Destroying online subsystem :Context_6
[2019.02.18-19.14.22:172][680]LogSlate: FSceneViewport::OnFocusLost() reason 2
[2019.02.18-19.16.20:208][772]LogSlate: Window 'Debug Tools' being destroyed
[2019.02.18-19.16.20:213][772]LogSlate: Window 'Debug Tools' being destroyed
[2019.02.18-19.16.36:317][648]LogEditorViewport: Clicking on Actor (LMB): StaticMeshActor (SM_GlassWindow)
[2019.02.18-19.16.38:022][814]LogSlate: FSceneViewport::OnFocusLost() reason 0
[2019.02.18-19.16.38:062][819]LogSlate: Window 'Pixel Inspector' being destroyed
[2019.02.18-19.16.38:065][819]LogSlate: Window 'Pixel Inspector' being destroyed
[2019.02.18-19.16.53:743][657]Cmd: help
[2019.02.18-19.16.53:760][657]LogEngine: Display: Console Help:
[2019.02.18-19.16.53:760][657]LogEngine: Display: =============
[2019.02.18-19.16.53:760][657]LogEngine: Display:  
[2019.02.18-19.16.53:760][657]LogEngine: Display: A console variable is a engine wide key value pair. The key is a string usually starting with the subsystem prefix followed
[2019.02.18-19.16.53:760][657]LogEngine: Display: by '.' e.g. r.BloomQuality. The value can be of different tpe (e.g. float, int, string). A console command has no state associated with
[2019.02.18-19.16.53:761][657]LogEngine: Display: and gets executed immediately.
[2019.02.18-19.16.53:761][657]LogEngine: Display:  
[2019.02.18-19.16.53:761][657]LogEngine: Display: Console variables can be put into ini files (e.g. ConsoleVariables.ini or BaseEngine.ini) with this syntax:
[2019.02.18-19.16.53:761][657]LogEngine: Display: <Console variable> = <value>
[2019.02.18-19.16.53:761][657]LogEngine: Display:  
[2019.02.18-19.16.53:761][657]LogEngine: Display: DumpConsoleCommands         Lists all console variables and commands that are registered (Some are not registered)
[2019.02.18-19.16.53:761][657]LogEngine: Display: <Console variable>          Get the console variable state
[2019.02.18-19.16.53:762][657]LogEngine: Display: <Console variable> ?        Get the console variable help text
[2019.02.18-19.16.53:762][657]LogEngine: Display: <Console variable> <value>  Set the console variable value
[2019.02.18-19.16.53:762][657]LogEngine: Display: <Console command> [Params]  Execute the console command with optional parameters
[2019.02.18-19.16.53:762][657]LogEngine: Display:  
[2019.02.18-19.16.53:762][657]LogEngine: Display: To browse console variables open this: 'A:/Uni 2018-19/Github/Slime/Slime/Slime/Saved/ConsoleHelp.html'
[2019.02.18-19.16.53:762][657]LogEngine: Display:  
[2019.02.18-19.16.53:762][657]Cmd: *
[2019.02.18-19.18.28:636][ 93]LogEditorViewport: Clicking on Actor (LMB): StaticMeshActor (SM_GlassWindow)
[2019.02.18-19.18.31:864][478]LogSlate: FSceneViewport::OnFocusLost() reason 0
[2019.02.18-19.18.31:922][485]LogTemp: Repeating last play command: Selected Viewport
[2019.02.18-19.18.31:964][485]LogBlueprintUserMessages: Early PlayInEditor Detection: Level '/Game/FirstPersonCPP/Maps/FirstPersonExampleMap.FirstPersonExampleMap:PersistentLevel' has LevelScriptBlueprint '/Game/FirstPersonCPP/Maps/FirstPersonExampleMap.FirstPersonExampleMap:PersistentLevel.FirstPersonExampleMap' with GeneratedClass '/Game/FirstPersonCPP/Maps/FirstPersonExampleMap.FirstPersonExampleMap_C' with ClassGeneratedBy '/Game/FirstPersonCPP/Maps/FirstPersonExampleMap.FirstPersonExampleMap:PersistentLevel.FirstPersonExampleMap'
[2019.02.18-19.18.31:964][485]LogPlayLevel: PlayLevel: No blueprints needed recompiling
[2019.02.18-19.18.31:970][485]PIE: New page: PIE session: FirstPersonExampleMap (18 Feb 2019 19:18:31)
[2019.02.18-19.18.31:971][485]LogPlayLevel: Creating play world package: /Game/FirstPersonCPP/Maps/UEDPIE_0_FirstPersonExampleMap
[2019.02.18-19.18.32:091][485]LogPlayLevel: PIE: StaticDuplicateObject took: (0.118674s)
[2019.02.18-19.18.32:104][485]LogAIModule: Creating AISystem for world FirstPersonExampleMap
[2019.02.18-19.18.32:108][485]LogPlayLevel: PIE: World Init took: (0.018227s)
[2019.02.18-19.18.32:109][485]LogPlayLevel: PIE: Created PIE world by copying editor world from /Game/FirstPersonCPP/Maps/FirstPersonExampleMap.FirstPersonExampleMap to /Game/FirstPersonCPP/Maps/UEDPIE_0_FirstPersonExampleMap.FirstPersonExampleMap (0.138252s)
[2019.02.18-19.18.32:187][485]LogInit: XAudio2 using 'SAMSUNG (NVIDIA High Definition Audio)' : 2 channels at 48 kHz using 16 bits per sample (channel mask 0x3)
[2019.02.18-19.18.32:207][485]LogInit: FAudioDevice initialized.
[2019.02.18-19.18.32:249][485]LogLoad: Game class is 'SlimeGameMode'
[2019.02.18-19.18.32:263][485]LogWorld: Bringing World /Game/FirstPersonCPP/Maps/UEDPIE_0_FirstPersonExampleMap.FirstPersonExampleMap up for play (max tick rate 0) at 2019.02.18-19.18.32
[2019.02.18-19.18.32:264][485]LogWorld: Bringing up level for play took: 0.013947
[2019.02.18-19.18.32:316][485]PIE: Play in editor start time for /Game/FirstPersonCPP/Maps/UEDPIE_0_FirstPersonExampleMap 0.417
[2019.02.18-19.18.32:317][485]LogBlueprintUserMessages: Late PlayInEditor Detection: Level '/Game/FirstPersonCPP/Maps/FirstPersonExampleMap.FirstPersonExampleMap:PersistentLevel' has LevelScriptBlueprint '/Game/FirstPersonCPP/Maps/FirstPersonExampleMap.FirstPersonExampleMap:PersistentLevel.FirstPersonExampleMap' with GeneratedClass '/Game/FirstPersonCPP/Maps/FirstPersonExampleMap.FirstPersonExampleMap_C' with ClassGeneratedBy '/Game/FirstPersonCPP/Maps/FirstPersonExampleMap.FirstPersonExampleMap:PersistentLevel.FirstPersonExampleMap'
[2019.02.18-19.18.32:345][486]LogCharacterMovement: Warning: GetSimulationTimeStep() - Max iterations 8 hit while remaining time 0.065789 > MaxSimulationTimeStep (0.050) for 'FirstPersonCharacter_C_0', movement 'Walking'
[2019.02.18-19.18.53:600][783]Cmd: r.Streaming.PoolSize
[2019.02.18-19.18.53:601][783]r.Streaming.PoolSize = "1000"      LastSetBy: Scalability
[2019.02.18-19.18.53:601][783]LogSlate: FSceneViewport::OnFocusLost() reason 2
[2019.02.18-19.20.00:729][602]LogSlate: FSceneViewport::OnFocusLost() reason 0
[2019.02.18-19.20.00:818][602]LogSlate: Took 0.006644 seconds to synchronously load lazily loaded font '../../../Engine/Content/Slate/Fonts/DroidSansMono.ttf' (77K)
[2019.02.18-19.20.23:473][308]Cmd: r.Streaming.PoolSize = 10000
[2019.02.18-19.20.23:473][308]Warning: Processing the console input parameters the leading '=' is ignored (only needed for ini files).
[2019.02.18-19.20.23:474][308]r.Streaming.PoolSize = "10000"
[2019.02.18-19.20.23:474][308]LogSlate: FSceneViewport::OnFocusLost() reason 2
[2019.02.18-19.20.23:500][311]LogContentStreaming: Texture pool size now 10000 MB
[2019.02.18-19.20.32:842][431]LogBlueprintUserMessages: Early EndPlayMap Detection: Level '/Game/FirstPersonCPP/Maps/FirstPersonExampleMap.FirstPersonExampleMap:PersistentLevel' has LevelScriptBlueprint '/Game/FirstPersonCPP/Maps/FirstPersonExampleMap.FirstPersonExampleMap:PersistentLevel.FirstPersonExampleMap' with GeneratedClass '/Game/FirstPersonCPP/Maps/FirstPersonExampleMap.FirstPersonExampleMap_C' with ClassGeneratedBy '/Game/FirstPersonCPP/Maps/FirstPersonExampleMap.FirstPersonExampleMap:PersistentLevel.FirstPersonExampleMap'
[2019.02.18-19.20.32:844][431]LogSlate: Updating window title bar state: overlay mode, drag disabled, window buttons hidden, title bar hidden
[2019.02.18-19.20.32:888][431]LogPlayLevel: Display: Shutting down PIE online subsystems
[2019.02.18-19.20.32:888][431]LogBlueprintUserMessages: Late EndPlayMap Detection: Level '/Game/FirstPersonCPP/Maps/FirstPersonExampleMap.FirstPersonExampleMap:PersistentLevel' has LevelScriptBlueprint '/Game/FirstPersonCPP/Maps/FirstPersonExampleMap.FirstPersonExampleMap:PersistentLevel.FirstPersonExampleMap' with GeneratedClass '/Game/FirstPersonCPP/Maps/FirstPersonExampleMap.FirstPersonExampleMap_C' with ClassGeneratedBy '/Game/FirstPersonCPP/Maps/FirstPersonExampleMap.FirstPersonExampleMap:PersistentLevel.FirstPersonExampleMap'
[2019.02.18-19.20.32:916][431]LogSlate: Updating window title bar state: overlay mode, drag disabled, window buttons hidden, title bar hidden
[2019.02.18-19.20.32:946][432]LogPlayLevel: Display: Destroying online subsystem :Context_8
[2019.02.18-19.20.34:594][628]LogSlate: FSceneViewport::OnFocusLost() reason 0
[2019.02.18-19.20.34:661][636]LogTemp: Repeating last play command: Selected Viewport
[2019.02.18-19.20.34:674][636]LogBlueprintUserMessages: Early PlayInEditor Detection: Level '/Game/FirstPersonCPP/Maps/FirstPersonExampleMap.FirstPersonExampleMap:PersistentLevel' has LevelScriptBlueprint '/Game/FirstPersonCPP/Maps/FirstPersonExampleMap.FirstPersonExampleMap:PersistentLevel.FirstPersonExampleMap' with GeneratedClass '/Game/FirstPersonCPP/Maps/FirstPersonExampleMap.FirstPersonExampleMap_C' with ClassGeneratedBy '/Game/FirstPersonCPP/Maps/FirstPersonExampleMap.FirstPersonExampleMap:PersistentLevel.FirstPersonExampleMap'
[2019.02.18-19.20.34:675][636]LogPlayLevel: PlayLevel: No blueprints needed recompiling
[2019.02.18-19.20.34:676][636]PIE: New page: PIE session: FirstPersonExampleMap (18 Feb 2019 19:20:34)
[2019.02.18-19.20.34:676][636]LogPlayLevel: Creating play world package: /Game/FirstPersonCPP/Maps/UEDPIE_0_FirstPersonExampleMap
[2019.02.18-19.20.34:689][636]LogPlayLevel: PIE: StaticDuplicateObject took: (0.012432s)
[2019.02.18-19.20.34:690][636]LogAIModule: Creating AISystem for world FirstPersonExampleMap
[2019.02.18-19.20.34:691][636]LogPlayLevel: PIE: World Init took: (0.001416s)
[2019.02.18-19.20.34:691][636]LogPlayLevel: PIE: Created PIE world by copying editor world from /Game/FirstPersonCPP/Maps/FirstPersonExampleMap.FirstPersonExampleMap to /Game/FirstPersonCPP/Maps/UEDPIE_0_FirstPersonExampleMap.FirstPersonExampleMap (0.014784s)
[2019.02.18-19.20.34:766][636]LogInit: XAudio2 using 'SAMSUNG (NVIDIA High Definition Audio)' : 2 channels at 48 kHz using 16 bits per sample (channel mask 0x3)
[2019.02.18-19.20.34:780][636]LogInit: FAudioDevice initialized.
[2019.02.18-19.20.34:813][636]LogLoad: Game class is 'SlimeGameMode'
[2019.02.18-19.20.34:816][636]LogWorld: Bringing World /Game/FirstPersonCPP/Maps/UEDPIE_0_FirstPersonExampleMap.FirstPersonExampleMap up for play (max tick rate 0) at 2019.02.18-19.20.34
[2019.02.18-19.20.34:817][636]LogWorld: Bringing up level for play took: 0.002095
[2019.02.18-19.20.34:840][636]PIE: Play in editor start time for /Game/FirstPersonCPP/Maps/UEDPIE_0_FirstPersonExampleMap 0.94
[2019.02.18-19.20.34:840][636]LogBlueprintUserMessages: Late PlayInEditor Detection: Level '/Game/FirstPersonCPP/Maps/FirstPersonExampleMap.FirstPersonExampleMap:PersistentLevel' has LevelScriptBlueprint '/Game/FirstPersonCPP/Maps/FirstPersonExampleMap.FirstPersonExampleMap:PersistentLevel.FirstPersonExampleMap' with GeneratedClass '/Game/FirstPersonCPP/Maps/FirstPersonExampleMap.FirstPersonExampleMap_C' with ClassGeneratedBy '/Game/FirstPersonCPP/Maps/FirstPersonExampleMap.FirstPersonExampleMap:PersistentLevel.FirstPersonExampleMap'
[2019.02.18-19.20.36:931][882]LogTemp: Warning: CoordinatesB4: X:-2147483648 Y:1073741824
[2019.02.18-19.20.36:940][883]LogTemp: Warning: CoordinatesB4: X:-2147483648 Y:1073741824
[2019.02.18-19.20.36:951][884]LogTemp: Warning: CoordinatesB4: X:-2147483648 Y:1073741824
[2019.02.18-19.20.36:961][885]LogTemp: Warning: CoordinatesB4: X:-2147483648 Y:1073741824
[2019.02.18-19.20.36:972][886]LogTemp: Warning: CoordinatesB4: X:-2147483648 Y:1073741824
[2019.02.18-19.20.36:983][887]LogTemp: Warning: CoordinatesB4: X:-2147483648 Y:1073741824
[2019.02.18-19.20.52:848][726]LogTemp: Warning: CoordinatesB4: X:-1073741824 Y:1073741824
[2019.02.18-19.20.52:861][727]LogTemp: Warning: CoordinatesB4: X:-1073741824 Y:1073741824
[2019.02.18-19.20.52:872][728]LogTemp: Warning: CoordinatesB4: X:-1073741824 Y:1073741824
[2019.02.18-19.20.52:884][729]LogTemp: Warning: CoordinatesB4: X:-1073741824 Y:1073741824
[2019.02.18-19.20.52:896][730]LogTemp: Warning: CoordinatesB4: X:-1073741824 Y:1073741824
[2019.02.18-19.21.03:287][378]LogBlueprintUserMessages: Early EndPlayMap Detection: Level '/Game/FirstPersonCPP/Maps/FirstPersonExampleMap.FirstPersonExampleMap:PersistentLevel' has LevelScriptBlueprint '/Game/FirstPersonCPP/Maps/FirstPersonExampleMap.FirstPersonExampleMap:PersistentLevel.FirstPersonExampleMap' with GeneratedClass '/Game/FirstPersonCPP/Maps/FirstPersonExampleMap.FirstPersonExampleMap_C' with ClassGeneratedBy '/Game/FirstPersonCPP/Maps/FirstPersonExampleMap.FirstPersonExampleMap:PersistentLevel.FirstPersonExampleMap'
[2019.02.18-19.21.03:362][378]LogSlate: Updating window title bar state: overlay mode, drag disabled, window buttons hidden, title bar hidden
[2019.02.18-19.21.04:198][378]LogPlayLevel: Display: Shutting down PIE online subsystems
[2019.02.18-19.21.04:219][378]LogBlueprintUserMessages: Late EndPlayMap Detection: Level '/Game/FirstPersonCPP/Maps/FirstPersonExampleMap.FirstPersonExampleMap:PersistentLevel' has LevelScriptBlueprint '/Game/FirstPersonCPP/Maps/FirstPersonExampleMap.FirstPersonExampleMap:PersistentLevel.FirstPersonExampleMap' with GeneratedClass '/Game/FirstPersonCPP/Maps/FirstPersonExampleMap.FirstPersonExampleMap_C' with ClassGeneratedBy '/Game/FirstPersonCPP/Maps/FirstPersonExampleMap.FirstPersonExampleMap:PersistentLevel.FirstPersonExampleMap'
[2019.02.18-19.21.04:461][378]LogSlate: Updating window title bar state: overlay mode, drag disabled, window buttons hidden, title bar hidden
[2019.02.18-19.21.04:822][379]LogPlayLevel: Display: Destroying online subsystem :Context_9
