Log file open, 03/04/19 11:47:23
LogWindows: Failed to load 'aqProf.dll' (GetLastError=126)
LogWindows: File 'aqProf.dll' does not exist
LogWindows: Failed to load 'VtuneApi.dll' (GetLastError=126)
LogWindows: File 'VtuneApi.dll' does not exist
LogWindows: Failed to load 'VtuneApi32e.dll' (GetLastError=126)
LogWindows: File 'VtuneApi32e.dll' does not exist
LogConsoleResponse: Display: Failed to find resolution value strings in scalability ini. Falling back to default.
LogInit: Display: Running engine for game: Slime
LogPakFile: Registered encryption key '00000000000000000000000000000000': 0 pak files mounted, 0 remain pending
LogPlatformFile: Not using cached read wrapper
LogTaskGraph: Started task graph with 5 named threads and 14 total threads with 3 sets of task threads.
LogStats: Stats thread started at 0.286574
LogD3D11RHI: Loaded GFSDK_Aftermath_Lib.x64.dll
LogICUInternationalization: ICU TimeZone Detection - Raw Offset: +0:00, Platform Override: ''
LogPluginManager: Mounting plugin Paper2D
LogPluginManager: Mounting plugin AISupport
LogPluginManager: Mounting plugin LightPropagationVolume
LogPluginManager: Mounting plugin ActorLayerUtilities
LogPluginManager: Mounting plugin CLionSourceCodeAccess
LogPluginManager: Mounting plugin CodeLiteSourceCodeAccess
LogPluginManager: Mounting plugin GitSourceControl
LogPluginManager: Mounting plugin KDevelopSourceCodeAccess
LogPluginManager: Mounting plugin NullSourceCodeAccess
LogPluginManager: Mounting plugin PerforceSourceControl
LogPluginManager: Mounting plugin SubversionSourceControl
LogPluginManager: Mounting plugin UObjectPlugin
LogPluginManager: Mounting plugin VisualStudioCodeSourceCodeAccess
LogPluginManager: Mounting plugin VisualStudioSourceCodeAccess
LogPluginManager: Mounting plugin XCodeSourceCodeAccess
LogPluginManager: Mounting plugin AssetManagerEditor
LogPluginManager: Mounting plugin CryptoKeys
LogPluginManager: Mounting plugin DataValidation
LogPluginManager: Mounting plugin FacialAnimation
LogPluginManager: Mounting plugin GameplayTagsEditor
LogPluginManager: Mounting plugin MacGraphicsSwitching
LogPluginManager: Mounting plugin MeshEditor
LogPluginManager: Mounting plugin MobileLauncherProfileWizard
LogPluginManager: Mounting plugin PluginBrowser
LogPluginManager: Mounting plugin SpeedTreeImporter
LogPluginManager: Mounting plugin DatasmithContent
LogPluginManager: Mounting plugin VariantManagerContent
LogPluginManager: Mounting plugin AlembicImporter
LogPluginManager: Mounting plugin AppleImageUtils
LogPluginManager: Mounting plugin AppleVision
LogPluginManager: Mounting plugin BackChannel
LogPluginManager: Mounting plugin CharacterAI
LogPluginManager: Mounting plugin GeometryCache
LogPluginManager: Mounting plugin HTML5Networking
LogPluginManager: Mounting plugin ProxyLODPlugin
LogPluginManager: Mounting plugin MagicLeap
LogPluginManager: Mounting plugin MagicLeapMedia
LogPluginManager: Mounting plugin AndroidMedia
LogPluginManager: Mounting plugin AvfMedia
LogPluginManager: Mounting plugin ImgMedia
LogPluginManager: Mounting plugin LinearTimecode
LogPluginManager: Mounting plugin MediaCompositing
LogPluginManager: Mounting plugin MediaPlayerEditor
LogPluginManager: Mounting plugin WebMMedia
LogPluginManager: Mounting plugin WmfMedia
LogPluginManager: Mounting plugin TcpMessaging
LogPluginManager: Mounting plugin UdpMessaging
LogPluginManager: Mounting plugin ActorSequence
LogPluginManager: Mounting plugin LevelSequenceEditor
LogPluginManager: Mounting plugin MatineeToLevelSequence
LogPluginManager: Mounting plugin NetcodeUnitTest
LogPluginManager: Mounting plugin NUTUnrealEngine4
LogPluginManager: Mounting plugin OnlineSubsystemGooglePlay
LogPluginManager: Mounting plugin OnlineSubsystemIOS
LogPluginManager: Mounting plugin OnlineSubsystem
LogPluginManager: Mounting plugin OnlineSubsystemNull
LogPluginManager: Mounting plugin OnlineSubsystemUtils
LogPluginManager: Mounting plugin LauncherChunkInstaller
LogPluginManager: Mounting plugin AndroidDeviceProfileSelector
LogPluginManager: Mounting plugin AndroidMoviePlayer
LogPluginManager: Mounting plugin AndroidPermission
LogPluginManager: Mounting plugin AppleMoviePlayer
LogPluginManager: Mounting plugin ArchVisCharacter
LogPluginManager: Mounting plugin AudioCapture
LogPluginManager: Mounting plugin CableComponent
LogPluginManager: Mounting plugin CustomMeshComponent
LogPluginManager: Mounting plugin EditableMesh
LogPluginManager: Mounting plugin ExampleDeviceProfileSelector
LogPluginManager: Mounting plugin Firebase
LogPluginManager: Mounting plugin GoogleCloudMessaging
LogPluginManager: Mounting plugin IOSDeviceProfileSelector
LogPluginManager: Mounting plugin LinuxDeviceProfileSelector
LogPluginManager: Mounting plugin LocationServicesBPLibrary
LogPluginManager: Mounting plugin MobilePatchingUtils
LogPluginManager: Mounting plugin OculusVR
LogPluginManager: Mounting plugin PhysXVehicles
LogPluginManager: Mounting plugin ProceduralMeshComponent
LogPluginManager: Mounting plugin RuntimePhysXCooking
LogPluginManager: Mounting plugin SteamVR
LogPluginManager: Mounting plugin WebMMoviePlayer
LogPluginManager: Mounting plugin WindowsMoviePlayer
LogStreaming: Display: Took  0.541s to configure plugins.
LogInit: Using libcurl 7.55.1-DEV
LogInit:  - built for x86_64-pc-win32
LogInit:  - supports SSL with OpenSSL/1.0.2h
LogInit:  - supports HTTP deflate (compression) using libz 1.2.8
LogInit:  - other features:
LogInit:      CURL_VERSION_SSL
LogInit:      CURL_VERSION_LIBZ
LogInit:      CURL_VERSION_IPV6
LogInit:      CURL_VERSION_ASYNCHDNS
LogInit:      CURL_VERSION_LARGEFILE
LogInit:      CURL_VERSION_IDN
LogInit:  CurlRequestOptions (configurable via config and command line):
LogInit:  - bVerifyPeer = true  - Libcurl will verify peer certificate
LogInit:  - bUseHttpProxy = false  - Libcurl will NOT use HTTP proxy
LogInit:  - bDontReuseConnections = false  - Libcurl will reuse connections
LogInit:  - MaxHostConnections = 16  - Libcurl will limit the number of connections to a host
LogInit:  - LocalHostAddr = Default
LogInit:  - BufferSize = 65536
LogInit: WinSock: version 1.1 (2.2), MaxSocks=32767, MaxUdp=65467
LogInit: Build: ++UE4+Release-4.21-CL-4753647
LogInit: Engine Version: 4.21.2-4753647+++UE4+Release-4.21
LogInit: Compatible Engine Version: 4.21.0-4541578+++UE4+Release-4.21
LogInit: Net CL: 4541578
LogInit: OS: Windows 10 (), CPU: Intel(R) Core(TM) i5-6500 CPU @ 3.20GHz, GPU: NVIDIA GeForce GTX 970
LogInit: Compiled (64-bit): Jan 19 2019 02:07:31
LogInit: Compiled with Visual C++: 19.13.26129.00
LogInit: Build Configuration: Development
LogInit: Branch Name: ++UE4+Release-4.21
LogInit: Command Line:  -skipcompile
LogInit: Base Directory: C:/Program Files/UE_4.21/Engine/Binaries/Win64/
LogInit: Installed Engine Build: 1
LogDevObjectVersion: Number of dev versions registered: 22
LogDevObjectVersion:   Dev-Blueprints (B0D832E4-1F89-4F0D-ACCF-7EB736FD4AA2): 10
LogDevObjectVersion:   Dev-Build (E1C64328-A22C-4D53-A36C-8E866417BD8C): 0
LogDevObjectVersion:   Dev-Core (375EC13C-06E4-48FB-B500-84F0262A717E): 2
LogDevObjectVersion:   Dev-Editor (E4B068ED-F494-42E9-A231-DA0B2E46BB41): 26
LogDevObjectVersion:   Dev-Framework (CFFC743F-43B0-4480-9391-14DF171D2073): 34
LogDevObjectVersion:   Dev-Mobile (B02B49B5-BB20-44E9-A304-32B752E40360): 2
LogDevObjectVersion:   Dev-Networking (A4E4105C-59A1-49B5-A7C5-40C4547EDFEE): 0
LogDevObjectVersion:   Dev-Online (39C831C9-5AE6-47DC-9A44-9C173E1C8E7C): 0
LogDevObjectVersion:   Dev-Physics (78F01B33-EBEA-4F98-B9B4-84EACCB95AA2): 0
LogDevObjectVersion:   Dev-Platform (6631380F-2D4D-43E0-8009-CF276956A95A): 0
LogDevObjectVersion:   Dev-Rendering (12F88B9F-8875-4AFC-A67C-D90C383ABD29): 27
LogDevObjectVersion:   Dev-Sequencer (7B5AE74C-D270-4C10-A958-57980B212A5A): 9
LogDevObjectVersion:   Dev-VR (D7296918-1DD6-4BDD-9DE2-64A83CC13884): 2
LogDevObjectVersion:   Dev-LoadTimes (C2A15278-BFE7-4AFE-6C17-90FF531DF755): 1
LogDevObjectVersion:   Private-Geometry (6EACA3D4-40EC-4CC1-B786-8BED09428FC5): 3
LogDevObjectVersion:   Dev-AnimPhys (29E575DD-E0A3-4627-9D10-D276232CDCEA): 17
LogDevObjectVersion:   Dev-Anim (AF43A65D-7FD3-4947-9873-3E8ED9C1BB05): 2
LogDevObjectVersion:   Dev-ReflectionCapture (6B266CEC-1EC7-4B8F-A30B-E4D90942FC07): 1
LogDevObjectVersion:   Dev-Automation (0DF73D61-A23F-47EA-B727-89E90C41499A): 1
LogDevObjectVersion:   FortniteMain (601D1886-AC64-4F84-AA16-D3DE0DEAC7D6): 17
LogDevObjectVersion:   Dev-Enterprise (9DFFBCD6-494F-0158-E221-12823C92A888): 4
LogDevObjectVersion:   Dev-Niagara (F2AED0AC-9AFE-416F-8664-AA7FFA26D6FC): 1
LogStreaming: Display: Took  0.003s to delete old logs.
LogInit: Presizing for max 8388607 objects, including 0 objects not considered by GC, pre-allocating 0 bytes for permanent pool.
LogInit: Object subsystem initialized
LogConfig: Setting CVar [[con.DebugEarlyDefault:1]]
LogConfig: Setting CVar [[r.setres:1280x720]]
[2019.03.04-11.47.24:015][  0]LogConfig: Setting CVar [[r.VSync:0]]
[2019.03.04-11.47.24:015][  0]LogConfig: Setting CVar [[r.RHICmdBypass:0]]
[2019.03.04-11.47.24:016][  0]LogConfig: Applying CVar settings from Section [/Script/Engine.RendererSettings] File [A:/Uni 2018-19/Github/Slime/Slime/Slime/Saved/Config/Windows/Engine.ini]
[2019.03.04-11.47.24:016][  0]LogConfig: Setting CVar [[r.GPUCrashDebugging:0]]
[2019.03.04-11.47.24:016][  0]LogConfig: Applying CVar settings from Section [/Script/Engine.RendererOverrideSettings] File [A:/Uni 2018-19/Github/Slime/Slime/Slime/Saved/Config/Windows/Engine.ini]
[2019.03.04-11.47.24:016][  0]LogConfig: Applying CVar settings from Section [/Script/Engine.StreamingSettings] File [A:/Uni 2018-19/Github/Slime/Slime/Slime/Saved/Config/Windows/Engine.ini]
[2019.03.04-11.47.24:016][  0]LogConfig: Setting CVar [[s.MinBulkDataSizeForAsyncLoading:131072]]
[2019.03.04-11.47.24:016][  0]LogConfig: Setting CVar [[s.AsyncLoadingThreadEnabled:0]]
[2019.03.04-11.47.24:016][  0]LogConfig: Setting CVar [[s.EventDrivenLoaderEnabled:1]]
[2019.03.04-11.47.24:016][  0]LogConfig: Setting CVar [[s.WarnIfTimeLimitExceeded:0]]
[2019.03.04-11.47.24:017][  0]LogConfig: Setting CVar [[s.TimeLimitExceededMultiplier:1.5]]
[2019.03.04-11.47.24:017][  0]LogConfig: Setting CVar [[s.TimeLimitExceededMinTime:0.005]]
[2019.03.04-11.47.24:017][  0]LogConfig: Setting CVar [[s.UseBackgroundLevelStreaming:1]]
[2019.03.04-11.47.24:017][  0]LogConfig: Setting CVar [[s.PriorityAsyncLoadingExtraTime:15.0]]
[2019.03.04-11.47.24:017][  0]LogConfig: Setting CVar [[s.LevelStreamingActorsUpdateTimeLimit:5.0]]
[2019.03.04-11.47.24:017][  0]LogConfig: Setting CVar [[s.PriorityLevelStreamingActorsUpdateExtraTime:5.0]]
[2019.03.04-11.47.24:017][  0]LogConfig: Setting CVar [[s.LevelStreamingComponentsRegistrationGranularity:10]]
[2019.03.04-11.47.24:017][  0]LogConfig: Setting CVar [[s.UnregisterComponentsTimeLimit:1.0]]
[2019.03.04-11.47.24:018][  0]LogConfig: Setting CVar [[s.LevelStreamingComponentsUnregistrationGranularity:5]]
[2019.03.04-11.47.24:018][  0]LogConfig: Applying CVar settings from Section [/Script/Engine.GarbageCollectionSettings] File [A:/Uni 2018-19/Github/Slime/Slime/Slime/Saved/Config/Windows/Engine.ini]
[2019.03.04-11.47.24:018][  0]LogConfig: Setting CVar [[gc.MaxObjectsNotConsideredByGC:1]]
[2019.03.04-11.47.24:018][  0]LogConfig: Setting CVar [[gc.SizeOfPermanentObjectPool:0]]
[2019.03.04-11.47.24:018][  0]LogConfig: Setting CVar [[gc.FlushStreamingOnGC:0]]
[2019.03.04-11.47.24:018][  0]LogConfig: Setting CVar [[gc.NumRetriesBeforeForcingGC:10]]
[2019.03.04-11.47.24:018][  0]LogConfig: Setting CVar [[gc.AllowParallelGC:1]]
[2019.03.04-11.47.24:018][  0]LogConfig: Setting CVar [[gc.TimeBetweenPurgingPendingKillObjects:61.1]]
[2019.03.04-11.47.24:018][  0]LogConfig: Setting CVar [[gc.MaxObjectsInEditor:8388607]]
[2019.03.04-11.47.24:018][  0]LogConfig: Setting CVar [[gc.IncrementalBeginDestroyEnabled:1]]
[2019.03.04-11.47.24:018][  0]LogConfig: Setting CVar [[gc.CreateGCClusters:1]]
[2019.03.04-11.47.24:018][  0]LogConfig: Setting CVar [[gc.MergeGCClusters:0]]
[2019.03.04-11.47.24:018][  0]LogConfig: Setting CVar [[gc.MinGCClusterSize:5]]
[2019.03.04-11.47.24:018][  0]LogConfig: Setting CVar [[gc.ActorClusteringEnabled:0]]
[2019.03.04-11.47.24:018][  0]LogConfig: Setting CVar [[gc.BlueprintClusteringEnabled:0]]
[2019.03.04-11.47.24:018][  0]LogConfig: Setting CVar [[gc.UseDisregardForGCOnDedicatedServers:0]]
[2019.03.04-11.47.24:018][  0]LogConfig: Applying CVar settings from Section [/Script/Engine.NetworkSettings] File [A:/Uni 2018-19/Github/Slime/Slime/Slime/Saved/Config/Windows/Engine.ini]
[2019.03.04-11.47.24:018][  0]LogConfig: Applying CVar settings from Section [/Script/UnrealEd.CookerSettings] File [A:/Uni 2018-19/Github/Slime/Slime/Slime/Saved/Config/Windows/Engine.ini]
[2019.03.04-11.47.24:033][  0]LogConfig: Applying CVar settings from Section [ViewDistanceQuality@3] File [A:/Uni 2018-19/Github/Slime/Slime/Slime/Saved/Config/Windows/Scalability.ini]
[2019.03.04-11.47.24:033][  0]LogConfig: Setting CVar [[r.SkeletalMeshLODBias:0]]
[2019.03.04-11.47.24:033][  0]LogConfig: Setting CVar [[r.ViewDistanceScale:1.0]]
[2019.03.04-11.47.24:033][  0]LogConfig: Applying CVar settings from Section [AntiAliasingQuality@3] File [A:/Uni 2018-19/Github/Slime/Slime/Slime/Saved/Config/Windows/Scalability.ini]
[2019.03.04-11.47.24:033][  0]LogConfig: Setting CVar [[r.PostProcessAAQuality:4]]
[2019.03.04-11.47.24:033][  0]LogConfig: Applying CVar settings from Section [ShadowQuality@3] File [A:/Uni 2018-19/Github/Slime/Slime/Slime/Saved/Config/Windows/Scalability.ini]
[2019.03.04-11.47.24:033][  0]LogConfig: Setting CVar [[r.LightFunctionQuality:1]]
[2019.03.04-11.47.24:034][  0]LogConfig: Setting CVar [[r.ShadowQuality:5]]
[2019.03.04-11.47.24:034][  0]LogConfig: Setting CVar [[r.Shadow.CSM.MaxCascades:10]]
[2019.03.04-11.47.24:034][  0]LogConfig: Setting CVar [[r.Shadow.MaxResolution:2048]]
[2019.03.04-11.47.24:034][  0]LogConfig: Setting CVar [[r.Shadow.MaxCSMResolution:2048]]
[2019.03.04-11.47.24:034][  0]LogConfig: Setting CVar [[r.Shadow.RadiusThreshold:0.01]]
[2019.03.04-11.47.24:034][  0]LogConfig: Setting CVar [[r.Shadow.DistanceScale:1.0]]
[2019.03.04-11.47.24:034][  0]LogConfig: Setting CVar [[r.Shadow.CSM.TransitionScale:1.0]]
[2019.03.04-11.47.24:034][  0]LogConfig: Setting CVar [[r.Shadow.PreShadowResolutionFactor:1.0]]
[2019.03.04-11.47.24:034][  0]LogConfig: Setting CVar [[r.DistanceFieldShadowing:1]]
[2019.03.04-11.47.24:034][  0]LogConfig: Setting CVar [[r.DistanceFieldAO:1]]
[2019.03.04-11.47.24:034][  0]LogConfig: Setting CVar [[r.AOQuality:2]]
[2019.03.04-11.47.24:034][  0]LogConfig: Setting CVar [[r.VolumetricFog:1]]
[2019.03.04-11.47.24:034][  0]LogConfig: Setting CVar [[r.VolumetricFog.GridPixelSize:8]]
[2019.03.04-11.47.24:034][  0]LogConfig: Setting CVar [[r.VolumetricFog.GridSizeZ:128]]
[2019.03.04-11.47.24:034][  0]LogConfig: Setting CVar [[r.VolumetricFog.HistoryMissSupersampleCount:4]]
[2019.03.04-11.47.24:034][  0]LogConfig: Setting CVar [[r.LightMaxDrawDistanceScale:1]]
[2019.03.04-11.47.24:034][  0]LogConfig: Setting CVar [[r.CapsuleShadows:1]]
[2019.03.04-11.47.24:034][  0]LogConfig: Applying CVar settings from Section [PostProcessQuality@3] File [A:/Uni 2018-19/Github/Slime/Slime/Slime/Saved/Config/Windows/Scalability.ini]
[2019.03.04-11.47.24:035][  0]LogConfig: Setting CVar [[r.MotionBlurQuality:4]]
[2019.03.04-11.47.24:035][  0]LogConfig: Setting CVar [[r.AmbientOcclusionMipLevelFactor:0.4]]
[2019.03.04-11.47.24:035][  0]LogConfig: Setting CVar [[r.AmbientOcclusionMaxQuality:100]]
[2019.03.04-11.47.24:035][  0]LogConfig: Setting CVar [[r.AmbientOcclusionLevels:-1]]
[2019.03.04-11.47.24:035][  0]LogConfig: Setting CVar [[r.AmbientOcclusionRadiusScale:1.0]]
[2019.03.04-11.47.24:035][  0]LogConfig: Setting CVar [[r.DepthOfFieldQuality:2]]
[2019.03.04-11.47.24:035][  0]LogConfig: Setting CVar [[r.RenderTargetPoolMin:400]]
[2019.03.04-11.47.24:035][  0]LogConfig: Setting CVar [[r.LensFlareQuality:2]]
[2019.03.04-11.47.24:035][  0]LogConfig: Setting CVar [[r.SceneColorFringeQuality:1]]
[2019.03.04-11.47.24:035][  0]LogConfig: Setting CVar [[r.EyeAdaptationQuality:2]]
[2019.03.04-11.47.24:035][  0]LogConfig: Setting CVar [[r.BloomQuality:5]]
[2019.03.04-11.47.24:035][  0]LogConfig: Setting CVar [[r.FastBlurThreshold:100]]
[2019.03.04-11.47.24:035][  0]LogConfig: Setting CVar [[r.Upscale.Quality:3]]
[2019.03.04-11.47.24:035][  0]LogConfig: Setting CVar [[r.Tonemapper.GrainQuantization:1]]
[2019.03.04-11.47.24:035][  0]LogConfig: Setting CVar [[r.LightShaftQuality:1]]
[2019.03.04-11.47.24:035][  0]LogConfig: Setting CVar [[r.Filter.SizeScale:1]]
[2019.03.04-11.47.24:035][  0]LogConfig: Setting CVar [[r.Tonemapper.Quality:5]]
[2019.03.04-11.47.24:035][  0]LogConfig: Setting CVar [[r.DOF.Gather.AccumulatorQuality:1        ; higher gathering accumulator quality]]
[2019.03.04-11.47.24:035][  0]LogConfig: Setting CVar [[r.DOF.Gather.PostfilterMethod:1          ; Median3x3 postfilering method]]
[2019.03.04-11.47.24:035][  0]LogConfig: Setting CVar [[r.DOF.Gather.EnableBokehSettings:0       ; no bokeh simulation when gathering]]
[2019.03.04-11.47.24:035][  0]LogConfig: Setting CVar [[r.DOF.Gather.RingCount:4                 ; medium number of samples when gathering]]
[2019.03.04-11.47.24:036][  0]LogConfig: Setting CVar [[r.DOF.Scatter.ForegroundCompositing:1    ; additive foreground scattering]]
[2019.03.04-11.47.24:036][  0]LogConfig: Setting CVar [[r.DOF.Scatter.BackgroundCompositing:2    ; additive background scattering]]
[2019.03.04-11.47.24:036][  0]LogConfig: Setting CVar [[r.DOF.Scatter.EnableBokehSettings:1      ; bokeh simulation when scattering]]
[2019.03.04-11.47.24:036][  0]LogConfig: Setting CVar [[r.DOF.Scatter.MaxSpriteRatio:0.1         ; only a maximum of 10% of scattered bokeh]]
[2019.03.04-11.47.24:036][  0]LogConfig: Setting CVar [[r.DOF.Recombine.Quality:1                ; cheap slight out of focus]]
[2019.03.04-11.47.24:036][  0]LogConfig: Setting CVar [[r.DOF.Recombine.EnableBokehSettings:0    ; no bokeh simulation on slight out of focus]]
[2019.03.04-11.47.24:036][  0]LogConfig: Setting CVar [[r.DOF.TemporalAAQuality:1                ; more stable temporal accumulation]]
[2019.03.04-11.47.24:036][  0]LogConfig: Setting CVar [[r.DOF.Kernel.MaxForegroundRadius:0.025]]
[2019.03.04-11.47.24:036][  0]LogConfig: Setting CVar [[r.DOF.Kernel.MaxBackgroundRadius:0.025]]
[2019.03.04-11.47.24:036][  0]LogConfig: Applying CVar settings from Section [TextureQuality@3] File [A:/Uni 2018-19/Github/Slime/Slime/Slime/Saved/Config/Windows/Scalability.ini]
[2019.03.04-11.47.24:036][  0]LogConfig: Setting CVar [[r.Streaming.MipBias:0]]
[2019.03.04-11.47.24:036][  0]LogConfig: Setting CVar [[r.Streaming.AmortizeCPUToGPUCopy:0]]
[2019.03.04-11.47.24:036][  0]LogConfig: Setting CVar [[r.Streaming.MaxNumTexturesToStreamPerFrame:0]]
[2019.03.04-11.47.24:036][  0]LogConfig: Setting CVar [[r.Streaming.Boost:1]]
[2019.03.04-11.47.24:036][  0]LogConfig: Setting CVar [[r.MaxAnisotropy:8]]
[2019.03.04-11.47.24:036][  0]LogConfig: Setting CVar [[r.Streaming.LimitPoolSizeToVRAM:0]]
[2019.03.04-11.47.24:036][  0]LogConfig: Setting CVar [[r.Streaming.PoolSize:1000]]
[2019.03.04-11.47.24:036][  0]LogConfig: Setting CVar [[r.Streaming.MaxEffectiveScreenSize:0]]
[2019.03.04-11.47.24:036][  0]LogConfig: Applying CVar settings from Section [EffectsQuality@3] File [A:/Uni 2018-19/Github/Slime/Slime/Slime/Saved/Config/Windows/Scalability.ini]
[2019.03.04-11.47.24:036][  0]LogConfig: Setting CVar [[r.TranslucencyLightingVolumeDim:64]]
[2019.03.04-11.47.24:036][  0]LogConfig: Setting CVar [[r.RefractionQuality:2]]
[2019.03.04-11.47.24:036][  0]LogConfig: Setting CVar [[r.SSR.Quality:3]]
[2019.03.04-11.47.24:037][  0]LogConfig: Setting CVar [[r.SceneColorFormat:4]]
[2019.03.04-11.47.24:037][  0]LogConfig: Setting CVar [[r.DetailMode:2]]
[2019.03.04-11.47.24:037][  0]LogConfig: Setting CVar [[r.TranslucencyVolumeBlur:1]]
[2019.03.04-11.47.24:037][  0]LogConfig: Setting CVar [[r.MaterialQualityLevel:1 ; High quality]]
[2019.03.04-11.47.24:037][  0]LogConfig: Setting CVar [[r.SSS.Scale:1]]
[2019.03.04-11.47.24:037][  0]LogConfig: Setting CVar [[r.SSS.SampleSet:2]]
[2019.03.04-11.47.24:037][  0]LogConfig: Setting CVar [[r.SSS.Quality:1]]
[2019.03.04-11.47.24:037][  0]LogConfig: Setting CVar [[r.SSS.HalfRes:1]]
[2019.03.04-11.47.24:037][  0]LogConfig: Setting CVar [[r.EmitterSpawnRateScale:1.0]]
[2019.03.04-11.47.24:037][  0]LogConfig: Setting CVar [[r.ParticleLightQuality:2]]
[2019.03.04-11.47.24:037][  0]LogConfig: Applying CVar settings from Section [FoliageQuality@3] File [A:/Uni 2018-19/Github/Slime/Slime/Slime/Saved/Config/Windows/Scalability.ini]
[2019.03.04-11.47.24:037][  0]LogConfig: Setting CVar [[foliage.DensityScale:1.0]]
[2019.03.04-11.47.24:037][  0]LogConfig: Setting CVar [[grass.DensityScale:1.0]]
[2019.03.04-11.47.24:038][  0]LogInit: Selected Device Profile: [Windows]
[2019.03.04-11.47.24:038][  0]LogInit: Applying CVar settings loaded from the selected device profile: [Windows]
[2019.03.04-11.47.24:062][  0]LogHAL: Display: Platform has ~ 16 GB [17132032000 / 17179869184 / 16], which maps to Larger [LargestMinGB=32, LargerMinGB=12, DefaultMinGB=8, SmallerMinGB=6, SmallestMinGB=0)
[2019.03.04-11.47.24:063][  0]LogConfig: Setting CVar [[r.Vulkan.UseRealUBs:1]]
[2019.03.04-11.47.24:063][  0]LogInit: Going up to parent DeviceProfile []
[2019.03.04-11.47.24:063][  0]LogConfig: Applying CVar settings from Section [ViewDistanceQuality@3] File [A:/Uni 2018-19/Github/Slime/Slime/Slime/Saved/Config/Windows/Scalability.ini]
[2019.03.04-11.47.24:063][  0]LogConfig: Setting CVar [[r.SkeletalMeshLODBias:0]]
[2019.03.04-11.47.24:063][  0]LogConfig: Setting CVar [[r.ViewDistanceScale:1.0]]
[2019.03.04-11.47.24:063][  0]LogConfig: Applying CVar settings from Section [AntiAliasingQuality@3] File [A:/Uni 2018-19/Github/Slime/Slime/Slime/Saved/Config/Windows/Scalability.ini]
[2019.03.04-11.47.24:063][  0]LogConfig: Setting CVar [[r.PostProcessAAQuality:4]]
[2019.03.04-11.47.24:063][  0]LogConfig: Applying CVar settings from Section [ShadowQuality@3] File [A:/Uni 2018-19/Github/Slime/Slime/Slime/Saved/Config/Windows/Scalability.ini]
[2019.03.04-11.47.24:063][  0]LogConfig: Setting CVar [[r.LightFunctionQuality:1]]
[2019.03.04-11.47.24:063][  0]LogConfig: Setting CVar [[r.ShadowQuality:5]]
[2019.03.04-11.47.24:064][  0]LogConfig: Setting CVar [[r.Shadow.CSM.MaxCascades:10]]
[2019.03.04-11.47.24:064][  0]LogConfig: Setting CVar [[r.Shadow.MaxResolution:2048]]
[2019.03.04-11.47.24:064][  0]LogConfig: Setting CVar [[r.Shadow.MaxCSMResolution:2048]]
[2019.03.04-11.47.24:064][  0]LogConfig: Setting CVar [[r.Shadow.RadiusThreshold:0.01]]
[2019.03.04-11.47.24:064][  0]LogConfig: Setting CVar [[r.Shadow.DistanceScale:1.0]]
[2019.03.04-11.47.24:064][  0]LogConfig: Setting CVar [[r.Shadow.CSM.TransitionScale:1.0]]
[2019.03.04-11.47.24:064][  0]LogConfig: Setting CVar [[r.Shadow.PreShadowResolutionFactor:1.0]]
[2019.03.04-11.47.24:064][  0]LogConfig: Setting CVar [[r.DistanceFieldShadowing:1]]
[2019.03.04-11.47.24:064][  0]LogConfig: Setting CVar [[r.DistanceFieldAO:1]]
[2019.03.04-11.47.24:064][  0]LogConfig: Setting CVar [[r.AOQuality:2]]
[2019.03.04-11.47.24:064][  0]LogConfig: Setting CVar [[r.VolumetricFog:1]]
[2019.03.04-11.47.24:064][  0]LogConfig: Setting CVar [[r.VolumetricFog.GridPixelSize:8]]
[2019.03.04-11.47.24:064][  0]LogConfig: Setting CVar [[r.VolumetricFog.GridSizeZ:128]]
[2019.03.04-11.47.24:065][  0]LogConfig: Setting CVar [[r.VolumetricFog.HistoryMissSupersampleCount:4]]
[2019.03.04-11.47.24:065][  0]LogConfig: Setting CVar [[r.LightMaxDrawDistanceScale:1]]
[2019.03.04-11.47.24:066][  0]LogConfig: Setting CVar [[r.CapsuleShadows:1]]
[2019.03.04-11.47.24:066][  0]LogConfig: Applying CVar settings from Section [PostProcessQuality@3] File [A:/Uni 2018-19/Github/Slime/Slime/Slime/Saved/Config/Windows/Scalability.ini]
[2019.03.04-11.47.24:067][  0]LogConfig: Setting CVar [[r.MotionBlurQuality:4]]
[2019.03.04-11.47.24:067][  0]LogConfig: Setting CVar [[r.AmbientOcclusionMipLevelFactor:0.4]]
[2019.03.04-11.47.24:067][  0]LogConfig: Setting CVar [[r.AmbientOcclusionMaxQuality:100]]
[2019.03.04-11.47.24:067][  0]LogConfig: Setting CVar [[r.AmbientOcclusionLevels:-1]]
[2019.03.04-11.47.24:067][  0]LogConfig: Setting CVar [[r.AmbientOcclusionRadiusScale:1.0]]
[2019.03.04-11.47.24:067][  0]LogConfig: Setting CVar [[r.DepthOfFieldQuality:2]]
[2019.03.04-11.47.24:067][  0]LogConfig: Setting CVar [[r.RenderTargetPoolMin:400]]
[2019.03.04-11.47.24:067][  0]LogConfig: Setting CVar [[r.LensFlareQuality:2]]
[2019.03.04-11.47.24:067][  0]LogConfig: Setting CVar [[r.SceneColorFringeQuality:1]]
[2019.03.04-11.47.24:067][  0]LogConfig: Setting CVar [[r.EyeAdaptationQuality:2]]
[2019.03.04-11.47.24:067][  0]LogConfig: Setting CVar [[r.BloomQuality:5]]
[2019.03.04-11.47.24:067][  0]LogConfig: Setting CVar [[r.FastBlurThreshold:100]]
[2019.03.04-11.47.24:068][  0]LogConfig: Setting CVar [[r.Upscale.Quality:3]]
[2019.03.04-11.47.24:068][  0]LogConfig: Setting CVar [[r.Tonemapper.GrainQuantization:1]]
[2019.03.04-11.47.24:068][  0]LogConfig: Setting CVar [[r.LightShaftQuality:1]]
[2019.03.04-11.47.24:068][  0]LogConfig: Setting CVar [[r.Filter.SizeScale:1]]
[2019.03.04-11.47.24:069][  0]LogConfig: Setting CVar [[r.Tonemapper.Quality:5]]
[2019.03.04-11.47.24:069][  0]LogConfig: Setting CVar [[r.DOF.Gather.AccumulatorQuality:1        ; higher gathering accumulator quality]]
[2019.03.04-11.47.24:069][  0]LogConfig: Setting CVar [[r.DOF.Gather.PostfilterMethod:1          ; Median3x3 postfilering method]]
[2019.03.04-11.47.24:069][  0]LogConfig: Setting CVar [[r.DOF.Gather.EnableBokehSettings:0       ; no bokeh simulation when gathering]]
[2019.03.04-11.47.24:069][  0]LogConfig: Setting CVar [[r.DOF.Gather.RingCount:4                 ; medium number of samples when gathering]]
[2019.03.04-11.47.24:069][  0]LogConfig: Setting CVar [[r.DOF.Scatter.ForegroundCompositing:1    ; additive foreground scattering]]
[2019.03.04-11.47.24:069][  0]LogConfig: Setting CVar [[r.DOF.Scatter.BackgroundCompositing:2    ; additive background scattering]]
[2019.03.04-11.47.24:069][  0]LogConfig: Setting CVar [[r.DOF.Scatter.EnableBokehSettings:1      ; bokeh simulation when scattering]]
[2019.03.04-11.47.24:069][  0]LogConfig: Setting CVar [[r.DOF.Scatter.MaxSpriteRatio:0.1         ; only a maximum of 10% of scattered bokeh]]
[2019.03.04-11.47.24:069][  0]LogConfig: Setting CVar [[r.DOF.Recombine.Quality:1                ; cheap slight out of focus]]
[2019.03.04-11.47.24:069][  0]LogConfig: Setting CVar [[r.DOF.Recombine.EnableBokehSettings:0    ; no bokeh simulation on slight out of focus]]
[2019.03.04-11.47.24:070][  0]LogConfig: Setting CVar [[r.DOF.TemporalAAQuality:1                ; more stable temporal accumulation]]
[2019.03.04-11.47.24:070][  0]LogConfig: Setting CVar [[r.DOF.Kernel.MaxForegroundRadius:0.025]]
[2019.03.04-11.47.24:070][  0]LogConfig: Setting CVar [[r.DOF.Kernel.MaxBackgroundRadius:0.025]]
[2019.03.04-11.47.24:070][  0]LogConfig: Applying CVar settings from Section [TextureQuality@3] File [A:/Uni 2018-19/Github/Slime/Slime/Slime/Saved/Config/Windows/Scalability.ini]
[2019.03.04-11.47.24:070][  0]LogConfig: Setting CVar [[r.Streaming.MipBias:0]]
[2019.03.04-11.47.24:071][  0]LogConfig: Setting CVar [[r.Streaming.AmortizeCPUToGPUCopy:0]]
[2019.03.04-11.47.24:071][  0]LogConfig: Setting CVar [[r.Streaming.MaxNumTexturesToStreamPerFrame:0]]
[2019.03.04-11.47.24:071][  0]LogConfig: Setting CVar [[r.Streaming.Boost:1]]
[2019.03.04-11.47.24:071][  0]LogConfig: Setting CVar [[r.MaxAnisotropy:8]]
[2019.03.04-11.47.24:071][  0]LogConfig: Setting CVar [[r.Streaming.LimitPoolSizeToVRAM:0]]
[2019.03.04-11.47.24:071][  0]LogConfig: Setting CVar [[r.Streaming.PoolSize:1000]]
[2019.03.04-11.47.24:071][  0]LogConfig: Setting CVar [[r.Streaming.MaxEffectiveScreenSize:0]]
[2019.03.04-11.47.24:071][  0]LogConfig: Applying CVar settings from Section [EffectsQuality@3] File [A:/Uni 2018-19/Github/Slime/Slime/Slime/Saved/Config/Windows/Scalability.ini]
[2019.03.04-11.47.24:071][  0]LogConfig: Setting CVar [[r.TranslucencyLightingVolumeDim:64]]
[2019.03.04-11.47.24:071][  0]LogConfig: Setting CVar [[r.RefractionQuality:2]]
[2019.03.04-11.47.24:072][  0]LogConfig: Setting CVar [[r.SSR.Quality:3]]
[2019.03.04-11.47.24:072][  0]LogConfig: Setting CVar [[r.SceneColorFormat:4]]
[2019.03.04-11.47.24:072][  0]LogConfig: Setting CVar [[r.DetailMode:2]]
[2019.03.04-11.47.24:072][  0]LogConfig: Setting CVar [[r.TranslucencyVolumeBlur:1]]
[2019.03.04-11.47.24:072][  0]LogConfig: Setting CVar [[r.MaterialQualityLevel:1 ; High quality]]
[2019.03.04-11.47.24:073][  0]LogConfig: Setting CVar [[r.SSS.Scale:1]]
[2019.03.04-11.47.24:073][  0]LogConfig: Setting CVar [[r.SSS.SampleSet:2]]
[2019.03.04-11.47.24:073][  0]LogConfig: Setting CVar [[r.SSS.Quality:1]]
[2019.03.04-11.47.24:073][  0]LogConfig: Setting CVar [[r.SSS.HalfRes:1]]
[2019.03.04-11.47.24:073][  0]LogConfig: Setting CVar [[r.EmitterSpawnRateScale:1.0]]
[2019.03.04-11.47.24:073][  0]LogConfig: Setting CVar [[r.ParticleLightQuality:2]]
[2019.03.04-11.47.24:074][  0]LogConfig: Applying CVar settings from Section [FoliageQuality@3] File [A:/Uni 2018-19/Github/Slime/Slime/Slime/Saved/Config/Windows/Scalability.ini]
[2019.03.04-11.47.24:074][  0]LogConfig: Setting CVar [[foliage.DensityScale:1.0]]
[2019.03.04-11.47.24:074][  0]LogConfig: Setting CVar [[grass.DensityScale:1.0]]
[2019.03.04-11.47.24:074][  0]LogConfig: Applying CVar settings from Section [Startup] File [../../../Engine/Config/ConsoleVariables.ini]
[2019.03.04-11.47.24:080][  0]LogConfig: Setting CVar [[net.UseAdaptiveNetUpdateFrequency:0]]
[2019.03.04-11.47.24:080][  0]LogConfig: Applying CVar settings from Section [ConsoleVariables] File [A:/Uni 2018-19/Github/Slime/Slime/Slime/Saved/Config/Windows/Engine.ini]
[2019.03.04-11.47.24:081][  0]LogInit: Computer: MAINDESKTOP
[2019.03.04-11.47.24:081][  0]LogInit: User: kille
[2019.03.04-11.47.24:083][  0]LogInit: CPU Page size=4096, Cores=4
[2019.03.04-11.47.24:084][  0]LogInit: High frequency timer resolution =10.000000 MHz
[2019.03.04-11.47.24:084][  0]LogMemory: Memory total: Physical=16.0GB (16GB approx)
[2019.03.04-11.47.24:084][  0]LogMemory: Platform Memory Stats for Windows
[2019.03.04-11.47.24:084][  0]LogMemory: Process Physical Memory: 103.12 MB used, 103.12 MB peak
[2019.03.04-11.47.24:084][  0]LogMemory: Process Virtual Memory: 92.52 MB used, 92.52 MB peak
[2019.03.04-11.47.24:084][  0]LogMemory: Physical Memory: 6260.04 MB used,  10078.34 MB free, 16338.38 MB total
[2019.03.04-11.47.24:084][  0]LogMemory: Virtual Memory: 4638.16 MB used,  134213088.00 MB free, 134217728.00 MB total
[2019.03.04-11.47.24:395][  0]LogInit: Using OS detected language (en-US).
[2019.03.04-11.47.24:395][  0]LogInit: Using OS detected locale (en-GB).
[2019.03.04-11.47.24:397][  0]LogTextLocalizationManager: No specific localization for 'en-US' exists, so the 'en' localization will be used.
[2019.03.04-11.47.24:933][  0]LogStreaming: Display: Took  0.537s to InitEngineTextLocalization.
[2019.03.04-11.47.24:933][  0]LogInit: Setting process to per monitor DPI aware
[2019.03.04-11.47.25:063][  0]LogSlate: New Slate User Created.  User Index 0, Is Virtual User: 0
[2019.03.04-11.47.25:063][  0]LogSlate: Slate User Registered.  User Index 0, Is Virtual User: 0
[2019.03.04-11.47.28:446][  0]LogHMD: Failed to initialize OpenVR with code 126
[2019.03.04-11.47.28:446][  0]LogD3D11RHI: D3D11 adapters:
[2019.03.04-11.47.28:528][  0]LogD3D11RHI:    0. 'NVIDIA GeForce GTX 970' (Feature Level 11_0)
[2019.03.04-11.47.28:528][  0]LogD3D11RHI:       4043/0/8169 MB DedicatedVideo/DedicatedSystem/SharedSystem, Outputs:2, VendorId:0x10de
[2019.03.04-11.47.28:535][  0]LogD3D11RHI:    1. 'Microsoft Basic Render Driver' (Feature Level 11_0)
[2019.03.04-11.47.28:535][  0]LogD3D11RHI:       0/0/8169 MB DedicatedVideo/DedicatedSystem/SharedSystem, Outputs:0, VendorId:0x1414
[2019.03.04-11.47.28:535][  0]LogD3D11RHI: Chosen D3D11 Adapter: 0
[2019.03.04-11.47.28:544][  0]LogD3D11RHI: Creating new Direct3DDevice
[2019.03.04-11.47.28:544][  0]LogD3D11RHI:     GPU DeviceId: 0x13c2 (for the marketing name, search the web for "GPU Device Id")
[2019.03.04-11.47.28:544][  0]LogWindows: EnumDisplayDevices:
[2019.03.04-11.47.28:544][  0]LogWindows:    0. 'NVIDIA GeForce GTX 970' (P:1 D:1)
[2019.03.04-11.47.28:545][  0]LogWindows:    1. 'NVIDIA GeForce GTX 970' (P:0 D:1)
[2019.03.04-11.47.28:545][  0]LogWindows:    2. 'NVIDIA GeForce GTX 970' (P:0 D:0)
[2019.03.04-11.47.28:545][  0]LogWindows:    3. 'NVIDIA GeForce GTX 970' (P:0 D:0)
[2019.03.04-11.47.28:546][  0]LogWindows: DebugString: FoundDriverCount:4 
[2019.03.04-11.47.28:546][  0]LogD3D11RHI:     Adapter Name: NVIDIA GeForce GTX 970
[2019.03.04-11.47.28:546][  0]LogD3D11RHI:   Driver Version: 419.17 (internal:25.21.14.1917, unified:419.17)
[2019.03.04-11.47.28:546][  0]LogD3D11RHI:      Driver Date: 2-20-2019
[2019.03.04-11.47.28:547][  0]LogRHI: Texture pool is 2830 MB (70% of 4043 MB)
[2019.03.04-11.47.28:597][  0]LogD3D11RHI: Async texture creation enabled
[2019.03.04-11.47.28:644][  0]LogD3D11RHI: GPU Timing Frequency: 1000.000000 (Debug: 2 1)
[2019.03.04-11.47.29:028][  0]LogTemp: Display: Loaded TP AllDesktopTargetPlatform
[2019.03.04-11.47.29:044][  0]LogTemp: Display: Loaded TP MacClientTargetPlatform
[2019.03.04-11.47.29:059][  0]LogTemp: Display: Loaded TP MacNoEditorTargetPlatform
[2019.03.04-11.47.29:076][  0]LogTemp: Display: Loaded TP MacServerTargetPlatform
[2019.03.04-11.47.29:097][  0]LogTemp: Display: Loaded TP MacTargetPlatform
[2019.03.04-11.47.29:114][  0]LogTemp: Display: Loaded TP WindowsClientTargetPlatform
[2019.03.04-11.47.29:132][  0]LogTemp: Display: Loaded TP WindowsNoEditorTargetPlatform
[2019.03.04-11.47.29:148][  0]LogTemp: Display: Loaded TP WindowsServerTargetPlatform
[2019.03.04-11.47.29:158][  0]LogTemp: Display: Loaded TP WindowsTargetPlatform
[2019.03.04-11.47.29:243][  0]LogTemp: Display: Loaded TP AndroidTargetPlatform
[2019.03.04-11.47.29:243][  0]LogTemp: Display: Loaded TP AndroidTargetPlatform
[2019.03.04-11.47.29:243][  0]LogTemp: Display: Loaded TP AndroidTargetPlatform
[2019.03.04-11.47.29:243][  0]LogTemp: Display: Loaded TP AndroidTargetPlatform
[2019.03.04-11.47.29:243][  0]LogTemp: Display: Loaded TP AndroidTargetPlatform
[2019.03.04-11.47.29:243][  0]LogTemp: Display: Loaded TP AndroidTargetPlatform
[2019.03.04-11.47.29:243][  0]LogTemp: Display: Loaded TP AndroidTargetPlatform
[2019.03.04-11.47.29:244][  0]LogTemp: Display: Loaded TP AndroidTargetPlatform
[2019.03.04-11.47.29:244][  0]LogTemp: Display: Loaded TP AndroidTargetPlatform
[2019.03.04-11.47.29:244][  0]LogTemp: Display: Loaded TP AndroidTargetPlatform
[2019.03.04-11.47.29:244][  0]LogTemp: Display: Loaded TP AndroidTargetPlatform
[2019.03.04-11.47.29:244][  0]LogTemp: Display: Loaded TP AndroidTargetPlatform
[2019.03.04-11.47.29:244][  0]LogTemp: Display: Loaded TP AndroidTargetPlatform
[2019.03.04-11.47.29:244][  0]LogTemp: Display: Loaded TP AndroidTargetPlatform
[2019.03.04-11.47.29:244][  0]LogTemp: Display: Loaded TP AndroidTargetPlatform
[2019.03.04-11.47.29:245][  0]LogTemp: Display: Loaded TP AndroidTargetPlatform
[2019.03.04-11.47.29:245][  0]LogTemp: Display: Loaded TP AndroidTargetPlatform
[2019.03.04-11.47.29:245][  0]LogTemp: Display: Loaded TP AndroidTargetPlatform
[2019.03.04-11.47.29:249][  0]LogTemp: Display: Loaded TP HTML5TargetPlatform
[2019.03.04-11.47.29:360][  0]LogTemp: Display: Loaded TP IOSTargetPlatform
[2019.03.04-11.47.29:361][  0]LogTemp: Display: Loaded TP IOSTargetPlatform
[2019.03.04-11.47.29:388][  0]LogTemp: Display: Loaded TP TVOSTargetPlatform
[2019.03.04-11.47.29:388][  0]LogTemp: Display: Loaded TP TVOSTargetPlatform
[2019.03.04-11.47.29:404][  0]LogTemp: Display: Loaded TP LinuxClientTargetPlatform
[2019.03.04-11.47.29:420][  0]LogTemp: Display: Loaded TP LinuxNoEditorTargetPlatform
[2019.03.04-11.47.29:436][  0]LogTemp: Display: Loaded TP LinuxServerTargetPlatform
[2019.03.04-11.47.29:459][  0]LogTemp: Display: Loaded TP LinuxTargetPlatform
[2019.03.04-11.47.29:515][  0]LogTemp: Display: Loaded TP LuminTargetPlatform
[2019.03.04-11.47.29:515][  0]LogTemp: Display: Loaded TP LuminTargetPlatform
[2019.03.04-11.47.29:515][  0]LogTargetPlatformManager: Display: Building Assets For Windows
[2019.03.04-11.47.29:703][  0]LogShaderCompilers: Guid format shader working directory is 8 characters bigger than the processId version (A:/Uni 2018-19/Github/Slime/Slime/Slime/Intermediate/Shaders/WorkingDirectory/16780/).
[2019.03.04-11.47.29:703][  0]LogShaderCompilers: Cleaned the shader compiler working directory 'C:/Users/Charles/AppData/Local/Temp/UnrealShaderWorkingDir/16FAE57B4A6E1D094D1881AF3A688EFF/'.
[2019.03.04-11.47.29:706][  0]LogXGEController: Cleaning working directory: C:/Users/Charles/AppData/Local/Temp/UnrealXGEWorkingDir/
[2019.03.04-11.47.29:706][  0]LogXGEController: Cannot use XGE Controller as Incredibuild is not installed on this machine.
[2019.03.04-11.47.29:706][  0]LogShaderCompilers: Cannot use XGE Shader Compiler as Incredibuild is not installed on this machine.
[2019.03.04-11.47.29:707][  0]LogShaderCompilers: Display: Using Local Shader Compiler.
[2019.03.04-11.47.31:717][  0]LogDerivedDataCache: Display: Max Cache Size: 512 MB
[2019.03.04-11.47.32:408][  0]LogDerivedDataCache: Loaded boot cache 0.69s 75MB C:/Users/Charles/AppData/Local/UnrealEngine/4.21/DerivedDataCache/Boot.ddc.
[2019.03.04-11.47.32:409][  0]LogDerivedDataCache: Display: Loaded Boot cache: C:/Users/Charles/AppData/Local/UnrealEngine/4.21/DerivedDataCache/Boot.ddc
[2019.03.04-11.47.32:409][  0]LogDerivedDataCache: FDerivedDataBackendGraph:  Pak pak cache file A:/Uni 2018-19/Github/Slime/Slime/Slime/DerivedDataCache/DDC.ddp not found, will not use a pak cache.
[2019.03.04-11.47.32:409][  0]LogDerivedDataCache: Unable to find inner node Pak for hierarchical cache Hierarchy.
[2019.03.04-11.47.32:411][  0]LogDerivedDataCache: FDerivedDataBackendGraph:  CompressedPak pak cache file A:/Uni 2018-19/Github/Slime/Slime/Slime/DerivedDataCache/Compressed.ddp not found, will not use a pak cache.
[2019.03.04-11.47.32:411][  0]LogDerivedDataCache: Unable to find inner node CompressedPak for hierarchical cache Hierarchy.
[2019.03.04-11.47.32:438][  0]LogDerivedDataCache: Display: Pak cache opened for reading ../../../Engine/DerivedDataCache/Compressed.ddp.
[2019.03.04-11.47.32:438][  0]LogDerivedDataCache: FDerivedDataBackendGraph:  EnterprisePak pak cache file ../../../Enterprise/DerivedDataCache/Compressed.ddp not found, will not use a pak cache.
[2019.03.04-11.47.32:438][  0]LogDerivedDataCache: Unable to find inner node EnterprisePak for hierarchical cache Hierarchy.
[2019.03.04-11.47.32:451][  0]LogDerivedDataCache: Using Local data cache path C:/Users/Charles/AppData/Local/UnrealEngine/Common/DerivedDataCache: Writable
[2019.03.04-11.47.32:451][  0]LogDerivedDataCache: Shared data cache path not found in *engine.ini, will not use an Shared cache.
[2019.03.04-11.47.32:451][  0]LogDerivedDataCache: Unable to find inner node Shared for hierarchical cache Hierarchy.
[2019.03.04-11.47.32:479][  0]LogMaterial: Verifying Global Shaders for PCD3D_SM5
[2019.03.04-11.47.32:486][  0]LogSlate: Using FreeType 2.6.0
[2019.03.04-11.47.32:505][  0]LogSlate: SlateFontServices - WITH_FREETYPE: 1, WITH_HARFBUZZ: 1
[2019.03.04-11.47.32:846][  0]LogAssetRegistry: FAssetRegistry took 0.0383 seconds to start up
[2019.03.04-11.47.33:318][  0]LogInit: Selected Device Profile: [Windows]
[2019.03.04-11.47.33:665][  0]LogSimplygon: Simplygon DLL not present - disabling.
[2019.03.04-11.47.33:684][  0]LogMeshReduction: Using SimplygonSwarm for distributed automatic mesh merging
[2019.03.04-11.47.33:684][  0]LogMeshReduction: Using ProxyLODMeshReduction for automatic mesh merging
[2019.03.04-11.47.33:685][  0]LogMeshReduction: Using QuadricMeshReduction for automatic static mesh reduction
[2019.03.04-11.47.33:685][  0]LogMeshReduction: No automatic skeletal mesh reduction module available
[2019.03.04-11.47.33:746][  0]LogNetVersion: Slime 1.0.0, NetCL: 4541578, EngineNetVer: 5, GameNetVer: 0 (Checksum: 858269732)
[2019.03.04-11.47.35:095][  0]LogPackageLocalizationCache: Processed 11 localized package path(s) for 2 prioritized culture(s) in 0.122875 seconds
[2019.03.04-11.47.35:102][  0]LogUObjectArray: 39775 objects as part of root set at end of initial load.
[2019.03.04-11.47.35:102][  0]LogUObjectAllocator: 6914664 out of 0 bytes used by permanent object pool.
[2019.03.04-11.47.35:102][  0]LogUObjectArray: CloseDisregardForGC: 0/0 objects in disregard for GC pool
[2019.03.04-11.47.38:992][  0]LogTcpMessaging: Initializing TcpMessaging bridge
[2019.03.04-11.47.39:009][  0]LogUdpMessaging: Initializing bridge on interface 0.0.0.0:0 to multicast group 230.0.0.1:6666.
[2019.03.04-11.47.41:988][  0]SourceControl: Source control is disabled
[2019.03.04-11.47.41:988][  0]SourceControl: Source control is disabled
[2019.03.04-11.47.41:999][  0]SourceControl: Source control is disabled
[2019.03.04-11.47.42:006][  0]SourceControl: Source control is disabled
[2019.03.04-11.47.42:353][  0]LogAndroidPermission: UAndroidPermissionCallbackProxy::GetInstance
[2019.03.04-11.47.42:555][  0]LogOcInput: OculusInput pre-init called
[2019.03.04-11.47.42:807][  0]LogEngine: Initializing Engine...
[2019.03.04-11.47.42:842][  0]LogHMD: Failed to initialize OpenVR with code 126
[2019.03.04-11.47.42:846][  0]LogStats: UGameplayTagsManager::ConstructGameplayTagTree: ImportINI prefixes -  0.000 s
[2019.03.04-11.47.42:846][  0]LogStats: UGameplayTagsManager::ConstructGameplayTagTree: Construct from data asset -  0.000 s
[2019.03.04-11.47.42:846][  0]LogStats: UGameplayTagsManager::ConstructGameplayTagTree: ImportINI -  0.000 s
[2019.03.04-11.47.42:847][  0]LogStats: UGameplayTagsManager::ConstructGameplayTagTree: GameplayTagTreeChangedEvent.Broadcast -  0.000 s
[2019.03.04-11.47.43:288][  0]LogInit: Initializing FReadOnlyCVARCache
[2019.03.04-11.47.43:328][  0]LogAIModule: Creating AISystem for world Untitled
[2019.03.04-11.47.43:391][  0]LogInit: XAudio2 using 'SAMSUNG (NVIDIA High Definition Audio)' : 2 channels at 48 kHz using 16 bits per sample (channel mask 0x3)
[2019.03.04-11.47.43:425][  0]LogInit: FAudioDevice initialized.
[2019.03.04-11.47.43:425][  0]LogNetVersion: Set ProjectVersion to 1.0.0.0. Version Checksum will be recalculated on next use.
[2019.03.04-11.47.43:499][  0]LogDerivedDataCache: Saved boot cache 0.07s 75MB C:/Users/Charles/AppData/Local/UnrealEngine/4.21/DerivedDataCache/Boot.ddc.
[2019.03.04-11.47.43:514][  0]LogInit: Texture streaming: Enabled
[2019.03.04-11.47.43:557][  0]LogEngineSessionManager: EngineSessionManager initialized
[2019.03.04-11.47.43:574][  0]LogInit: Transaction tracking system initialized
[2019.03.04-11.47.43:633][  0]BlueprintLog: New page: Editor Load
[2019.03.04-11.47.43:895][  0]LocalizationService: Localization service is disabled
[2019.03.04-11.47.44:755][  0]LogFileCache: Scanning file cache for directory 'A:/Uni 2018-19/Github/Slime/Slime/Slime/Content/' took 0.02s
[2019.03.04-11.47.44:755][  0]LogCook: Display: Max memory allowance for cook 16384mb min free memory 0mb
[2019.03.04-11.47.44:755][  0]LogCook: Display: Mobile HDR setting 1
[2019.03.04-11.47.44:755][  0]LogGameplayTags: Display: UGameplayTagsManager::DoneAddingNativeTags. DelegateIsBound: 0
[2019.03.04-11.47.44:755][  0]LogStats: UGameplayTagsManager::ConstructGameplayTagTree: ImportINI prefixes -  0.000 s
[2019.03.04-11.47.44:756][  0]LogStats: UGameplayTagsManager::ConstructGameplayTagTree: Construct from data asset -  0.000 s
[2019.03.04-11.47.44:756][  0]LogStats: UGameplayTagsManager::ConstructGameplayTagTree: ImportINI -  0.000 s
[2019.03.04-11.47.44:756][  0]LogStats: UGameplayTagsManager::ConstructGameplayTagTree: GameplayTagTreeChangedEvent.Broadcast -  0.000 s
[2019.03.04-11.47.45:169][  0]SourceControl: Source control is disabled
[2019.03.04-11.47.45:170][  0]Cmd: MAP LOAD FILE="A:/Uni 2018-19/Github/Slime/Slime/Slime/Content/FirstPersonCPP/Maps/FirstPersonExampleMap.umap" TEMPLATE=0 SHOWPROGRESS=1 FEATURELEVEL=3
[2019.03.04-11.47.45:171][  0]LightingResults: New page: Lighting Build
[2019.03.04-11.47.45:180][  0]MapCheck: New page: Map Check
[2019.03.04-11.47.45:180][  0]LightingResults: New page: Lighting Build
[2019.03.04-11.47.45:721][  0]LogAIModule: Creating AISystem for world FirstPersonExampleMap
[2019.03.04-11.47.45:755][  0]LogEditorServer: Finished looking for orphan Actors (0.000 secs)
[2019.03.04-11.47.45:781][  0]Cmd: MAP CHECKDEP NOCLEARLOG
[2019.03.04-11.47.45:782][  0]MapCheck: Map check complete: 0 Error(s), 0 Warning(s), took 0.128ms to complete.
[2019.03.04-11.47.45:782][  0]LogFileHelpers: Loading map 'FirstPersonExampleMap' took 0.613
[2019.03.04-11.47.45:964][  0]LogSlate: Updating window title bar state: overlay mode, drag disabled, window buttons hidden, title bar hidden
[2019.03.04-11.47.45:972][  0]LogSlate: Updating window title bar state: overlay mode, drag disabled, window buttons hidden, title bar hidden
[2019.03.04-11.47.45:980][  0]LogSlate: Updating window title bar state: overlay mode, drag disabled, window buttons hidden, title bar hidden
[2019.03.04-11.47.45:987][  0]LogSlate: Updating window title bar state: overlay mode, drag disabled, window buttons hidden, title bar hidden
[2019.03.04-11.47.46:006][  0]LogCollectionManager: Loaded 0 collections in 0.001992 seconds
[2019.03.04-11.47.46:087][  0]LogFileCache: Scanning file cache for directory 'A:/Uni 2018-19/Github/Slime/Slime/Slime/Saved/Collections/' took 0.01s
[2019.03.04-11.47.46:088][  0]LogFileCache: Scanning file cache for directory 'A:/Uni 2018-19/Github/Slime/Slime/Slime/Content/Developers/kille/Collections/' took 0.01s
[2019.03.04-11.47.46:088][  0]LogFileCache: Scanning file cache for directory 'A:/Uni 2018-19/Github/Slime/Slime/Slime/Content/Collections/' took 0.01s
[2019.03.04-11.47.46:088][  0]LogCollectionManager: Rebuilt the GUID cache for 0 collections in 0.000000 seconds
[2019.03.04-11.47.46:100][  0]LogContentBrowser: Native class hierarchy populated in 0.0109 seconds. Added 2656 classes and 622 folders.
[2019.03.04-11.47.46:115][  0]LogContentBrowser: Native class hierarchy updated for 'WidgetCarousel' in 0.0004 seconds. Added 0 classes and 0 folders.
[2019.03.04-11.47.46:133][  0]LogPakFile: Registered encryption key '00000000000000000000000000000000': 0 pak files mounted, 0 remain pending
[2019.03.04-11.47.46:145][  0]LogPakFile: Registered encryption key '00000000000000000000000000000000': 0 pak files mounted, 0 remain pending
[2019.03.04-11.47.46:170][  0]LogPakFile: Registered encryption key '00000000000000000000000000000000': 0 pak files mounted, 0 remain pending
[2019.03.04-11.47.46:178][  0]LogPakFile: Registered encryption key '00000000000000000000000000000000': 0 pak files mounted, 0 remain pending
[2019.03.04-11.47.46:185][  0]LogPakFile: Registered encryption key '00000000000000000000000000000000': 0 pak files mounted, 0 remain pending
[2019.03.04-11.47.46:193][  0]LogPakFile: Registered encryption key '00000000000000000000000000000000': 0 pak files mounted, 0 remain pending
[2019.03.04-11.47.46:199][  0]LogPakFile: Registered encryption key '00000000000000000000000000000000': 0 pak files mounted, 0 remain pending
[2019.03.04-11.47.46:205][  0]LogPakFile: Registered encryption key '00000000000000000000000000000000': 0 pak files mounted, 0 remain pending
[2019.03.04-11.47.46:213][  0]LogPakFile: Registered encryption key '00000000000000000000000000000000': 0 pak files mounted, 0 remain pending
[2019.03.04-11.47.46:220][  0]LogPakFile: Registered encryption key '00000000000000000000000000000000': 0 pak files mounted, 0 remain pending
[2019.03.04-11.47.46:226][  0]LogPakFile: Registered encryption key '00000000000000000000000000000000': 0 pak files mounted, 0 remain pending
[2019.03.04-11.47.46:232][  0]LogPakFile: Registered encryption key '00000000000000000000000000000000': 0 pak files mounted, 0 remain pending
[2019.03.04-11.47.46:239][  0]LogPakFile: Registered encryption key '00000000000000000000000000000000': 0 pak files mounted, 0 remain pending
[2019.03.04-11.47.46:246][  0]LogPakFile: Registered encryption key '00000000000000000000000000000000': 0 pak files mounted, 0 remain pending
[2019.03.04-11.47.46:252][  0]LogPakFile: Registered encryption key '00000000000000000000000000000000': 0 pak files mounted, 0 remain pending
[2019.03.04-11.47.46:259][  0]LogPakFile: Registered encryption key '00000000000000000000000000000000': 0 pak files mounted, 0 remain pending
[2019.03.04-11.47.46:295][  0]LogPakFile: Registered encryption key '00000000000000000000000000000000': 0 pak files mounted, 0 remain pending
[2019.03.04-11.47.46:303][  0]LogPakFile: Registered encryption key '00000000000000000000000000000000': 0 pak files mounted, 0 remain pending
[2019.03.04-11.47.46:311][  0]LogPakFile: Registered encryption key '00000000000000000000000000000000': 0 pak files mounted, 0 remain pending
[2019.03.04-11.47.46:318][  0]LogPakFile: Registered encryption key '00000000000000000000000000000000': 0 pak files mounted, 0 remain pending
[2019.03.04-11.47.46:365][  0]LogPakFile: Registered encryption key '00000000000000000000000000000000': 0 pak files mounted, 0 remain pending
[2019.03.04-11.47.46:372][  0]LogPakFile: Registered encryption key '00000000000000000000000000000000': 0 pak files mounted, 0 remain pending
[2019.03.04-11.47.46:381][  0]LogPakFile: Registered encryption key '00000000000000000000000000000000': 0 pak files mounted, 0 remain pending
[2019.03.04-11.47.46:389][  0]LogPakFile: Registered encryption key '00000000000000000000000000000000': 0 pak files mounted, 0 remain pending
[2019.03.04-11.47.46:396][  0]LogPakFile: Registered encryption key '00000000000000000000000000000000': 0 pak files mounted, 0 remain pending
[2019.03.04-11.47.46:403][  0]LogPakFile: Registered encryption key '00000000000000000000000000000000': 0 pak files mounted, 0 remain pending
[2019.03.04-11.47.46:586][  0]LogContentBrowser: Native class hierarchy updated for 'AddContentDialog' in 0.0004 seconds. Added 0 classes and 0 folders.
[2019.03.04-11.47.46:606][  0]LogContentBrowser: Native class hierarchy updated for 'SceneOutliner' in 0.0005 seconds. Added 1 classes and 2 folders.
[2019.03.04-11.47.46:678][  0]LogSlate: Took 0.007137 seconds to synchronously load lazily loaded font '../../../Engine/Content/Slate/Fonts/Roboto-Regular.ttf' (155K)
[2019.03.04-11.47.46:688][  0]LogSlate: Took 0.006665 seconds to synchronously load lazily loaded font '../../../Engine/Content/Slate/Fonts/Roboto-Bold.ttf' (160K)
[2019.03.04-11.47.46:702][  0]LogSlate: Took 0.006872 seconds to synchronously load lazily loaded font '../../../Engine/Content/Editor/Slate/Fonts/FontAwesome.ttf' (139K)
[2019.03.04-11.47.46:850][  0]LogRenderer: Reallocating scene render targets to support 1088x480 Format 10 NumSamples 1 (Frame:1).
[2019.03.04-11.47.47:021][  0]LogContentBrowser: Native class hierarchy updated for 'HierarchicalLODOutliner' in 0.0005 seconds. Added 0 classes and 0 folders.
[2019.03.04-11.47.47:021][  0]LogLoad: (Engine Initialization) Total time: 26.37 seconds
[2019.03.04-11.47.47:021][  0]LogLoad: (Engine Initialization) Total Blueprint compile time: 0.00 seconds
[2019.03.04-11.47.47:099][  0]LogContentStreaming: Texture pool size now 1000 MB
[2019.03.04-11.47.47:132][  0]LogSlate: Took 0.006733 seconds to synchronously load lazily loaded font '../../../Engine/Content/Slate/Fonts/Roboto-Light.ttf' (167K)
[2019.03.04-11.47.47:189][  1]LogAssetRegistry: Asset discovery search completed in 14.3669 seconds
[2019.03.04-11.47.47:190][  1]LogCollectionManager: Rebuilt the object cache for 0 collections in 0.000000 seconds (found 0 objects)
[2019.03.04-11.47.47:191][  1]LogCollectionManager: Fixed up redirectors for 0 collections in 0.000191 seconds (updated 0 objects)
[2019.03.04-12.11.51:728][772]LogSlate: FSceneViewport::OnFocusLost() reason 0
[2019.03.04-12.11.52:136][772]LogSlate: Window 'Slime - Unreal Editor' being destroyed
[2019.03.04-12.11.52:361][773]Cmd: QUIT_EDITOR
[2019.03.04-12.11.52:394][773]LogWindowsTextInputMethodSystem: Display: IME system now deactivated.
[2019.03.04-12.11.52:408][773]LogExit: Preparing to exit.
[2019.03.04-12.11.53:232][773]LogActorComponent: UnregisterComponent: (None.None) Not registered. Aborting.
[2019.03.04-12.11.53:232][773]LogActorComponent: UnregisterComponent: (None.None) Not registered. Aborting.
[2019.03.04-12.11.53:232][773]LogActorComponent: UnregisterComponent: (None.None) Not registered. Aborting.
[2019.03.04-12.11.53:232][773]LogActorComponent: UnregisterComponent: (None.None) Not registered. Aborting.
[2019.03.04-12.11.53:232][773]LogActorComponent: UnregisterComponent: (None.None) Not registered. Aborting.
[2019.03.04-12.11.53:232][773]LogActorComponent: UnregisterComponent: (None.None) Not registered. Aborting.
[2019.03.04-12.11.53:233][773]LogActorComponent: UnregisterComponent: (None.None) Not registered. Aborting.
[2019.03.04-12.11.53:233][773]LogActorComponent: UnregisterComponent: (None.None) Not registered. Aborting.
[2019.03.04-12.11.53:233][773]LogActorComponent: UnregisterComponent: (None.None) Not registered. Aborting.
[2019.03.04-12.11.53:233][773]LogActorComponent: UnregisterComponent: (None.None) Not registered. Aborting.
[2019.03.04-12.11.53:233][773]LogActorComponent: UnregisterComponent: (None.None) Not registered. Aborting.
[2019.03.04-12.11.53:233][773]LogActorComponent: UnregisterComponent: (None.None) Not registered. Aborting.
[2019.03.04-12.11.53:233][773]LogActorComponent: UnregisterComponent: (None.None) Not registered. Aborting.
[2019.03.04-12.11.53:233][773]LogActorComponent: UnregisterComponent: (None.None) Not registered. Aborting.
[2019.03.04-12.11.53:266][773]LogExit: Editor shut down
[2019.03.04-12.11.53:266][773]LogExit: Transaction tracking system shut down
[2019.03.04-12.11.53:519][773]LogExit: Object subsystem successfully closed.
[2019.03.04-12.11.53:557][773]LogShaderCompilers: Display: Shaders left to compile 0
[2019.03.04-12.11.53:561][773]LogD3D11RHI: Shutdown
[2019.03.04-12.11.53:561][773]LogD3D11RHI: CleanupD3DDevice
[2019.03.04-12.11.53:563][773]LogD3D11RHI: ~FD3D11DynamicRHI
[2019.03.04-12.11.53:642][773]LogModuleManager: Shutting down and abandoning module HierarchicalLODOutliner (624)
[2019.03.04-12.11.53:642][773]LogModuleManager: Shutting down and abandoning module SceneOutliner (622)
[2019.03.04-12.11.53:643][773]LogModuleManager: Shutting down and abandoning module AddContentDialog (620)
[2019.03.04-12.11.53:643][773]LogModuleManager: Shutting down and abandoning module WidgetCarousel (619)
[2019.03.04-12.11.53:643][773]LogModuleManager: Shutting down and abandoning module EditorWidgets (616)
[2019.03.04-12.11.53:643][773]LogModuleManager: Shutting down and abandoning module CollectionManager (614)
[2019.03.04-12.11.53:645][773]LogModuleManager: Shutting down and abandoning module StatsViewer (612)
[2019.03.04-12.11.53:646][773]LogModuleManager: Shutting down and abandoning module FoliageEdit (610)
[2019.03.04-12.11.53:646][773]LogModuleManager: Shutting down and abandoning module LandscapeEditor (608)
[2019.03.04-12.11.53:652][773]LogModuleManager: Shutting down and abandoning module MeshPaintMode (606)
[2019.03.04-12.11.53:652][773]LogModuleManager: Shutting down and abandoning module SceneDepthPickerMode (604)
[2019.03.04-12.11.53:652][773]LogModuleManager: Shutting down and abandoning module ActorPickerMode (602)
[2019.03.04-12.11.53:652][773]LogModuleManager: Shutting down and abandoning module GeometryMode (600)
[2019.03.04-12.11.53:652][773]LogModuleManager: Shutting down and abandoning module TextureAlignMode (598)
[2019.03.04-12.11.53:652][773]LogModuleManager: Shutting down and abandoning module BspMode (596)
[2019.03.04-12.11.53:652][773]LogModuleManager: Shutting down and abandoning module PIEPreviewDeviceProfileSelector (594)
[2019.03.04-12.11.53:652][773]LogModuleManager: Shutting down and abandoning module SequenceRecorderSections (592)
[2019.03.04-12.11.53:653][773]LogModuleManager: Shutting down and abandoning module AutomationWorker (590)
[2019.03.04-12.11.53:653][773]LogModuleManager: Shutting down and abandoning module AudioCaptureEditor (588)
[2019.03.04-12.11.53:653][773]LogModuleManager: Shutting down and abandoning module MatineeToLevelSequence (586)
[2019.03.04-12.11.53:653][773]LogModuleManager: Shutting down and abandoning module LevelSequenceEditor (584)
[2019.03.04-12.11.53:654][773]LogModuleManager: Shutting down and abandoning module PlacementMode (583)
[2019.03.04-12.11.53:654][773]LogModuleManager: Shutting down and abandoning module MaterialEditor (582)
[2019.03.04-12.11.53:663][773]LogModuleManager: Shutting down and abandoning module WmfMediaFactory (578)
[2019.03.04-12.11.53:663][773]LogModuleManager: Shutting down and abandoning module WmfMediaEditor (576)
[2019.03.04-12.11.53:663][773]LogModuleManager: Shutting down and abandoning module WebMMediaFactory (574)
[2019.03.04-12.11.53:663][773]LogModuleManager: Shutting down and abandoning module WebMMediaEditor (572)
[2019.03.04-12.11.53:663][773]LogModuleManager: Shutting down and abandoning module WebMMedia (570)
[2019.03.04-12.11.53:663][773]LogModuleManager: Shutting down and abandoning module MediaPlayerEditor (568)
[2019.03.04-12.11.53:664][773]LogModuleManager: Shutting down and abandoning module MediaCompositingEditor (566)
[2019.03.04-12.11.53:664][773]LogModuleManager: Shutting down and abandoning module SequenceRecorder (565)
[2019.03.04-12.11.53:664][773]LogModuleManager: Shutting down and abandoning module OpenExrWrapper (562)
[2019.03.04-12.11.53:664][773]LogModuleManager: Shutting down and abandoning module ImgMediaFactory (560)
[2019.03.04-12.11.53:664][773]LogModuleManager: Shutting down and abandoning module ImgMediaEditor (558)
[2019.03.04-12.11.53:664][773]LogModuleManager: Shutting down and abandoning module AvfMediaFactory (556)
[2019.03.04-12.11.53:664][773]LogModuleManager: Shutting down and abandoning module AvfMediaEditor (554)
[2019.03.04-12.11.53:664][773]LogModuleManager: Shutting down and abandoning module AndroidMediaFactory (552)
[2019.03.04-12.11.53:665][773]LogModuleManager: Shutting down and abandoning module AndroidMediaEditor (550)
[2019.03.04-12.11.53:665][773]LogModuleManager: Shutting down and abandoning module MagicLeapCameraPreviewFactory (548)
[2019.03.04-12.11.53:665][773]LogModuleManager: Shutting down and abandoning module MagicLeapMediaFactory (546)
[2019.03.04-12.11.53:665][773]LogModuleManager: Shutting down and abandoning module MagicLeapMediaEditor (544)
[2019.03.04-12.11.53:665][773]LogModuleManager: Shutting down and abandoning module CharacterAI (542)
[2019.03.04-12.11.53:665][773]LogModuleManager: Shutting down and abandoning module SmartSnapping (540)
[2019.03.04-12.11.53:666][773]LogModuleManager: Shutting down and abandoning module SessionServices (538)
[2019.03.04-12.11.53:666][773]LogModuleManager: Shutting down and abandoning module ViewportSnapping (536)
[2019.03.04-12.11.53:666][773]LogModuleManager: Shutting down and abandoning module ViewportInteraction (534)
[2019.03.04-12.11.53:666][773]LogModuleManager: Shutting down and abandoning module ClothPainter (532)
[2019.03.04-12.11.53:668][773]LogModuleManager: Shutting down and abandoning module SkeletalMeshEditor (531)
[2019.03.04-12.11.53:671][773]LogModuleManager: Shutting down and abandoning module LogVisualizer (528)
[2019.03.04-12.11.53:673][773]LogModuleManager: Shutting down and abandoning module IntroTutorials (526)
[2019.03.04-12.11.53:673][773]LogModuleManager: Shutting down and abandoning module GameProjectGeneration (525)
[2019.03.04-12.11.53:677][773]LogModuleManager: Shutting down and abandoning module LuminPlatformEditor (522)
[2019.03.04-12.11.53:678][773]LogModuleManager: Shutting down and abandoning module IOSPlatformEditor (520)
[2019.03.04-12.11.53:678][773]LogModuleManager: Shutting down and abandoning module HTML5PlatformEditor (518)
[2019.03.04-12.11.53:678][773]LogModuleManager: Shutting down and abandoning module AndroidPlatformEditor (516)
[2019.03.04-12.11.53:678][773]LogModuleManager: Shutting down and abandoning module AndroidDeviceDetection (515)
[2019.03.04-12.11.54:191][773]LogModuleManager: Shutting down and abandoning module WindowsPlatformEditor (512)
[2019.03.04-12.11.54:191][773]LogModuleManager: Shutting down and abandoning module LuminRuntimeSettings (510)
[2019.03.04-12.11.54:191][773]LogModuleManager: Shutting down and abandoning module IOSRuntimeSettings (508)
[2019.03.04-12.11.54:191][773]LogModuleManager: Shutting down and abandoning module AndroidRuntimeSettings (506)
[2019.03.04-12.11.54:192][773]LogModuleManager: Shutting down and abandoning module TimeManagementEditor (504)
[2019.03.04-12.11.54:192][773]LogModuleManager: Shutting down and abandoning module InputBindingEditor (502)
[2019.03.04-12.11.54:194][773]LogModuleManager: Shutting down and abandoning module MergeActors (500)
[2019.03.04-12.11.54:194][773]LogModuleManager: Shutting down and abandoning module LocalizationDashboard (498)
[2019.03.04-12.11.54:194][773]LogModuleManager: Shutting down and abandoning module LocalizationService (497)
[2019.03.04-12.11.54:195][773]LogModuleManager: Shutting down and abandoning module HardwareTargeting (494)
[2019.03.04-12.11.54:195][773]LogModuleManager: Shutting down and abandoning module DeviceProfileEditor (492)
[2019.03.04-12.11.54:195][773]LogModuleManager: Shutting down and abandoning module UndoHistory (490)
[2019.03.04-12.11.54:195][773]LogModuleManager: Shutting down and abandoning module XmlParser (488)
[2019.03.04-12.11.54:195][773]LogModuleManager: Shutting down and abandoning module Blutility (486)
[2019.03.04-12.11.54:195][773]LogModuleManager: Shutting down and abandoning module ProjectSettingsViewer (484)
[2019.03.04-12.11.54:195][773]LogModuleManager: Shutting down and abandoning module ProjectTargetPlatformEditor (483)
[2019.03.04-12.11.54:196][773]LogModuleManager: Shutting down and abandoning module EditorSettingsViewer (480)
[2019.03.04-12.11.54:196][773]LogModuleManager: Shutting down and abandoning module SettingsEditor (478)
[2019.03.04-12.11.54:196][773]LogModuleManager: Shutting down and abandoning module ProjectLauncher (476)
[2019.03.04-12.11.54:198][773]LogModuleManager: Shutting down and abandoning module SessionFrontend (474)
[2019.03.04-12.11.54:198][773]LogModuleManager: Shutting down and abandoning module ProfilerClient (472)
[2019.03.04-12.11.54:200][773]LogModuleManager: Shutting down and abandoning module DeviceManager (470)
[2019.03.04-12.11.54:200][773]LogModuleManager: Shutting down and abandoning module TargetDeviceServices (469)
[2019.03.04-12.11.54:254][773]LogModuleManager: Shutting down and abandoning module AutomationController (466)
[2019.03.04-12.11.54:254][773]LogModuleManager: Shutting down and abandoning module AutomationWindow (464)
[2019.03.04-12.11.54:258][773]LogModuleManager: Shutting down and abandoning module Layers (462)
[2019.03.04-12.11.54:268][773]LogModuleManager: Shutting down and abandoning module ComponentVisualizers (460)
[2019.03.04-12.11.54:268][773]LogModuleManager: Shutting down and abandoning module DetailCustomizations (458)
[2019.03.04-12.11.54:269][773]LogModuleManager: Shutting down and abandoning module PackagesDialog (456)
[2019.03.04-12.11.54:271][773]LogModuleManager: Shutting down and abandoning module Persona (454)
[2019.03.04-12.11.54:274][773]LogModuleManager: Shutting down and abandoning module AdvancedPreviewScene (453)
[2019.03.04-12.11.54:274][773]LogModuleManager: Shutting down and abandoning module AnimGraph (451)
[2019.03.04-12.11.54:274][773]LogModuleManager: Shutting down and abandoning module Kismet (448)
[2019.03.04-12.11.54:278][773]LogModuleManager: Shutting down and abandoning module GraphEditor (446)
[2019.03.04-12.11.54:283][773]LogModuleManager: Shutting down and abandoning module ClassViewer (444)
[2019.03.04-12.11.54:283][773]LogModuleManager: Shutting down and abandoning module Toolbox (442)
[2019.03.04-12.11.54:283][773]LogModuleManager: Shutting down and abandoning module DesktopPlatform (441)
[2019.03.04-12.11.54:285][773]LogModuleManager: Shutting down and abandoning module ModuleUI (438)
[2019.03.04-12.11.54:288][773]LogModuleManager: Shutting down and abandoning module MovieSceneTools (436)
[2019.03.04-12.11.54:288][773]LogModuleManager: Shutting down and abandoning module OutputLog (434)
[2019.03.04-12.11.54:288][773]LogModuleManager: Shutting down and abandoning module GammaUI (432)
[2019.03.04-12.11.54:290][773]LogModuleManager: Shutting down and abandoning module Documentation (430)
[2019.03.04-12.11.54:290][773]LogModuleManager: Shutting down and abandoning module MovieSceneTracks (428)
[2019.03.04-12.11.54:290][773]LogModuleManager: Shutting down and abandoning module MovieScene (426)
[2019.03.04-12.11.54:290][773]LogModuleManager: Shutting down and abandoning module StreamingPauseRendering (424)
[2019.03.04-12.11.54:290][773]LogModuleManager: Shutting down and abandoning module LauncherPlatform (422)
[2019.03.04-12.11.54:290][773]LogModuleManager: Shutting down and abandoning module AnalyticsET (420)
[2019.03.04-12.11.54:290][773]LogModuleManager: Shutting down and abandoning module PortalServices (418)
[2019.03.04-12.11.54:291][773]LogModuleManager: Shutting down and abandoning module PortalRpc (416)
[2019.03.04-12.11.54:291][773]LogModuleManager: Shutting down and abandoning module MessagingRpc (414)
[2019.03.04-12.11.54:291][773]LogModuleManager: Shutting down and abandoning module AIModule (412)
[2019.03.04-12.11.54:291][773]LogModuleManager: Shutting down and abandoning module GameplayDebugger (411)
[2019.03.04-12.11.54:291][773]LogModuleManager: Shutting down and abandoning module AITestSuite (409)
[2019.03.04-12.11.54:291][773]LogModuleManager: Shutting down and abandoning module NavigationSystem (407)
[2019.03.04-12.11.54:292][773]LogModuleManager: Shutting down and abandoning module ImageWriteQueue (404)
[2019.03.04-12.11.54:298][773]LogModuleManager: Shutting down and abandoning module ProfilerService (402)
[2019.03.04-12.11.54:480][773]LogModuleManager: Shutting down and abandoning module TaskGraph (400)
[2019.03.04-12.11.54:480][773]LogModuleManager: Shutting down and abandoning module SteamVRController (398)
[2019.03.04-12.11.54:480][773]LogModuleManager: Shutting down and abandoning module ProceduralMeshComponentEditor (396)
[2019.03.04-12.11.54:480][773]LogModuleManager: Shutting down and abandoning module ProceduralMeshComponent (394)
[2019.03.04-12.11.54:480][773]LogModuleManager: Shutting down and abandoning module OculusInput (392)
[2019.03.04-12.11.54:480][773]LogModuleManager: Shutting down and abandoning module MobilePatchingUtils (390)
[2019.03.04-12.11.54:480][773]LogModuleManager: Shutting down and abandoning module EditableMesh (388)
[2019.03.04-12.11.54:482][773]LogModuleManager: Shutting down and abandoning module CustomMeshComponent (386)
[2019.03.04-12.11.54:483][773]LogModuleManager: Shutting down and abandoning module CableComponent (384)
[2019.03.04-12.11.54:483][773]LogModuleManager: Shutting down and abandoning module AudioCapture (382)
[2019.03.04-12.11.54:483][773]LogModuleManager: Shutting down and abandoning module ArchVisCharacter (380)
[2019.03.04-12.11.54:483][773]LogModuleManager: Shutting down and abandoning module AndroidPermission (378)
[2019.03.04-12.11.54:483][773]LogModuleManager: Shutting down and abandoning module NUTUnrealEngine4 (376)
[2019.03.04-12.11.54:485][773]LogModuleManager: Shutting down and abandoning module NetcodeUnitTest (374)
[2019.03.04-12.11.54:485][773]LogModuleManager: Shutting down and abandoning module MediaCompositing (372)
[2019.03.04-12.11.54:486][773]LogModuleManager: Shutting down and abandoning module LinearTimecode (370)
[2019.03.04-12.11.54:486][773]LogModuleManager: Shutting down and abandoning module ImgMedia (368)
[2019.03.04-12.11.54:499][773]LogModuleManager: Shutting down and abandoning module HTML5Networking (366)
[2019.03.04-12.11.54:499][773]LogModuleManager: Shutting down and abandoning module GeometryCacheTracks (364)
[2019.03.04-12.11.54:499][773]LogModuleManager: Shutting down and abandoning module GeometryCacheSequencer (362)
[2019.03.04-12.11.54:499][773]LogModuleManager: Shutting down and abandoning module BackChannel (360)
[2019.03.04-12.11.54:499][773]LogModuleManager: Shutting down and abandoning module AppleVision (358)
[2019.03.04-12.11.54:499][773]LogModuleManager: Shutting down and abandoning module AppleImageUtilsBlueprintSupport (356)
[2019.03.04-12.11.54:499][773]LogModuleManager: Shutting down and abandoning module AppleImageUtils (354)
[2019.03.04-12.11.54:499][773]LogModuleManager: Shutting down and abandoning module AlembicImporter (352)
[2019.03.04-12.11.54:499][773]LogModuleManager: Shutting down and abandoning module AlembicLibrary (351)
[2019.03.04-12.11.54:500][773]LogModuleManager: Shutting down and abandoning module GeometryCache (350)
[2019.03.04-12.11.54:500][773]LogModuleManager: Shutting down and abandoning module GeometryCacheEd (349)
[2019.03.04-12.11.54:500][773]LogModuleManager: Shutting down and abandoning module VariantManagerContent (344)
[2019.03.04-12.11.54:500][773]LogModuleManager: Shutting down and abandoning module DatasmithContentEditor (342)
[2019.03.04-12.11.54:500][773]LogModuleManager: Shutting down and abandoning module SpeedTreeImporter (340)
[2019.03.04-12.11.54:500][773]LogModuleManager: Shutting down and abandoning module PluginBrowser (338)
[2019.03.04-12.11.54:502][773]LogModuleManager: Shutting down and abandoning module MobileLauncherProfileWizard (336)
[2019.03.04-12.11.54:505][773]LogModuleManager: Shutting down and abandoning module PolygonModeling (334)
[2019.03.04-12.11.54:505][773]LogModuleManager: Shutting down and abandoning module MeshEditor (332)
[2019.03.04-12.11.54:505][773]LogModuleManager: Shutting down and abandoning module CryptoKeysOpenSSL (330)
[2019.03.04-12.11.54:505][773]LogModuleManager: Shutting down and abandoning module CryptoKeys (328)
[2019.03.04-12.11.54:505][773]LogModuleManager: Shutting down and abandoning module VisualStudioSourceCodeAccess (326)
[2019.03.04-12.11.54:505][773]LogModuleManager: Shutting down and abandoning module VisualStudioCodeSourceCodeAccess (324)
[2019.03.04-12.11.54:505][773]LogModuleManager: Shutting down and abandoning module UObjectPlugin (322)
[2019.03.04-12.11.54:505][773]LogModuleManager: Shutting down and abandoning module SubversionSourceControl (320)
[2019.03.04-12.11.54:505][773]LogModuleManager: Shutting down and abandoning module PerforceSourceControl (318)
[2019.03.04-12.11.54:507][773]LogModuleManager: Shutting down and abandoning module GitSourceControl (316)
[2019.03.04-12.11.54:508][773]LogModuleManager: Shutting down and abandoning module SourceControl (315)
[2019.03.04-12.11.54:508][773]LogModuleManager: Shutting down and abandoning module CLionSourceCodeAccess (312)
[2019.03.04-12.11.54:508][773]LogModuleManager: Shutting down and abandoning module ActorLayerUtilitiesEditor (310)
[2019.03.04-12.11.54:508][773]LogModuleManager: Shutting down and abandoning module ActorLayerUtilities (308)
[2019.03.04-12.11.54:508][773]LogModuleManager: Shutting down and abandoning module LightPropagationVolumeEditor (306)
[2019.03.04-12.11.54:508][773]LogModuleManager: Shutting down and abandoning module PaperTiledImporter (304)
[2019.03.04-12.11.54:508][773]LogModuleManager: Shutting down and abandoning module PaperSpriteSheetImporter (302)
[2019.03.04-12.11.54:508][773]LogModuleManager: Shutting down and abandoning module Paper2DEditor (300)
[2019.03.04-12.11.54:511][773]LogModuleManager: Shutting down and abandoning module MeshPaint (299)
[2019.03.04-12.11.54:511][773]LogModuleManager: Shutting down and abandoning module Slime (296)
[2019.03.04-12.11.54:511][773]LogModuleManager: Shutting down and abandoning module RuntimePhysXCooking (294)
[2019.03.04-12.11.54:511][773]Lo