Log file open, 02/05/19 10:05:30
LogWindows: Failed to load 'aqProf.dll' (GetLastError=126)
LogWindows: File 'aqProf.dll' does not exist
LogWindows: Failed to load 'VtuneApi.dll' (GetLastError=126)
LogWindows: File 'VtuneApi.dll' does not exist
LogWindows: Failed to load 'VtuneApi32e.dll' (GetLastError=126)
LogWindows: File 'VtuneApi32e.dll' does not exist
LogConsoleResponse: Display: Failed to find resolution value strings in scalability ini. Falling back to default.
LogInit: Display: Running engine for game: Slime
LogPakFile: Registered encryption key '00000000000000000000000000000000': 0 pak files mounted, 0 remain pending
LogPlatformFile: Not using cached read wrapper
LogTaskGraph: Started task graph with 5 named threads and 14 total threads with 3 sets of task threads.
LogStats: Stats thread started at 0.284155
LogD3D11RHI: Loaded GFSDK_Aftermath_Lib.x64.dll
LogICUInternationalization: ICU TimeZone Detection - Raw Offset: +0:00, Platform Override: ''
LogPluginManager: Mounting plugin Paper2D
LogPluginManager: Mounting plugin AISupport
LogPluginManager: Mounting plugin LightPropagationVolume
LogPluginManager: Mounting plugin ActorLayerUtilities
LogPluginManager: Mounting plugin CLionSourceCodeAccess
LogPluginManager: Mounting plugin CodeLiteSourceCodeAccess
LogPluginManager: Mounting plugin GitSourceControl
LogPluginManager: Mounting plugin KDevelopSourceCodeAccess
LogPluginManager: Mounting plugin NullSourceCodeAccess
LogPluginManager: Mounting plugin PerforceSourceControl
LogPluginManager: Mounting plugin SubversionSourceControl
LogPluginManager: Mounting plugin UObjectPlugin
LogPluginManager: Mounting plugin VisualStudioCodeSourceCodeAccess
LogPluginManager: Mounting plugin VisualStudioSourceCodeAccess
LogPluginManager: Mounting plugin XCodeSourceCodeAccess
LogPluginManager: Mounting plugin AssetManagerEditor
LogPluginManager: Mounting plugin CryptoKeys
LogPluginManager: Mounting plugin DataValidation
LogPluginManager: Mounting plugin FacialAnimation
LogPluginManager: Mounting plugin GameplayTagsEditor
LogPluginManager: Mounting plugin MacGraphicsSwitching
LogPluginManager: Mounting plugin MeshEditor
LogPluginManager: Mounting plugin MobileLauncherProfileWizard
LogPluginManager: Mounting plugin PluginBrowser
LogPluginManager: Mounting plugin SpeedTreeImporter
LogPluginManager: Mounting plugin DatasmithContent
LogPluginManager: Mounting plugin VariantManagerContent
LogPluginManager: Mounting plugin AlembicImporter
LogPluginManager: Mounting plugin AppleImageUtils
LogPluginManager: Mounting plugin AppleVision
LogPluginManager: Mounting plugin BackChannel
LogPluginManager: Mounting plugin CharacterAI
LogPluginManager: Mounting plugin GeometryCache
LogPluginManager: Mounting plugin HTML5Networking
LogPluginManager: Mounting plugin ProxyLODPlugin
LogPluginManager: Mounting plugin MagicLeap
LogPluginManager: Mounting plugin MagicLeapMedia
LogPluginManager: Mounting plugin AndroidMedia
LogPluginManager: Mounting plugin AvfMedia
LogPluginManager: Mounting plugin ImgMedia
LogPluginManager: Mounting plugin LinearTimecode
LogPluginManager: Mounting plugin MediaCompositing
LogPluginManager: Mounting plugin MediaPlayerEditor
LogPluginManager: Mounting plugin WebMMedia
LogPluginManager: Mounting plugin WmfMedia
LogPluginManager: Mounting plugin TcpMessaging
LogPluginManager: Mounting plugin UdpMessaging
LogPluginManager: Mounting plugin ActorSequence
LogPluginManager: Mounting plugin LevelSequenceEditor
LogPluginManager: Mounting plugin MatineeToLevelSequence
LogPluginManager: Mounting plugin NetcodeUnitTest
LogPluginManager: Mounting plugin NUTUnrealEngine4
LogPluginManager: Mounting plugin OnlineSubsystemGooglePlay
LogPluginManager: Mounting plugin OnlineSubsystemIOS
LogPluginManager: Mounting plugin OnlineSubsystem
LogPluginManager: Mounting plugin OnlineSubsystemNull
LogPluginManager: Mounting plugin OnlineSubsystemUtils
LogPluginManager: Mounting plugin LauncherChunkInstaller
LogPluginManager: Mounting plugin AndroidDeviceProfileSelector
LogPluginManager: Mounting plugin AndroidMoviePlayer
LogPluginManager: Mounting plugin AndroidPermission
LogPluginManager: Mounting plugin AppleMoviePlayer
LogPluginManager: Mounting plugin ArchVisCharacter
LogPluginManager: Mounting plugin AudioCapture
LogPluginManager: Mounting plugin CableComponent
LogPluginManager: Mounting plugin CustomMeshComponent
LogPluginManager: Mounting plugin EditableMesh
LogPluginManager: Mounting plugin ExampleDeviceProfileSelector
LogPluginManager: Mounting plugin Firebase
LogPluginManager: Mounting plugin GoogleCloudMessaging
LogPluginManager: Mounting plugin IOSDeviceProfileSelector
LogPluginManager: Mounting plugin LinuxDeviceProfileSelector
LogPluginManager: Mounting plugin LocationServicesBPLibrary
LogPluginManager: Mounting plugin MobilePatchingUtils
LogPluginManager: Mounting plugin OculusVR
LogPluginManager: Mounting plugin PhysXVehicles
LogPluginManager: Mounting plugin ProceduralMeshComponent
LogPluginManager: Mounting plugin RuntimePhysXCooking
LogPluginManager: Mounting plugin SteamVR
LogPluginManager: Mounting plugin WebMMoviePlayer
LogPluginManager: Mounting plugin WindowsMoviePlayer
LogStreaming: Display: Took  0.144s to configure plugins.
LogInit: Using libcurl 7.55.1-DEV
LogInit:  - built for x86_64-pc-win32
LogInit:  - supports SSL with OpenSSL/1.0.2h
LogInit:  - supports HTTP deflate (compression) using libz 1.2.8
LogInit:  - other features:
LogInit:      CURL_VERSION_SSL
LogInit:      CURL_VERSION_LIBZ
LogInit:      CURL_VERSION_IPV6
LogInit:      CURL_VERSION_ASYNCHDNS
LogInit:      CURL_VERSION_LARGEFILE
LogInit:      CURL_VERSION_IDN
LogInit:  CurlRequestOptions (configurable via config and command line):
LogInit:  - bVerifyPeer = true  - Libcurl will verify peer certificate
LogInit:  - bUseHttpProxy = false  - Libcurl will NOT use HTTP proxy
LogInit:  - bDontReuseConnections = false  - Libcurl will reuse connections
LogInit:  - MaxHostConnections = 16  - Libcurl will limit the number of connections to a host
LogInit:  - LocalHostAddr = Default
LogInit:  - BufferSize = 65536
LogInit: WinSock: version 1.1 (2.2), MaxSocks=32767, MaxUdp=65467
LogInit: Build: ++UE4+Release-4.21-CL-4753647
LogInit: Engine Version: 4.21.2-4753647+++UE4+Release-4.21
LogInit: Compatible Engine Version: 4.21.0-4541578+++UE4+Release-4.21
LogInit: Net CL: 4541578
LogInit: OS: Windows 10 (), CPU: Intel(R) Core(TM) i5-6500 CPU @ 3.20GHz, GPU: NVIDIA GeForce GTX 970
LogInit: Compiled (64-bit): Jan 19 2019 02:07:31
LogInit: Compiled with Visual C++: 19.13.26129.00
LogInit: Build Configuration: Development
LogInit: Branch Name: ++UE4+Release-4.21
LogInit: Command Line:  -skipcompile
LogInit: Base Directory: C:/Program Files/UE_4.21/Engine/Binaries/Win64/
LogInit: Installed Engine Build: 1
LogDevObjectVersion: Number of dev versions registered: 22
LogDevObjectVersion:   Dev-Blueprints (B0D832E4-1F89-4F0D-ACCF-7EB736FD4AA2): 10
LogDevObjectVersion:   Dev-Build (E1C64328-A22C-4D53-A36C-8E866417BD8C): 0
LogDevObjectVersion:   Dev-Core (375EC13C-06E4-48FB-B500-84F0262A717E): 2
LogDevObjectVersion:   Dev-Editor (E4B068ED-F494-42E9-A231-DA0B2E46BB41): 26
LogDevObjectVersion:   Dev-Framework (CFFC743F-43B0-4480-9391-14DF171D2073): 34
LogDevObjectVersion:   Dev-Mobile (B02B49B5-BB20-44E9-A304-32B752E40360): 2
LogDevObjectVersion:   Dev-Networking (A4E4105C-59A1-49B5-A7C5-40C4547EDFEE): 0
LogDevObjectVersion:   Dev-Online (39C831C9-5AE6-47DC-9A44-9C173E1C8E7C): 0
LogDevObjectVersion:   Dev-Physics (78F01B33-EBEA-4F98-B9B4-84EACCB95AA2): 0
LogDevObjectVersion:   Dev-Platform (6631380F-2D4D-43E0-8009-CF276956A95A): 0
LogDevObjectVersion:   Dev-Rendering (12F88B9F-8875-4AFC-A67C-D90C383ABD29): 27
LogDevObjectVersion:   Dev-Sequencer (7B5AE74C-D270-4C10-A958-57980B212A5A): 9
LogDevObjectVersion:   Dev-VR (D7296918-1DD6-4BDD-9DE2-64A83CC13884): 2
LogDevObjectVersion:   Dev-LoadTimes (C2A15278-BFE7-4AFE-6C17-90FF531DF755): 1
LogDevObjectVersion:   Private-Geometry (6EACA3D4-40EC-4CC1-B786-8BED09428FC5): 3
LogDevObjectVersion:   Dev-AnimPhys (29E575DD-E0A3-4627-9D10-D276232CDCEA): 17
LogDevObjectVersion:   Dev-Anim (AF43A65D-7FD3-4947-9873-3E8ED9C1BB05): 2
LogDevObjectVersion:   Dev-ReflectionCapture (6B266CEC-1EC7-4B8F-A30B-E4D90942FC07): 1
LogDevObjectVersion:   Dev-Automation (0DF73D61-A23F-47EA-B727-89E90C41499A): 1
LogDevObjectVersion:   FortniteMain (601D1886-AC64-4F84-AA16-D3DE0DEAC7D6): 17
LogDevObjectVersion:   Dev-Enterprise (9DFFBCD6-494F-0158-E221-12823C92A888): 4
LogDevObjectVersion:   Dev-Niagara (F2AED0AC-9AFE-416F-8664-AA7FFA26D6FC): 1
LogStreaming: Display: Took  0.026s to delete old logs.
LogInit: Presizing for max 8388607 objects, including 0 objects not considered by GC, pre-allocating 0 bytes for permanent pool.
LogInit: Object subsystem initialized
LogConfig: Setting CVar [[con.DebugEarlyDefault:1]]
LogConfig: Setting CVar [[r.setres:1280x720]]
[2019.02.05-10.05.30:913][  0]LogConfig: Setting CVar [[r.VSync:0]]
[2019.02.05-10.05.30:913][  0]LogConfig: Setting CVar [[r.RHICmdBypass:0]]
[2019.02.05-10.05.30:913][  0]LogConfig: Applying CVar settings from Section [/Script/Engine.RendererSettings] File [A:/Uni 2018-19/Github/Slime/Slime/Slime/Saved/Config/Windows/Engine.ini]
[2019.02.05-10.05.30:913][  0]LogConfig: Setting CVar [[r.GPUCrashDebugging:0]]
[2019.02.05-10.05.30:913][  0]LogConfig: Applying CVar settings from Section [/Script/Engine.RendererOverrideSettings] File [A:/Uni 2018-19/Github/Slime/Slime/Slime/Saved/Config/Windows/Engine.ini]
[2019.02.05-10.05.30:913][  0]LogConfig: Applying CVar settings from Section [/Script/Engine.StreamingSettings] File [A:/Uni 2018-19/Github/Slime/Slime/Slime/Saved/Config/Windows/Engine.ini]
[2019.02.05-10.05.30:913][  0]LogConfig: Setting CVar [[s.MinBulkDataSizeForAsyncLoading:131072]]
[2019.02.05-10.05.30:914][  0]LogConfig: Setting CVar [[s.AsyncLoadingThreadEnabled:0]]
[2019.02.05-10.05.30:914][  0]LogConfig: Setting CVar [[s.EventDrivenLoaderEnabled:1]]
[2019.02.05-10.05.30:914][  0]LogConfig: Setting CVar [[s.WarnIfTimeLimitExceeded:0]]
[2019.02.05-10.05.30:914][  0]LogConfig: Setting CVar [[s.TimeLimitExceededMultiplier:1.5]]
[2019.02.05-10.05.30:914][  0]LogConfig: Setting CVar [[s.TimeLimitExceededMinTime:0.005]]
[2019.02.05-10.05.30:914][  0]LogConfig: Setting CVar [[s.UseBackgroundLevelStreaming:1]]
[2019.02.05-10.05.30:914][  0]LogConfig: Setting CVar [[s.PriorityAsyncLoadingExtraTime:15.0]]
[2019.02.05-10.05.30:914][  0]LogConfig: Setting CVar [[s.LevelStreamingActorsUpdateTimeLimit:5.0]]
[2019.02.05-10.05.30:914][  0]LogConfig: Setting CVar [[s.PriorityLevelStreamingActorsUpdateExtraTime:5.0]]
[2019.02.05-10.05.30:914][  0]LogConfig: Setting CVar [[s.LevelStreamingComponentsRegistrationGranularity:10]]
[2019.02.05-10.05.30:914][  0]LogConfig: Setting CVar [[s.UnregisterComponentsTimeLimit:1.0]]
[2019.02.05-10.05.30:914][  0]LogConfig: Setting CVar [[s.LevelStreamingComponentsUnregistrationGranularity:5]]
[2019.02.05-10.05.30:914][  0]LogConfig: Applying CVar settings from Section [/Script/Engine.GarbageCollectionSettings] File [A:/Uni 2018-19/Github/Slime/Slime/Slime/Saved/Config/Windows/Engine.ini]
[2019.02.05-10.05.30:914][  0]LogConfig: Setting CVar [[gc.MaxObjectsNotConsideredByGC:1]]
[2019.02.05-10.05.30:914][  0]LogConfig: Setting CVar [[gc.SizeOfPermanentObjectPool:0]]
[2019.02.05-10.05.30:914][  0]LogConfig: Setting CVar [[gc.FlushStreamingOnGC:0]]
[2019.02.05-10.05.30:915][  0]LogConfig: Setting CVar [[gc.NumRetriesBeforeForcingGC:10]]
[2019.02.05-10.05.30:915][  0]LogConfig: Setting CVar [[gc.AllowParallelGC:1]]
[2019.02.05-10.05.30:915][  0]LogConfig: Setting CVar [[gc.TimeBetweenPurgingPendingKillObjects:61.1]]
[2019.02.05-10.05.30:915][  0]LogConfig: Setting CVar [[gc.MaxObjectsInEditor:8388607]]
[2019.02.05-10.05.30:915][  0]LogConfig: Setting CVar [[gc.IncrementalBeginDestroyEnabled:1]]
[2019.02.05-10.05.30:915][  0]LogConfig: Setting CVar [[gc.CreateGCClusters:1]]
[2019.02.05-10.05.30:915][  0]LogConfig: Setting CVar [[gc.MergeGCClusters:0]]
[2019.02.05-10.05.30:915][  0]LogConfig: Setting CVar [[gc.MinGCClusterSize:5]]
[2019.02.05-10.05.30:915][  0]LogConfig: Setting CVar [[gc.ActorClusteringEnabled:0]]
[2019.02.05-10.05.30:915][  0]LogConfig: Setting CVar [[gc.BlueprintClusteringEnabled:0]]
[2019.02.05-10.05.30:915][  0]LogConfig: Setting CVar [[gc.UseDisregardForGCOnDedicatedServers:0]]
[2019.02.05-10.05.30:915][  0]LogConfig: Applying CVar settings from Section [/Script/Engine.NetworkSettings] File [A:/Uni 2018-19/Github/Slime/Slime/Slime/Saved/Config/Windows/Engine.ini]
[2019.02.05-10.05.30:915][  0]LogConfig: Applying CVar settings from Section [/Script/UnrealEd.CookerSettings] File [A:/Uni 2018-19/Github/Slime/Slime/Slime/Saved/Config/Windows/Engine.ini]
[2019.02.05-10.05.30:932][  0]LogConfig: Applying CVar settings from Section [ViewDistanceQuality@3] File [A:/Uni 2018-19/Github/Slime/Slime/Slime/Saved/Config/Windows/Scalability.ini]
[2019.02.05-10.05.30:932][  0]LogConfig: Setting CVar [[r.SkeletalMeshLODBias:0]]
[2019.02.05-10.05.30:932][  0]LogConfig: Setting CVar [[r.ViewDistanceScale:1.0]]
[2019.02.05-10.05.30:932][  0]LogConfig: Applying CVar settings from Section [AntiAliasingQuality@3] File [A:/Uni 2018-19/Github/Slime/Slime/Slime/Saved/Config/Windows/Scalability.ini]
[2019.02.05-10.05.30:932][  0]LogConfig: Setting CVar [[r.PostProcessAAQuality:4]]
[2019.02.05-10.05.30:932][  0]LogConfig: Applying CVar settings from Section [ShadowQuality@3] File [A:/Uni 2018-19/Github/Slime/Slime/Slime/Saved/Config/Windows/Scalability.ini]
[2019.02.05-10.05.30:932][  0]LogConfig: Setting CVar [[r.LightFunctionQuality:1]]
[2019.02.05-10.05.30:932][  0]LogConfig: Setting CVar [[r.ShadowQuality:5]]
[2019.02.05-10.05.30:933][  0]LogConfig: Setting CVar [[r.Shadow.CSM.MaxCascades:10]]
[2019.02.05-10.05.30:933][  0]LogConfig: Setting CVar [[r.Shadow.MaxResolution:2048]]
[2019.02.05-10.05.30:933][  0]LogConfig: Setting CVar [[r.Shadow.MaxCSMResolution:2048]]
[2019.02.05-10.05.30:933][  0]LogConfig: Setting CVar [[r.Shadow.RadiusThreshold:0.01]]
[2019.02.05-10.05.30:933][  0]LogConfig: Setting CVar [[r.Shadow.DistanceScale:1.0]]
[2019.02.05-10.05.30:933][  0]LogConfig: Setting CVar [[r.Shadow.CSM.TransitionScale:1.0]]
[2019.02.05-10.05.30:933][  0]LogConfig: Setting CVar [[r.Shadow.PreShadowResolutionFactor:1.0]]
[2019.02.05-10.05.30:933][  0]LogConfig: Setting CVar [[r.DistanceFieldShadowing:1]]
[2019.02.05-10.05.30:933][  0]LogConfig: Setting CVar [[r.DistanceFieldAO:1]]
[2019.02.05-10.05.30:933][  0]LogConfig: Setting CVar [[r.AOQuality:2]]
[2019.02.05-10.05.30:933][  0]LogConfig: Setting CVar [[r.VolumetricFog:1]]
[2019.02.05-10.05.30:933][  0]LogConfig: Setting CVar [[r.VolumetricFog.GridPixelSize:8]]
[2019.02.05-10.05.30:933][  0]LogConfig: Setting CVar [[r.VolumetricFog.GridSizeZ:128]]
[2019.02.05-10.05.30:933][  0]LogConfig: Setting CVar [[r.VolumetricFog.HistoryMissSupersampleCount:4]]
[2019.02.05-10.05.30:933][  0]LogConfig: Setting CVar [[r.LightMaxDrawDistanceScale:1]]
[2019.02.05-10.05.30:933][  0]LogConfig: Setting CVar [[r.CapsuleShadows:1]]
[2019.02.05-10.05.30:933][  0]LogConfig: Applying CVar settings from Section [PostProcessQuality@3] File [A:/Uni 2018-19/Github/Slime/Slime/Slime/Saved/Config/Windows/Scalability.ini]
[2019.02.05-10.05.30:933][  0]LogConfig: Setting CVar [[r.MotionBlurQuality:4]]
[2019.02.05-10.05.30:934][  0]LogConfig: Setting CVar [[r.AmbientOcclusionMipLevelFactor:0.4]]
[2019.02.05-10.05.30:934][  0]LogConfig: Setting CVar [[r.AmbientOcclusionMaxQuality:100]]
[2019.02.05-10.05.30:934][  0]LogConfig: Setting CVar [[r.AmbientOcclusionLevels:-1]]
[2019.02.05-10.05.30:934][  0]LogConfig: Setting CVar [[r.AmbientOcclusionRadiusScale:1.0]]
[2019.02.05-10.05.30:934][  0]LogConfig: Setting CVar [[r.DepthOfFieldQuality:2]]
[2019.02.05-10.05.30:934][  0]LogConfig: Setting CVar [[r.RenderTargetPoolMin:400]]
[2019.02.05-10.05.30:934][  0]LogConfig: Setting CVar [[r.LensFlareQuality:2]]
[2019.02.05-10.05.30:934][  0]LogConfig: Setting CVar [[r.SceneColorFringeQuality:1]]
[2019.02.05-10.05.30:934][  0]LogConfig: Setting CVar [[r.EyeAdaptationQuality:2]]
[2019.02.05-10.05.30:934][  0]LogConfig: Setting CVar [[r.BloomQuality:5]]
[2019.02.05-10.05.30:934][  0]LogConfig: Setting CVar [[r.FastBlurThreshold:100]]
[2019.02.05-10.05.30:935][  0]LogConfig: Setting CVar [[r.Upscale.Quality:3]]
[2019.02.05-10.05.30:935][  0]LogConfig: Setting CVar [[r.Tonemapper.GrainQuantization:1]]
[2019.02.05-10.05.30:935][  0]LogConfig: Setting CVar [[r.LightShaftQuality:1]]
[2019.02.05-10.05.30:935][  0]LogConfig: Setting CVar [[r.Filter.SizeScale:1]]
[2019.02.05-10.05.30:935][  0]LogConfig: Setting CVar [[r.Tonemapper.Quality:5]]
[2019.02.05-10.05.30:935][  0]LogConfig: Setting CVar [[r.DOF.Gather.AccumulatorQuality:1        ; higher gathering accumulator quality]]
[2019.02.05-10.05.30:935][  0]LogConfig: Setting CVar [[r.DOF.Gather.PostfilterMethod:1          ; Median3x3 postfilering method]]
[2019.02.05-10.05.30:935][  0]LogConfig: Setting CVar [[r.DOF.Gather.EnableBokehSettings:0       ; no bokeh simulation when gathering]]
[2019.02.05-10.05.30:935][  0]LogConfig: Setting CVar [[r.DOF.Gather.RingCount:4                 ; medium number of samples when gathering]]
[2019.02.05-10.05.30:935][  0]LogConfig: Setting CVar [[r.DOF.Scatter.ForegroundCompositing:1    ; additive foreground scattering]]
[2019.02.05-10.05.30:935][  0]LogConfig: Setting CVar [[r.DOF.Scatter.BackgroundCompositing:2    ; additive background scattering]]
[2019.02.05-10.05.30:935][  0]LogConfig: Setting CVar [[r.DOF.Scatter.EnableBokehSettings:1      ; bokeh simulation when scattering]]
[2019.02.05-10.05.30:935][  0]LogConfig: Setting CVar [[r.DOF.Scatter.MaxSpriteRatio:0.1         ; only a maximum of 10% of scattered bokeh]]
[2019.02.05-10.05.30:935][  0]LogConfig: Setting CVar [[r.DOF.Recombine.Quality:1                ; cheap slight out of focus]]
[2019.02.05-10.05.30:935][  0]LogConfig: Setting CVar [[r.DOF.Recombine.EnableBokehSettings:0    ; no bokeh simulation on slight out of focus]]
[2019.02.05-10.05.30:935][  0]LogConfig: Setting CVar [[r.DOF.TemporalAAQuality:1                ; more stable temporal accumulation]]
[2019.02.05-10.05.30:935][  0]LogConfig: Setting CVar [[r.DOF.Kernel.MaxForegroundRadius:0.025]]
[2019.02.05-10.05.30:935][  0]LogConfig: Setting CVar [[r.DOF.Kernel.MaxBackgroundRadius:0.025]]
[2019.02.05-10.05.30:935][  0]LogConfig: Applying CVar settings from Section [TextureQuality@3] File [A:/Uni 2018-19/Github/Slime/Slime/Slime/Saved/Config/Windows/Scalability.ini]
[2019.02.05-10.05.30:935][  0]LogConfig: Setting CVar [[r.Streaming.MipBias:0]]
[2019.02.05-10.05.30:935][  0]LogConfig: Setting CVar [[r.Streaming.AmortizeCPUToGPUCopy:0]]
[2019.02.05-10.05.30:935][  0]LogConfig: Setting CVar [[r.Streaming.MaxNumTexturesToStreamPerFrame:0]]
[2019.02.05-10.05.30:935][  0]LogConfig: Setting CVar [[r.Streaming.Boost:1]]
[2019.02.05-10.05.30:936][  0]LogConfig: Setting CVar [[r.MaxAnisotropy:8]]
[2019.02.05-10.05.30:936][  0]LogConfig: Setting CVar [[r.Streaming.LimitPoolSizeToVRAM:0]]
[2019.02.05-10.05.30:936][  0]LogConfig: Setting CVar [[r.Streaming.PoolSize:1000]]
[2019.02.05-10.05.30:936][  0]LogConfig: Setting CVar [[r.Streaming.MaxEffectiveScreenSize:0]]
[2019.02.05-10.05.30:936][  0]LogConfig: Applying CVar settings from Section [EffectsQuality@3] File [A:/Uni 2018-19/Github/Slime/Slime/Slime/Saved/Config/Windows/Scalability.ini]
[2019.02.05-10.05.30:936][  0]LogConfig: Setting CVar [[r.TranslucencyLightingVolumeDim:64]]
[2019.02.05-10.05.30:936][  0]LogConfig: Setting CVar [[r.RefractionQuality:2]]
[2019.02.05-10.05.30:936][  0]LogConfig: Setting CVar [[r.SSR.Quality:3]]
[2019.02.05-10.05.30:936][  0]LogConfig: Setting CVar [[r.SceneColorFormat:4]]
[2019.02.05-10.05.30:936][  0]LogConfig: Setting CVar [[r.DetailMode:2]]
[2019.02.05-10.05.30:936][  0]LogConfig: Setting CVar [[r.TranslucencyVolumeBlur:1]]
[2019.02.05-10.05.30:936][  0]LogConfig: Setting CVar [[r.MaterialQualityLevel:1 ; High quality]]
[2019.02.05-10.05.30:936][  0]LogConfig: Setting CVar [[r.SSS.Scale:1]]
[2019.02.05-10.05.30:936][  0]LogConfig: Setting CVar [[r.SSS.SampleSet:2]]
[2019.02.05-10.05.30:936][  0]LogConfig: Setting CVar [[r.SSS.Quality:1]]
[2019.02.05-10.05.30:936][  0]LogConfig: Setting CVar [[r.SSS.HalfRes:1]]
[2019.02.05-10.05.30:936][  0]LogConfig: Setting CVar [[r.EmitterSpawnRateScale:1.0]]
[2019.02.05-10.05.30:936][  0]LogConfig: Setting CVar [[r.ParticleLightQuality:2]]
[2019.02.05-10.05.30:936][  0]LogConfig: Applying CVar settings from Section [FoliageQuality@3] File [A:/Uni 2018-19/Github/Slime/Slime/Slime/Saved/Config/Windows/Scalability.ini]
[2019.02.05-10.05.30:936][  0]LogConfig: Setting CVar [[foliage.DensityScale:1.0]]
[2019.02.05-10.05.30:937][  0]LogConfig: Setting CVar [[grass.DensityScale:1.0]]
[2019.02.05-10.05.30:938][  0]LogInit: Selected Device Profile: [Windows]
[2019.02.05-10.05.30:938][  0]LogInit: Applying CVar settings loaded from the selected device profile: [Windows]
[2019.02.05-10.05.30:958][  0]LogHAL: Display: Platform has ~ 16 GB [17132032000 / 17179869184 / 16], which maps to Larger [LargestMinGB=32, LargerMinGB=12, DefaultMinGB=8, SmallerMinGB=6, SmallestMinGB=0)
[2019.02.05-10.05.30:959][  0]LogConfig: Setting CVar [[r.Vulkan.UseRealUBs:1]]
[2019.02.05-10.05.30:960][  0]LogInit: Going up to parent DeviceProfile []
[2019.02.05-10.05.30:960][  0]LogConfig: Applying CVar settings from Section [ViewDistanceQuality@3] File [A:/Uni 2018-19/Github/Slime/Slime/Slime/Saved/Config/Windows/Scalability.ini]
[2019.02.05-10.05.30:960][  0]LogConfig: Setting CVar [[r.SkeletalMeshLODBias:0]]
[2019.02.05-10.05.30:960][  0]LogConfig: Setting CVar [[r.ViewDistanceScale:1.0]]
[2019.02.05-10.05.30:960][  0]LogConfig: Applying CVar settings from Section [AntiAliasingQuality@3] File [A:/Uni 2018-19/Github/Slime/Slime/Slime/Saved/Config/Windows/Scalability.ini]
[2019.02.05-10.05.30:960][  0]LogConfig: Setting CVar [[r.PostProcessAAQuality:4]]
[2019.02.05-10.05.30:960][  0]LogConfig: Applying CVar settings from Section [ShadowQuality@3] File [A:/Uni 2018-19/Github/Slime/Slime/Slime/Saved/Config/Windows/Scalability.ini]
[2019.02.05-10.05.30:960][  0]LogConfig: Setting CVar [[r.LightFunctionQuality:1]]
[2019.02.05-10.05.30:960][  0]LogConfig: Setting CVar [[r.ShadowQuality:5]]
[2019.02.05-10.05.30:960][  0]LogConfig: Setting CVar [[r.Shadow.CSM.MaxCascades:10]]
[2019.02.05-10.05.30:960][  0]LogConfig: Setting CVar [[r.Shadow.MaxResolution:2048]]
[2019.02.05-10.05.30:960][  0]LogConfig: Setting CVar [[r.Shadow.MaxCSMResolution:2048]]
[2019.02.05-10.05.30:961][  0]LogConfig: Setting CVar [[r.Shadow.RadiusThreshold:0.01]]
[2019.02.05-10.05.30:961][  0]LogConfig: Setting CVar [[r.Shadow.DistanceScale:1.0]]
[2019.02.05-10.05.30:961][  0]LogConfig: Setting CVar [[r.Shadow.CSM.TransitionScale:1.0]]
[2019.02.05-10.05.30:961][  0]LogConfig: Setting CVar [[r.Shadow.PreShadowResolutionFactor:1.0]]
[2019.02.05-10.05.30:961][  0]LogConfig: Setting CVar [[r.DistanceFieldShadowing:1]]
[2019.02.05-10.05.30:961][  0]LogConfig: Setting CVar [[r.DistanceFieldAO:1]]
[2019.02.05-10.05.30:961][  0]LogConfig: Setting CVar [[r.AOQuality:2]]
[2019.02.05-10.05.30:961][  0]LogConfig: Setting CVar [[r.VolumetricFog:1]]
[2019.02.05-10.05.30:961][  0]LogConfig: Setting CVar [[r.VolumetricFog.GridPixelSize:8]]
[2019.02.05-10.05.30:961][  0]LogConfig: Setting CVar [[r.VolumetricFog.GridSizeZ:128]]
[2019.02.05-10.05.30:961][  0]LogConfig: Setting CVar [[r.VolumetricFog.HistoryMissSupersampleCount:4]]
[2019.02.05-10.05.30:961][  0]LogConfig: Setting CVar [[r.LightMaxDrawDistanceScale:1]]
[2019.02.05-10.05.30:961][  0]LogConfig: Setting CVar [[r.CapsuleShadows:1]]
[2019.02.05-10.05.30:961][  0]LogConfig: Applying CVar settings from Section [PostProcessQuality@3] File [A:/Uni 2018-19/Github/Slime/Slime/Slime/Saved/Config/Windows/Scalability.ini]
[2019.02.05-10.05.30:961][  0]LogConfig: Setting CVar [[r.MotionBlurQuality:4]]
[2019.02.05-10.05.30:961][  0]LogConfig: Setting CVar [[r.AmbientOcclusionMipLevelFactor:0.4]]
[2019.02.05-10.05.30:961][  0]LogConfig: Setting CVar [[r.AmbientOcclusionMaxQuality:100]]
[2019.02.05-10.05.30:961][  0]LogConfig: Setting CVar [[r.AmbientOcclusionLevels:-1]]
[2019.02.05-10.05.30:962][  0]LogConfig: Setting CVar [[r.AmbientOcclusionRadiusScale:1.0]]
[2019.02.05-10.05.30:962][  0]LogConfig: Setting CVar [[r.DepthOfFieldQuality:2]]
[2019.02.05-10.05.30:962][  0]LogConfig: Setting CVar [[r.RenderTargetPoolMin:400]]
[2019.02.05-10.05.30:962][  0]LogConfig: Setting CVar [[r.LensFlareQuality:2]]
[2019.02.05-10.05.30:962][  0]LogConfig: Setting CVar [[r.SceneColorFringeQuality:1]]
[2019.02.05-10.05.30:962][  0]LogConfig: Setting CVar [[r.EyeAdaptationQuality:2]]
[2019.02.05-10.05.30:962][  0]LogConfig: Setting CVar [[r.BloomQuality:5]]
[2019.02.05-10.05.30:962][  0]LogConfig: Setting CVar [[r.FastBlurThreshold:100]]
[2019.02.05-10.05.30:962][  0]LogConfig: Setting CVar [[r.Upscale.Quality:3]]
[2019.02.05-10.05.30:962][  0]LogConfig: Setting CVar [[r.Tonemapper.GrainQuantization:1]]
[2019.02.05-10.05.30:962][  0]LogConfig: Setting CVar [[r.LightShaftQuality:1]]
[2019.02.05-10.05.30:962][  0]LogConfig: Setting CVar [[r.Filter.SizeScale:1]]
[2019.02.05-10.05.30:962][  0]LogConfig: Setting CVar [[r.Tonemapper.Quality:5]]
[2019.02.05-10.05.30:962][  0]LogConfig: Setting CVar [[r.DOF.Gather.AccumulatorQuality:1        ; higher gathering accumulator quality]]
[2019.02.05-10.05.30:962][  0]LogConfig: Setting CVar [[r.DOF.Gather.PostfilterMethod:1          ; Median3x3 postfilering method]]
[2019.02.05-10.05.30:962][  0]LogConfig: Setting CVar [[r.DOF.Gather.EnableBokehSettings:0       ; no bokeh simulation when gathering]]
[2019.02.05-10.05.30:962][  0]LogConfig: Setting CVar [[r.DOF.Gather.RingCount:4                 ; medium number of samples when gathering]]
[2019.02.05-10.05.30:962][  0]LogConfig: Setting CVar [[r.DOF.Scatter.ForegroundCompositing:1    ; additive foreground scattering]]
[2019.02.05-10.05.30:963][  0]LogConfig: Setting CVar [[r.DOF.Scatter.BackgroundCompositing:2    ; additive background scattering]]
[2019.02.05-10.05.30:963][  0]LogConfig: Setting CVar [[r.DOF.Scatter.EnableBokehSettings:1      ; bokeh simulation when scattering]]
[2019.02.05-10.05.30:963][  0]LogConfig: Setting CVar [[r.DOF.Scatter.MaxSpriteRatio:0.1         ; only a maximum of 10% of scattered bokeh]]
[2019.02.05-10.05.30:963][  0]LogConfig: Setting CVar [[r.DOF.Recombine.Quality:1                ; cheap slight out of focus]]
[2019.02.05-10.05.30:963][  0]LogConfig: Setting CVar [[r.DOF.Recombine.EnableBokehSettings:0    ; no bokeh simulation on slight out of focus]]
[2019.02.05-10.05.30:963][  0]LogConfig: Setting CVar [[r.DOF.TemporalAAQuality:1                ; more stable temporal accumulation]]
[2019.02.05-10.05.30:963][  0]LogConfig: Setting CVar [[r.DOF.Kernel.MaxForegroundRadius:0.025]]
[2019.02.05-10.05.30:963][  0]LogConfig: Setting CVar [[r.DOF.Kernel.MaxBackgroundRadius:0.025]]
[2019.02.05-10.05.30:963][  0]LogConfig: Applying CVar settings from Section [TextureQuality@3] File [A:/Uni 2018-19/Github/Slime/Slime/Slime/Saved/Config/Windows/Scalability.ini]
[2019.02.05-10.05.30:963][  0]LogConfig: Setting CVar [[r.Streaming.MipBias:0]]
[2019.02.05-10.05.30:963][  0]LogConfig: Setting CVar [[r.Streaming.AmortizeCPUToGPUCopy:0]]
[2019.02.05-10.05.30:963][  0]LogConfig: Setting CVar [[r.Streaming.MaxNumTexturesToStreamPerFrame:0]]
[2019.02.05-10.05.30:963][  0]LogConfig: Setting CVar [[r.Streaming.Boost:1]]
[2019.02.05-10.05.30:963][  0]LogConfig: Setting CVar [[r.MaxAnisotropy:8]]
[2019.02.05-10.05.30:963][  0]LogConfig: Setting CVar [[r.Streaming.LimitPoolSizeToVRAM:0]]
[2019.02.05-10.05.30:963][  0]LogConfig: Setting CVar [[r.Streaming.PoolSize:1000]]
[2019.02.05-10.05.30:963][  0]LogConfig: Setting CVar [[r.Streaming.MaxEffectiveScreenSize:0]]
[2019.02.05-10.05.30:963][  0]LogConfig: Applying CVar settings from Section [EffectsQuality@3] File [A:/Uni 2018-19/Github/Slime/Slime/Slime/Saved/Config/Windows/Scalability.ini]
[2019.02.05-10.05.30:963][  0]LogConfig: Setting CVar [[r.TranslucencyLightingVolumeDim:64]]
[2019.02.05-10.05.30:964][  0]LogConfig: Setting CVar [[r.RefractionQuality:2]]
[2019.02.05-10.05.30:964][  0]LogConfig: Setting CVar [[r.SSR.Quality:3]]
[2019.02.05-10.05.30:964][  0]LogConfig: Setting CVar [[r.SceneColorFormat:4]]
[2019.02.05-10.05.30:964][  0]LogConfig: Setting CVar [[r.DetailMode:2]]
[2019.02.05-10.05.30:964][  0]LogConfig: Setting CVar [[r.TranslucencyVolumeBlur:1]]
[2019.02.05-10.05.30:964][  0]LogConfig: Setting CVar [[r.MaterialQualityLevel:1 ; High quality]]
[2019.02.05-10.05.30:964][  0]LogConfig: Setting CVar [[r.SSS.Scale:1]]
[2019.02.05-10.05.30:964][  0]LogConfig: Setting CVar [[r.SSS.SampleSet:2]]
[2019.02.05-10.05.30:964][  0]LogConfig: Setting CVar [[r.SSS.Quality:1]]
[2019.02.05-10.05.30:964][  0]LogConfig: Setting CVar [[r.SSS.HalfRes:1]]
[2019.02.05-10.05.30:964][  0]LogConfig: Setting CVar [[r.EmitterSpawnRateScale:1.0]]
[2019.02.05-10.05.30:964][  0]LogConfig: Setting CVar [[r.ParticleLightQuality:2]]
[2019.02.05-10.05.30:964][  0]LogConfig: Applying CVar settings from Section [FoliageQuality@3] File [A:/Uni 2018-19/Github/Slime/Slime/Slime/Saved/Config/Windows/Scalability.ini]
[2019.02.05-10.05.30:964][  0]LogConfig: Setting CVar [[foliage.DensityScale:1.0]]
[2019.02.05-10.05.30:964][  0]LogConfig: Setting CVar [[grass.DensityScale:1.0]]
[2019.02.05-10.05.30:964][  0]LogConfig: Applying CVar settings from Section [Startup] File [../../../Engine/Config/ConsoleVariables.ini]
[2019.02.05-10.05.30:970][  0]LogConfig: Setting CVar [[net.UseAdaptiveNetUpdateFrequency:0]]
[2019.02.05-10.05.30:970][  0]LogConfig: Applying CVar settings from Section [ConsoleVariables] File [A:/Uni 2018-19/Github/Slime/Slime/Slime/Saved/Config/Windows/Engine.ini]
[2019.02.05-10.05.30:972][  0]LogInit: Computer: MAINDESKTOP
[2019.02.05-10.05.30:972][  0]LogInit: User: kille
[2019.02.05-10.05.30:972][  0]LogInit: CPU Page size=4096, Cores=4
[2019.02.05-10.05.30:972][  0]LogInit: High frequency timer resolution =10.000000 MHz
[2019.02.05-10.05.30:972][  0]LogMemory: Memory total: Physical=16.0GB (16GB approx)
[2019.02.05-10.05.30:973][  0]LogMemory: Platform Memory Stats for Windows
[2019.02.05-10.05.30:973][  0]LogMemory: Process Physical Memory: 102.57 MB used, 102.58 MB peak
[2019.02.05-10.05.30:973][  0]LogMemory: Process Virtual Memory: 84.53 MB used, 84.53 MB peak
[2019.02.05-10.05.30:973][  0]LogMemory: Physical Memory: 6981.31 MB used,  9357.07 MB free, 16338.38 MB total
[2019.02.05-10.05.30:973][  0]LogMemory: Virtual Memory: 4630.16 MB used,  134213096.00 MB free, 134217728.00 MB total
[2019.02.05-10.05.31:290][  0]LogInit: Using OS detected language (en-US).
[2019.02.05-10.05.31:290][  0]LogInit: Using OS detected locale (en-GB).
[2019.02.05-10.05.31:291][  0]LogTextLocalizationManager: No specific localization for 'en-US' exists, so the 'en' localization will be used.
[2019.02.05-10.05.31:797][  0]LogStreaming: Display: Took  0.506s to InitEngineTextLocalization.
[2019.02.05-10.05.31:797][  0]LogInit: Setting process to per monitor DPI aware
[2019.02.05-10.05.31:900][  0]LogSlate: New Slate User Created.  User Index 0, Is Virtual User: 0
[2019.02.05-10.05.31:900][  0]LogSlate: Slate User Registered.  User Index 0, Is Virtual User: 0
[2019.02.05-10.05.34:774][  0]LogHMD: Failed to initialize OpenVR with code 126
[2019.02.05-10.05.34:774][  0]LogD3D11RHI: D3D11 adapters:
[2019.02.05-10.05.34:851][  0]LogD3D11RHI:    0. 'NVIDIA GeForce GTX 970' (Feature Level 11_0)
[2019.02.05-10.05.34:851][  0]LogD3D11RHI:       4043/0/8169 MB DedicatedVideo/DedicatedSystem/SharedSystem, Outputs:2, VendorId:0x10de
[2019.02.05-10.05.34:858][  0]LogD3D11RHI:    1. 'Microsoft Basic Render Driver' (Feature Level 11_0)
[2019.02.05-10.05.34:858][  0]LogD3D11RHI:       0/0/8169 MB DedicatedVideo/DedicatedSystem/SharedSystem, Outputs:0, VendorId:0x1414
[2019.02.05-10.05.34:858][  0]LogD3D11RHI: Chosen D3D11 Adapter: 0
[2019.02.05-10.05.34:866][  0]LogD3D11RHI: Creating new Direct3DDevice
[2019.02.05-10.05.34:866][  0]LogD3D11RHI:     GPU DeviceId: 0x13c2 (for the marketing name, search the web for "GPU Device Id")
[2019.02.05-10.05.34:866][  0]LogWindows: EnumDisplayDevices:
[2019.02.05-10.05.34:866][  0]LogWindows:    0. 'NVIDIA GeForce GTX 970' (P:1 D:1)
[2019.02.05-10.05.34:867][  0]LogWindows:    1. 'NVIDIA GeForce GTX 970' (P:0 D:1)
[2019.02.05-10.05.34:867][  0]LogWindows:    2. 'NVIDIA GeForce GTX 970' (P:0 D:0)
[2019.02.05-10.05.34:868][  0]LogWindows:    3. 'NVIDIA GeForce GTX 970' (P:0 D:0)
[2019.02.05-10.05.34:868][  0]LogWindows: DebugString: FoundDriverCount:4 
[2019.02.05-10.05.34:868][  0]LogD3D11RHI:     Adapter Name: NVIDIA GeForce GTX 970
[2019.02.05-10.05.34:868][  0]LogD3D11RHI:   Driver Version: 417.35 (internal:25.21.14.1735, unified:417.35)
[2019.02.05-10.05.34:868][  0]LogD3D11RHI:      Driver Date: 12-11-2018
[2019.02.05-10.05.34:869][  0]LogRHI: Texture pool is 2830 MB (70% of 4043 MB)
[2019.02.05-10.05.34:921][  0]LogD3D11RHI: Async texture creation enabled
[2019.02.05-10.05.34:974][  0]LogD3D11RHI: GPU Timing Frequency: 1000.000000 (Debug: 2 2)
[2019.02.05-10.05.35:356][  0]LogTemp: Display: Loaded TP AllDesktopTargetPlatform
[2019.02.05-10.05.35:372][  0]LogTemp: Display: Loaded TP MacClientTargetPlatform
[2019.02.05-10.05.35:388][  0]LogTemp: Display: Loaded TP MacNoEditorTargetPlatform
[2019.02.05-10.05.35:404][  0]LogTemp: Display: Loaded TP MacServerTargetPlatform
[2019.02.05-10.05.35:428][  0]LogTemp: Display: Loaded TP MacTargetPlatform
[2019.02.05-10.05.35:445][  0]LogTemp: Display: Loaded TP WindowsClientTargetPlatform
[2019.02.05-10.05.35:461][  0]LogTemp: Display: Loaded TP WindowsNoEditorTargetPlatform
[2019.02.05-10.05.35:478][  0]LogTemp: Display: Loaded TP WindowsServerTargetPlatform
[2019.02.05-10.05.35:487][  0]LogTemp: Display: Loaded TP WindowsTargetPlatform
[2019.02.05-10.05.35:572][  0]LogTemp: Display: Loaded TP AndroidTargetPlatform
[2019.02.05-10.05.35:572][  0]LogTemp: Display: Loaded TP AndroidTargetPlatform
[2019.02.05-10.05.35:572][  0]LogTemp: Display: Loaded TP AndroidTargetPlatform
[2019.02.05-10.05.35:572][  0]LogTemp: Display: Loaded TP AndroidTargetPlatform
[2019.02.05-10.05.35:573][  0]LogTemp: Display: Loaded TP AndroidTargetPlatform
[2019.02.05-10.05.35:573][  0]LogTemp: Display: Loaded TP AndroidTargetPlatform
[2019.02.05-10.05.35:573][  0]LogTemp: Display: Loaded TP AndroidTargetPlatform
[2019.02.05-10.05.35:573][  0]LogTemp: Display: Loaded TP AndroidTargetPlatform
[2019.02.05-10.05.35:573][  0]LogTemp: Display: Loaded TP AndroidTargetPlatform
[2019.02.05-10.05.35:573][  0]LogTemp: Display: Loaded TP AndroidTargetPlatform
[2019.02.05-10.05.35:573][  0]LogTemp: Display: Loaded TP AndroidTargetPlatform
[2019.02.05-10.05.35:573][  0]LogTemp: Display: Loaded TP AndroidTargetPlatform
[2019.02.05-10.05.35:573][  0]LogTemp: Display: Loaded TP AndroidTargetPlatform
[2019.02.05-10.05.35:573][  0]LogTemp: Display: Loaded TP AndroidTargetPlatform
[2019.02.05-10.05.35:573][  0]LogTemp: Display: Loaded TP AndroidTargetPlatform
[2019.02.05-10.05.35:573][  0]LogTemp: Display: Loaded TP AndroidTargetPlatform
[2019.02.05-10.05.35:573][  0]LogTemp: Display: Loaded TP AndroidTargetPlatform
[2019.02.05-10.05.35:573][  0]LogTemp: Display: Loaded TP AndroidTargetPlatform
[2019.02.05-10.05.35:580][  0]LogTemp: Display: Loaded TP HTML5TargetPlatform
[2019.02.05-10.05.35:663][  0]LogTemp: Display: Loaded TP IOSTargetPlatform
[2019.02.05-10.05.35:663][  0]LogTemp: Display: Loaded TP IOSTargetPlatform
[2019.02.05-10.05.35:689][  0]LogTemp: Display: Loaded TP TVOSTargetPlatform
[2019.02.05-10.05.35:689][  0]LogTemp: Display: Loaded TP TVOSTargetPlatform
[2019.02.05-10.05.35:706][  0]LogTemp: Display: Loaded TP LinuxClientTargetPlatform
[2019.02.05-10.05.35:722][  0]LogTemp: Display: Loaded TP LinuxNoEditorTargetPlatform
[2019.02.05-10.05.35:738][  0]LogTemp: Display: Loaded TP LinuxServerTargetPlatform
[2019.02.05-10.05.35:764][  0]LogTemp: Display: Loaded TP LinuxTargetPlatform
[2019.02.05-10.05.35:815][  0]LogTemp: Display: Loaded TP LuminTargetPlatform
[2019.02.05-10.05.35:815][  0]LogTemp: Display: Loaded TP LuminTargetPlatform
[2019.02.05-10.05.35:815][  0]LogTargetPlatformManager: Display: Building Assets For Windows
[2019.02.05-10.05.36:007][  0]LogShaderCompilers: Guid format shader working directory is 8 characters bigger than the processId version (A:/Uni 2018-19/Github/Slime/Slime/Slime/Intermediate/Shaders/WorkingDirectory/14296/).
[2019.02.05-10.05.36:007][  0]LogShaderCompilers: Cleaned the shader compiler working directory 'C:/Users/Charles/AppData/Local/Temp/UnrealShaderWorkingDir/C4169E5249CCF3C112F0A48CEDAEBA70/'.
[2019.02.05-10.05.36:010][  0]LogXGEController: Cleaning working directory: C:/Users/Charles/AppData/Local/Temp/UnrealXGEWorkingDir/
[2019.02.05-10.05.36:011][  0]LogXGEController: Cannot use XGE Controller as Incredibuild is not installed on this machine.
[2019.02.05-10.05.36:011][  0]LogShaderCompilers: Cannot use XGE Shader Compiler as Incredibuild is not installed on this machine.
[2019.02.05-10.05.36:011][  0]LogShaderCompilers: Display: Using Local Shader Compiler.
[2019.02.05-10.05.37:922][  0]LogDerivedDataCache: Display: Max Cache Size: 512 MB
[2019.02.05-10.05.38:630][  0]LogDerivedDataCache: Loaded boot cache 0.71s 75MB C:/Users/Charles/AppData/Local/UnrealEngine/4.21/DerivedDataCache/Boot.ddc.
[2019.02.05-10.05.38:630][  0]LogDerivedDataCache: Display: Loaded Boot cache: C:/Users/Charles/AppData/Local/UnrealEngine/4.21/DerivedDataCache/Boot.ddc
[2019.02.05-10.05.38:631][  0]LogDerivedDataCache: FDerivedDataBackendGraph:  Pak pak cache file A:/Uni 2018-19/Github/Slime/Slime/Slime/DerivedDataCache/DDC.ddp not found, will not use a pak cache.
[2019.02.05-10.05.38:631][  0]LogDerivedDataCache: Unable to find inner node Pak for hierarchical cache Hierarchy.
[2019.02.05-10.05.38:631][  0]LogDerivedDataCache: FDerivedDataBackendGraph:  CompressedPak pak cache file A:/Uni 2018-19/Github/Slime/Slime/Slime/DerivedDataCache/Compressed.ddp not found, will not use a pak cache.
[2019.02.05-10.05.38:631][  0]LogDerivedDataCache: Unable to find inner node CompressedPak for hierarchical cache Hierarchy.
[2019.02.05-10.05.38:655][  0]LogDerivedDataCache: Display: Pak cache opened for reading ../../../Engine/DerivedDataCache/Compressed.ddp.
[2019.02.05-10.05.38:656][  0]LogDerivedDataCache: FDerivedDataBackendGraph:  EnterprisePak pak cache file ../../../Enterprise/DerivedDataCache/Compressed.ddp not found, will not use a pak cache.
[2019.02.05-10.05.38:656][  0]LogDerivedDataCache: Unable to find inner node EnterprisePak for hierarchical cache Hierarchy.
[2019.02.05-10.05.38:669][  0]LogDerivedDataCache: Using Local data cache path C:/Users/Charles/AppData/Local/UnrealEngine/Common/DerivedDataCache: Writable
[2019.02.05-10.05.38:670][  0]LogDerivedDataCache: Shared data cache path not found in *engine.ini, will not use an Shared cache.
[2019.02.05-10.05.38:670][  0]LogDerivedDataCache: Unable to find inner node Shared for hierarchical cache Hierarchy.
[2019.02.05-10.05.38:698][  0]LogMaterial: Verifying Global Shaders for PCD3D_SM5
[2019.02.05-10.05.38:705][  0]LogSlate: Using FreeType 2.6.0
[2019.02.05-10.05.38:723][  0]LogSlate: SlateFontServices - WITH_FREETYPE: 1, WITH_HARFBUZZ: 1
[2019.02.05-10.05.39:009][  0]LogAssetRegistry: FAssetRegistry took 0.0372 seconds to start up
[2019.02.05-10.05.39:474][  0]LogInit: Selected Device Profile: [Windows]
[2019.02.05-10.05.39:820][  0]LogSimplygon: Simplygon DLL not present - disabling.
[2019.02.05-10.05.39:841][  0]LogMeshReduction: Using SimplygonSwarm for distributed automatic mesh merging
[2019.02.05-10.05.39:841][  0]LogMeshReduction: Using ProxyLODMeshReduction for automatic mesh merging
[2019.02.05-10.05.39:842][  0]LogMeshReduction: Using QuadricMeshReduction for automatic static mesh reduction
[2019.02.05-10.05.39:843][  0]LogMeshReduction: No automatic skeletal mesh reduction module available
[2019.02.05-10.05.39:910][  0]LogNetVersion: Slime 1.0.0, NetCL: 4541578, EngineNetVer: 5, GameNetVer: 0 (Checksum: 858269732)
[2019.02.05-10.05.41:217][  0]LogPackageLocalizationCache: Processed 11 localized package path(s) for 2 prioritized culture(s) in 0.094678 seconds
[2019.02.05-10.05.41:225][  0]LogUObjectArray: 39775 objects as part of root set at end of initial load.
[2019.02.05-10.05.41:225][  0]LogUObjectAllocator: 6914656 out of 0 bytes used by permanent object pool.
[2019.02.05-10.05.41:225][  0]LogUObjectArray: CloseDisregardForGC: 0/0 objects in disregard for GC pool
[2019.02.05-10.05.44:825][  0]LogTcpMessaging: Initializing TcpMessaging bridge
[2019.02.05-10.05.44:844][  0]LogUdpMessaging: Initializing bridge on interface 0.0.0.0:0 to multicast group 230.0.0.1:6666.
[2019.02.05-10.05.47:499][  0]SourceControl: Source control is disabled
[2019.02.05-10.05.47:499][  0]SourceControl: Source control is disabled
[2019.02.05-10.05.47:511][  0]SourceControl: Source control is disabled
[2019.02.05-10.05.47:517][  0]SourceControl: Source control is disabled
[2019.02.05-10.05.47:877][  0]LogAndroidPermission: UAndroidPermissionCallbackProxy::GetInstance
[2019.02.05-10.05.48:080][  0]LogOcInput: OculusInput pre-init called
[2019.02.05-10.05.48:322][  0]LogEngine: Initializing Engine...
[2019.02.05-10.05.48:359][  0]LogHMD: Failed to initialize OpenVR with code 126
[2019.02.05-10.05.48:362][  0]LogStats: UGameplayTagsManager::ConstructGameplayTagTree: ImportINI prefixes -  0.000 s
[2019.02.05-10.05.48:362][  0]LogStats: UGameplayTagsManager::ConstructGameplayTagTree: Construct from data asset -  0.000 s
[2019.02.05-10.05.48:362][  0]LogStats: UGameplayTagsManager::ConstructGameplayTagTree: ImportINI -  0.000 s
[2019.02.05-10.05.48:363][  0]LogStats: UGameplayTagsManager::ConstructGameplayTagTree: GameplayTagTreeChangedEvent.Broadcast -  0.000 s
[2019.02.05-10.05.48:789][  0]LogInit: Initializing FReadOnlyCVARCache
[2019.02.05-10.05.48:826][  0]LogAIModule: Creating AISystem for world Untitled
[2019.02.05-10.05.48:890][  0]LogInit: XAudio2 using 'SAMSUNG (NVIDIA High Definition Audio)' : 2 channels at 48 kHz using 16 bits per sample (channel mask 0x3)
[2019.02.05-10.05.48:989][  0]LogInit: FAudioDevice initialized.
[2019.02.05-10.05.48:989][  0]LogNetVersion: Set ProjectVersion to 1.0.0.0. Version Checksum will be recalculated on next use.
[2019.02.05-10.05.49:074][  0]LogDerivedDataCache: Saved boot cache 0.08s 75MB C:/Users/Charles/AppData/Local/UnrealEngine/4.21/DerivedDataCache/Boot.ddc.
[2019.02.05-10.05.49:089][  0]LogInit: Texture streaming: Enabled
[2019.02.05-10.05.49:125][  0]LogEngineSessionManager: EngineSessionManager initialized
[2019.02.05-10.05.49:125][  0]LogEngineSessionManager: EngineSessionManager sent abnormal shutdown report. Type=Debugger, SessionId={7EBEB315-42C1-0EC5-AD61-A8B8D60BDB47}
[2019.02.05-10.05.49:125][  0]LogEngineSessionManager: EngineSessionManager sent abnormal shutdown report. Type=Debugger, SessionId={F4FFF573-41EF-5C42-3303-37BDD6B23CE3}
[2019.02.05-10.05.49:143][  0]LogInit: Transaction tracking system initialized
[2019.02.05-10.05.49:215][  0]BlueprintLog: New page: Editor Load
[2019.02.05-10.05.49:517][  0]LocalizationService: Localization service is disabled
[2019.02.05-10.05.50:340][  0]LogFileCache: Scanning file cache for directory 'A:/Uni 2018-19/Github/Slime/Slime/Slime/Content/' took 0.02s
[2019.02.05-10.05.50:340][  0]LogCook: Display: Max memory allowance for cook 16384mb min free memory 0mb
[2019.02.05-10.05.50:341][  0]LogCook: Display: Mobile HDR setting 1
[2019.02.05-10.05.50:341][  0]LogGameplayTags: Display: UGameplayTagsManager::DoneAddingNativeTags. DelegateIsBound: 0
[2019.02.05-10.05.50:341][  0]LogStats: UGameplayTagsManager::ConstructGameplayTagTree: ImportINI prefixes -  0.000 s
[2019.02.05-10.05.50:341][  0]LogStats: UGameplayTagsManager::ConstructGameplayTagTree: Construct from data asset -  0.000 s
[2019.02.05-10.05.50:341][  0]LogStats: UGameplayTagsManager::ConstructGameplayTagTree: ImportINI -  0.000 s
[2019.02.05-10.05.50:341][  0]LogStats: UGameplayTagsManager::ConstructGameplayTagTree: GameplayTagTreeChangedEvent.Broadcast -  0.000 s
[2019.02.05-10.05.50:765][  0]SourceControl: Source control is disabled
[2019.02.05-10.05.50:766][  0]Cmd: MAP LOAD FILE="A:/Uni 2018-19/Github/Slime/Slime/Slime/Content/FirstPersonCPP/Maps/FirstPersonExampleMap.umap" TEMPLATE=0 SHOWPROGRESS=1 FEATURELEVEL=3
[2019.02.05-10.05.50:798][  0]LightingResults: New page: Lighting Build
[2019.02.05-10.05.50:806][  0]MapCheck: New page: Map Check
[2019.02.05-10.05.50:807][  0]LightingResults: New page: Lighting Build
[2019.02.05-10.05.51:288][  0]LogAIModule: Creating AISystem for world FirstPersonExampleMap
[2019.02.05-10.05.51:322][  0]LogEditorServer: Finished looking for orphan Actors (0.000 secs)
[2019.02.05-10.05.51:349][  0]Cmd: MAP CHECKDEP NOCLEARLOG
[2019.02.05-10.05.51:350][  0]MapCheck: Map check complete: 0 Error(s), 0 Warning(s), took 0.13ms to complete.
[2019.02.05-10.05.51:350][  0]LogFileHelpers: Loading map 'FirstPersonExampleMap' took 0.585
[2019.02.05-10.05.51:513][  0]LogSlate: Updating window title bar state: overlay mode, drag disabled, window buttons hidden, title bar hidden
[2019.02.05-10.05.51:521][  0]LogSlate: Updating window title bar state: overlay mode, drag disabled, window buttons hidden, title bar hidden
[2019.02.05-10.05.51:527][  0]LogSlate: Updating window title bar state: overlay mode, drag disabled, window buttons hidden, title bar hidden
[2019.02.05-10.05.51:535][  0]LogSlate: Updating window title bar state: overlay mode, drag disabled, window buttons hidden, title bar hidden
[2019.02.05-10.05.51:556][  0]LogCollectionManager: Loaded 0 collections in 0.001887 seconds
[2019.02.05-10.05.51:614][  0]LogFileCache: Scanning file cache for directory 'A:/Uni 2018-19/Github/Slime/Slime/Slime/Saved/Collections/' took 0.01s
[2019.02.05-10.05.51:614][  0]LogFileCache: Scanning file cache for directory 'A:/Uni 2018-19/Github/Slime/Slime/Slime/Content/Developers/kille/Collections/' took 0.01s
[2019.02.05-10.05.51:615][  0]LogFileCache: Scanning file cache for directory 'A:/Uni 2018-19/Github/Slime/Slime/Slime/Content/Collections/' took 0.01s
[2019.02.05-10.05.51:615][  0]LogCollectionManager: Rebuilt the GUID cache for 0 collections in 0.000000 seconds
[2019.02.05-10.05.51:628][  0]LogContentBrowser: Native class hierarchy populated in 0.0116 seconds. Added 2656 classes and 622 folders.
[2019.02.05-10.05.51:642][  0]LogContentBrowser: Native class hierarchy updated for 'WidgetCarousel' in 0.0005 seconds. Added 0 classes and 0 folders.
[2019.02.05-10.05.51:655][  0]LogPakFile: Registered encryption key '00000000000000000000000000000000': 0 pak files mounted, 0 remain pending
[2019.02.05-10.05.51:666][  0]LogPakFile: Registered encryption key '00000000000000000000000000000000': 0 pak files mounted, 0 remain pending
[2019.02.05-10.05.51:691][  0]LogPakFile: Registered encryption key '00000000000000000000000000000000': 0 pak files mounted, 0 remain pending
[2019.02.05-10.05.51:699][  0]LogPakFile: Registered encryption key '00000000000000000000000000000000': 0 pak files mounted, 0 remain pending
[2019.02.05-10.05.51:704][  0]LogPakFile: Registered encryption key '00000000000000000000000000000000': 0 pak files mounted, 0 remain pending
[2019.02.05-10.05.51:711][  0]LogPakFile: Registered encryption key '00000000000000000000000000000000': 0 pak files mounted, 0 remain pending
[2019.02.05-10.05.51:718][  0]LogPakFile: Registered encryption key '00000000000000000000000000000000': 0 pak files mounted, 0 remain pending
[2019.02.05-10.05.51:725][  0]LogPakFile: Registered encryption key '00000000000000000000000000000000': 0 pak files mounted, 0 remain pending
[2019.02.05-10.05.51:733][  0]LogPakFile: Registered encryption key '00000000000000000000000000000000': 0 pak files mounted, 0 remain pending
[2019.02.05-10.05.51:741][  0]LogPakFile: Registered encryption key '00000000000000000000000000000000': 0 pak files mounted, 0 remain pending
[2019.02.05-10.05.51:748][  0]LogPakFile: Registered encryption key '00000000000000000000000000000000': 0 pak files mounted, 0 remain pending
[2019.02.05-10.05.51:755][  0]LogPakFile: Registered encryption key '00000000000000000000000000000000': 0 pak files mounted, 0 remain pending
[2019.02.05-10.05.51:762][  0]LogPakFile: Registered encryption key '00000000000000000000000000000000': 0 pak files mounted, 0 remain pending
[2019.02.05-10.05.51:770][  0]LogPakFile: Registered encryption key '00000000000000000000000000000000': 0 pak files mounted, 0 remain pending
[2019.02.05-10.05.51:777][  0]LogPakFile: Registered encryption key '00000000000000000000000000000000': 0 pak files mounted, 0 remain pending
[2019.02.05-10.05.51:784][  0]LogPakFile: Registered encryption key '00000000000000000000000000000000': 0 pak files mounted, 0 remain pending
[2019.02.05-10.05.51:823][  0]LogPakFile: Registered encryption key '00000000000000000000000000000000': 0 pak files mounted, 0 remain pending
[2019.02.05-10.05.51:830][  0]LogPakFile: Registered encryption key '00000000000000000000000000000000': 0 pak files mounted, 0 remain pending
[2019.02.05-10.05.51:837][  0]LogPakFile: Registered encryption key '00000000000000000000000000000000': 0 pak files mounted, 0 remain pending
[2019.02.05-10.05.51:844][  0]LogPakFile: Registered encryption key '00000000000000000000000000000000': 0 pak files mounted, 0 remain pending
[2019.02.05-10.05.51:889][  0]LogPakFile: Registered encryption key '00000000000000000000000000000000': 0 pak files mounted, 0 remain pending
[2019.02.05-10.05.51:896][  0]LogPakFile: Registered encryption key '00000000000000000000000000000000': 0 pak files mounted, 0 remain pending
[2019.02.05-10.05.51:904][  0]LogPakFile: Registered encryption key '00000000000000000000000000000000': 0 pak files mounted, 0 remain pending
[2019.02.05-10.05.51:912][  0]LogPakFile: Registered encryption key '00000000000000000000000000000000': 0 pak files mounted, 0 remain pending
[2019.02.05-10.05.51:918][  0]LogPakFile: Registered encryption key '00000000000000000000000000000000': 0 pak files mounted, 0 remain pending
[2019.02.05-10.05.51:925][  0]LogPakFile: Registered encryption key '00000000000000000000000000000000': 0 pak files mounted, 0 remain pending
[2019.02.05-10.05.52:087][  0]LogContentBrowser: Native class hierarchy updated for 'AddContentDialog' in 0.0005 seconds. Added 0 classes and 0 folders.
[2019.02.05-10.05.52:122][  0]LogContentBrowser: Native class hierarchy updated for 'SceneOutliner' in 0.0006 seconds. Added 1 classes and 2 folders.
[2019.02.05-10.05.52:186][  0]LogSlate: Took 0.008207 seconds to synchronously load lazily loaded font '../../../Engine/Content/Slate/Fonts/Roboto-Regular.ttf' (155K)
[2019.02.05-10.05.52:198][  0]LogSlate: Took 0.007430 seconds to synchronously load lazily loaded font '../../../Engine/Content/Slate/Fonts/Roboto-Bold.ttf' (160K)
[2019.02.05-10.05.52:212][  0]LogSlate: Took 0.006255 seconds to synchronously load lazily loaded font '../../../Engine/Content/Editor/Slate/Fonts/FontAwesome.ttf' (139K)
[2019.02.05-10.05.52:360][  0]LogRenderer: Reallocating scene render targets to support 888x388 Format 10 NumSamples 1 (Frame:1).
[2019.02.05-10.05.52:529][  0]LogContentBrowser: Native class hierarchy updated for 'HierarchicalLODOutliner' in 0.0005 seconds. Added 0 classes and 0 folders.
[2019.02.05-10.05.52:529][  0]LogLoad: (Engine Initialization) Total time: 24.41 seconds
[2019.02.05-10.05.52:529][  0]LogLoad: (Engine Initialization) Total Blueprint compile time: 0.00 seconds
[2019.02.05-10.05.52:615][  0]LogContentStreaming: Texture pool size now 1000 MB
[2019.02.05-10.05.52:645][  0]LogSlate: Took 0.005841 seconds to synchronously load lazily loaded font '../../../Engine/Content/Slate/Fonts/Roboto-Light.ttf' (167K)
[2019.02.05-10.05.52:728][  1]LogAssetRegistry: Asset discovery search completed in 13.7436 seconds
[2019.02.05-10.05.52:730][  1]LogCollectionManager: Rebuilt the object cache for 0 collections in 0.000001 seconds (found 0 objects)
[2019.02.05-10.05.52:731][  1]LogCollectionManager: Fixed up redirectors for 0 collections in 0.000272 seconds (updated 0 objects)
[2019.02.05-10.06.52:550][693]LogSlate: FSceneViewport::OnFocusLost() reason 0
[2019.02.05-10.06.55:029][928]LogSlate: Took 0.000307 seconds to synchronously load lazily loaded font '../../../Engine/Content/Slate/Fonts/Roboto-Light.ttf' (167K)
[2019.02.05-10.06.55:504][964]LogAssetEditorManager: Opening Asset editor for LevelScriptBlueprint /Game/FirstPersonCPP/Maps/FirstPersonExampleMap.FirstPersonExampleMap:PersistentLevel.FirstPersonExampleMap
[2019.02.05-10.06.56:213][964]LogContentBrowser: Native class hierarchy updated for 'BlueprintGraph' in 0.0010 seconds. Added 117 classes and 0 folders.
[2019.02.05-10.06.57:081][964]LogSlate: Took 0.006973 seconds to synchronously load lazily loaded font '../../../Engine/Content/Slate/Fonts/Roboto-BoldCondensed.ttf' (158K)
[2019.02.05-10.06.57:356][965]LogSlate: Took 0.006831 seconds to synchronously load lazily loaded font '../../../Engine/Content/Slate/Fonts/Roboto-Italic.ttf' (157K)
[2019.02.05-10.21.28:166][237]LogSavePackage: Moving 'A:/Uni 2018-19/Github/Slime/Slime/Slime/Saved/FirstPersonExampleMap_Auto1E1D7536A48F5935D4BE083AE83EECC55.tmp' to 'A:/Uni 2018-19/Github/Slime/Slime/Slime/Saved/Autosaves/Game/FirstPersonCPP/Maps/FirstPersonExampleMap_Auto1.umap'
[2019.02.05-10.21.28:171][237]LogFileHelpers: Editor autosave (incl. sublevels) for '/Game/FirstPersonCPP/Maps/FirstPersonExampleMap' took 0.501
[2019.02.05-10.21.28:171][237]LogFileHelpers: Editor autosave (incl. sublevels) for all levels took 0.501
[2019.02.05-10.31.28:771][762]LogSavePackage: Moving 'A:/Uni 2018-19/Github/Slime/Slime/Slime/Saved/FirstPersonExampleMap_Auto2BAAF169C47F8945084A0ED8BCBAACF97.tmp' to 'A:/Uni 2018-19/Github/Slime/Slime/Slime/Saved/Autosaves/Game/FirstPersonCPP/Maps/FirstPersonExampleMap_Auto2.umap'
[2019.02.05-10.31.28:775][762]LogFileHelpers: Editor autosave (incl. sublevels) for '/Game/FirstPersonCPP/Maps/FirstPersonExampleMap' took 0.256
[2019.02.05-10.31.28:775][762]LogFileHelpers: Editor autosave (incl. sublevels) for all levels took 0.256
[2019.02.05-10.46.41:481][992]LogAssetEditorManager: Opening Asset editor for TextureRenderTarget2D /Game/WhiteBoard/RT_Whiteboard.RT_Whiteboard
[2019.02.05-10.46.41:497][992]LogContentBrowser: Native class hierarchy updated for 'TextureEditor' in 0.0006 seconds. Added 1 classes and 2 folders.
[2019.02.05-10.46.46:654][590]LogAssetEditorManager: Opening Asset editor for Material /Game/WhiteBoard/m_Whiteboard.m_Whiteboard
[2019.02.05-10.46.46:659][590]LogMaterial: Display: Missing cached shader map for material m_Whiteboard, compiling. 
[2019.02.05-10.46.47:046][590]LogMaterial: Display: Missing cached shader map for material m_Whiteboard, compiling. 
[2019.02.05-10.46.47:061][590]LogMaterial: Display: Missing cached shader map for material m_Whiteboard, compiling. 
[2019.02.05-10.46.47:090][590]LogShaderCompilers: Display: Shaders left to compile 21
[2019.02.05-10.46.47:090][590]LogShaderCompilers: Display: Shaders left to compile 20
[2019.02.05-10.46.47:090][590]LogShaderCompilers: Display: Shaders left to compile 19
[2019.02.05-10.46.47:106][590]LogMaterial: Display: Missing cached shader map for material FMatExpressionPreview MaterialExpressionTextureSample_0, compiling. 
[2019.02.05-10.46.47:113][590]LogMaterial: Display: Missing cached shader map for material FMatExpressionPreview MaterialExpressionVectorParameter_0, compiling. 
[2019.02.05-10.46.47:120][590]LogMaterial: Display: Missing cached shader map for material FMatExpressionPreview MaterialExpressionConstant3Vector_0, compiling. 
[2019.02.05-10.46.47:126][590]LogMaterial: Display: Missing cached shader map for material FMatExpressionPreview MaterialExpressionTextureSample_1, compiling. 
[2019.02.05-10.46.47:133][590]LogMaterial: Display: Missing cached shader map for material FMatExpressionPreview MaterialExpressionTextureSample_3, compiling. 
[2019.02.05-10.46.47:280][591]LogRenderer: Reallocating scene render targets to support 888x524 Format 10 NumSamples 1 (Frame:1).
[2019.02.05-10.46.48:061][675]LogShaderCompilers: Display: Shaders left to compile 28
[2019.02.05-10.46.48:209][691]LogShaderCompilers: Display: Shaders left to compile 27
[2019.02.05-10.46.48:302][702]LogShaderCompilers: Display: Shaders left to compile 26
[2019.02.05-10.46.48:537][726]LogShaderCompilers: Display: Shaders left to compile 25
[2019.02.05-10.46.48:685][740]LogShaderCompilers: Display: Shaders left to compile 24
[2019.02.05-10.46.48:850][758]LogShaderCompilers: Display: Shaders left to compile 23
[2019.02.05-10.46.48:965][771]LogShaderCompilers: Display: Shaders left to compile 22
[2019.02.05-10.46.49:092][784]LogShaderCompilers: Display: Shaders left to compile 21
[2019.02.05-10.46.49:181][794]LogShaderCompilers: Display: Shaders left to compile 20
[2019.02.05-10.46.49:645][844]LogShaderCompilers: Display: Shaders left to compile 19
[2019.02.05-10.46.49:688][849]LogShaderCompilers: Display: Shaders left to compile 18
[2019.02.05-10.46.49:880][871]LogShaderCompilers: Display: Shaders left to compile 17
[2019.02.05-10.46.50:295][917]LogShaderCompilers: Display: Shaders left to compile 16
[2019.02.05-10.46.50:295][917]LogShaderCompilers: Display: Shaders left to compile 15
[2019.02.05-10.46.50:566][948]LogShaderCompilers: Display: Shaders left to compile 14
[2019.02.05-10.46.50:955][992]LogShaderCompilers: Display: Shaders left to compile 13
[2019.02.05-10.46.51:087][  7]LogShaderCompilers: Display: Shaders left to compile 12
[2019.02.05-10.46.51:129][ 12]LogShaderCompilers: Display: Shaders left to compile 11
[2019.02.05-10.46.51:822][ 87]LogShaderCompilers: Display: Shaders left to compile 10
[2019.02.05-10.46.51:849][ 90]LogShaderCompilers: Display: Shaders left to compile 9
[2019.02.05-10.46.52:258][134]LogShaderCompilers: Display: Shaders left to compile 8
[2019.02.05-10.46.52:381][148]LogShaderCompilers: Display: Shaders left to compile 7
[2019.02.05-10.46.52:514][152]MaterialEditorStats: Base pass shader: 105 instructions
[2019.02.05-10.46.52:514][152]MaterialEditorStats: Base pass shader with Volumetric Lightmap: 173 instructions
[2019.02.05-10.46.52:514][152]MaterialEditorStats: Base pass vertex shader: 36 instructions
[2019.02.05-10.46.52:515][152]MaterialEditorStats: Texture samplers: 5/16
[2019.02.05-10.46.52:515][152]MaterialEditorStats: Texture Lookups (Est.): VS(0), PS(2)
[2019.02.05-10.46.52:515][152]MaterialEditorStats: User interpolators: 2/4 Scalars (1/4 Vectors) (TexCoords: 2, Custom: 0)
[2019.02.05-10.46.52:647][166]LogShaderCompilers: Display: Shaders left to compile 6
[2019.02.05-10.46.53:080][210]LogShaderCompilers: Display: Shaders left to compile 5
[2019.02.05-10.46.53:089][211]LogShaderCompilers: Display: Shaders left to compile 4
[2019.02.05-10.46.53:424][247]LogShaderCompilers: Display: Shaders left to compile 3
[2019.02.05-10.46.53:534][259]LogShaderCompilers: Display: Shaders left to compile 2
[2019.02.05-10.46.53:926][301]LogShaderCompilers: Display: Shaders left to compile 1
[2019.02.05-10.47.50:045][246]LogMaterial: Display: Missing cached shader map for material m_Whiteboard, compiling. 
[2019.02.05-10.47.50:061][246]LogShaderCompilers: Display: Shaders left to compile 21
[2019.02.05-10.47.50:061][246]LogShaderCompilers: Display: Shaders left to compile 20
[2019.02.05-10.47.50:061][246]LogShaderCompilers: Display: Shaders left to compile 19
[2019.02.05-10.47.50:062][246]LogMaterial: Display: Missing cached shader map for material FMatExpressionPreview MaterialExpressionTextureObjectParameter_0, compiling. 
[2019.02.05-10.47.50:897][330]LogShaderCompilers: Display: Shaders left to compile 20
[2019.02.05-10.47.51:042][346]LogShaderCompilers: Display: Shaders left to compile 19
[2019.02.05-10.47.51:259][370]LogShaderCompilers: Display: Shaders left to compile 18
[2019.02.05-10.47.51:267][371]LogShaderCompilers: Display: Shaders left to compile 17
[2019.02.05-10.47.51:432][390]LogShaderCompilers: Display: Shaders left to compile 16
[2019.02.05-10.47.51:526][401]LogShaderCompilers: Display: Shaders left to compile 15
[2019.02.05-10.47.51:543][403]LogShaderCompilers: Display: Shaders left to compile 14
[2019.02.05-10.47.51:759][428]LogShaderCompilers: Display: Shaders left to compile 13
[2019.02.05-10.47.51:833][436]LogShaderCompilers: Display: Shaders left to compile 12
[2019.02.05-10.47.52:486][507]LogShaderCompilers: Display: Shaders left to compile 11
[2019.02.05-10.47.52:772][539]LogShaderCompilers: Display: Shaders left to compile 10
[2019.02.05-10.47.52:905][554]LogShaderCompilers: Display: Shaders left to compile 9
[2019.02.05-10.47.53:460][616]LogShaderCompilers: Display: Shaders left to compile 8
[2019.02.05-10.47.53:471][617]LogShaderCompilers: Display: Shaders left to compile 7
[2019.02.05-10.47.53:671][638]LogShaderCompilers: Display: Shaders left to compile 6
[2019.02.05-10.47.54:415][719]LogShaderCompilers: Display: Shaders left to compile 5
[2019.02.05-10.47.54:603][740]LogShaderCompilers: Display: Shaders left to compile 4
[2019.02.05-10.47.54:623][742]LogShaderCompilers: Display: Shaders left to compile 3
[2019.02.05-10.47.55:297][817]LogShaderCompilers: Display: Shaders left to compile 2
[2019.02.05-10.47.55:456][834]LogShaderCompilers: Display: Shaders left to compile 1
[2019.02.05-10.47.55:618][852]MaterialEditorStats: Base pass shader: 105 instructions
[2019.02.05-10.47.55:618][852]MaterialEditorStats: Base pass shader with Volumetric Lightmap: 173 instructions
[2019.02.05-10.47.55:618][852]MaterialEditorStats: Base pass vertex shader: 36 instructions
[2019.02.05-10.47.55:618][852]MaterialEditorStats: Texture samplers: 5/16
[2019.02.05-10.47.55:618][852]MaterialEditorStats: Texture Lookups (Est.): VS(0), PS(2)
[2019.02.05-10.47.55:618][852]MaterialEditorStats: User interpolators: 2/4 Scalars (1/4 Vectors) (TexCoords: 2, Custom: 0)
[2019.02.05-10.48.05:043][954]LogMaterial: Display: Missing cached shader map for material m_Whiteboard, compiling. 
[2019.02.05-10.48.05:091][955]LogShaderCompilers: Display: Shaders left to compile 21
[2019.02.05-10.48.05:091][955]LogShaderCompilers: Display: Shaders left to compile 20
[2019.02.05-10.48.05:091][955]LogShaderCompilers: Display: Shaders left to compile 19
[2019.02.05-10.48.05:540][  5]LogShaderCompilers: Display: Shaders left to compile 18
[2019.02.05-10.48.05:681][ 21]LogShaderCompilers: Display: Shaders left to compile 17
[2019.02.05-10.48.05:734][ 27]LogShaderCompilers: Display: Shaders left to compile 16
[2019.02.05-10.48.05:911][ 47]LogShaderCompilers: Display: Shaders left to compile 15
[2019.02.05-10.48.06:051][ 62]LogShaderCompilers: Display: Shaders left to compile 14
[2019.02.05-10.48.06:216][ 80]LogShaderCompilers: Display: Shaders left to compile 13
[2019.02.05-10.48.06:337][ 94]LogShaderCompilers: Display: Shaders left to compile 12
[2019.02.05-10.48.06:347][ 95]LogShaderCompilers: Display: Shaders left to compile 11
[2019.02.05-10.48.06:678][131]LogShaderCompilers: Display: Shaders left to compile 10
[2019.02.05-10.48.07:173][186]LogShaderCompilers: Display: Shaders left to compile 9
[2019.02.05-10.48.07:244][194]LogShaderCompilers: Display: Shaders left to compile 8
[2019.02.05-10.48.07:384][210]LogShaderCompilers: Display: Shaders left to compile 7
[2019.02.05-10.48.07:995][279]LogShaderCompilers: Display: Shaders left to compile 6
[2019.02.05-10.48.08:108][291]LogShaderCompilers: Display: Shaders left to compile 5
[2019.02.05-10.48.08:382][310]LogShaderCompilers: Display: Shaders left to compile 4
[2019.02.05-10.48.09:009][381]LogShaderCompilers: Display: Shaders left to compile 3
[2019.02.05-10.48.09:124][394]LogShaderCompilers: Display: Shaders left to compile 2
[2019.02.05-10.48.09:221][405]LogShaderCompilers: Display: Shaders left to compile 1
[2019.02.05-10.48.09:925][483]MaterialEditorStats: Base pass shader: 105 instructions
[2019.02.05-10.48.09:926][483]MaterialEditorStats: Base pass shader with Volumetric Lightmap: 173 instructions
[2019.02.05-10.48.09:926][483]MaterialEditorStats: Base pass vertex shader: 36 instructions
[2019.02.05-10.48.09:926][483]MaterialEditorStats: Texture samplers: 5/16
[2019.02.05-10.48.09:926][483]MaterialEditorStats: Texture Lookups (Est.): VS(0), PS(2)
[2019.02.05-10.48.09:926][483]MaterialEditorStats: User interpolators: 2/4 Scalars (1/4 Vectors) (TexCoords: 2, Custom: 0)
[2019.02.05-11.08.16:663][989]LogAssetEditorManager: Opening Asset editor for Blueprint /Game/Blueprints/BP_Tex_Maker.BP_Tex_Maker
[2019.02.05-11.10.07:978][837]LogSavePackage: Moving 'A:/Uni 2018-19/Github/Slime/Slime/Slime/Saved/FirstPersonExampleMap56F322944AEF8C6A8BBD82B8F311CF6D.tmp' to 'A:/Uni 2018-19/Github/Slime/Slime/Slime/Content/FirstPersonCPP/Maps/FirstPersonExampleMap.umap'
[2019.02.05-11.10.08:010][837]LogFileHelpers: Saving map 'FirstPersonExampleMap' took 0.315
[2019.02.05-11.10.10:087][ 59]Cmd: OBJ SAVEPACKAGE PACKAGE="/Game/Blueprints/BP_Tex_Maker" FILE="A:/Uni 2018-19/Github/Slime/Slime/Slime/Content/Blueprints/BP_Tex_Maker.uasset" SILENT=true
[2019.02.05-11.10.10:206][ 59]LogSavePackage: Moving 'A:/Uni 2018-19/Github/Slime/Slime/Slime/Saved/BP_Tex_Maker12385E14410C8BD4DBEA8DBCB777242F.tmp' to 'A:/Uni 2018-19/Github/Slime/Slime/Slime/Content/Blueprints/BP_Tex_Maker.uasset'
[2019.02.05-11.18.31:406][ 18]Cmd: OBJ SAVEPACKAGE PACKAGE="/Game/Blueprints/BP_Tex_Maker" FILE="A:/Uni 2018-19/Github/Slime/Slime/Slime/Content/Blueprints/BP_Tex_Maker.uasset" SILENT=true
[2019.02.05-11.18.31:450][ 18]LogSavePackage: Moving 'A:/Uni 2018-19/Github/Slime/Slime/Slime/Saved/BP_Tex_Maker9352BCA345AE68CB854ABE884E39F7EF.tmp' to 'A:/Uni 2018-19/Github/Slime/Slime/Slime/Content/Blueprints/BP_Tex_Maker.uasset'
[2019.02.05-11.18.32:081][ 82]BlueprintLog: New page: Compile BP_Tex_Maker
[2019.02.05-11.18.33:878][224]LogSavePackage: Moving 'A:/Uni 2018-19/Github/Slime/Slime/Slime/Saved/FirstPersonExampleMapD321283C4C6A72A7408019BC00BDD9A2.tmp' to 'A:/Uni 2018-19/Github/Slime/Slime/Slime/Content/FirstPersonCPP/Maps/FirstPersonExampleMap.umap'
[2019.02.05-11.18.33:906][224]LogFileHelpers: Saving map 'FirstPersonExampleMap' took 0.309
[2019.02.05-11.18.34:677][313]BlueprintLog: New page: Compile FirstPersonExampleMap
[2019.02.05-11.18.37:682][619]LogSavePackage: Moving 'A:/Uni 2018-19/Github/Slime/Slime/Slime/Saved/FirstPersonExampleMap4C22EC2D438951E27472FE880885B678.tmp' to 'A:/Uni 2018-19/Github/Slime/Slime/Slime/Content/FirstPersonCPP/Maps/FirstPersonExampleMap.umap'
[2019.02.05-11.18.37:747][619]LogFileHelpers: Saving map 'FirstPersonExampleMap' took 0.277
[2019.02.05-11.18.44:661][781]LogSlate: Window 'Message' being destroyed
[2019.02.05-11.18.45:049][781]LogMaterial: Display: Missing cached shader map for material m_Whiteboard, compiling. 
[2019.02.05-11.18.45:096][781]LogShaderCompilers: Display: Shaders left to compile 21
[2019.02.05-11.18.45:098][781]LogShaderCompilers: Display: Shaders left to compile 20
[2019.02.05-11.18.45:099][781]LogShaderCompilers: Display: Shaders left to compile 19
[2019.02.05-11.18.45:110][781]LogMaterial: Display: Missing cached shader map for material m_Whiteboard, compiling. 
[2019.02.05-11.18.45:129][781]LogMaterial: Display: Missing cached shader map for material m_Whiteboard, compiling. 
[2019.02.05-11.18.45:180][781]LogMaterial: Display: Missing cached shader map for material FDebugViewModeMaterialProxy m_Whiteboard, compiling. 
[2019.02.05-11.18.47:172][781]LogShaderCompilers: Display: Shaders left to compile 41
[2019.02.05-11.18.47:172][781]LogShaderCompilers: Display: Shaders left to compile 40
[2019.02.05-11.18.47:172][781]LogShaderCompilers: Display: Shaders left to compile 39
[2019.02.05-11.18.47:172][781]LogShaderCompilers: Display: Shaders left to compile 38
[2019.02.05-11.18.47:172][781]LogShaderCompilers: Display: Shaders left to compile 37
[2019.02.05-11.18.47:172][781]LogShaderCompilers: Display: Shaders left to compile 36
[2019.02.05-11.18.47:172][781]LogShaderCompilers: Display: Shaders left to compile 35
[2019.02.05-11.18.47:172][781]LogShaderCompilers: Display: Shaders left to compile 34
[2019.02.05-11.18.47:172][781]LogShaderCompilers: Display: Shaders left to compile 33
[2019.02.05-11.18.47:172][781]LogShaderCompilers: Display: Shaders left to compile 32
[2019.02.05-11.18.47:172][781]LogShaderCompilers: Display: Shaders left to compile 31
[2019.02.05-11.18.47:172][781]LogShaderCompilers: Display: Shaders left to compile 30
[2019.02.05-11.18.47:173][781]LogShaderCompilers: Display: Shaders left to compile 29
[2019.02.05-11.18.47:173][781]LogShaderCompilers: Display: Shaders left to compile 28
[2019.02.05-11.18.47:173][781]LogShaderCompilers: Display: Shaders left to compile 27
[2019.02.05-11.18.47:173][781]LogShaderCompilers: Display: Shaders left to compile 26
[2019.02.05-11.18.47:173][781]LogShaderCompilers: Display: Shaders left to compile 25
[2019.02.05-11.18.47:173][781]LogShaderCompilers: Display: Shaders left to compile 24
[2019.02.05-11.18.47:174][781]LogShaderCompilers: Display: Shaders left to compile 23
[2019.02.05-11.18.47:174][781]LogShaderCompilers: Display: Shaders left to compile 22
[2019.02.05-11.18.47:174][781]LogShaderCompilers: Display: Shaders left to compile 12
[2019.02.05-11.18.47:174][781]LogShaderCompilers: Display: Shaders left to compile 2
[2019.02.05-11.18.47:175][781]TextureStreamingBuild: Display: Compiling optional shaders took 2.002 seconds.
[2019.02.05-11.18.47:217][781]LogSlate: Window 'BP_Tex_Maker' being destroyed
[2019.02.05-11.18.47:219][781]LogSlate: Window 'BP_Tex_Maker' being destroyed
[2019.02.05-11.18.52:470][973]LogSlate: Window 'Save Content' being destroyed
[2019.02.05-11.18.52:518][973]Cmd: OBJ SAVEPACKAGE PACKAGE="/Game/WhiteBoard/m_Whiteboard" FILE="A:/Uni 2018-19/Github/Slime/Slime/Slime/Content/WhiteBoard/m_Whiteboard.uasset" SILENT=true
[2019.02.05-11.18.52:569][973]LogSavePackage: Moving 'A:/Uni 2018-19/Github/Slime/Slime/Slime/Saved/m_Whiteboard28FD6B854E43C82F58371D8A0B798FD4.tmp' to 'A:/Uni 2018-19/Github/Slime/Slime/Slime/Content/WhiteBoard/m_Whiteboard.uasset'
[2019.02.05-11.18.52:672][973]LogSlate: Window 'Slime - Unreal Editor' being destroyed
[2019.02.05-11.18.52:673][973]LogWindowsTextInputMethodSystem: Display: IME system now deactivated.
[2019.02.05-11.18.52:918][974]Cmd: QUIT_EDITOR
[2019.02.05-11.18.52:984][974]LogExit: Preparing to exit.
[2019.02.05-11.18.53:683][974]LogActorComponent: UnregisterComponent: (None.None) Not registered. Aborting.
[2019.02.05-11.18.53:683][974]LogActorComponent: UnregisterComponent: (None.None) Not registered. Aborting.
[2019.02.05-11.18.53:683][974]LogActorComponent: UnregisterComponent: (None.None) Not registered. Aborting.
[2019.02.05-11.18.53:683][974]LogActorComponent: UnregisterComponent: (None.None) Not registered. Aborting.
[2019.02.05-11.18.53:684][974]LogActorComponent: UnregisterComponent: (None.None) Not registered. Aborting.
[2019.02.05-11.18.53:684][974]LogActorComponent: UnregisterComponent: (None.None) Not registered. Aborting.
[2019.02.05-11.18.53:684][974]LogActorComponent: UnregisterComponent: (None.None) Not registered. Aborting.
[2019.02.05-11.18.53:686][974]LogActorComponent: UnregisterComponent: (None.None) Not registered. Aborting.
[2019.02.05-11.18.53:687][974]LogActorComponent: UnregisterComponent: (None.None) Not registered. Aborting.
[2019.02.05-11.18.53:687][974]LogActorComponent: UnregisterComponent: (None.None) Not registered. Aborting.
[2019.02.05-11.18.53:687][974]LogActorComponent: UnregisterComponent: (None.None) Not registered. Aborting.
[2019.02.05-11.18.53:687][974]LogActorComponent: UnregisterComponent: (None.None) Not registered. Aborting.
[2019.02.05-11.18.53:688][974]LogActorComponent: UnregisterComponent: (None.None) Not registered. Aborting.
[2019.02.05-11.18.53:688][974]LogActorComponent: UnregisterComponent: (None.None) Not registered. Aborting.
[2019.02.05-11.18.53:692][974]LogActorComponent: UnregisterComponent: (None.None) Not registered. Aborting.
[2019.02.05-11.18.53:693][974]LogActorComponent: UnregisterComponent: (None.None) Not registered. Aborting.
[2019.02.05-11.18.53:693][974]LogActorComponent: UnregisterComponent: (None.None) Not registered. Aborting.
[2019.02.05-11.18.53:694][974]LogActorComponent: UnregisterComponent: (None.None) Not registered. Aborting.
[2019.02.05-11.18.53:694][974]LogActorComponent: UnregisterComponent: (None.None) Not registered. Aborting.
[2019.02.05-11.18.53:694][974]LogActorComponent: UnregisterComponent: (None.None) Not registered. Aborting.
[2019.02.05-11.18.53:695][974]LogActorComponent: UnregisterComponent: (None.None) Not registered. Aborting.
[2019.02.05-11.18.53:698][974]LogActorComponent: UnregisterComponent: (None.None) Not registered. Aborting.
[2019.02.05-11.18.53:698][974]LogActorComponent: UnregisterComponent: (None.None) Not registered. Aborting.
[2019.02.05-11.18.53:699][974]LogActorComponent: UnregisterComponent: (None.None) Not registered. Aborting.
[2019.02.05-11.18.53:699][974]LogActorComponent: UnregisterComponent: (None.None) Not registered. Aborting.
[2019.02.05-11.18.53:699][974]LogActorComponent: UnregisterComponent: (None.None) Not registered. Aborting.
[2019.02.05-11.18.53:699][974]LogActorComponent: UnregisterComponent: (None.None) Not registered. Aborting.
[2019.02.05-11.18.53:699][974]LogActorComponent: UnregisterComponent: (None.None) Not registered. Aborting.
[2019.02.05-11.18.53:757][974]LogExit: Editor shut down
[2019.02.05-11.18.53:758][974]LogExit: Transaction tracking system shut down
[2019.02.05-11.18.54:060][974]LogExit: Object subsystem successfully closed.
[2019.02.05-11.18.54:086][974]LogShaderCompilers: Display: Shaders left to compile 0
[2019.02.05-11.18.54:091][974]LogD3D11RHI: Shutdown
[2019.02.05-11.18.54:091][974]LogD3D11RHI: CleanupD3DDevice
[2019.02.05-11.18.54:093][974]LogD3D11RHI: ~FD3D11DynamicRHI
[2019.02.05-11.18.54:122][974]LogModuleManager: Shutting down and abandoning module TextureEditor (628)
[2019.02.05-11.18.54:122][974]LogModuleManager: Shutting down and abandoning module BlueprintGraph (626)
[2019.02.05-11.18.54:123][974]LogModuleManager: Shutting down and abandoning module HierarchicalLODOutliner (624)
[2019.02.05-11.18.54:123][974]LogModuleManager: Shutting down and abandoning module SceneOutliner (622)
[2019.02.05-11.18.54:123][974]LogModuleManager: Shutting down and abandoning module AddContentDialog (620)
[2019.02.05-11.18.54:124][974]LogModuleManager: Shutting down and abandoning module WidgetCarousel (619)
[2019.02.05-11.18.54:124][974]LogModuleManager: Shutting down and abandoning module EditorWidgets (616)
[2019.02.05-11.18.54:124][974]LogModuleManager: Shutting down and abandoning module CollectionManager (614)
[2019.02.05-11.18.54:124][974]LogModuleManager: Shutting down and abandoning module StatsViewer (612)
[2019.02.05-11.18.54:124][974]LogModuleManager: Shutting down and abandoning module FoliageEdit (610)
[2019.02.05-11.18.54:124][974]LogModuleManager: Shutting down and abandoning module LandscapeEditor (608)
[2019.02.05-11.18.54:125][974]LogModuleManager: Shutting down and abandoning module MeshPaintMode (606)
[2019.02.05-11.18.54:126][974]LogModuleManager: Shutting down and abandoning module SceneDepthPickerMode (604)
[2019.02.05-11.18.54:126][974]LogModuleManager: Shutting down and abandoning module ActorPickerMode (602)
[2019.02.05-11.18.54:126][974]LogModuleManager: Shutting down and abandoning module GeometryMode (600)
[2019.02.05-11.18.54:126][974]LogModuleManager: Shutting down and abandoning module TextureAlignMode (598)
[2019.02.05-11.18.54:126][974]LogModuleManager: Shutting down and abandoning module BspMode (596)
[2019.02.05-11.18.54:126][974]LogModuleManager: Shutting down and abandoning module PIEPreviewDeviceProfileSelector (594)
[2019.02.05-11.18.54:126][974]LogModuleManager: Shutting down and abandoning module SequenceRecorderSections (592)
[2019.02.05-11.18.54:126][974]LogModuleManager: Shutting down and abandoning module AutomationWorker (590)
[2019.02.05-11.18.54:126][974]LogModuleManager: Shutting down and abandoning module AudioCaptureEditor (588)
[2019.02.05-11.18.54:126][974]LogModuleManager: Shutting down and abandoning module MatineeToLevelSequence (586)
[2019.02.05-11.18.54:126][974]LogModuleManager: Shutting down and abandoning module LevelSequenceEditor (584)
[2019.02.05-11.18.54:127][974]LogModuleManager: Shutting down and abandoning module PlacementMode (583)
[2019.02.05-11.18.54:127][974]LogModuleManager: Shutting down and abandoning module MaterialEditor (582)
[2019.02.05-11.18.54:127][974]LogModuleManager: Shutting down and abandoning module WmfMediaFactory (578)
[2019.02.05-11.18.54:127][974]LogModuleManager: Shutting down and abandoning module WmfMediaEditor (576)
[2019.02.05-11.18.54:127][974]LogModuleManager: Shutting down and abandoning module WebMMediaFactory (574)
[2019.02.05-11.18.54:127][974]LogModuleManager: Shutting down and abandoning module WebMMediaEditor (572)
[2019.02.05-11.18.54:127][974]LogModuleManager: Shutting down and abandoning module WebMMedia (570)
[2019.02.05-11.18.54:127][974]LogModuleManager: Shutting down and abandoning module MediaPlayerEditor (568)
[2019.02.05-11.18.54:127][974]LogModuleManager: Shutting down and abandoning module MediaCompositingEditor (566)
[2019.02.05-11.18.54:128][974]LogModuleManager: Shutting down and abandoning module SequenceRecorder (565)
[2019.02.05-11.18.54:128][974]LogModuleManager: Shutting down and abandoning module OpenExrWrapper (562)
[2019.02.05-11.18.54:128][974]LogModuleManager: Shutting down and abandoning module ImgMediaFactory (560)
[2019.02.05-11.18.54:128][974]LogModuleManager: Shutting down and abandoning module ImgMediaEditor (558)
[2019.02.05-11.18.54:128][974]LogModuleManager: Shutting down and abandoning module AvfMediaFactory (556)
[2019.02.05-11.18.54:128][974]LogModuleManager: Shutting down and abandoning module AvfMediaEditor (554)
[2019.02.05-11.18.54:128][974]LogModuleManager: Shutting down and abandoning module AndroidMediaFactory (552)
[2019.02.05-11.18.54:128][974]LogModuleManager: Shutting down and abandoning module AndroidMediaEditor (550)
[2019.02.05-11.18.54:128][974]LogModuleManager: Shutting down and abandoning module MagicLeapCameraPreviewFactory (548)
[2019.02.05-11.18.54:128][974]LogModuleManager: Shutting down and abandoning module MagicLeapMediaFactory (546)
[2019.02.05-11.18.54:128][974]LogModuleManager: Shutting down and abandoning module MagicLeapMediaEditor (544)
[2019.02.05-11.18.54:128][974]LogModuleManager: Shutting down and abandoning module CharacterAI (542)
[2019.02.05-11.18.54:128][974]LogModuleManager: Shutting down and abandoning module SmartSnapping (540)
[2019.02.05-11.18.54:128][974]LogModuleManager: Shutting down and abandoning module SessionServices (538)
[2019.02.05-11.18.54:129][974]LogModuleManager: Shutting down and abandoning module ViewportSnapping (536)
[2019.02.05-11.18.54:129][974]LogModuleManager: Shutting down and abandoning module ViewportInteraction (534)
[2019.02.05-11.18.54:129][974]LogModuleManager: Shutting down and abandoning module ClothPainter (532)
[2019.02.05-11.18.54:130][974]LogModuleManager: Shutting down and abandoning module SkeletalMeshEditor (531)
[2019.02.05-11.18.54:130][974]LogModuleManager: Shutting down and abandoning module LogVisualizer (528)
[2019.02.05-11.18.54:131][974]LogModuleManager: Shutting down and abandoning module IntroTutorials (526)
[2019.02.05-11.18.54:131][974]LogModuleManager: Shutting down and abandoning module GameProjectGeneration (525)
[2019.02.05-11.18.54:132][974]LogModuleManager: Shutting down and abandoning module LuminPlatformEditor (522)
[2019.02.05-11.18.54:132][974]LogModuleManager: Shutting down and abandoning module IOSPlatformEditor (520)
[2019.02.05-11.18.54:132][974]LogModuleManager: Shutting down and abandoning module HTML5PlatformEditor (518)
[2019.02.05-11.18.54:132][974]LogModuleManager: Shutting down and abandoning module AndroidPlatformEditor (516)
[2019.02.05-11.18.54:132][974]LogModuleManager: Shutting down and abandoning module AndroidDeviceDetection (515)
