Log file open, 05/09/19 00:36:47
LogWindows: Failed to load 'aqProf.dll' (GetLastError=126)
LogWindows: File 'aqProf.dll' does not exist
LogWindows: Failed to load 'VtuneApi.dll' (GetLastError=126)
LogWindows: File 'VtuneApi.dll' does not exist
LogWindows: Failed to load 'VtuneApi32e.dll' (GetLastError=126)
LogWindows: File 'VtuneApi32e.dll' does not exist
LogConsoleResponse: Display: Failed to find resolution value strings in scalability ini. Falling back to default.
LogInit: Display: Running engine for game: Slime
LogPakFile: Registered encryption key '00000000000000000000000000000000': 0 pak files mounted, 0 remain pending
LogPlatformFile: Not using cached read wrapper
LogTaskGraph: Started task graph with 5 named threads and 23 total threads with 3 sets of task threads.
LogStats: Stats thread started at 0.394687
LogD3D11RHI: Loaded GFSDK_Aftermath_Lib.x64.dll
LogICUInternationalization: ICU TimeZone Detection - Raw Offset: +0:00, Platform Override: ''
LogPluginManager: Mounting plugin Paper2D
LogPluginManager: Mounting plugin AISupport
LogPluginManager: Mounting plugin LightPropagationVolume
LogPluginManager: Mounting plugin ActorLayerUtilities
LogPluginManager: Mounting plugin CLionSourceCodeAccess
LogPluginManager: Mounting plugin CodeLiteSourceCodeAccess
LogPluginManager: Mounting plugin GitSourceControl
LogPluginManager: Mounting plugin KDevelopSourceCodeAccess
LogPluginManager: Mounting plugin NullSourceCodeAccess
LogPluginManager: Mounting plugin PerforceSourceControl
LogPluginManager: Mounting plugin SubversionSourceControl
LogPluginManager: Mounting plugin UObjectPlugin
LogPluginManager: Mounting plugin VisualStudioCodeSourceCodeAccess
LogPluginManager: Mounting plugin VisualStudioSourceCodeAccess
LogPluginManager: Mounting plugin XCodeSourceCodeAccess
LogPluginManager: Mounting plugin AssetManagerEditor
LogPluginManager: Mounting plugin CryptoKeys
LogPluginManager: Mounting plugin DataValidation
LogPluginManager: Mounting plugin FacialAnimation
LogPluginManager: Mounting plugin GameplayTagsEditor
LogPluginManager: Mounting plugin MacGraphicsSwitching
LogPluginManager: Mounting plugin MeshEditor
LogPluginManager: Mounting plugin MobileLauncherProfileWizard
LogPluginManager: Mounting plugin PluginBrowser
LogPluginManager: Mounting plugin SpeedTreeImporter
LogPluginManager: Mounting plugin DatasmithContent
LogPluginManager: Mounting plugin VariantManagerContent
LogPluginManager: Mounting plugin AlembicImporter
LogPluginManager: Mounting plugin AppleImageUtils
LogPluginManager: Mounting plugin AppleVision
LogPluginManager: Mounting plugin BackChannel
LogPluginManager: Mounting plugin CharacterAI
LogPluginManager: Mounting plugin GeometryCache
LogPluginManager: Mounting plugin HTML5Networking
LogPluginManager: Mounting plugin ProxyLODPlugin
LogPluginManager: Mounting plugin MagicLeap
LogPluginManager: Mounting plugin MagicLeapMedia
LogPluginManager: Mounting plugin AndroidMedia
LogPluginManager: Mounting plugin AvfMedia
LogPluginManager: Mounting plugin ImgMedia
LogPluginManager: Mounting plugin LinearTimecode
LogPluginManager: Mounting plugin MediaCompositing
LogPluginManager: Mounting plugin MediaPlayerEditor
LogPluginManager: Mounting plugin WebMMedia
LogPluginManager: Mounting plugin WmfMedia
LogPluginManager: Mounting plugin TcpMessaging
LogPluginManager: Mounting plugin UdpMessaging
LogPluginManager: Mounting plugin ActorSequence
LogPluginManager: Mounting plugin LevelSequenceEditor
LogPluginManager: Mounting plugin MatineeToLevelSequence
LogPluginManager: Mounting plugin NetcodeUnitTest
LogPluginManager: Mounting plugin NUTUnrealEngine4
LogPluginManager: Mounting plugin OnlineSubsystemGooglePlay
LogPluginManager: Mounting plugin OnlineSubsystemIOS
LogPluginManager: Mounting plugin OnlineSubsystem
LogPluginManager: Mounting plugin OnlineSubsystemNull
LogPluginManager: Mounting plugin OnlineSubsystemUtils
LogPluginManager: Mounting plugin LauncherChunkInstaller
LogPluginManager: Mounting plugin AndroidDeviceProfileSelector
LogPluginManager: Mounting plugin AndroidMoviePlayer
LogPluginManager: Mounting plugin AndroidPermission
LogPluginManager: Mounting plugin AppleMoviePlayer
LogPluginManager: Mounting plugin ArchVisCharacter
LogPluginManager: Mounting plugin AudioCapture
LogPluginManager: Mounting plugin CableComponent
LogPluginManager: Mounting plugin CustomMeshComponent
LogPluginManager: Mounting plugin EditableMesh
LogPluginManager: Mounting plugin ExampleDeviceProfileSelector
LogPluginManager: Mounting plugin Firebase
LogPluginManager: Mounting plugin GoogleCloudMessaging
LogPluginManager: Mounting plugin IOSDeviceProfileSelector
LogPluginManager: Mounting plugin LinuxDeviceProfileSelector
LogPluginManager: Mounting plugin LocationServicesBPLibrary
LogPluginManager: Mounting plugin MobilePatchingUtils
LogPluginManager: Mounting plugin OculusVR
LogPluginManager: Mounting plugin PhysXVehicles
LogPluginManager: Mounting plugin ProceduralMeshComponent
LogPluginManager: Mounting plugin RuntimePhysXCooking
LogPluginManager: Mounting plugin SteamVR
LogPluginManager: Mounting plugin WebMMoviePlayer
LogPluginManager: Mounting plugin WindowsMoviePlayer
LogStreaming: Display: Took  0.129s to configure plugins.
LogInit: Using libcurl 7.55.1-DEV
LogInit:  - built for x86_64-pc-win32
LogInit:  - supports SSL with OpenSSL/1.0.2h
LogInit:  - supports HTTP deflate (compression) using libz 1.2.8
LogInit:  - other features:
LogInit:      CURL_VERSION_SSL
LogInit:      CURL_VERSION_LIBZ
LogInit:      CURL_VERSION_IPV6
LogInit:      CURL_VERSION_ASYNCHDNS
LogInit:      CURL_VERSION_LARGEFILE
LogInit:      CURL_VERSION_IDN
LogInit:  CurlRequestOptions (configurable via config and command line):
LogInit:  - bVerifyPeer = true  - Libcurl will verify peer certificate
LogInit:  - bUseHttpProxy = false  - Libcurl will NOT use HTTP proxy
LogInit:  - bDontReuseConnections = false  - Libcurl will reuse connections
LogInit:  - MaxHostConnections = 16  - Libcurl will limit the number of connections to a host
LogInit:  - LocalHostAddr = Default
LogInit:  - BufferSize = 65536
LogInit: WinSock: version 1.1 (2.2), MaxSocks=32767, MaxUdp=65467
LogInit: Build: ++UE4+Release-4.21-CL-4613538
LogInit: Engine Version: 4.21.1-4613538+++UE4+Release-4.21
LogInit: Compatible Engine Version: 4.21.0-4541578+++UE4+Release-4.21
LogInit: Net CL: 4541578
LogInit: OS: Windows 10 (), CPU: Intel(R) Core(TM) i7-4710HQ CPU @ 2.50GHz, GPU: NVIDIA GeForce GTX 980M
LogInit: Compiled (64-bit): Nov 30 2018 04:13:25
LogInit: Compiled with Visual C++: 19.13.26129.00
LogInit: Build Configuration: Development
LogInit: Branch Name: ++UE4+Release-4.21
LogInit: Command Line:  -skipcompile
LogInit: Base Directory: D:/Epic Games/UE_4.21/Engine/Binaries/Win64/
LogInit: Installed Engine Build: 1
LogDevObjectVersion: Number of dev versions registered: 22
LogDevObjectVersion:   Dev-Blueprints (B0D832E4-1F89-4F0D-ACCF-7EB736FD4AA2): 10
LogDevObjectVersion:   Dev-Build (E1C64328-A22C-4D53-A36C-8E866417BD8C): 0
LogDevObjectVersion:   Dev-Core (375EC13C-06E4-48FB-B500-84F0262A717E): 2
LogDevObjectVersion:   Dev-Editor (E4B068ED-F494-42E9-A231-DA0B2E46BB41): 26
LogDevObjectVersion:   Dev-Framework (CFFC743F-43B0-4480-9391-14DF171D2073): 34
LogDevObjectVersion:   Dev-Mobile (B02B49B5-BB20-44E9-A304-32B752E40360): 2
LogDevObjectVersion:   Dev-Networking (A4E4105C-59A1-49B5-A7C5-40C4547EDFEE): 0
LogDevObjectVersion:   Dev-Online (39C831C9-5AE6-47DC-9A44-9C173E1C8E7C): 0
LogDevObjectVersion:   Dev-Physics (78F01B33-EBEA-4F98-B9B4-84EACCB95AA2): 0
LogDevObjectVersion:   Dev-Platform (6631380F-2D4D-43E0-8009-CF276956A95A): 0
LogDevObjectVersion:   Dev-Rendering (12F88B9F-8875-4AFC-A67C-D90C383ABD29): 27
LogDevObjectVersion:   Dev-Sequencer (7B5AE74C-D270-4C10-A958-57980B212A5A): 9
LogDevObjectVersion:   Dev-VR (D7296918-1DD6-4BDD-9DE2-64A83CC13884): 2
LogDevObjectVersion:   Dev-LoadTimes (C2A15278-BFE7-4AFE-6C17-90FF531DF755): 1
LogDevObjectVersion:   Private-Geometry (6EACA3D4-40EC-4CC1-B786-8BED09428FC5): 3
LogDevObjectVersion:   Dev-AnimPhys (29E575DD-E0A3-4627-9D10-D276232CDCEA): 17
LogDevObjectVersion:   Dev-Anim (AF43A65D-7FD3-4947-9873-3E8ED9C1BB05): 2
LogDevObjectVersion:   Dev-ReflectionCapture (6B266CEC-1EC7-4B8F-A30B-E4D90942FC07): 1
LogDevObjectVersion:   Dev-Automation (0DF73D61-A23F-47EA-B727-89E90C41499A): 1
LogDevObjectVersion:   FortniteMain (601D1886-AC64-4F84-AA16-D3DE0DEAC7D6): 17
LogDevObjectVersion:   Dev-Enterprise (9DFFBCD6-494F-0158-E221-12823C92A888): 4
LogDevObjectVersion:   Dev-Niagara (F2AED0AC-9AFE-416F-8664-AA7FFA26D6FC): 1
LogStreaming: Display: Took  0.003s to delete old logs.
LogInit: Presizing for max 8388607 objects, including 0 objects not considered by GC, pre-allocating 0 bytes for permanent pool.
LogInit: Object subsystem initialized
LogConfig: Setting CVar [[con.DebugEarlyDefault:1]]
LogConfig: Setting CVar [[r.setres:1280x720]]
[2019.05.08-23.36.47:994][  0]LogConfig: Setting CVar [[r.VSync:0]]
[2019.05.08-23.36.47:994][  0]LogConfig: Setting CVar [[r.RHICmdBypass:0]]
[2019.05.08-23.36.47:994][  0]LogConfig: Applying CVar settings from Section [/Script/Engine.RendererSettings] File [D:/Charlie/Slime/Slime/Saved/Config/Windows/Engine.ini]
[2019.05.08-23.36.47:994][  0]LogConfig: Setting CVar [[r.GPUCrashDebugging:0]]
[2019.05.08-23.36.47:994][  0]LogConfig: Applying CVar settings from Section [/Script/Engine.RendererOverrideSettings] File [D:/Charlie/Slime/Slime/Saved/Config/Windows/Engine.ini]
[2019.05.08-23.36.47:994][  0]LogConfig: Applying CVar settings from Section [/Script/Engine.StreamingSettings] File [D:/Charlie/Slime/Slime/Saved/Config/Windows/Engine.ini]
[2019.05.08-23.36.47:994][  0]LogConfig: Setting CVar [[s.MinBulkDataSizeForAsyncLoading:131072]]
[2019.05.08-23.36.47:994][  0]LogConfig: Setting CVar [[s.AsyncLoadingThreadEnabled:0]]
[2019.05.08-23.36.47:994][  0]LogConfig: Setting CVar [[s.EventDrivenLoaderEnabled:1]]
[2019.05.08-23.36.47:994][  0]LogConfig: Setting CVar [[s.WarnIfTimeLimitExceeded:0]]
[2019.05.08-23.36.47:994][  0]LogConfig: Setting CVar [[s.TimeLimitExceededMultiplier:1.5]]
[2019.05.08-23.36.47:994][  0]LogConfig: Setting CVar [[s.TimeLimitExceededMinTime:0.005]]
[2019.05.08-23.36.47:995][  0]LogConfig: Setting CVar [[s.UseBackgroundLevelStreaming:1]]
[2019.05.08-23.36.47:995][  0]LogConfig: Setting CVar [[s.PriorityAsyncLoadingExtraTime:15.0]]
[2019.05.08-23.36.47:995][  0]LogConfig: Setting CVar [[s.LevelStreamingActorsUpdateTimeLimit:5.0]]
[2019.05.08-23.36.47:995][  0]LogConfig: Setting CVar [[s.PriorityLevelStreamingActorsUpdateExtraTime:5.0]]
[2019.05.08-23.36.47:995][  0]LogConfig: Setting CVar [[s.LevelStreamingComponentsRegistrationGranularity:10]]
[2019.05.08-23.36.47:995][  0]LogConfig: Setting CVar [[s.UnregisterComponentsTimeLimit:1.0]]
[2019.05.08-23.36.47:995][  0]LogConfig: Setting CVar [[s.LevelStreamingComponentsUnregistrationGranularity:5]]
[2019.05.08-23.36.47:995][  0]LogConfig: Applying CVar settings from Section [/Script/Engine.GarbageCollectionSettings] File [D:/Charlie/Slime/Slime/Saved/Config/Windows/Engine.ini]
[2019.05.08-23.36.47:995][  0]LogConfig: Setting CVar [[gc.MaxObjectsNotConsideredByGC:1]]
[2019.05.08-23.36.47:995][  0]LogConfig: Setting CVar [[gc.SizeOfPermanentObjectPool:0]]
[2019.05.08-23.36.47:995][  0]LogConfig: Setting CVar [[gc.FlushStreamingOnGC:0]]
[2019.05.08-23.36.47:995][  0]LogConfig: Setting CVar [[gc.NumRetriesBeforeForcingGC:10]]
[2019.05.08-23.36.47:995][  0]LogConfig: Setting CVar [[gc.AllowParallelGC:1]]
[2019.05.08-23.36.47:995][  0]LogConfig: Setting CVar [[gc.TimeBetweenPurgingPendingKillObjects:61.1]]
[2019.05.08-23.36.47:995][  0]LogConfig: Setting CVar [[gc.MaxObjectsInEditor:8388607]]
[2019.05.08-23.36.47:995][  0]LogConfig: Setting CVar [[gc.IncrementalBeginDestroyEnabled:1]]
[2019.05.08-23.36.47:995][  0]LogConfig: Setting CVar [[gc.CreateGCClusters:1]]
[2019.05.08-23.36.47:995][  0]LogConfig: Setting CVar [[gc.MergeGCClusters:0]]
[2019.05.08-23.36.47:996][  0]LogConfig: Setting CVar [[gc.MinGCClusterSize:5]]
[2019.05.08-23.36.47:996][  0]LogConfig: Setting CVar [[gc.ActorClusteringEnabled:0]]
[2019.05.08-23.36.47:996][  0]LogConfig: Setting CVar [[gc.BlueprintClusteringEnabled:0]]
[2019.05.08-23.36.47:996][  0]LogConfig: Setting CVar [[gc.UseDisregardForGCOnDedicatedServers:0]]
[2019.05.08-23.36.47:996][  0]LogConfig: Applying CVar settings from Section [/Script/Engine.NetworkSettings] File [D:/Charlie/Slime/Slime/Saved/Config/Windows/Engine.ini]
[2019.05.08-23.36.47:996][  0]LogConfig: Applying CVar settings from Section [/Script/UnrealEd.CookerSettings] File [D:/Charlie/Slime/Slime/Saved/Config/Windows/Engine.ini]
[2019.05.08-23.36.48:005][  0]LogConfig: Applying CVar settings from Section [ViewDistanceQuality@3] File [D:/Charlie/Slime/Slime/Saved/Config/Windows/Scalability.ini]
[2019.05.08-23.36.48:005][  0]LogConfig: Setting CVar [[r.SkeletalMeshLODBias:0]]
[2019.05.08-23.36.48:005][  0]LogConfig: Setting CVar [[r.ViewDistanceScale:1.0]]
[2019.05.08-23.36.48:005][  0]LogConfig: Applying CVar settings from Section [AntiAliasingQuality@3] File [D:/Charlie/Slime/Slime/Saved/Config/Windows/Scalability.ini]
[2019.05.08-23.36.48:006][  0]LogConfig: Setting CVar [[r.PostProcessAAQuality:4]]
[2019.05.08-23.36.48:006][  0]LogConfig: Applying CVar settings from Section [ShadowQuality@3] File [D:/Charlie/Slime/Slime/Saved/Config/Windows/Scalability.ini]
[2019.05.08-23.36.48:006][  0]LogConfig: Setting CVar [[r.LightFunctionQuality:1]]
[2019.05.08-23.36.48:006][  0]LogConfig: Setting CVar [[r.ShadowQuality:5]]
[2019.05.08-23.36.48:006][  0]LogConfig: Setting CVar [[r.Shadow.CSM.MaxCascades:10]]
[2019.05.08-23.36.48:006][  0]LogConfig: Setting CVar [[r.Shadow.MaxResolution:2048]]
[2019.05.08-23.36.48:006][  0]LogConfig: Setting CVar [[r.Shadow.MaxCSMResolution:2048]]
[2019.05.08-23.36.48:006][  0]LogConfig: Setting CVar [[r.Shadow.RadiusThreshold:0.01]]
[2019.05.08-23.36.48:006][  0]LogConfig: Setting CVar [[r.Shadow.DistanceScale:1.0]]
[2019.05.08-23.36.48:006][  0]LogConfig: Setting CVar [[r.Shadow.CSM.TransitionScale:1.0]]
[2019.05.08-23.36.48:006][  0]LogConfig: Setting CVar [[r.Shadow.PreShadowResolutionFactor:1.0]]
[2019.05.08-23.36.48:006][  0]LogConfig: Setting CVar [[r.DistanceFieldShadowing:1]]
[2019.05.08-23.36.48:006][  0]LogConfig: Setting CVar [[r.DistanceFieldAO:1]]
[2019.05.08-23.36.48:006][  0]LogConfig: Setting CVar [[r.AOQuality:2]]
[2019.05.08-23.36.48:006][  0]LogConfig: Setting CVar [[r.VolumetricFog:1]]
[2019.05.08-23.36.48:007][  0]LogConfig: Setting CVar [[r.VolumetricFog.GridPixelSize:8]]
[2019.05.08-23.36.48:007][  0]LogConfig: Setting CVar [[r.VolumetricFog.GridSizeZ:128]]
[2019.05.08-23.36.48:007][  0]LogConfig: Setting CVar [[r.VolumetricFog.HistoryMissSupersampleCount:4]]
[2019.05.08-23.36.48:007][  0]LogConfig: Setting CVar [[r.LightMaxDrawDistanceScale:1]]
[2019.05.08-23.36.48:007][  0]LogConfig: Setting CVar [[r.CapsuleShadows:1]]
[2019.05.08-23.36.48:007][  0]LogConfig: Applying CVar settings from Section [PostProcessQuality@3] File [D:/Charlie/Slime/Slime/Saved/Config/Windows/Scalability.ini]
[2019.05.08-23.36.48:007][  0]LogConfig: Setting CVar [[r.MotionBlurQuality:4]]
[2019.05.08-23.36.48:007][  0]LogConfig: Setting CVar [[r.AmbientOcclusionMipLevelFactor:0.4]]
[2019.05.08-23.36.48:007][  0]LogConfig: Setting CVar [[r.AmbientOcclusionMaxQuality:100]]
[2019.05.08-23.36.48:007][  0]LogConfig: Setting CVar [[r.AmbientOcclusionLevels:-1]]
[2019.05.08-23.36.48:007][  0]LogConfig: Setting CVar [[r.AmbientOcclusionRadiusScale:1.0]]
[2019.05.08-23.36.48:007][  0]LogConfig: Setting CVar [[r.DepthOfFieldQuality:2]]
[2019.05.08-23.36.48:007][  0]LogConfig: Setting CVar [[r.RenderTargetPoolMin:400]]
[2019.05.08-23.36.48:007][  0]LogConfig: Setting CVar [[r.LensFlareQuality:2]]
[2019.05.08-23.36.48:007][  0]LogConfig: Setting CVar [[r.SceneColorFringeQuality:1]]
[2019.05.08-23.36.48:007][  0]LogConfig: Setting CVar [[r.EyeAdaptationQuality:2]]
[2019.05.08-23.36.48:007][  0]LogConfig: Setting CVar [[r.BloomQuality:5]]
[2019.05.08-23.36.48:008][  0]LogConfig: Setting CVar [[r.FastBlurThreshold:100]]
[2019.05.08-23.36.48:008][  0]LogConfig: Setting CVar [[r.Upscale.Quality:3]]
[2019.05.08-23.36.48:008][  0]LogConfig: Setting CVar [[r.Tonemapper.GrainQuantization:1]]
[2019.05.08-23.36.48:008][  0]LogConfig: Setting CVar [[r.LightShaftQuality:1]]
[2019.05.08-23.36.48:008][  0]LogConfig: Setting CVar [[r.Filter.SizeScale:1]]
[2019.05.08-23.36.48:008][  0]LogConfig: Setting CVar [[r.Tonemapper.Quality:5]]
[2019.05.08-23.36.48:008][  0]LogConfig: Setting CVar [[r.DOF.Gather.AccumulatorQuality:1        ; higher gathering accumulator quality]]
[2019.05.08-23.36.48:008][  0]LogConfig: Setting CVar [[r.DOF.Gather.PostfilterMethod:1          ; Median3x3 postfilering method]]
[2019.05.08-23.36.48:008][  0]LogConfig: Setting CVar [[r.DOF.Gather.EnableBokehSettings:0       ; no bokeh simulation when gathering]]
[2019.05.08-23.36.48:008][  0]LogConfig: Setting CVar [[r.DOF.Gather.RingCount:4                 ; medium number of samples when gathering]]
[2019.05.08-23.36.48:008][  0]LogConfig: Setting CVar [[r.DOF.Scatter.ForegroundCompositing:1    ; additive foreground scattering]]
[2019.05.08-23.36.48:008][  0]LogConfig: Setting CVar [[r.DOF.Scatter.BackgroundCompositing:2    ; additive background scattering]]
[2019.05.08-23.36.48:008][  0]LogConfig: Setting CVar [[r.DOF.Scatter.EnableBokehSettings:1      ; bokeh simulation when scattering]]
[2019.05.08-23.36.48:008][  0]LogConfig: Setting CVar [[r.DOF.Scatter.MaxSpriteRatio:0.1         ; only a maximum of 10% of scattered bokeh]]
[2019.05.08-23.36.48:008][  0]LogConfig: Setting CVar [[r.DOF.Recombine.Quality:1                ; cheap slight out of focus]]
[2019.05.08-23.36.48:008][  0]LogConfig: Setting CVar [[r.DOF.Recombine.EnableBokehSettings:0    ; no bokeh simulation on slight out of focus]]
[2019.05.08-23.36.48:009][  0]LogConfig: Setting CVar [[r.DOF.TemporalAAQuality:1                ; more stable temporal accumulation]]
[2019.05.08-23.36.48:009][  0]LogConfig: Setting CVar [[r.DOF.Kernel.MaxForegroundRadius:0.025]]
[2019.05.08-23.36.48:009][  0]LogConfig: Setting CVar [[r.DOF.Kernel.MaxBackgroundRadius:0.025]]
[2019.05.08-23.36.48:009][  0]LogConfig: Applying CVar settings from Section [TextureQuality@3] File [D:/Charlie/Slime/Slime/Saved/Config/Windows/Scalability.ini]
[2019.05.08-23.36.48:009][  0]LogConfig: Setting CVar [[r.Streaming.MipBias:0]]
[2019.05.08-23.36.48:009][  0]LogConfig: Setting CVar [[r.Streaming.AmortizeCPUToGPUCopy:0]]
[2019.05.08-23.36.48:009][  0]LogConfig: Setting CVar [[r.Streaming.MaxNumTexturesToStreamPerFrame:0]]
[2019.05.08-23.36.48:009][  0]LogConfig: Setting CVar [[r.Streaming.Boost:1]]
[2019.05.08-23.36.48:009][  0]LogConfig: Setting CVar [[r.MaxAnisotropy:8]]
[2019.05.08-23.36.48:009][  0]LogConfig: Setting CVar [[r.Streaming.LimitPoolSizeToVRAM:0]]
[2019.05.08-23.36.48:009][  0]LogConfig: Setting CVar [[r.Streaming.PoolSize:1000]]
[2019.05.08-23.36.48:009][  0]LogConfig: Setting CVar [[r.Streaming.MaxEffectiveScreenSize:0]]
[2019.05.08-23.36.48:009][  0]LogConfig: Applying CVar settings from Section [EffectsQuality@3] File [D:/Charlie/Slime/Slime/Saved/Config/Windows/Scalability.ini]
[2019.05.08-23.36.48:009][  0]LogConfig: Setting CVar [[r.TranslucencyLightingVolumeDim:64]]
[2019.05.08-23.36.48:009][  0]LogConfig: Setting CVar [[r.RefractionQuality:2]]
[2019.05.08-23.36.48:010][  0]LogConfig: Setting CVar [[r.SSR.Quality:3]]
[2019.05.08-23.36.48:010][  0]LogConfig: Setting CVar [[r.SceneColorFormat:4]]
[2019.05.08-23.36.48:010][  0]LogConfig: Setting CVar [[r.DetailMode:2]]
[2019.05.08-23.36.48:010][  0]LogConfig: Setting CVar [[r.TranslucencyVolumeBlur:1]]
[2019.05.08-23.36.48:010][  0]LogConfig: Setting CVar [[r.MaterialQualityLevel:1 ; High quality]]
[2019.05.08-23.36.48:010][  0]LogConfig: Setting CVar [[r.SSS.Scale:1]]
[2019.05.08-23.36.48:010][  0]LogConfig: Setting CVar [[r.SSS.SampleSet:2]]
[2019.05.08-23.36.48:010][  0]LogConfig: Setting CVar [[r.SSS.Quality:1]]
[2019.05.08-23.36.48:010][  0]LogConfig: Setting CVar [[r.SSS.HalfRes:1]]
[2019.05.08-23.36.48:010][  0]LogConfig: Setting CVar [[r.EmitterSpawnRateScale:1.0]]
[2019.05.08-23.36.48:010][  0]LogConfig: Setting CVar [[r.ParticleLightQuality:2]]
[2019.05.08-23.36.48:010][  0]LogConfig: Applying CVar settings from Section [FoliageQuality@3] File [D:/Charlie/Slime/Slime/Saved/Config/Windows/Scalability.ini]
[2019.05.08-23.36.48:010][  0]LogConfig: Setting CVar [[foliage.DensityScale:1.0]]
[2019.05.08-23.36.48:010][  0]LogConfig: Setting CVar [[grass.DensityScale:1.0]]
[2019.05.08-23.36.48:010][  0]LogInit: Selected Device Profile: [Windows]
[2019.05.08-23.36.48:011][  0]LogInit: Applying CVar settings loaded from the selected device profile: [Windows]
[2019.05.08-23.36.48:023][  0]LogHAL: Display: Platform has ~ 32 GB [34310209536 / 34359738368 / 32], which maps to Largest [LargestMinGB=32, LargerMinGB=12, DefaultMinGB=8, SmallerMinGB=6, SmallestMinGB=0)
[2019.05.08-23.36.48:023][  0]LogConfig: Setting CVar [[r.Vulkan.UseRealUBs:1]]
[2019.05.08-23.36.48:024][  0]LogInit: Going up to parent DeviceProfile []
[2019.05.08-23.36.48:024][  0]LogConfig: Applying CVar settings from Section [ViewDistanceQuality@3] File [D:/Charlie/Slime/Slime/Saved/Config/Windows/Scalability.ini]
[2019.05.08-23.36.48:024][  0]LogConfig: Setting CVar [[r.SkeletalMeshLODBias:0]]
[2019.05.08-23.36.48:024][  0]LogConfig: Setting CVar [[r.ViewDistanceScale:1.0]]
[2019.05.08-23.36.48:024][  0]LogConfig: Applying CVar settings from Section [AntiAliasingQuality@3] File [D:/Charlie/Slime/Slime/Saved/Config/Windows/Scalability.ini]
[2019.05.08-23.36.48:024][  0]LogConfig: Setting CVar [[r.PostProcessAAQuality:4]]
[2019.05.08-23.36.48:024][  0]LogConfig: Applying CVar settings from Section [ShadowQuality@3] File [D:/Charlie/Slime/Slime/Saved/Config/Windows/Scalability.ini]
[2019.05.08-23.36.48:024][  0]LogConfig: Setting CVar [[r.LightFunctionQuality:1]]
[2019.05.08-23.36.48:024][  0]LogConfig: Setting CVar [[r.ShadowQuality:5]]
[2019.05.08-23.36.48:024][  0]LogConfig: Setting CVar [[r.Shadow.CSM.MaxCascades:10]]
[2019.05.08-23.36.48:024][  0]LogConfig: Setting CVar [[r.Shadow.MaxResolution:2048]]
[2019.05.08-23.36.48:024][  0]LogConfig: Setting CVar [[r.Shadow.MaxCSMResolution:2048]]
[2019.05.08-23.36.48:024][  0]LogConfig: Setting CVar [[r.Shadow.RadiusThreshold:0.01]]
[2019.05.08-23.36.48:024][  0]LogConfig: Setting CVar [[r.Shadow.DistanceScale:1.0]]
[2019.05.08-23.36.48:025][  0]LogConfig: Setting CVar [[r.Shadow.CSM.TransitionScale:1.0]]
[2019.05.08-23.36.48:025][  0]LogConfig: Setting CVar [[r.Shadow.PreShadowResolutionFactor:1.0]]
[2019.05.08-23.36.48:025][  0]LogConfig: Setting CVar [[r.DistanceFieldShadowing:1]]
[2019.05.08-23.36.48:025][  0]LogConfig: Setting CVar [[r.DistanceFieldAO:1]]
[2019.05.08-23.36.48:025][  0]LogConfig: Setting CVar [[r.AOQuality:2]]
[2019.05.08-23.36.48:025][  0]LogConfig: Setting CVar [[r.VolumetricFog:1]]
[2019.05.08-23.36.48:025][  0]LogConfig: Setting CVar [[r.VolumetricFog.GridPixelSize:8]]
[2019.05.08-23.36.48:025][  0]LogConfig: Setting CVar [[r.VolumetricFog.GridSizeZ:128]]
[2019.05.08-23.36.48:025][  0]LogConfig: Setting CVar [[r.VolumetricFog.HistoryMissSupersampleCount:4]]
[2019.05.08-23.36.48:025][  0]LogConfig: Setting CVar [[r.LightMaxDrawDistanceScale:1]]
[2019.05.08-23.36.48:025][  0]LogConfig: Setting CVar [[r.CapsuleShadows:1]]
[2019.05.08-23.36.48:025][  0]LogConfig: Applying CVar settings from Section [PostProcessQuality@3] File [D:/Charlie/Slime/Slime/Saved/Config/Windows/Scalability.ini]
[2019.05.08-23.36.48:025][  0]LogConfig: Setting CVar [[r.MotionBlurQuality:4]]
[2019.05.08-23.36.48:025][  0]LogConfig: Setting CVar [[r.AmbientOcclusionMipLevelFactor:0.4]]
[2019.05.08-23.36.48:025][  0]LogConfig: Setting CVar [[r.AmbientOcclusionMaxQuality:100]]
[2019.05.08-23.36.48:026][  0]LogConfig: Setting CVar [[r.AmbientOcclusionLevels:-1]]
[2019.05.08-23.36.48:026][  0]LogConfig: Setting CVar [[r.AmbientOcclusionRadiusScale:1.0]]
[2019.05.08-23.36.48:026][  0]LogConfig: Setting CVar [[r.DepthOfFieldQuality:2]]
[2019.05.08-23.36.48:026][  0]LogConfig: Setting CVar [[r.RenderTargetPoolMin:400]]
[2019.05.08-23.36.48:026][  0]LogConfig: Setting CVar [[r.LensFlareQuality:2]]
[2019.05.08-23.36.48:026][  0]LogConfig: Setting CVar [[r.SceneColorFringeQuality:1]]
[2019.05.08-23.36.48:026][  0]LogConfig: Setting CVar [[r.EyeAdaptationQuality:2]]
[2019.05.08-23.36.48:026][  0]LogConfig: Setting CVar [[r.BloomQuality:5]]
[2019.05.08-23.36.48:026][  0]LogConfig: Setting CVar [[r.FastBlurThreshold:100]]
[2019.05.08-23.36.48:026][  0]LogConfig: Setting CVar [[r.Upscale.Quality:3]]
[2019.05.08-23.36.48:026][  0]LogConfig: Setting CVar [[r.Tonemapper.GrainQuantization:1]]
[2019.05.08-23.36.48:026][  0]LogConfig: Setting CVar [[r.LightShaftQuality:1]]
[2019.05.08-23.36.48:026][  0]LogConfig: Setting CVar [[r.Filter.SizeScale:1]]
[2019.05.08-23.36.48:026][  0]LogConfig: Setting CVar [[r.Tonemapper.Quality:5]]
[2019.05.08-23.36.48:026][  0]LogConfig: Setting CVar [[r.DOF.Gather.AccumulatorQuality:1        ; higher gathering accumulator quality]]
[2019.05.08-23.36.48:026][  0]LogConfig: Setting CVar [[r.DOF.Gather.PostfilterMethod:1          ; Median3x3 postfilering method]]
[2019.05.08-23.36.48:026][  0]LogConfig: Setting CVar [[r.DOF.Gather.EnableBokehSettings:0       ; no bokeh simulation when gathering]]
[2019.05.08-23.36.48:027][  0]LogConfig: Setting CVar [[r.DOF.Gather.RingCount:4                 ; medium number of samples when gathering]]
[2019.05.08-23.36.48:027][  0]LogConfig: Setting CVar [[r.DOF.Scatter.ForegroundCompositing:1    ; additive foreground scattering]]
[2019.05.08-23.36.48:027][  0]LogConfig: Setting CVar [[r.DOF.Scatter.BackgroundCompositing:2    ; additive background scattering]]
[2019.05.08-23.36.48:027][  0]LogConfig: Setting CVar [[r.DOF.Scatter.EnableBokehSettings:1      ; bokeh simulation when scattering]]
[2019.05.08-23.36.48:027][  0]LogConfig: Setting CVar [[r.DOF.Scatter.MaxSpriteRatio:0.1         ; only a maximum of 10% of scattered bokeh]]
[2019.05.08-23.36.48:027][  0]LogConfig: Setting CVar [[r.DOF.Recombine.Quality:1                ; cheap slight out of focus]]
[2019.05.08-23.36.48:027][  0]LogConfig: Setting CVar [[r.DOF.Recombine.EnableBokehSettings:0    ; no bokeh simulation on slight out of focus]]
[2019.05.08-23.36.48:027][  0]LogConfig: Setting CVar [[r.DOF.TemporalAAQuality:1                ; more stable temporal accumulation]]
[2019.05.08-23.36.48:027][  0]LogConfig: Setting CVar [[r.DOF.Kernel.MaxForegroundRadius:0.025]]
[2019.05.08-23.36.48:027][  0]LogConfig: Setting CVar [[r.DOF.Kernel.MaxBackgroundRadius:0.025]]
[2019.05.08-23.36.48:027][  0]LogConfig: Applying CVar settings from Section [TextureQuality@3] File [D:/Charlie/Slime/Slime/Saved/Config/Windows/Scalability.ini]
[2019.05.08-23.36.48:027][  0]LogConfig: Setting CVar [[r.Streaming.MipBias:0]]
[2019.05.08-23.36.48:027][  0]LogConfig: Setting CVar [[r.Streaming.AmortizeCPUToGPUCopy:0]]
[2019.05.08-23.36.48:027][  0]LogConfig: Setting CVar [[r.Streaming.MaxNumTexturesToStreamPerFrame:0]]
[2019.05.08-23.36.48:027][  0]LogConfig: Setting CVar [[r.Streaming.Boost:1]]
[2019.05.08-23.36.48:027][  0]LogConfig: Setting CVar [[r.MaxAnisotropy:8]]
[2019.05.08-23.36.48:027][  0]LogConfig: Setting CVar [[r.Streaming.LimitPoolSizeToVRAM:0]]
[2019.05.08-23.36.48:027][  0]LogConfig: Setting CVar [[r.Streaming.PoolSize:1000]]
[2019.05.08-23.36.48:028][  0]LogConfig: Setting CVar [[r.Streaming.MaxEffectiveScreenSize:0]]
[2019.05.08-23.36.48:028][  0]LogConfig: Applying CVar settings from Section [EffectsQuality@3] File [D:/Charlie/Slime/Slime/Saved/Config/Windows/Scalability.ini]
[2019.05.08-23.36.48:028][  0]LogConfig: Setting CVar [[r.TranslucencyLightingVolumeDim:64]]
[2019.05.08-23.36.48:028][  0]LogConfig: Setting CVar [[r.RefractionQuality:2]]
[2019.05.08-23.36.48:028][  0]LogConfig: Setting CVar [[r.SSR.Quality:3]]
[2019.05.08-23.36.48:028][  0]LogConfig: Setting CVar [[r.SceneColorFormat:4]]
[2019.05.08-23.36.48:028][  0]LogConfig: Setting CVar [[r.DetailMode:2]]
[2019.05.08-23.36.48:028][  0]LogConfig: Setting CVar [[r.TranslucencyVolumeBlur:1]]
[2019.05.08-23.36.48:028][  0]LogConfig: Setting CVar [[r.MaterialQualityLevel:1 ; High quality]]
[2019.05.08-23.36.48:028][  0]LogConfig: Setting CVar [[r.SSS.Scale:1]]
[2019.05.08-23.36.48:028][  0]LogConfig: Setting CVar [[r.SSS.SampleSet:2]]
[2019.05.08-23.36.48:028][  0]LogConfig: Setting CVar [[r.SSS.Quality:1]]
[2019.05.08-23.36.48:028][  0]LogConfig: Setting CVar [[r.SSS.HalfRes:1]]
[2019.05.08-23.36.48:028][  0]LogConfig: Setting CVar [[r.EmitterSpawnRateScale:1.0]]
[2019.05.08-23.36.48:028][  0]LogConfig: Setting CVar [[r.ParticleLightQuality:2]]
[2019.05.08-23.36.48:028][  0]LogConfig: Applying CVar settings from Section [FoliageQuality@3] File [D:/Charlie/Slime/Slime/Saved/Config/Windows/Scalability.ini]
[2019.05.08-23.36.48:029][  0]LogConfig: Setting CVar [[foliage.DensityScale:1.0]]
[2019.05.08-23.36.48:029][  0]LogConfig: Setting CVar [[grass.DensityScale:1.0]]
[2019.05.08-23.36.48:029][  0]LogConfig: Applying CVar settings from Section [Startup] File [../../../Engine/Config/ConsoleVariables.ini]
[2019.05.08-23.36.48:029][  0]LogConfig: Setting CVar [[net.UseAdaptiveNetUpdateFrequency:0]]
[2019.05.08-23.36.48:029][  0]LogConfig: Applying CVar settings from Section [ConsoleVariables] File [D:/Charlie/Slime/Slime/Saved/Config/Windows/Engine.ini]
[2019.05.08-23.36.48:029][  0]LogInit: Computer: DESKTOP-F5V9220
[2019.05.08-23.36.48:029][  0]LogInit: User: PlayWest
[2019.05.08-23.36.48:029][  0]LogInit: CPU Page size=4096, Cores=4
[2019.05.08-23.36.48:029][  0]LogInit: High frequency timer resolution =2.435778 MHz
[2019.05.08-23.36.48:030][  0]LogMemory: Memory total: Physical=32.0GB (32GB approx)
[2019.05.08-23.36.48:030][  0]LogMemory: Platform Memory Stats for Windows
[2019.05.08-23.36.48:030][  0]LogMemory: Process Physical Memory: 103.07 MB used, 103.07 MB peak
[2019.05.08-23.36.48:030][  0]LogMemory: Process Virtual Memory: 89.70 MB used, 89.70 MB peak
[2019.05.08-23.36.48:030][  0]LogMemory: Physical Memory: 12899.98 MB used,  19820.78 MB free, 32720.77 MB total
[2019.05.08-23.36.48:030][  0]LogMemory: Virtual Memory: 4646.71 MB used,  134213080.00 MB free, 134217728.00 MB total
[2019.05.08-23.36.48:257][  0]LogInit: Using OS detected language (en-GB).
[2019.05.08-23.36.48:257][  0]LogInit: Using OS detected locale (en-GB).
[2019.05.08-23.36.48:258][  0]LogTextLocalizationManager: No specific localization for 'en-GB' exists, so the 'en' localization will be used.
[2019.05.08-23.36.48:713][  0]LogStreaming: Display: Took  0.455s to InitEngineTextLocalization.
[2019.05.08-23.36.48:713][  0]LogInit: Setting process to per monitor DPI aware
[2019.05.08-23.36.48:781][  0]LogSlate: New Slate User Created.  User Index 0, Is Virtual User: 0
[2019.05.08-23.36.48:781][  0]LogSlate: Slate User Registered.  User Index 0, Is Virtual User: 0
[2019.05.08-23.36.49:037][  0]LogHMD: Failed to initialize OpenVR with code 126
[2019.05.08-23.36.49:037][  0]LogD3D11RHI: D3D11 adapters:
[2019.05.08-23.36.49:129][  0]LogD3D11RHI:    0. 'NVIDIA GeForce GTX 980M' (Feature Level 11_0)
[2019.05.08-23.36.49:129][  0]LogD3D11RHI:       8144/0/16360 MB DedicatedVideo/DedicatedSystem/SharedSystem, Outputs:2, VendorId:0x10de
[2019.05.08-23.36.49:135][  0]LogD3D11RHI:    1. 'Microsoft Basic Render Driver' (Feature Level 11_0)
[2019.05.08-23.36.49:135][  0]LogD3D11RHI:       0/0/16360 MB DedicatedVideo/DedicatedSystem/SharedSystem, Outputs:0, VendorId:0x1414
[2019.05.08-23.36.49:135][  0]LogD3D11RHI: Chosen D3D11 Adapter: 0
[2019.05.08-23.36.49:151][  0]LogD3D11RHI: Creating new Direct3DDevice
[2019.05.08-23.36.49:151][  0]LogD3D11RHI:     GPU DeviceId: 0x13d7 (for the marketing name, search the web for "GPU Device Id")
[2019.05.08-23.36.49:151][  0]LogWindows: EnumDisplayDevices:
[2019.05.08-23.36.49:151][  0]LogWindows:    0. 'NVIDIA GeForce GTX 980M' (P:0 D:1)
[2019.05.08-23.36.49:151][  0]LogWindows:    1. 'NVIDIA GeForce GTX 980M' (P:1 D:1)
[2019.05.08-23.36.49:152][  0]LogWindows:    2. 'NVIDIA GeForce GTX 980M' (P:0 D:0)
[2019.05.08-23.36.49:152][  0]LogWindows:    3. 'NVIDIA GeForce GTX 980M' (P:0 D:0)
[2019.05.08-23.36.49:153][  0]LogWindows: DebugString: FoundDriverCount:4 
[2019.05.08-23.36.49:153][  0]LogD3D11RHI:     Adapter Name: NVIDIA GeForce GTX 980M
[2019.05.08-23.36.49:153][  0]LogD3D11RHI:   Driver Version: 418.91 (internal:25.21.14.1891, unified:418.91)
[2019.05.08-23.36.49:153][  0]LogD3D11RHI:      Driver Date: 2-6-2019
[2019.05.08-23.36.49:153][  0]LogRHI: Texture pool is 5701 MB (70% of 8144 MB)
[2019.05.08-23.36.49:209][  0]LogD3D11RHI: Async texture creation enabled
[2019.05.08-23.36.49:233][  0]LogD3D11RHI: GPU Timing Frequency: 1000.000000 (Debug: 2 1)
[2019.05.08-23.36.49:693][  0]LogTemp: Display: Loaded TP AllDesktopTargetPlatform
[2019.05.08-23.36.49:710][  0]LogTemp: Display: Loaded TP MacClientTargetPlatform
[2019.05.08-23.36.49:730][  0]LogTemp: Display: Loaded TP MacNoEditorTargetPlatform
[2019.05.08-23.36.49:745][  0]LogTemp: Display: Loaded TP MacServerTargetPlatform
[2019.05.08-23.36.49:763][  0]LogTemp: Display: Loaded TP MacTargetPlatform
[2019.05.08-23.36.49:779][  0]LogTemp: Display: Loaded TP WindowsClientTargetPlatform
[2019.05.08-23.36.49:795][  0]LogTemp: Display: Loaded TP WindowsNoEditorTargetPlatform
[2019.05.08-23.36.49:810][  0]LogTemp: Display: Loaded TP WindowsServerTargetPlatform
[2019.05.08-23.36.49:819][  0]LogTemp: Display: Loaded TP WindowsTargetPlatform
[2019.05.08-23.36.49:902][  0]LogTemp: Display: Loaded TP AndroidTargetPlatform
[2019.05.08-23.36.49:902][  0]LogTemp: Display: Loaded TP AndroidTargetPlatform
[2019.05.08-23.36.49:902][  0]LogTemp: Display: Loaded TP AndroidTargetPlatform
[2019.05.08-23.36.49:902][  0]LogTemp: Display: Loaded TP AndroidTargetPlatform
[2019.05.08-23.36.49:902][  0]LogTemp: Display: Loaded TP AndroidTargetPlatform
[2019.05.08-23.36.49:902][  0]LogTemp: Display: Loaded TP AndroidTargetPlatform
[2019.05.08-23.36.49:902][  0]LogTemp: Display: Loaded TP AndroidTargetPlatform
[2019.05.08-23.36.49:903][  0]LogTemp: Display: Loaded TP AndroidTargetPlatform
[2019.05.08-23.36.49:903][  0]LogTemp: Display: Loaded TP AndroidTargetPlatform
[2019.05.08-23.36.49:903][  0]LogTemp: Display: Loaded TP AndroidTargetPlatform
[2019.05.08-23.36.49:903][  0]LogTemp: Display: Loaded TP AndroidTargetPlatform
[2019.05.08-23.36.49:903][  0]LogTemp: Display: Loaded TP AndroidTargetPlatform
[2019.05.08-23.36.49:903][  0]LogTemp: Display: Loaded TP AndroidTargetPlatform
[2019.05.08-23.36.49:903][  0]LogTemp: Display: Loaded TP AndroidTargetPlatform
[2019.05.08-23.36.49:903][  0]LogTemp: Display: Loaded TP AndroidTargetPlatform
[2019.05.08-23.36.49:903][  0]LogTemp: Display: Loaded TP AndroidTargetPlatform
[2019.05.08-23.36.49:903][  0]LogTemp: Display: Loaded TP AndroidTargetPlatform
[2019.05.08-23.36.49:903][  0]LogTemp: Display: Loaded TP AndroidTargetPlatform
[2019.05.08-23.36.49:907][  0]LogTemp: Display: Loaded TP HTML5TargetPlatform
[2019.05.08-23.36.49:979][  0]LogTemp: Display: Loaded TP IOSTargetPlatform
[2019.05.08-23.36.49:979][  0]LogTemp: Display: Loaded TP IOSTargetPlatform
[2019.05.08-23.36.50:007][  0]LogTemp: Display: Loaded TP TVOSTargetPlatform
[2019.05.08-23.36.50:007][  0]LogTemp: Display: Loaded TP TVOSTargetPlatform
[2019.05.08-23.36.50:023][  0]LogTemp: Display: Loaded TP LinuxClientTargetPlatform
[2019.05.08-23.36.50:039][  0]LogTemp: Display: Loaded TP LinuxNoEditorTargetPlatform
[2019.05.08-23.36.50:056][  0]LogTemp: Display: Loaded TP LinuxServerTargetPlatform
[2019.05.08-23.36.50:075][  0]LogTemp: Display: Loaded TP LinuxTargetPlatform
[2019.05.08-23.36.50:126][  0]LogTemp: Display: Loaded TP LuminTargetPlatform
[2019.05.08-23.36.50:126][  0]LogTemp: Display: Loaded TP LuminTargetPlatform
[2019.05.08-23.36.50:126][  0]LogTargetPlatformManager: Display: Building Assets For Windows
[2019.05.08-23.36.50:246][  0]LogShaderCompilers: Guid format shader working directory is 14 characters bigger than the processId version (../../../../../Charlie/Slime/Slime/Intermediate/Shaders/WorkingDirectory/19588/).
[2019.05.08-23.36.50:246][  0]LogShaderCompilers: Cleaned the shader compiler working directory 'C:/Users/PlayWest/AppData/Local/Temp/UnrealShaderWorkingDir/4D9F6D8D4C9EAD996BBE08ADCAFC0EB2/'.
[2019.05.08-23.36.50:248][  0]LogXGEController: Cleaning working directory: C:/Users/PlayWest/AppData/Local/Temp/UnrealXGEWorkingDir/
[2019.05.08-23.36.50:248][  0]LogXGEController: Cannot use XGE Controller as Incredibuild is not installed on this machine.
[2019.05.08-23.36.50:248][  0]LogShaderCompilers: Cannot use XGE Shader Compiler as Incredibuild is not installed on this machine.
[2019.05.08-23.36.50:248][  0]LogShaderCompilers: Display: Using Local Shader Compiler.
[2019.05.08-23.36.50:880][  0]LogDerivedDataCache: Display: Max Cache Size: 512 MB
[2019.05.08-23.36.51:445][  0]LogDerivedDataCache: Loaded boot cache 0.56s 458MB C:/Users/PlayWest/AppData/Local/UnrealEngine/4.21/DerivedDataCache/Boot.ddc.
[2019.05.08-23.36.51:445][  0]LogDerivedDataCache: Display: Loaded Boot cache: C:/Users/PlayWest/AppData/Local/UnrealEngine/4.21/DerivedDataCache/Boot.ddc
[2019.05.08-23.36.51:445][  0]LogDerivedDataCache: FDerivedDataBackendGraph:  Pak pak cache file ../../../../../Charlie/Slime/Slime/DerivedDataCache/DDC.ddp not found, will not use a pak cache.
[2019.05.08-23.36.51:445][  0]LogDerivedDataCache: Unable to find inner node Pak for hierarchical cache Hierarchy.
[2019.05.08-23.36.51:445][  0]LogDerivedDataCache: FDerivedDataBackendGraph:  CompressedPak pak cache file ../../../../../Charlie/Slime/Slime/DerivedDataCache/Compressed.ddp not found, will not use a pak cache.
[2019.05.08-23.36.51:445][  0]LogDerivedDataCache: Unable to find inner node CompressedPak for hierarchical cache Hierarchy.
[2019.05.08-23.36.51:463][  0]LogDerivedDataCache: Display: Pak cache opened for reading ../../../Engine/DerivedDataCache/Compressed.ddp.
[2019.05.08-23.36.51:463][  0]LogDerivedDataCache: FDerivedDataBackendGraph:  EnterprisePak pak cache file ../../../Enterprise/DerivedDataCache/Compressed.ddp not found, will not use a pak cache.
[2019.05.08-23.36.51:463][  0]LogDerivedDataCache: Unable to find inner node EnterprisePak for hierarchical cache Hierarchy.
[2019.05.08-23.36.51:476][  0]LogDerivedDataCache: Using Local data cache path C:/Users/PlayWest/AppData/Local/UnrealEngine/Common/DerivedDataCache: Writable
[2019.05.08-23.36.51:476][  0]LogDerivedDataCache: Shared data cache path not found in *engine.ini, will not use an Shared cache.
[2019.05.08-23.36.51:476][  0]LogDerivedDataCache: Unable to find inner node Shared for hierarchical cache Hierarchy.
[2019.05.08-23.36.51:504][  0]LogMaterial: Verifying Global Shaders for PCD3D_SM5
[2019.05.08-23.36.51:505][  0]LogSlate: Using FreeType 2.6.0
[2019.05.08-23.36.51:506][  0]LogSlate: SlateFontServices - WITH_FREETYPE: 1, WITH_HARFBUZZ: 1
[2019.05.08-23.36.51:602][  0]LogAssetRegistry: FAssetRegistry took 0.0365 seconds to start up
[2019.05.08-23.36.51:967][  0]LogInit: Selected Device Profile: [Windows]
[2019.05.08-23.36.52:158][  0]LogSimplygon: Simplygon DLL not present - disabling.
[2019.05.08-23.36.52:167][  0]LogMeshReduction: Using SimplygonSwarm for distributed automatic mesh merging
[2019.05.08-23.36.52:168][  0]LogMeshReduction: Using ProxyLODMeshReduction for automatic mesh merging
[2019.05.08-23.36.52:168][  0]LogMeshReduction: Using QuadricMeshReduction for automatic static mesh reduction
[2019.05.08-23.36.52:168][  0]LogMeshReduction: No automatic skeletal mesh reduction module available
[2019.05.08-23.36.52:183][  0]LogNetVersion: Slime 1.0.0, NetCL: 4541578, EngineNetVer: 5, GameNetVer: 0 (Checksum: 858269732)
[2019.05.08-23.36.52:775][  0]LogPackageLocalizationCache: Processed 11 localized package path(s) for 2 prioritized culture(s) in 0.126032 seconds
[2019.05.08-23.36.52:785][  0]LogUObjectArray: 39775 objects as part of root set at end of initial load.
[2019.05.08-23.36.52:785][  0]LogUObjectAllocator: 6914664 out of 0 bytes used by permanent object pool.
[2019.05.08-23.36.52:785][  0]LogUObjectArray: CloseDisregardForGC: 0/0 objects in disregard for GC pool
[2019.05.08-23.36.53:837][  0]LogTcpMessaging: Initializing TcpMessaging bridge
[2019.05.08-23.36.53:853][  0]LogUdpMessaging: Initializing bridge on interface 0.0.0.0:0 to multicast group 230.0.0.1:6666.
[2019.05.08-23.36.55:781][  0]SourceControl: Source control is disabled
[2019.05.08-23.36.55:781][  0]SourceControl: Source control is disabled
[2019.05.08-23.36.55:786][  0]SourceControl: Source control is disabled
[2019.05.08-23.36.55:790][  0]SourceControl: Source control is disabled
[2019.05.08-23.36.56:065][  0]LogAndroidPermission: UAndroidPermissionCallbackProxy::GetInstance
[2019.05.08-23.36.56:229][  0]LogOcInput: OculusInput pre-init called
[2019.05.08-23.36.56:391][  0]LogEngine: Initializing Engine...
[2019.05.08-23.36.56:430][  0]LogHMD: Failed to initialize OpenVR with code 126
[2019.05.08-23.36.56:432][  0]LogStats: UGameplayTagsManager::ConstructGameplayTagTree: ImportINI prefixes -  0.000 s
[2019.05.08-23.36.56:432][  0]LogStats: UGameplayTagsManager::ConstructGameplayTagTree: Construct from data asset -  0.000 s
[2019.05.08-23.36.56:432][  0]LogStats: UGameplayTagsManager::ConstructGameplayTagTree: ImportINI -  0.000 s
[2019.05.08-23.36.56:432][  0]LogStats: UGameplayTagsManager::ConstructGameplayTagTree: GameplayTagTreeChangedEvent.Broadcast -  0.000 s
[2019.05.08-23.36.56:697][  0]LogInit: Initializing FReadOnlyCVARCache
[2019.05.08-23.36.56:717][  0]LogAIModule: Creating AISystem for world Untitled
[2019.05.08-23.36.56:776][  0]LogInit: XAudio2 using 'Speakers (Realtek High Definition Audio)' : 2 channels at 48 kHz using 32 bits per sample (channel mask 0x3)
[2019.05.08-23.36.57:056][  0]LogInit: FAudioDevice initialized.
[2019.05.08-23.36.57:056][  0]LogNetVersion: Set ProjectVersion to 1.0.0.0. Version Checksum will be recalculated on next use.
[2019.05.08-23.37.00:262][  0]LogDerivedDataCache: Saved boot cache 3.21s 458MB C:/Users/PlayWest/AppData/Local/UnrealEngine/4.21/DerivedDataCache/Boot.ddc.
[2019.05.08-23.37.00:358][  0]LogInit: Texture streaming: Enabled
[2019.05.08-23.37.00:382][  0]LogEngineSessionManager: EngineSessionManager initialized
[2019.05.08-23.37.00:392][  0]LogInit: Transaction tracking system initialized
[2019.05.08-23.37.00:422][  0]BlueprintLog: New page: Editor Load
[2019.05.08-23.37.00:593][  0]LocalizationService: Localization service is disabled
[2019.05.08-23.37.01:149][  0]LogFileCache: Scanning file cache for directory 'D:/Charlie/Slime/Slime/Content/' took 0.02s
[2019.05.08-23.37.01:149][  0]LogCook: Display: Max memory allowance for cook 16384mb min free memory 0mb
[2019.05.08-23.37.01:150][  0]LogCook: Display: Mobile HDR setting 1
[2019.05.08-23.37.01:150][  0]LogGameplayTags: Display: UGameplayTagsManager::DoneAddingNativeTags. DelegateIsBound: 0
[2019.05.08-23.37.01:150][  0]LogStats: UGameplayTagsManager::ConstructGameplayTagTree: ImportINI prefixes -  0.000 s
[2019.05.08-23.37.01:150][  0]LogStats: UGameplayTagsManager::ConstructGameplayTagTree: Construct from data asset -  0.000 s
[2019.05.08-23.37.01:150][  0]LogStats: UGameplayTagsManager::ConstructGameplayTagTree: ImportINI -  0.000 s
[2019.05.08-23.37.01:150][  0]LogStats: UGameplayTagsManager::ConstructGameplayTagTree: GameplayTagTreeChangedEvent.Broadcast -  0.000 s
[2019.05.08-23.37.01:336][  0]SourceControl: Source control is disabled
[2019.05.08-23.37.01:337][  0]Cmd: MAP LOAD FILE="../../../../../Charlie/Slime/Slime/Content/FirstPersonCPP/Maps/FirstPersonExampleMap.umap" TEMPLATE=0 SHOWPROGRESS=1 FEATURELEVEL=3
[2019.05.08-23.37.01:337][  0]LightingResults: New page: Lighting Build
[2019.05.08-23.37.01:340][  0]MapCheck: New page: Map Check
[2019.05.08-23.37.01:340][  0]LightingResults: New page: Lighting Build
[2019.05.08-23.37.01:538][  0]LogAIModule: Creating AISystem for world FirstPersonExampleMap
[2019.05.08-23.37.01:555][  0]LogEditorServer: Finished looking for orphan Actors (0.000 secs)
[2019.05.08-23.37.01:579][  0]Cmd: MAP CHECKDEP NOCLEARLOG
[2019.05.08-23.37.01:579][  0]MapCheck: Map check complete: 0 Error(s), 0 Warning(s), took 0.124ms to complete.
[2019.05.08-23.37.01:579][  0]LogFileHelpers: Loading map 'FirstPersonExampleMap' took 0.243
[2019.05.08-23.37.01:711][  0]LogSlate: Updating window title bar state: overlay mode, drag disabled, window buttons hidden, title bar hidden
[2019.05.08-23.37.01:729][  0]LogSlate: Updating window title bar state: overlay mode, drag disabled, window buttons hidden, title bar hidden
[2019.05.08-23.37.01:739][  0]LogSlate: Updating window title bar state: overlay mode, drag disabled, window buttons hidden, title bar hidden
[2019.05.08-23.37.01:749][  0]LogSlate: Updating window title bar state: overlay mode, drag disabled, window buttons hidden, title bar hidden
[2019.05.08-23.37.01:759][  0]LogCollectionManager: Loaded 0 collections in 0.001581 seconds
[2019.05.08-23.37.01:781][  0]LogFileCache: Scanning file cache for directory 'D:/Charlie/Slime/Slime/Saved/Collections/' took 0.01s
[2019.05.08-23.37.01:781][  0]LogFileCache: Scanning file cache for directory 'D:/Charlie/Slime/Slime/Content/Developers/PlayWest/Collections/' took 0.00s
[2019.05.08-23.37.01:781][  0]LogFileCache: Scanning file cache for directory 'D:/Charlie/Slime/Slime/Content/Collections/' took 0.00s
[2019.05.08-23.37.01:781][  0]LogCollectionManager: Rebuilt the GUID cache for 0 collections in 0.000000 seconds
[2019.05.08-23.37.01:792][  0]LogContentBrowser: Native class hierarchy populated in 0.0111 seconds. Added 2656 classes and 622 folders.
[2019.05.08-23.37.01:799][  0]LogContentBrowser: Native class hierarchy updated for 'WidgetCarousel' in 0.0004 seconds. Added 0 classes and 0 folders.
[2019.05.08-23.37.01:801][  0]LogPakFile: Registered encryption key '00000000000000000000000000000000': 0 pak files mounted, 0 remain pending
[2019.05.08-23.37.01:802][  0]LogPakFile: Registered encryption key '00000000000000000000000000000000': 0 pak files mounted, 0 remain pending
[2019.05.08-23.37.01:803][  0]LogPakFile: Registered encryption key '00000000000000000000000000000000': 0 pak files mounted, 0 remain pending
[2019.05.08-23.37.01:804][  0]LogPakFile: Registered encryption key '00000000000000000000000000000000': 0 pak files mounted, 0 remain pending
[2019.05.08-23.37.01:804][  0]LogPakFile: Registered encryption key '00000000000000000000000000000000': 0 pak files mounted, 0 remain pending
[2019.05.08-23.37.01:805][  0]LogPakFile: Registered encryption key '00000000000000000000000000000000': 0 pak files mounted, 0 remain pending
[2019.05.08-23.37.01:806][  0]LogPakFile: Registered encryption key '00000000000000000000000000000000': 0 pak files mounted, 0 remain pending
[2019.05.08-23.37.01:806][  0]LogPakFile: Registered encryption key '00000000000000000000000000000000': 0 pak files mounted, 0 remain pending
[2019.05.08-23.37.01:807][  0]LogPakFile: Registered encryption key '00000000000000000000000000000000': 0 pak files mounted, 0 remain pending
[2019.05.08-23.37.01:808][  0]LogPakFile: Registered encryption key '00000000000000000000000000000000': 0 pak files mounted, 0 remain pending
[2019.05.08-23.37.01:808][  0]LogPakFile: Registered encryption key '00000000000000000000000000000000': 0 pak files mounted, 0 remain pending
[2019.05.08-23.37.01:809][  0]LogPakFile: Registered encryption key '00000000000000000000000000000000': 0 pak files mounted, 0 remain pending
[2019.05.08-23.37.01:810][  0]LogPakFile: Registered encryption key '00000000000000000000000000000000': 0 pak files mounted, 0 remain pending
[2019.05.08-23.37.01:811][  0]LogPakFile: Registered encryption key '00000000000000000000000000000000': 0 pak files mounted, 0 remain pending
[2019.05.08-23.37.01:812][  0]LogPakFile: Registered encryption key '00000000000000000000000000000000': 0 pak files mounted, 0 remain pending
[2019.05.08-23.37.01:813][  0]LogPakFile: Registered encryption key '00000000000000000000000000000000': 0 pak files mounted, 0 remain pending
[2019.05.08-23.37.01:813][  0]LogPakFile: Registered encryption key '00000000000000000000000000000000': 0 pak files mounted, 0 remain pending
[2019.05.08-23.37.01:814][  0]LogPakFile: Registered encryption key '00000000000000000000000000000000': 0 pak files mounted, 0 remain pending
[2019.05.08-23.37.01:815][  0]LogPakFile: Registered encryption key '00000000000000000000000000000000': 0 pak files mounted, 0 remain pending
[2019.05.08-23.37.01:816][  0]LogPakFile: Registered encryption key '00000000000000000000000000000000': 0 pak files mounted, 0 remain pending
[2019.05.08-23.37.01:816][  0]LogPakFile: Registered encryption key '00000000000000000000000000000000': 0 pak files mounted, 0 remain pending
[2019.05.08-23.37.01:817][  0]LogPakFile: Registered encryption key '00000000000000000000000000000000': 0 pak files mounted, 0 remain pending
[2019.05.08-23.37.01:818][  0]LogPakFile: Registered encryption key '00000000000000000000000000000000': 0 pak files mounted, 0 remain pending
[2019.05.08-23.37.01:819][  0]LogPakFile: Registered encryption key '00000000000000000000000000000000': 0 pak files mounted, 0 remain pending
[2019.05.08-23.37.01:820][  0]LogPakFile: Registered encryption key '00000000000000000000000000000000': 0 pak files mounted, 0 remain pending
[2019.05.08-23.37.01:820][  0]LogPakFile: Registered encryption key '00000000000000000000000000000000': 0 pak files mounted, 0 remain pending
[2019.05.08-23.37.01:860][  0]LogContentBrowser: Native class hierarchy updated for 'AddContentDialog' in 0.0004 seconds. Added 0 classes and 0 folders.
[2019.05.08-23.37.01:868][  0]LogContentBrowser: Native class hierarchy updated for 'SceneOutliner' in 0.0004 seconds. Added 1 classes and 2 folders.
[2019.05.08-23.37.01:885][  0]LogSlate: Took 0.000220 seconds to synchronously load lazily loaded font '../../../Engine/Content/Slate/Fonts/Roboto-Regular.ttf' (155K)
[2019.05.08-23.37.01:888][  0]LogSlate: Took 0.000211 seconds to synchronously load lazily loaded font '../../../Engine/Content/Slate/Fonts/Roboto-Bold.ttf' (160K)
[2019.05.08-23.37.01:898][  0]LogSlate: Took 0.000179 seconds to synchronously load lazily loaded font '../../../Engine/Content/Editor/Slate/Fonts/FontAwesome.ttf' (139K)
[2019.05.08-23.37.02:002][  0]LogRenderer: Reallocating scene render targets to support 1160x600 Format 10 NumSamples 1 (Frame:1).
[2019.05.08-23.37.02:169][  0]LogContentBrowser: Native class hierarchy updated for 'HierarchicalLODOutliner' in 0.0005 seconds. Added 0 classes and 0 folders.
[2019.05.08-23.37.02:169][  0]LogLoad: (Engine Initialization) Total time: 16.37 seconds
[2019.05.08-23.37.02:169][  0]LogLoad: (Engine Initialization) Total Blueprint compile time: 0.00 seconds
[2019.05.08-23.37.02:188][  0]LogWindowsTextInputMethodSystem: Display: IME system now deactivated.
[2019.05.08-23.37.02:277][  0]LogContentStreaming: Texture pool size now 1000 MB
[2019.05.08-23.37.02:291][  0]LogSlate: Took 0.000206 seconds to synchronously load lazily loaded font '../../../Engine/Content/Slate/Fonts/Roboto-Light.ttf' (167K)
[2019.05.08-23.37.02:484][  2]LogAssetRegistry: Asset discovery search completed in 10.9074 seconds
[2019.05.08-23.37.02:487][  2]LogCollectionManager: Rebuilt the object cache for 0 collections in 0.000000 seconds (found 0 objects)
[2019.05.08-23.37.02:487][  2]LogCollectionManager: Fixed up redirectors for 0 collections in 0.000236 seconds (updated 0 objects)
[2019.05.08-23.37.03:460][ 60]LogSlate: FSceneViewport::OnFocusLost() reason 0
[2019.05.08-23.37.03:526][ 64]LogTemp: Repeating last play command: Selected Viewport
[2019.05.08-23.37.03:542][ 64]LogBlueprintUserMessages: Early PlayInEditor Detection: Level '/Game/FirstPersonCPP/Maps/FirstPersonExampleMap.FirstPersonExampleMap:PersistentLevel' has LevelScriptBlueprint '/Game/FirstPersonCPP/Maps/FirstPersonExampleMap.FirstPersonExampleMap:PersistentLevel.FirstPersonExampleMap' with GeneratedClass '/Game/FirstPersonCPP/Maps/FirstPersonExampleMap.FirstPersonExampleMap_C' with ClassGeneratedBy '/Game/FirstPersonCPP/Maps/FirstPersonExampleMap.FirstPersonExampleMap:PersistentLevel.FirstPersonExampleMap'
[2019.05.08-23.37.03:543][ 64]LogPlayLevel: PlayLevel: No blueprints needed recompiling
[2019.05.08-23.37.03:543][ 64]PIE: New page: PIE session: FirstPersonExampleMap (9 May 2019 01:37:03)
[2019.05.08-23.37.03:557][ 64]LogPlayLevel: Creating play world package: /Game/FirstPersonCPP/Maps/UEDPIE_0_FirstPersonExampleMap
[2019.05.08-23.37.03:589][ 64]LogPlayLevel: PIE: StaticDuplicateObject took: (0.031012s)
[2019.05.08-23.37.03:589][ 64]LogAIModule: Creating AISystem for world FirstPersonExampleMap
[2019.05.08-23.37.03:590][ 64]LogPlayLevel: PIE: World Init took: (0.000905s)
[2019.05.08-23.37.03:590][ 64]LogPlayLevel: PIE: Created PIE world by copying editor world from /Game/FirstPersonCPP/Maps/FirstPersonExampleMap.FirstPersonExampleMap to /Game/FirstPersonCPP/Maps/UEDPIE_0_FirstPersonExampleMap.FirstPersonExampleMap (0.032565s)
[2019.05.08-23.37.03:652][ 64]LogInit: XAudio2 using 'Speakers (Realtek High Definition Audio)' : 2 channels at 48 kHz using 32 bits per sample (channel mask 0x3)
[2019.05.08-23.37.03:757][ 64]LogInit: FAudioDevice initialized.
[2019.05.08-23.37.03:810][ 64]LogLoad: Game class is 'SlimeGameMode'
[2019.05.08-23.37.03:814][ 64]LogWorld: Bringing World /Game/FirstPersonCPP/Maps/UEDPIE_0_FirstPersonExampleMap.FirstPersonExampleMap up for play (max tick rate 60) at 2019.05.09-00.37.03
[2019.05.08-23.37.03:815][ 64]LogWorld: Bringing up level for play took: 0.002626
[2019.05.08-23.37.03:833][ 64]LogContentBrowser: Native class hierarchy updated for 'MovieSceneCapture' in 0.0005 seconds. Added 20 classes and 0 folders.
[2019.05.08-23.37.03:842][ 64]PIE: Play in editor start time for /Game/FirstPersonCPP/Maps/UEDPIE_0_FirstPersonExampleMap -0.29
[2019.05.08-23.37.03:842][ 64]LogBlueprintUserMessages: Late PlayInEditor Detection: Level '/Game/FirstPersonCPP/Maps/FirstPersonExampleMap.FirstPersonExampleMap:PersistentLevel' has LevelScriptBlueprint '/Game/FirstPersonCPP/Maps/FirstPersonExampleMap.FirstPersonExampleMap:PersistentLevel.FirstPersonExampleMap' with GeneratedClass '/Game/FirstPersonCPP/Maps/FirstPersonExampleMap.FirstPersonExampleMap_C' with ClassGeneratedBy '/Game/FirstPersonCPP/Maps/FirstPersonExampleMap.FirstPersonExampleMap:PersistentLevel.FirstPersonExampleMap'
[2019.05.08-23.37.07:308][235]LogFileCache: Retrieving MD5 hashes for directory 'D:/Charlie/Slime/Slime/Content/' took 5.10s
[2019.05.08-23.37.10:317][386]LogBlueprintUserMessages: Early EndPlayMap Detection: Level '/Game/FirstPersonCPP/Maps/FirstPersonExampleMap.FirstPersonExampleMap:PersistentLevel' has LevelScriptBlueprint '/Game/FirstPersonCPP/Maps/FirstPersonExampleMap.FirstPersonExampleMap:PersistentLevel.FirstPersonExampleMap' with GeneratedClass '/Game/FirstPersonCPP/Maps/FirstPersonExampleMap.FirstPersonExampleMap_C' with ClassGeneratedBy '/Game/FirstPersonCPP/Maps/FirstPersonExampleMap.FirstPersonExampleMap:PersistentLevel.FirstPersonExampleMap'
[2019.05.08-23.37.10:318][386]LogSlate: Updating window title bar state: overlay mode, drag disabled, window buttons hidden, title bar hidden
[2019.05.08-23.37.10:378][386]LogPlayLevel: Display: Shutting down PIE online subsystems
[2019.05.08-23.37.10:379][386]LogBlueprintUserMessages: Late EndPlayMap Detection: Level '/Game/FirstPersonCPP/Maps/FirstPersonExampleMap.FirstPersonExampleMap:PersistentLevel' has LevelScriptBlueprint '/Game/FirstPersonCPP/Maps/FirstPersonExampleMap.FirstPersonExampleMap:PersistentLevel.FirstPersonExampleMap' with GeneratedClass '/Game/FirstPersonCPP/Maps/FirstPersonExampleMap.FirstPersonExampleMap_C' with ClassGeneratedBy '/Game/FirstPersonCPP/Maps/FirstPersonExampleMap.FirstPersonExampleMap:PersistentLevel.FirstPersonExampleMap'
[2019.05.08-23.37.10:425][386]LogSlate: Updating window title bar state: overlay mode, drag disabled, window buttons hidden, title bar hidden
[2019.05.08-23.37.10:485][387]LogPlayLevel: Display: Destroying online subsystem :Context_3
[2019.05.08-23.37.11:138][424]LogSlate: FSceneViewport::OnFocusLost() reason 0
[2019.05.08-23.37.11:204][428]LogTemp: Repeating last play command: Selected Viewport
[2019.05.08-23.37.11:234][428]LogBlueprintUserMessages: Early PlayInEditor Detection: Level '/Game/FirstPersonCPP/Maps/FirstPersonExampleMap.FirstPersonExampleMap:PersistentLevel' has LevelScriptBlueprint '/Game/FirstPersonCPP/Maps/FirstPersonExampleMap.FirstPersonExampleMap:PersistentLevel.FirstPersonExampleMap' with GeneratedClass '/Game/FirstPersonCPP/Maps/FirstPersonExampleMap.FirstPersonExampleMap_C' with ClassGeneratedBy '/Game/FirstPersonCPP/Maps/FirstPersonExampleMap.FirstPersonExampleMap:PersistentLevel.FirstPersonExampleMap'
[2019.05.08-23.37.11:234][428]LogPlayLevel: PlayLevel: No blueprints needed recompiling
[2019.05.08-23.37.11:235][428]PIE: New page: PIE session: FirstPersonExampleMap (9 May 2019 01:37:11)
[2019.05.08-23.37.11:235][428]LogPlayLevel: Creating play world package: /Game/FirstPersonCPP/Maps/UEDPIE_0_FirstPersonExampleMap
[2019.05.08-23.37.11:271][428]LogPlayLevel: PIE: StaticDuplicateObject took: (0.035874s)
[2019.05.08-23.37.11:273][428]LogAIModule: Creating AISystem for world FirstPersonExampleMap
[2019.05.08-23.37.11:274][428]LogPlayLevel: PIE: World Init took: (0.002575s)
[2019.05.08-23.37.11:274][428]LogPlayLevel: PIE: Created PIE world by copying editor world from /Game/FirstPersonCPP/Maps/FirstPersonExampleMap.FirstPersonExampleMap to /Game/FirstPersonCPP/Maps/UEDPIE_0_FirstPersonExampleMap.FirstPersonExampleMap (0.039494s)
[2019.05.08-23.37.11:361][428]LogInit: XAudio2 using 'Speakers (Realtek High Definition Audio)' : 2 channels at 48 kHz using 32 bits per sample (channel mask 0x3)
[2019.05.08-23.37.11:486][428]LogInit: FAudioDevice initialized.
[2019.05.08-23.37.11:525][428]LogLoad: Game class is 'SlimeGameMode'
[2019.05.08-23.37.11:527][428]LogWorld: Bringing World /Game/FirstPersonCPP/Maps/UEDPIE_0_FirstPersonExampleMap.FirstPersonExampleMap up for play (max tick rate 60) at 2019.05.09-00.37.11
[2019.05.08-23.37.11:528][428]LogWorld: Bringing up level for play took: 0.001498
[2019.05.08-23.37.11:549][428]PIE: Play in editor start time for /Game/FirstPersonCPP/Maps/UEDPIE_0_FirstPersonExampleMap -0.583
[2019.05.08-23.37.11:550][428]LogBlueprintUserMessages: Late PlayInEditor Detection: Level '/Game/FirstPersonCPP/Maps/FirstPersonExampleMap.FirstPersonExampleMap:PersistentLevel' has LevelScriptBlueprint '/Game/FirstPersonCPP/Maps/FirstPersonExampleMap.FirstPersonExampleMap:PersistentLevel.FirstPersonExampleMap' with GeneratedClass '/Game/FirstPersonCPP/Maps/FirstPersonExampleMap.FirstPersonExampleMap_C' with ClassGeneratedBy '/Game/FirstPersonCPP/Maps/FirstPersonExampleMap.FirstPersonExampleMap:PersistentLevel.FirstPersonExampleMap'
[2019.05.08-23.37.13:927][545]LogBlueprintUserMessages: [BP_Tex_Maker_2] Segment Length: 4
[2019.05.08-23.37.20:335][869]LogBlueprintUserMessages: [BP_Tex_Maker_2] Segment Length: 5
[2019.05.08-23.37.21:424][924]LogBlueprintUserMessages: [BP_Tex_Maker_2] Segment Length: 4
[2019.05.08-23.37.21:641][935]LogBlueprintUserMessages: [BP_Tex_Maker_2] Segment Length: 3
[2019.05.08-23.37.21:819][944]LogBlueprintUserMessages: [BP_Tex_Maker_2] Segment Length: 2
[2019.05.08-23.37.22:098][958]LogBlueprintUserMessages: [BP_Tex_Maker_2] Segment Length: 1
[2019.05.08-23.37.22:809][994]LogBlueprintUserMessages: [BP_Tex_Maker_2] Segment Length: 2
[2019.05.08-23.37.23:007][  4]LogBlueprintUserMessages: [BP_Tex_Maker_2] Segment Length: 3
[2019.05.08-23.37.23:185][ 13]LogBlueprintUserMessages: [BP_Tex_Maker_2] Segment Length: 4
[2019.05.08-23.37.23:364][ 22]LogBlueprintUserMessages: [BP_Tex_Maker_2] Segment Length: 5
[2019.05.08-23.37.24:103][ 59]LogBlueprintUserMessages: Early EndPlayMap Detection: Level '/Game/FirstPersonCPP/Maps/FirstPersonExampleMap.FirstPersonExampleMap:PersistentLevel' has LevelScriptBlueprint '/Game/FirstPersonCPP/Maps/FirstPersonExampleMap.FirstPersonExampleMap:PersistentLevel.FirstPersonExampleMap' with GeneratedClass '/Game/FirstPersonCPP/Maps/FirstPersonExampleMap.FirstPersonExampleMap_C' with ClassGeneratedBy '/Game/FirstPersonCPP/Maps/FirstPersonExampleMap.FirstPersonExampleMap:PersistentLevel.FirstPersonExampleMap'
[2019.05.08-23.37.24:104][ 59]LogSlate: Updating window title bar state: overlay mode, drag disabled, window buttons hidden, title bar hidden
[2019.05.08-23.37.24:162][ 59]LogPlayLevel: Display: Shutting down PIE online subsystems
[2019.05.08-23.37.24:162][ 59]LogBlueprintUserMessages: Late EndPlayMap Detection: Level '/Game/FirstPersonCPP/Maps/FirstPersonExampleMap.FirstPersonExampleMap:PersistentLevel' has LevelScriptBlueprint '/Game/FirstPersonCPP/Maps/FirstPersonExampleMap.FirstPersonExampleMap:PersistentLevel.FirstPersonExampleMap' with GeneratedClass '/Game/FirstPersonCPP/Maps/FirstPersonExampleMap.FirstPersonExampleMap_C' with ClassGeneratedBy '/Game/FirstPersonCPP/Maps/FirstPersonExampleMap.FirstPersonExampleMap:PersistentLevel.FirstPersonExampleMap'
[2019.05.08-23.37.24:212][ 59]LogSlate: Updating window title bar state: overlay mode, drag disabled, window buttons hidden, title bar hidden
[2019.05.08-23.37.24:276][ 60]LogPlayLevel: Display: Destroying online subsystem :Context_4
[2019.05.08-23.37.24:948][ 99]LogSlate: FSceneViewport::OnFocusLost() reason 0
[2019.05.08-23.37.24:997][102]LogTemp: Repeating last play command: Selected Viewport
[2019.05.08-23.37.25:015][102]LogBlueprintUserMessages: Early PlayInEditor Detection: Level '/Game/FirstPersonCPP/Maps/FirstPersonExampleMap.FirstPersonExampleMap:PersistentLevel' has LevelScriptBlueprint '/Game/FirstPersonCPP/Maps/FirstPersonExampleMap.FirstPersonExampleMap:PersistentLevel.FirstPersonExampleMap' with GeneratedClass '/Game/FirstPersonCPP/Maps/FirstPersonExampleMap.FirstPersonExampleMap_C' with ClassGeneratedBy '/Game/FirstPersonCPP/Maps/FirstPersonExampleMap.FirstPersonExampleMap:PersistentLevel.FirstPersonExampleMap'
[2019.05.08-23.37.25:015][102]LogPlayLevel: PlayLevel: No blueprints needed recompiling
[2019.05.08-23.37.25:016][102]PIE: New page: PIE session: FirstPersonExampleMap (9 May 2019 01:37:25)
[2019.05.08-23.37.25:016][102]LogPlayLevel: Creating play world package: /Game/FirstPersonCPP/Maps/UEDPIE_0_FirstPersonExampleMap
[2019.05.08-23.37.25:036][102]LogPlayLevel: PIE: StaticDuplicateObject took: (0.019635s)
[2019.05.08-23.37.25:037][102]LogAIModule: Creating AISystem for world FirstPersonExampleMap
[2019.05.08-23.37.25:037][102]LogPlayLevel: PIE: World Init took: (0.001185s)
[2019.05.08-23.37.25:037][102]LogPlayLevel: PIE: Created PIE world by copying editor world from /Game/FirstPersonCPP/Maps/FirstPersonExampleMap.FirstPersonExampleMap to /Game/FirstPersonCPP/Maps/UEDPIE_0_FirstPersonExampleMap.FirstPersonExampleMap (0.021413s)
[2019.05.08-23.37.25:094][102]LogInit: XAudio2 using 'Speakers (Realtek High Definition Audio)' : 2 channels at 48 kHz using 32 bits per sample (channel mask 0x3)
[2019.05.08-23.37.25:179][102]LogInit: FAudioDevice initialized.
[2019.05.08-23.37.25:214][102]LogLoad: Game class is 'SlimeGameMode'
[2019.05.08-23.37.25:217][102]LogWorld: Bringing World /Game/FirstPersonCPP/Maps/UEDPIE_0_FirstPersonExampleMap.FirstPersonExampleMap up for play (max tick rate 60) at 2019.05.09-00.37.25
[2019.05.08-23.37.25:217][102]LogWorld: Bringing up level for play took: 0.001497
[2019.05.08-23.37.25:238][102]PIE: Play in editor start time for /Game/FirstPersonCPP/Maps/UEDPIE_0_FirstPersonExampleMap 1.105
[2019.05.08-23.37.25:238][102]LogBlueprintUserMessages: Late PlayInEditor Detection: Level '/Game/FirstPersonCPP/Maps/FirstPersonExampleMap.FirstPersonExampleMap:PersistentLevel' has LevelScriptBlueprint '/Game/FirstPersonCPP/Maps/FirstPersonExampleMap.FirstPersonExampleMap:PersistentLevel.FirstPersonExampleMap' with GeneratedClass '/Game/FirstPersonCPP/Maps/FirstPersonExampleMap.FirstPersonExampleMap_C' with ClassGeneratedBy '/Game/FirstPersonCPP/Maps/FirstPersonExampleMap.FirstPersonExampleMap:PersistentLevel.FirstPersonExampleMap'
[2019.05.08-23.37.29:605][294]LogBlueprintUserMessages: [BP_Tex_Maker_2] Segment Length: 2
[2019.05.08-23.37.40:282][720]LogBlueprintUserMessages: Early EndPlayMap Detection: Level '/Game/FirstPersonCPP/Maps/FirstPersonExampleMap.FirstPersonExampleMap:PersistentLevel' has LevelScriptBlueprint '/Game/FirstPersonCPP/Maps/FirstPersonExampleMap.FirstPersonExampleMap:PersistentLevel.FirstPersonExampleMap' with GeneratedClass '/Game/FirstPersonCPP/Maps/FirstPersonExampleMap.FirstPersonExampleMap_C' with ClassGeneratedBy '/Game/FirstPersonCPP/Maps/FirstPersonExampleMap.FirstPersonExampleMap:PersistentLevel.FirstPersonExampleMap'
[2019.05.08-23.37.40:283][720]LogSlate: Updating window title bar state: overlay mode, drag disabled, window buttons hidden, title bar hidden
[2019.05.08-23.37.40:343][720]LogPlayLevel: Display: Shutting down PIE online subsystems
[2019.05.08-23.37.40:343][720]LogBlueprintUserMessages: Late EndPlayMap Detection: Level '/Game/FirstPersonCPP/Maps/FirstPersonExampleMap.FirstPersonExampleMap:PersistentLevel' has LevelScriptBlueprint '/Game/FirstPersonCPP/Maps/FirstPersonExampleMap.FirstPersonExampleMap:PersistentLevel.FirstPersonExampleMap' with GeneratedClass '/Game/FirstPersonCPP/Maps/FirstPersonExampleMap.FirstPersonExampleMap_C' with ClassGeneratedBy '/Game/FirstPersonCPP/Maps/FirstPersonExampleMap.FirstPersonExampleMap:PersistentLevel.FirstPersonExampleMap'
[2019.05.08-23.37.40:368][720]LogSlate: Updating window title bar state: overlay mode, drag disabled, window buttons hidden, title bar hidden
[2019.05.08-23.37.40:418][721]LogPlayLevel: Display: Destroying online subsystem :Context_5
[2019.05.08-23.38.26:509][486]LogSlate: FSceneViewport::OnFocusLost() reason 0
[2019.05.08-23.38.26:575][490]LogTemp: Repeating last play command: Selected Viewport
[2019.05.08-23.38.26:594][490]LogBlueprintUserMessages: Early PlayInEditor Detection: Level '/Game/FirstPersonCPP/Maps/FirstPersonExampleMap.FirstPersonExampleMap:PersistentLevel' has LevelScriptBlueprint '/Game/FirstPersonCPP/Maps/FirstPersonExampleMap.FirstPersonExampleMap:PersistentLevel.FirstPersonExampleMap' with GeneratedClass '/Game/FirstPersonCPP/Maps/FirstPersonExampleMap.FirstPersonExampleMap_C' with ClassGeneratedBy '/Game/FirstPersonCPP/Maps/FirstPersonExampleMap.FirstPersonExampleMap:PersistentLevel.FirstPersonExampleMap'
[2019.05.08-23.38.26:594][490]LogPlayLevel: PlayLevel: No blueprints needed recompiling
[2019.05.08-23.38.26:595][490]PIE: New page: PIE session: FirstPersonExampleMap (9 May 2019 01:38:26)
[2019.05.08-23.38.26:595][490]LogPlayLevel: Creating play world package: /Game/FirstPersonCPP/Maps/UEDPIE_0_FirstPersonExampleMap
[2019.05.08-23.38.26:615][490]LogPlayLevel: PIE: StaticDuplicateObject took: (0.020203s)
[2019.05.08-23.38.26:616][490]LogAIModule: Creating AISystem for world FirstPersonExampleMap
[2019.05.08-23.38.26:617][490]LogPlayLevel: PIE: World Init took: (0.001235s)
[2019.05.08-23.38.26:617][490]LogPlayLevel: PIE: Created PIE world by copying editor world from /Game/FirstPersonCPP/Maps/FirstPersonExampleMap.FirstPersonExampleMap to /Game/FirstPersonCPP/Maps/UEDPIE_0_FirstPersonExampleMap.FirstPersonExampleMap (0.022032s)
[2019.05.08-23.38.26:684][490]LogInit: XAudio2 using 'Speakers (Realtek High Definition Audio)' : 2 channels at 48 kHz using 32 bits per sample (channel mask 0x3)
[2019.05.08-23.38.26:814][490]LogInit: FAudioDevice initialized.
[2019.05.08-23.38.26:856][490]LogLoad: Game class is 'SlimeGameMode'
[2019.05.08-23.38.26:858][490]LogWorld: Bringing World /Game/FirstPersonCPP/Maps/UEDPIE_0_FirstPersonExampleMap.FirstPersonExampleMap up for play (max tick rate 60) at 2019.05.09-00.38.26
[2019.05.08-23.38.26:859][490]LogWorld: Bringing up level for play took: 0.001787
[2019.05.08-23.38.26:881][490]PIE: Play in editor start time for /Game/FirstPersonCPP/Maps/UEDPIE_0_FirstPersonExampleMap 0.749
[2019.05.08-23.38.26:882][490]LogBlueprintUserMessages: Late PlayInEditor Detection: Level '/Game/FirstPersonCPP/Maps/FirstPersonExampleMap.FirstPersonExampleMap:PersistentLevel' has LevelScriptBlueprint '/Game/FirstPersonCPP/Maps/FirstPersonExampleMap.FirstPersonExampleMap:PersistentLevel.FirstPersonExampleMap' with GeneratedClass '/Game/FirstPersonCPP/Maps/FirstPersonExampleMap.FirstPersonExampleMap_C' with ClassGeneratedBy '/Game/FirstPersonCPP/Maps/FirstPersonExampleMap.FirstPersonExampleMap:PersistentLevel.FirstPersonExampleMap'
[2019.05.08-23.38.38:677][ 74]LogBlueprintUserMessages: [BP_Tex_Maker_2] Segment Length: 4
[2019.05.08-23.38.42:424][263]LogBlueprintUserMessages: Early EndPlayMap Detection: Level '/Game/FirstPersonCPP/Maps/FirstPersonExampleMap.FirstPersonExampleMap:PersistentLevel' has LevelScriptBlueprint '/Game/FirstPersonCPP/Maps/FirstPersonExampleMap.FirstPersonExampleMap:PersistentLevel.FirstPersonExampleMap' with GeneratedClass '/Game/FirstPersonCPP/Maps/FirstPersonExampleMap.FirstPersonExampleMap_C' with ClassGeneratedBy '/Game/FirstPersonCPP/Maps/FirstPersonExampleMap.FirstPersonExampleMap:PersistentLevel.FirstPersonExampleMap'
[2019.05.08-23.38.42:424][263]LogSlate: Updating window title bar state: overlay mode, drag disabled, window buttons hidden, title bar hidden
[2019.05.08-23.38.42:484][263]LogPlayLevel: Display: Shutting down PIE online subsystems
[2019.05.08-23.38.42:484][263]LogBlueprintUserMessages: Late EndPlayMap Detection: Level '/Game/FirstPersonCPP/Maps/FirstPersonExampleMap.FirstPersonExampleMap:PersistentLevel' has LevelScriptBlueprint '/Game/FirstPersonCPP/Maps/FirstPersonExampleMap.FirstPersonExampleMap:PersistentLevel.FirstPersonExampleMap' with GeneratedClass '/Game/FirstPersonCPP/Maps/FirstPersonExampleMap.FirstPersonExampleMap_C' with ClassGeneratedBy '/Game/FirstPersonCPP/Maps/FirstPersonExampleMap.FirstPersonExampleMap:PersistentLevel.FirstPersonExampleMap'
[2019.05.08-23.38.42:510][263]LogSlate: Updating window title bar state: overlay mode, drag disabled, window buttons hidden, title bar hidden
[2019.05.08-23.38.42:552][264]LogPlayLevel: Display: Destroying online subsystem :Context_6
[2019.05.08-23.38.54:856][968]LogSlate: FSceneViewport::OnFocusLost() reason 0
[2019.05.08-23.38.56:193][ 30]LogSlate: Took 0.000212 seconds to synchronously load lazily loaded font '../../../Engine/Content/Slate/Fonts/Roboto-Light.ttf' (167K)
[2019.05.08-23.38.56:202][ 30]LogAssetEditorManager: Opening Asset editor for Blueprint /Game/Blueprints/BP_Tex_Maker.BP_Tex_Maker
[2019.05.08-23.38.56:767][ 30]LogContentBrowser: Native class hierarchy updated for 'BlueprintGraph' in 0.0007 seconds. Added 117 classes and 0 folders.
[2019.05.08-23.38.57:656][ 30]LogSlate: Took 0.000226 seconds to synchronously load lazily loaded font '../../../Engine/Content/Slate/Fonts/Roboto-BoldCondensed.ttf' (158K)
[2019.05.08-23.38.57:843][ 31]LogSlate: Took 0.000206 seconds to synchronously load lazily loaded font '../../../Engine/Content/Slate/Fonts/Roboto-Italic.ttf' (157K)
[2019.05.08-23.40.45:120][369]LogEditorTransaction: Undo Move Node
[2019.05.08-23.47.43:108][829]BlueprintLog: New page: Compile BP_Tex_Maker
[2019.05.08-23.47.43:982][852]Cmd: OBJ SAVEPACKAGE PACKAGE="/Game/Blueprints/BP_Tex_Maker" FILE="../../../../../Charlie/Slime/Slime/Content/Blueprints/BP_Tex_Maker.uasset" SILENT=true
[2019.05.08-23.47.44:070][852]LogSavePackage: Moving '../../../../../Charlie/Slime/Slime/Saved/BP_Tex_Maker4D0F0B214F79920F7D968A8053149898.tmp' to '../../../../../Charlie/Slime/Slime/Content/Blueprints/BP_Tex_Maker.uasset'
[2019.05.08-23.47.52:952][368]LogTemp: Repeating last play command: Selected Viewport
[2019.05.08-23.47.52:998][368]LogBlueprintUserMessages: Early PlayInEditor Detection: Level '/Game/FirstPersonCPP/Maps/FirstPersonExampleMap.FirstPersonExampleMap:PersistentLevel' has LevelScriptBlueprint '/Game/FirstPersonCPP/Maps/FirstPersonExampleMap.FirstPersonExampleMap:PersistentLevel.FirstPersonExampleMap' with GeneratedClass '/Game/FirstPersonCPP/Maps/FirstPersonExampleMap.FirstPersonExampleMap_C' with ClassGeneratedBy '/Game/FirstPersonCPP/Maps/FirstPersonExampleMap.FirstPersonExampleMap:PersistentLevel.FirstPersonExampleMap'
[2019.05.08-23.47.52:998][368]LogPlayLevel: PlayLevel: No blueprints needed recompiling
[2019.05.08-23.47.52:999][368]PIE: New page: PIE session: FirstPersonExampleMap (9 May 2019 01:47:52)
[2019.05.08-23.47.52:999][368]LogPlayLevel: Creating play world package: /Game/FirstPersonCPP/Maps/UEDPIE_0_FirstPersonExampleMap
[2019.05.08-23.47.53:023][368]LogPlayLevel: PIE: StaticDuplicateObject took: (0.023563s)
[2019.05.08-23.47.53:024][368]LogAIModule: Creating AISystem for world FirstPersonExampleMap
[2019.05.08-23.47.53:024][368]LogPlayLevel: PIE: World Init took: (0.001648s)
[2019.05.08-23.47.53:025][368]LogPlayLevel: PIE: Created PIE world by copying editor world from /Game/FirstPersonCPP/Maps/FirstPersonExampleMap.FirstPersonExampleMap to /Game/FirstPersonCPP/Maps/UEDPIE_0_FirstPersonExampleMap.FirstPersonExampleMap (0.025798s)
[2019.05.08-23.47.53:091][368]LogInit: XAudio2 using 'Speakers (Realtek High Definition Audio)' : 2 channels at 48 kHz using 32 bits per sample (channel mask 0x3)
[2019.05.08-23.47.53:193][368]LogInit: FAudioDevice initialized.
[2019.05.08-23.47.53:231][368]LogLoad: Game class is 'SlimeGameMode'
[2019.05.08-23.47.53:234][368]LogWorld: Bringing World /Game/FirstPersonCPP/Maps/UEDPIE_0_FirstPersonExampleMap.FirstPersonExampleMap up for play (max tick rate 60) at 2019.05.09-00.47.53
[2019.05.08-23.47.53:234][368]LogWorld: Bringing up level for play took: 0.001785
[2019.05.08-23.47.53:258][368]PIE: Play in editor start time for /Game/FirstPersonCPP/Maps/UEDPIE_0_FirstPersonExampleMap 1.126
[2019.05.08-23.47.53:259][368]LogBlueprintUserMessages: Late PlayInEditor Detection: Level '/Game/FirstPersonCPP/Maps/FirstPersonExampleMap.FirstPersonExampleMap:PersistentLevel' has LevelScriptBlueprint '/Game/FirstPersonCPP/Maps/FirstPersonExampleMap.FirstPersonExampleMap:PersistentLevel.FirstPersonExampleMap' with GeneratedClass '/Game/FirstPersonCPP/Maps/FirstPersonExampleMap.FirstPersonExampleMap_C' with ClassGeneratedBy '/Game/FirstPersonCPP/Maps/FirstPersonExampleMap.FirstPersonExampleMap:PersistentLevel.FirstPersonExampleMap'
[2019.05.08-23.47.58:408][612]LogBlueprintUserMessages: Early EndPlayMap Detection: Level '/Game/FirstPersonCPP/Maps/FirstPersonExampleMap.FirstPersonExampleMap:PersistentLevel' has LevelScriptBlueprint '/Game/FirstPersonCPP/Maps/FirstPersonExampleMap.FirstPersonExampleMap:PersistentLevel.FirstPersonExampleMap' with GeneratedClass '/Game/FirstPersonCPP/Maps/FirstPersonExampleMap.FirstPersonExampleMap_C' with ClassGeneratedBy '/Game/FirstPersonCPP/Maps/FirstPersonExampleMap.FirstPersonExampleMap:PersistentLevel.FirstPersonExampleMap'
[2019.05.08-23.47.58:408][612]LogSlate: Updating window title bar state: overlay mode, drag disabled, window buttons hidden, title bar hidden
[2019.05.08-23.47.58:461][612]LogPlayLevel: Display: Shutting down PIE online subsystems
[2019.05.08-23.47.58:461][612]LogBlueprintUserMessages: Late EndPlayMap Detection: Level '/Game/FirstPersonCPP/Maps/FirstPersonExampleMap.FirstPersonExampleMap:PersistentLevel' has LevelScriptBlueprint '/Game/FirstPersonCPP/Maps/FirstPersonExampleMap.FirstPersonExampleMap:PersistentLevel.FirstPersonExampleMap' with GeneratedClass '/Game/FirstPersonCPP/Maps/FirstPersonExampleMap.FirstPersonExampleMap_C' with ClassGeneratedBy '/Game/FirstPersonCPP/Maps/FirstPersonExampleMap.FirstPersonExampleMap:PersistentLevel.FirstPersonExampleMap'
[2019.05.08-23.47.58:497][612]LogSlate: Updating window title bar state: overlay mode, drag disabled, window buttons hidden, title bar hidden
[2019.05.08-23.47.58:547][613]LogPlayLevel: Display: Destroying online subsystem :Context_8
[2019.05.08-23.47.59:118][647]LogSlate: FSceneViewport::OnFocusLost() reason 0
[2019.05.08-23.47.59:201][652]LogTemp: Repeating last play command: Selected Viewport
[2019.05.08-23.47.59:218][652]LogBlueprintUserMessages: Early PlayInEditor Detection: Level '/Game/FirstPersonCPP/Maps/FirstPersonExampleMap.FirstPersonExampleMap:PersistentLevel' has LevelScriptBlueprint '/Game/FirstPersonCPP/Maps/FirstPersonExampleMap.FirstPersonExampleMap:PersistentLevel.FirstPersonExampleMap' with GeneratedClass '/Game/FirstPersonCPP/Maps/FirstPersonExampleMap.FirstPersonExampleMap_C' with ClassGeneratedBy '/Game/FirstPersonCPP/Maps/FirstPersonExampleMap.FirstPersonExampleMap:PersistentLevel.FirstPersonExampleMap'
[2019.05.08-23.47.59:218][652]LogPlayLevel: PlayLevel: No blueprints needed recompiling
[2019.05.08-23.47.59:219][652]PIE: New page: PIE session: FirstPersonExampleMap (9 May 2019 01:47:59)
[2019.05.08-23.47.59:219][652]LogPlayLevel: Creating play world package: /Game/FirstPersonCPP/Maps/UEDPIE_0_FirstPersonExampleMap
[2019.05.08-23.47.59:240][652]LogPlayLevel: PIE: StaticDuplicateObject took: (0.021571s)
[2019.05.08-23.47.59:242][652]LogAIModule: Creating AISystem for world FirstPersonExampleMap
[2019.05.08-23.47.59:242][652]LogPlayLevel: PIE: World Init took: (0.001225s)
[2019.05.08-23.47.59:242][652]LogPlayLevel: PIE: Created PIE world by copying editor world from /Game/FirstPersonCPP/Maps/FirstPersonExampleMap.FirstPersonExampleMap to /Game/FirstPersonCPP/Maps/UEDPIE_0_FirstPersonExampleMap.FirstPersonExampleMap (0.023401s)
[2019.05.08-23.47.59:310][652]LogInit: XAudio2 using 'Speakers (Realtek High Definition Audio)' : 2 channels at 48 kHz using 32 bits per sample (channel mask 0x3)
[2019.05.08-23.47.59:396][652]LogInit: FAudioDevice initialized.
[2019.05.08-23.47.59:435][652]LogLoad: Game class is 'SlimeGameMode'
[2019.05.08-23.47.59:437][652]LogWorld: Bringing World /Game/FirstPersonCPP/Maps/UEDPIE_0_FirstPersonExampleMap.FirstPersonExampleMap up for play (max tick rate 60) at 2019.05.09-00.47.59
[2019.05.08-23.47.59:438][652]LogWorld: Bringing up level for play took: 0.001490
[2019.05.08-23.47.59:458][652]PIE: Play in editor start time for /Game/FirstPersonCPP/Maps/UEDPIE_0_FirstPersonExampleMap -0.674
[2019.05.08-23.47.59:459][652]LogBlueprintUserMessages: Late PlayInEditor Detection: Level '/Game/FirstPersonCPP/Maps/FirstPersonExampleMap.FirstPersonExampleMap:PersistentLevel' has LevelScriptBlueprint '/Game/FirstPersonCPP/Maps/FirstPersonExampleMap.FirstPersonExampleMap:PersistentLevel.FirstPersonExampleMap' with GeneratedClass '/Game/FirstPersonCPP/Maps/FirstPersonExampleMap.FirstPersonExampleMap_C' with ClassGeneratedBy '/Game/FirstPersonCPP/Maps/FirstPersonExampleMap.FirstPersonExampleMap:PersistentLevel.FirstPersonExampleMap'
[2019.05.08-23.48.02:019][778]LogBlueprintUserMessages: [BP_Tex_Maker_2] Segment Length: 4
[2019.05.08-23.48.03:153][835]LogBlueprintUserMessages: [BP_Tex_Maker_2] Segment Length: 5
[2019.05.08-23.48.03:911][873]LogBlueprintUserMessages: [BP_Tex_Maker_2] Segment Length: 6
[2019.05.08-23.48.04:510][903]LogBlueprintUserMessages: [BP_Tex_Maker_2] Segment Length: 7
[2019.05.08-23.48.04:949][925]LogBlueprintUserMessages: [BP_Tex_Maker_2] Segment Length: 8
[2019.05.08-23.48.05:270][941]LogBlueprintUserMessages: [BP_Tex_Maker_2] Segment Length: 9
[2019.05.08-23.48.09:430][150]LogBlueprintUserMessages: [BP_Tex_Maker_2] Segment Length: 8
[2019.05.08-23.48.09:590][158]LogBlueprintUserMessages: [BP_Tex_Maker_2] Segment Length: 7
[2019.05.08-23.48.09:770][167]LogBlueprintUserMessages: [BP_Tex_Maker_2] Segment Length: 6
[2019.05.08-23.48.09:930][175]LogBlueprintUserMessages: [BP_Tex_Maker_2] Segment Length: 5
[2019.05.08-23.48.10:110][184]LogBlueprintUserMessages: [BP_Tex_Maker_2] Segment Length: 4
[2019.05.08-23.48.12:694][314]LogBlueprintUserMessages: [BP_Tex_Maker_2] Branch Probability: 0.5
[2019.05.08-23.48.12:992][329]LogBlueprintUserMessages: [BP_Tex_Maker_2] Branch Probability: 0.4
[2019.05.08-23.48.14:020][381]LogBlueprintUserMessages: [BP_Tex_Maker_2] Segment Length: 3
[2019.05.08-23.48.14:238][392]LogBlueprintUserMessages: [BP_Tex_Maker_2] Segment Length: 2
[2019.05.08-23.48.14:674][414]LogBlueprintUserMessages: [BP_Tex_Maker_2] Segment Length: 1
[2019.05.08-23.48.24:054][871]LogBlueprintUserMessages: [BP_Tex_Maker_2] Branch Probability: 0.5
[2019.05.08-23.48.25:069][911]LogBlueprintUserMessages: [BP_Tex_Maker_2] Branch Probability: 0.6
[2019.05.08-23.48.25:501][928]LogBlueprintUserMessages: [BP_Tex_Maker_2] Branch Probability: 0.7
[2019.05.08-23.48.25:680][935]LogBlueprintUserMessages: [BP_Tex_Maker_2] Branch Probability: 0.8
[2019.05.08-23.48.26:190][955]LogBlueprintUserMessages: [BP_Tex_Maker_2] Branch Probability: 0.9
[2019.05.08-23.48.26:367][962]LogBlueprintUserMessages: [BP_Tex_Maker_2] Branch Probability: 1.0
[2019.05.08-23.48.26:545][969]LogBlueprintUserMessages: [BP_Tex_Maker_2] Branch Probability: 1.1
[2019.05.08-23.48.26:722][976]LogBlueprintUserMessages: [BP_Tex_Maker_2] Branch Probability: 1.2
[2019.05.08-23.48.26:900][983]LogBlueprintUserMessages: [BP_Tex_Maker_2] Branch Probability: 1.3
[2019.05.08-23.48.27:053][989]LogBlueprintUserMessages: [BP_Tex_Maker_2] Branch Probability: 1.4
[2019.05.08-23.48.27:208][995]LogBlueprintUserMessages: [BP_Tex_Maker_2] Branch Probability: 1.5
[2019.05.08-23.48.27:385][  2]LogBlueprintUserMessages: [BP_Tex_Maker_2] Branch Probability: 1.6
[2019.05.08-23.48.27:539][  8]LogBlueprintUserMessages: [BP_Tex_Maker_2] Branch Probability: 1.7
[2019.05.08-23.48.27:691][ 14]LogBlueprintUserMessages: [BP_Tex_Maker_2] Branch Probability: 1.8
[2019.05.08-23.48.27:870][ 21]LogBlueprintUserMessages: [BP_Tex_Maker_2] Branch Probability: 1.9
[2019.05.08-23.48.28:022][ 27]LogBlueprintUserMessages: [BP_Tex_Maker_2] Branch Probability: 2.0
[2019.05.08-23.48.28:201][ 34]LogBlueprintUserMessages: [BP_Tex_Maker_2] Branch Probability: 2.1
[2019.05.08-23.48.28:379][ 41]LogBlueprintUserMessages: [BP_Tex_Maker_2] Branch Probability: 2.2
[2019.05.08-23.48.28:556][ 48]LogBlueprintUserMessages: [BP_Tex_Maker_2] Branch Probability: 2.3
[2019.05.08-23.48.28:710][ 54]LogBlueprintUserMessages: [BP_Tex_Maker_2] Branch Probability: 2.4
[2019.05.08-23.48.28:889][ 61]LogBlueprintUserMessages: [BP_Tex_Maker_2] Branch Probability: 2.5
[2019.05.08-23.48.29:067][ 68]LogBlueprintUserMessages: [BP_Tex_Maker_2] Branch Probability: 2.6
[2019.05.08-23.48.29:245][ 75]LogBlueprintUserMessages: [BP_Tex_Maker_2] Branch Probability: 2.7
[2019.05.08-23.48.29:398][ 81]LogBlueprintUserMessages: [BP_Tex_Maker_2] Branch Probability: 2.799999
[2019.05.08-23.48.29:575][ 88]LogBlueprintUserMessages: [BP_Tex_Maker_2] Branch Probability: 2.899999
[2019.05.08-23.48.29:728][ 94]LogBlueprintUserMessages: [BP_Tex_Maker_2] Branch Probability: 2.999999
[2019.05.08-23.48.29:906][101]LogBlueprintUserMessages: [BP_Tex_Maker_2] Branch Probability: 3.099999
[2019.05.08-23.48.30:111][109]LogBlueprintUserMessages: [BP_Tex_Maker_2] Branch Probability: 3.199999
[2019.05.08-23.48.30:288][116]LogBlueprintUserMessages: [BP_Tex_Maker_2] Branch Probability: 3.299999
[2019.05.08-23.48.30:468][123]LogBlueprintUserMessages: [BP_Tex_Maker_2] Branch Probability: 3.399999
[2019.05.08-23.48.30:621][129]LogBlueprintUserMessages: [BP_Tex_Maker_2] Branch Probability: 3.499999
[2019.05.08-23.48.30:825][137]LogBlueprintUserMessages: [BP_Tex_Maker_2] Branch Probability: 3.599999
[2019.05.08-23.48.31:003][144]LogBlueprintUserMessages: [BP_Tex_Maker_2] Branch Probability: 3.699999
[2019.05.08-23.48.31:155][150]LogBlueprintUserMessages: [BP_Tex_Maker_2] Branch Probability: 3.799999
[2019.05.08-23.48.31:334][157]LogBlueprintUserMessages: [BP_Tex_Maker_2] Branch Probability: 3.899998
[2019.05.08-23.48.31:513][164]LogBlueprintUserMessages: [BP_Tex_Maker_2] Branch Probability: 3.999998
[2019.05.08-23.48.31:690][171]LogBlueprintUserMessages: [BP_Tex_Maker_2] Branch Probability: 4.099998
[2019.05.08-23.48.31:843][177]LogBlueprintUserMessages: [BP_Tex_Maker_2] Branch Probability: 4.199998
[2019.05.08-23.48.32:047][185]LogBlueprintUserMessages: [BP_Tex_Maker_2] Branch Probability: 4.299998
[2019.05.08-23.48.32:199][191]LogBlueprintUserMessages: [BP_Tex_Maker_2] Branch Probability: 4.399998
[2019.05.08-23.48.32:378][198]LogBlueprintUserMessages: [BP_Tex_Maker_2] Branch Probability: 4.499998
[2019.05.08-23.48.32:557][205]LogBlueprintUserMessages: [BP_Tex_Maker_2] Branch Probability: 4.599998
[2019.05.08-23.48.32:735][212]LogBlueprintUserMessages: [BP_Tex_Maker_2] Branch Probability: 4.699998
[2019.05.08-23.48.32:914][219]LogBlueprintUserMessages: [BP_Tex_Maker_2] Branch Probability: 4.799998
[2019.05.08-23.48.33:117][227]LogBlueprintUserMessages: [BP_Tex_Maker_2] Branch Probability: 4.899998
[2019.05.08-23.48.33:320][235]LogBlueprintUserMessages: [BP_Tex_Maker_2] Branch Probability: 4.999998
[2019.05.08-23.48.33:524][243]LogBlueprintUserMessages: [BP_Tex_Maker_2] Branch Probability: 5.099998
[2019.05.08-23.48.33:728][251]LogBlueprintUserMessages: [BP_Tex_Maker_2] Branch Probability: 5.199997
[2019.05.08-23.48.33:908][258]LogBlueprintUserMessages: [BP_Tex_Maker_2] Branch Probability: 5.299997
[2019.05.08-23.48.37:857][395]LogBlueprintUserMessages: Early EndPlayMap Detection: Level '/Game/FirstPersonCPP/Maps/FirstPersonExampleMap.FirstPersonExampleMap:PersistentLevel' has LevelScriptBlueprint '/Game/FirstPersonCPP/Maps/FirstPersonExampleMap.FirstPersonExampleMap:PersistentLevel.FirstPersonExampleMap' with GeneratedClass '/Game/FirstPersonCPP/Maps/FirstPersonExampleMap.FirstPersonExampleMap_C' with ClassGeneratedBy '/Game/FirstPersonCPP/Maps/FirstPersonExampleMap.FirstPersonExampleMap:PersistentLevel.FirstPersonExampleMap'
[2019.05.08-23.48.37:857][395]LogSlate: Updating window title bar state: overlay mode, drag disabled, window buttons hidden, title bar hidden
[2019.05.08-23.48.37:927][395]LogPlayLevel: Display: Shutting down PIE online subsystems
[2019.05.08-23.48.37:927][395]LogBlueprintUserMessages: Late EndPlayMap Detection: Level '/Game/FirstPersonCPP/Maps/FirstPersonExampleMap.FirstPersonExampleMap:PersistentLevel' has LevelScriptBlueprint '/Game/FirstPersonCPP/Maps/FirstPersonExampleMap.FirstPersonExampleMap:PersistentLevel.FirstPersonExampleMap' with GeneratedClass '/Game/FirstPersonCPP/Maps/FirstPersonExampleMap.FirstPersonExampleMap_C' with ClassGeneratedBy '/Game/FirstPersonCPP/Maps/FirstPersonExampleMap.FirstPersonExampleMap:PersistentLevel.FirstPersonExampleMap'
[2019.05.08-23.48.37:961][395]LogSlate: Updating window title bar state: overlay mode, drag disabled, window buttons hidden, title bar hidden
[2019.05.08-23.48.38:013][396]LogPlayLevel: Display: Destroying online subsystem :Context_9
[2019.05.08-23.48.45:285][832]LogSlate: FSceneViewport::OnFocusLost() reason 0
[2019.05.08-23.48.45:368][837]LogTemp: Repeating last play command: Selected Viewport
[2019.05.08-23.48.45:386][837]LogBlueprintUserMessages: Early PlayInEditor Detection: Level '/Game/FirstPersonCPP/Maps/FirstPersonExampleMap.FirstPersonExampleMap:PersistentLevel' has LevelScriptBlueprint '/Game/FirstPersonCPP/Maps/FirstPersonExampleMap.FirstPersonExampleMap:PersistentLevel.FirstPersonExampleMap' with GeneratedClass '/Game/FirstPersonCPP/Maps/FirstPersonExampleMap.FirstPersonExampleMap_C' with ClassGeneratedBy '/Game/FirstPersonCPP/Maps/FirstPersonExampleMap.FirstPersonExampleMap:PersistentLevel.FirstPersonExampleMap'
[2019.05.08-23.48.45:386][837]LogPlayLevel: PlayLevel: No blueprints needed recompiling
[2019.05.08-23.48.45:386][837]PIE: New page: PIE session: FirstPersonExampleMap (9 May 2019 01:48:45)
[2019.05.08-23.48.45:387][837]LogPlayLevel: Creating play world package: /Game/FirstPersonCPP/Maps/UEDPIE_0_FirstPersonExampleMap
[2019.05.08-23.48.46:025][837]LogPlayLevel: PIE: StaticDuplicateObject took: (0.638148s)
[2019.05.08-23.48.46:026][837]LogAIModule: Creating AISystem for world FirstPersonExampleMap
[2019.05.08-23.48.46:026][837]LogPlayLevel: PIE: World Init took: (0.000916s)
[2019.05.08-23.48.46:026][837]LogPlayLevel: PIE: Created PIE world by copying editor world from /Game/FirstPersonCPP/Maps/FirstPersonExampleMap.FirstPersonExampleMap to /Game/FirstPersonCPP/Maps/UEDPIE_0_FirstPersonExampleMap.FirstPersonExampleMap (0.639626s)
[2019.05.08-23.48.46:092][837]LogInit: XAudio2 using 'Speakers (Realtek High Definition Audio)' : 2 channels at 48 kHz using 32 bits per sample (channel mask 0x3)
[2019.05.08-23.48.46:192][837]LogInit: FAudioDevice initialized.
[2019.05.08-23.48.46:227][837]LogLoad: Game class is 'SlimeGameMode'
[2019.05.08-23.48.46:229][837]LogWorld: Bringing World /Game/FirstPersonCPP/Maps/UEDPIE_0_FirstPersonExampleMap.FirstPersonExampleMap up for play (max tick rate 60) at 2019.05.09-00.48.46
[2019.05.08-23.48.46:230][837]LogWorld: Bringing up level for play took: 0.001555
[2019.05.08-23.48.46:248][837]PIE: Play in editor start time for /Game/FirstPersonCPP/Maps/UEDPIE_0_FirstPersonExampleMap 0.116
[2019.05.08-23.48.46:249][837]LogBlueprintUserMessages: Late PlayInEditor Detection: Level '/Game/FirstPersonCPP/Maps/FirstPersonExampleMap.FirstPersonExampleMap:PersistentLevel' has LevelScriptBlueprint '/Game/FirstPersonCPP/Maps/FirstPersonExampleMap.FirstPersonExampleMap:PersistentLevel.FirstPersonExampleMap' with GeneratedClass '/Game/FirstPersonCPP/Maps/FirstPersonExampleMap.FirstPersonExampleMap_C' with ClassGeneratedBy '/Game/FirstPersonCPP/Maps/FirstPersonExampleMap.FirstPersonExampleMap:PersistentLevel.FirstPersonExampleMap'
[2019.05.08-23.48.54:957][263]LogSlate: FSceneViewport::OnFocusLost() reason 2
