  Using 'git status' to determine working set for adaptive non-unity build (A:\Uni 2018-19\Github\Slime\Slime).
  Creating makefile for SlimeEditor (no existing makefile)
  Performing full C++ include scan (no include cache file)
  Using Visual Studio 2017 14.16.27023 toolchain (C:\Program Files (x86)\Microsoft Visual Studio\2017\Community\VC\Tools\MSVC\14.16.27023) and Windows 10.0.17763.0 SDK (C:\Program Files (x86)\Windows Kits\10).
  Parsing headers for SlimeEditor
    Running UnrealHeaderTool "A:\Uni 2018-19\Github\Slime\Slime\Slime\Slime.uproject" "A:\Uni 2018-19\Github\Slime\Slime\Slime\Intermediate\Build\Win64\SlimeEditor\Development\SlimeEditor.uhtmanifest" -LogCmds="loginit warning, logexit warning, logdatabase error" -Unattended -WarningsAsErrors -installed
  Reflection code generated for SlimeEditor in 10.4483198 seconds
  Building 15 actions with 4 processes...
    [1/15] SharedPCH.Engine.cpp
    [2/15] Slime.cpp
    [3/15] SlimeGameMode.cpp
    [4/15] SlimeHUD.cpp
    [5/15] SlimeProjectile.cpp
    [6/15] SlimeCharacter.cpp
    [7/15] RTManipulation.gen.cpp
    [8/15] Slime.init.gen.cpp
    [9/15] SlimeCharacter.gen.cpp
    [10/15] SlimeGameMode.gen.cpp
    [11/15] SlimeProjectile.gen.cpp
    [12/15] SlimeHUD.gen.cpp
    [13/15] RTManipulation.cpp
    [14/15] UE4Editor-Slime.lib
       Creating library A:\Uni 2018-19\Github\Slime\Slime\Slime\Intermediate\Build\Win64\UE4Editor\Development\Slime\UE4Editor-Slime.lib and object A:\Uni 2018-19\Github\Slime\Slime\Slime\Intermediate\Build\Win64\UE4Editor\Development\Slime\UE4Editor-Slime.exp
    [15/15] UE4Editor-Slime.dll
       Creating library A:\Uni 2018-19\Github\Slime\Slime\Slime\Intermediate\Build\Win64\UE4Editor\Development\Slime\UE4Editor-Slime.suppressed.lib and object A:\Uni 2018-19\Github\Slime\Slime\Slime\Intermediate\Build\Win64\UE4Editor\Development\Slime\UE4Editor-Slime.suppressed.exp
  Deploying SlimeEditor Win64 Development...
  Total build time: 88.92 seconds (Parallel executor: 34.45 seconds)
